[0.000000] (-) TimerEvent: {}
[0.001067] (control_layer) JobQueued: {'identifier': 'control_layer', 'dependencies': OrderedDict()}
[0.001666] (fault_handler) JobQueued: {'identifier': 'fault_handler', 'dependencies': OrderedDict()}
[0.002881] (navigation_layer) JobQueued: {'identifier': 'navigation_layer', 'dependencies': OrderedDict()}
[0.003288] (perception_layer) JobQueued: {'identifier': 'perception_layer', 'dependencies': OrderedDict()}
[0.003610] (slam_layer) JobQueued: {'identifier': 'slam_layer', 'dependencies': OrderedDict()}
[0.004000] (telemetry) JobQueued: {'identifier': 'telemetry', 'dependencies': OrderedDict()}
[0.004315] (control_layer) JobStarted: {'identifier': 'control_layer'}
[0.030600] (fault_handler) JobStarted: {'identifier': 'fault_handler'}
[0.046064] (navigation_layer) JobStarted: {'identifier': 'navigation_layer'}
[0.060883] (perception_layer) JobStarted: {'identifier': 'perception_layer'}
[0.080293] (slam_layer) JobStarted: {'identifier': 'slam_layer'}
[0.097006] (-) TimerEvent: {}
[0.098075] (telemetry) JobStarted: {'identifier': 'telemetry'}
[0.124989] (control_layer) JobProgress: {'identifier': 'control_layer', 'progress': 'cmake'}
[0.202470] (-) TimerEvent: {}
[0.205771] (control_layer) Command: {'cmd': ['/usr/bin/cmake', '/mnt/c/Users/LENOVO/OneDrive/Desktop/drone/src/control_layer', '-DAMENT_CMAKE_SYMLINK_INSTALL=1', '-DCMAKE_INSTALL_PREFIX=/mnt/c/Users/LENOVO/OneDrive/Desktop/drone/install/control_layer'], 'cwd': '/mnt/c/Users/LENOVO/OneDrive/Desktop/drone/build/control_layer', 'env': OrderedDict({'USER': 'lenovo', 'SHLVL': '0', 'LD_LIBRARY_PATH': '/opt/ros/jazzy/opt/rviz_ogre_vendor/lib:/opt/ros/jazzy/lib/x86_64-linux-gnu:/opt/ros/jazzy/opt/gz_math_vendor/lib:/opt/ros/jazzy/opt/gz_utils_vendor/lib:/opt/ros/jazzy/opt/gz_cmake_vendor/lib:/opt/ros/jazzy/lib', 'HOME': '/home/lenovo', 'OLDPWD': '/mnt/c/Users/LENOVO/OneDrive/Desktop/drone', 'ROS_PYTHON_VERSION': '3', 'DBUS_SESSION_BUS_ADDRESS': 'unix:path=/run/user/1000/bus', 'WSL_DISTRO_NAME': 'Ubuntu', 'WAYLAND_DISPLAY': 'wayland-0', 'ROS_DISTRO': 'jazzy', 'LOGNAME': 'lenovo', 'NAME': 'LAPTOP-MLDMFMJ8', 'WSL_INTEROP': '/run/WSL/17129_interop', 'PULSE_SERVER': 'unix:/mnt/wslg/PulseServer', '_': '/usr/bin/colcon', 'ROS_VERSION': '2', 'TERM': 'xterm-256color', 'PATH': '/opt/ros/jazzy/bin:/usr/local/sbin:/usr/local/bin:/usr/sbin:/usr/bin:/sbin:/bin:/usr/games:/usr/local/games:/usr/lib/wsl/lib:/mnt/c/Python314/Scripts/:/mnt/c/Python314/:/mnt/c/Windows/system32:/mnt/c/Windows:/mnt/c/Windows/System32/Wbem:/mnt/c/Windows/System32/WindowsPowerShell/v1.0/:/mnt/c/Windows/System32/OpenSSH/:/mnt/c/Program Files (x86)/NVIDIA Corporation/PhysX/Common:/mnt/c/Program Files/NVIDIA Corporation/NVIDIA NvDLISR:/mnt/c/Program Files/Git/cmd:/mnt/c/src/flutter/bin:/mnt/c/MinGW/bin:/mnt/c/Users/LENOVO/AppData/Local/Pub/Cache/bin:/mnt/c/ffmpeg-8.0.1-essentials_build/bin:/mnt/c/Program Files/nodejs/:/mnt/c/ProgramData/chocolatey/bin:/mnt/c/Program Files/dotnet/:/mnt/c/Program Files (x86)/Windows Kits/10/Windows Performance Toolkit/:/mnt/c/Users/LENOVO/AppData/Local/Programs/Python/Python311/Scripts/:/mnt/c/Users/LENOVO/AppData/Local/Programs/Python/Python311/:/mnt/c/Users/LENOVO/AppData/Local/Programs/Python/Launcher/:/mnt/c/Users/LENOVO/AppData/Local/Microsoft/WindowsApps:/mnt/c/Users/LENOVO/AppData/Local/Programs/Microsoft VS Code/bin:/mnt/c/Program Files/Eclipse Adoptium/jdk-17.0.17.10-hotspot/bin:/mnt/c/Users/LENOVO/AppData/Local/Python/bin:/mnt/c/Users/LENOVO/AppData/Roaming/npm:/mnt/c/Users/LENOVO/AppData/Local/Programs/Antigravity/bin', 'XDG_RUNTIME_DIR': '/run/user/1000/', 'DISPLAY': ':0', 'LANG': 'C.UTF-8', 'AMENT_PREFIX_PATH': '/opt/ros/jazzy', 'SHELL': '/bin/bash', 'ROS_AUTOMATIC_DISCOVERY_RANGE': 'SUBNET', 'PWD': '/mnt/c/Users/LENOVO/OneDrive/Desktop/drone/build/control_layer', 'PYTHONPATH': '/opt/ros/jazzy/lib/python3.12/site-packages', 'COLCON': '1', 'WSL2_GUI_APPS_ENABLED': '1', 'HOSTTYPE': 'x86_64', 'CMAKE_PREFIX_PATH': '/opt/ros/jazzy/opt/gz_math_vendor:/opt/ros/jazzy/opt/gz_utils_vendor:/opt/ros/jazzy/opt/gz_cmake_vendor:/opt/ros/jazzy', 'WSLENV': ''}), 'shell': False}
[0.305449] (-) TimerEvent: {}
[0.413609] (-) TimerEvent: {}
[0.521688] (-) TimerEvent: {}
[0.629102] (-) TimerEvent: {}
[0.730045] (-) TimerEvent: {}
[0.836508] (-) TimerEvent: {}
[0.942474] (-) TimerEvent: {}
[1.046254] (-) TimerEvent: {}
[1.147390] (-) TimerEvent: {}
[1.248109] (-) TimerEvent: {}
[1.356404] (-) TimerEvent: {}
[1.464425] (-) TimerEvent: {}
[1.510054] (slam_layer) JobProgress: {'identifier': 'slam_layer', 'progress': 'cmake'}
[1.564609] (-) TimerEvent: {}
[1.573669] (slam_layer) Command: {'cmd': ['/usr/bin/cmake', '/mnt/c/Users/LENOVO/OneDrive/Desktop/drone/src/slam_layer', '-DAMENT_CMAKE_SYMLINK_INSTALL=1', '-DCMAKE_INSTALL_PREFIX=/mnt/c/Users/LENOVO/OneDrive/Desktop/drone/install/slam_layer'], 'cwd': '/mnt/c/Users/LENOVO/OneDrive/Desktop/drone/build/slam_layer', 'env': OrderedDict({'USER': 'lenovo', 'SHLVL': '0', 'LD_LIBRARY_PATH': '/opt/ros/jazzy/opt/rviz_ogre_vendor/lib:/opt/ros/jazzy/lib/x86_64-linux-gnu:/opt/ros/jazzy/opt/gz_math_vendor/lib:/opt/ros/jazzy/opt/gz_utils_vendor/lib:/opt/ros/jazzy/opt/gz_cmake_vendor/lib:/opt/ros/jazzy/lib', 'HOME': '/home/lenovo', 'OLDPWD': '/mnt/c/Users/LENOVO/OneDrive/Desktop/drone', 'ROS_PYTHON_VERSION': '3', 'DBUS_SESSION_BUS_ADDRESS': 'unix:path=/run/user/1000/bus', 'WSL_DISTRO_NAME': 'Ubuntu', 'WAYLAND_DISPLAY': 'wayland-0', 'ROS_DISTRO': 'jazzy', 'LOGNAME': 'lenovo', 'NAME': 'LAPTOP-MLDMFMJ8', 'WSL_INTEROP': '/run/WSL/17129_interop', 'PULSE_SERVER': 'unix:/mnt/wslg/PulseServer', '_': '/usr/bin/colcon', 'ROS_VERSION': '2', 'TERM': 'xterm-256color', 'PATH': '/opt/ros/jazzy/bin:/usr/local/sbin:/usr/local/bin:/usr/sbin:/usr/bin:/sbin:/bin:/usr/games:/usr/local/games:/usr/lib/wsl/lib:/mnt/c/Python314/Scripts/:/mnt/c/Python314/:/mnt/c/Windows/system32:/mnt/c/Windows:/mnt/c/Windows/System32/Wbem:/mnt/c/Windows/System32/WindowsPowerShell/v1.0/:/mnt/c/Windows/System32/OpenSSH/:/mnt/c/Program Files (x86)/NVIDIA Corporation/PhysX/Common:/mnt/c/Program Files/NVIDIA Corporation/NVIDIA NvDLISR:/mnt/c/Program Files/Git/cmd:/mnt/c/src/flutter/bin:/mnt/c/MinGW/bin:/mnt/c/Users/LENOVO/AppData/Local/Pub/Cache/bin:/mnt/c/ffmpeg-8.0.1-essentials_build/bin:/mnt/c/Program Files/nodejs/:/mnt/c/ProgramData/chocolatey/bin:/mnt/c/Program Files/dotnet/:/mnt/c/Program Files (x86)/Windows Kits/10/Windows Performance Toolkit/:/mnt/c/Users/LENOVO/AppData/Local/Programs/Python/Python311/Scripts/:/mnt/c/Users/LENOVO/AppData/Local/Programs/Python/Python311/:/mnt/c/Users/LENOVO/AppData/Local/Programs/Python/Launcher/:/mnt/c/Users/LENOVO/AppData/Local/Microsoft/WindowsApps:/mnt/c/Users/LENOVO/AppData/Local/Programs/Microsoft VS Code/bin:/mnt/c/Program Files/Eclipse Adoptium/jdk-17.0.17.10-hotspot/bin:/mnt/c/Users/LENOVO/AppData/Local/Python/bin:/mnt/c/Users/LENOVO/AppData/Roaming/npm:/mnt/c/Users/LENOVO/AppData/Local/Programs/Antigravity/bin', 'XDG_RUNTIME_DIR': '/run/user/1000/', 'DISPLAY': ':0', 'LANG': 'C.UTF-8', 'AMENT_PREFIX_PATH': '/opt/ros/jazzy', 'SHELL': '/bin/bash', 'ROS_AUTOMATIC_DISCOVERY_RANGE': 'SUBNET', 'PWD': '/mnt/c/Users/LENOVO/OneDrive/Desktop/drone/build/slam_layer', 'PYTHONPATH': '/opt/ros/jazzy/lib/python3.12/site-packages', 'COLCON': '1', 'WSL2_GUI_APPS_ENABLED': '1', 'HOSTTYPE': 'x86_64', 'CMAKE_PREFIX_PATH': '/opt/ros/jazzy/opt/gz_math_vendor:/opt/ros/jazzy/opt/gz_utils_vendor:/opt/ros/jazzy/opt/gz_cmake_vendor:/opt/ros/jazzy', 'WSLENV': ''}), 'shell': False}
[1.595032] (control_layer) StdoutLine: {'line': b'-- The C compiler identification is GNU 13.3.0\n'}
[1.669235] (-) TimerEvent: {}
[1.777490] (-) TimerEvent: {}
[1.885679] (-) TimerEvent: {}
[1.990435] (-) TimerEvent: {}
[2.098730] (-) TimerEvent: {}
[2.193709] (slam_layer) StdoutLine: {'line': b'-- The C compiler identification is GNU 13.3.0\n'}
[2.199102] (-) TimerEvent: {}
[2.301877] (-) TimerEvent: {}
[2.410185] (-) TimerEvent: {}
[2.518188] (-) TimerEvent: {}
[2.623778] (-) TimerEvent: {}
[2.731541] (-) TimerEvent: {}
[2.800204] (control_layer) StdoutLine: {'line': b'-- The CXX compiler identification is GNU 13.3.0\n'}
[2.833850] (-) TimerEvent: {}
[2.942405] (-) TimerEvent: {}
[3.050505] (-) TimerEvent: {}
[3.151949] (-) TimerEvent: {}
[3.252720] (-) TimerEvent: {}
[3.353615] (-) TimerEvent: {}
[3.454544] (-) TimerEvent: {}
[3.505185] (slam_layer) StdoutLine: {'line': b'-- The CXX compiler identification is GNU 13.3.0\n'}
[3.554965] (-) TimerEvent: {}
[3.593318] (fault_handler) Command: {'cmd': ['/usr/bin/python3', '-W', 'ignore:setup.py install is deprecated', '-W', 'ignore:easy_install command is deprecated', 'setup.py', 'develop', '--editable', '--build-directory', '/mnt/c/Users/LENOVO/OneDrive/Desktop/drone/build/fault_handler/build', '--no-deps', 'symlink_data'], 'cwd': '/mnt/c/Users/LENOVO/OneDrive/Desktop/drone/build/fault_handler', 'env': {'USER': 'lenovo', 'SHLVL': '0', 'LD_LIBRARY_PATH': '/opt/ros/jazzy/opt/rviz_ogre_vendor/lib:/opt/ros/jazzy/lib/x86_64-linux-gnu:/opt/ros/jazzy/opt/gz_math_vendor/lib:/opt/ros/jazzy/opt/gz_utils_vendor/lib:/opt/ros/jazzy/opt/gz_cmake_vendor/lib:/opt/ros/jazzy/lib', 'HOME': '/home/lenovo', 'OLDPWD': '/mnt/c/Users/LENOVO/OneDrive/Desktop/drone', 'ROS_PYTHON_VERSION': '3', 'DBUS_SESSION_BUS_ADDRESS': 'unix:path=/run/user/1000/bus', 'WSL_DISTRO_NAME': 'Ubuntu', 'WAYLAND_DISPLAY': 'wayland-0', 'ROS_DISTRO': 'jazzy', 'LOGNAME': 'lenovo', 'NAME': 'LAPTOP-MLDMFMJ8', 'WSL_INTEROP': '/run/WSL/17129_interop', 'PULSE_SERVER': 'unix:/mnt/wslg/PulseServer', '_': '/usr/bin/colcon', 'ROS_VERSION': '2', 'TERM': 'xterm-256color', 'PATH': '/opt/ros/jazzy/bin:/usr/local/sbin:/usr/local/bin:/usr/sbin:/usr/bin:/sbin:/bin:/usr/games:/usr/local/games:/usr/lib/wsl/lib:/mnt/c/Python314/Scripts/:/mnt/c/Python314/:/mnt/c/Windows/system32:/mnt/c/Windows:/mnt/c/Windows/System32/Wbem:/mnt/c/Windows/System32/WindowsPowerShell/v1.0/:/mnt/c/Windows/System32/OpenSSH/:/mnt/c/Program Files (x86)/NVIDIA Corporation/PhysX/Common:/mnt/c/Program Files/NVIDIA Corporation/NVIDIA NvDLISR:/mnt/c/Program Files/Git/cmd:/mnt/c/src/flutter/bin:/mnt/c/MinGW/bin:/mnt/c/Users/LENOVO/AppData/Local/Pub/Cache/bin:/mnt/c/ffmpeg-8.0.1-essentials_build/bin:/mnt/c/Program Files/nodejs/:/mnt/c/ProgramData/chocolatey/bin:/mnt/c/Program Files/dotnet/:/mnt/c/Program Files (x86)/Windows Kits/10/Windows Performance Toolkit/:/mnt/c/Users/LENOVO/AppData/Local/Programs/Python/Python311/Scripts/:/mnt/c/Users/LENOVO/AppData/Local/Programs/Python/Python311/:/mnt/c/Users/LENOVO/AppData/Local/Programs/Python/Launcher/:/mnt/c/Users/LENOVO/AppData/Local/Microsoft/WindowsApps:/mnt/c/Users/LENOVO/AppData/Local/Programs/Microsoft VS Code/bin:/mnt/c/Program Files/Eclipse Adoptium/jdk-17.0.17.10-hotspot/bin:/mnt/c/Users/LENOVO/AppData/Local/Python/bin:/mnt/c/Users/LENOVO/AppData/Roaming/npm:/mnt/c/Users/LENOVO/AppData/Local/Programs/Antigravity/bin', 'XDG_RUNTIME_DIR': '/run/user/1000/', 'DISPLAY': ':0', 'LANG': 'C.UTF-8', 'AMENT_PREFIX_PATH': '/opt/ros/jazzy', 'SHELL': '/bin/bash', 'ROS_AUTOMATIC_DISCOVERY_RANGE': 'SUBNET', 'PWD': '/mnt/c/Users/LENOVO/OneDrive/Desktop/drone/build/fault_handler', 'PYTHONPATH': '/mnt/c/Users/LENOVO/OneDrive/Desktop/drone/build/fault_handler/prefix_override:/usr/lib/python3/dist-packages/colcon_core/task/python/colcon_distutils_commands:/mnt/c/Users/LENOVO/OneDrive/Desktop/drone/install/fault_handler/lib/python3.12/site-packages:/opt/ros/jazzy/lib/python3.12/site-packages', 'COLCON': '1', 'WSL2_GUI_APPS_ENABLED': '1', 'HOSTTYPE': 'x86_64', 'CMAKE_PREFIX_PATH': '/opt/ros/jazzy/opt/gz_math_vendor:/opt/ros/jazzy/opt/gz_utils_vendor:/opt/ros/jazzy/opt/gz_cmake_vendor', 'WSLENV': ''}, 'shell': False}
[3.657412] (-) TimerEvent: {}
[3.671595] (navigation_layer) Command: {'cmd': ['/usr/bin/python3', '-W', 'ignore:setup.py install is deprecated', '-W', 'ignore:easy_install command is deprecated', 'setup.py', 'develop', '--editable', '--build-directory', '/mnt/c/Users/LENOVO/OneDrive/Desktop/drone/build/navigation_layer/build', '--no-deps', 'symlink_data'], 'cwd': '/mnt/c/Users/LENOVO/OneDrive/Desktop/drone/build/navigation_layer', 'env': {'USER': 'lenovo', 'SHLVL': '0', 'LD_LIBRARY_PATH': '/opt/ros/jazzy/opt/rviz_ogre_vendor/lib:/opt/ros/jazzy/lib/x86_64-linux-gnu:/opt/ros/jazzy/opt/gz_math_vendor/lib:/opt/ros/jazzy/opt/gz_utils_vendor/lib:/opt/ros/jazzy/opt/gz_cmake_vendor/lib:/opt/ros/jazzy/lib', 'HOME': '/home/lenovo', 'OLDPWD': '/mnt/c/Users/LENOVO/OneDrive/Desktop/drone', 'ROS_PYTHON_VERSION': '3', 'DBUS_SESSION_BUS_ADDRESS': 'unix:path=/run/user/1000/bus', 'WSL_DISTRO_NAME': 'Ubuntu', 'WAYLAND_DISPLAY': 'wayland-0', 'ROS_DISTRO': 'jazzy', 'LOGNAME': 'lenovo', 'NAME': 'LAPTOP-MLDMFMJ8', 'WSL_INTEROP': '/run/WSL/17129_interop', 'PULSE_SERVER': 'unix:/mnt/wslg/PulseServer', '_': '/usr/bin/colcon', 'ROS_VERSION': '2', 'TERM': 'xterm-256color', 'PATH': '/opt/ros/jazzy/bin:/usr/local/sbin:/usr/local/bin:/usr/sbin:/usr/bin:/sbin:/bin:/usr/games:/usr/local/games:/usr/lib/wsl/lib:/mnt/c/Python314/Scripts/:/mnt/c/Python314/:/mnt/c/Windows/system32:/mnt/c/Windows:/mnt/c/Windows/System32/Wbem:/mnt/c/Windows/System32/WindowsPowerShell/v1.0/:/mnt/c/Windows/System32/OpenSSH/:/mnt/c/Program Files (x86)/NVIDIA Corporation/PhysX/Common:/mnt/c/Program Files/NVIDIA Corporation/NVIDIA NvDLISR:/mnt/c/Program Files/Git/cmd:/mnt/c/src/flutter/bin:/mnt/c/MinGW/bin:/mnt/c/Users/LENOVO/AppData/Local/Pub/Cache/bin:/mnt/c/ffmpeg-8.0.1-essentials_build/bin:/mnt/c/Program Files/nodejs/:/mnt/c/ProgramData/chocolatey/bin:/mnt/c/Program Files/dotnet/:/mnt/c/Program Files (x86)/Windows Kits/10/Windows Performance Toolkit/:/mnt/c/Users/LENOVO/AppData/Local/Programs/Python/Python311/Scripts/:/mnt/c/Users/LENOVO/AppData/Local/Programs/Python/Python311/:/mnt/c/Users/LENOVO/AppData/Local/Programs/Python/Launcher/:/mnt/c/Users/LENOVO/AppData/Local/Microsoft/WindowsApps:/mnt/c/Users/LENOVO/AppData/Local/Programs/Microsoft VS Code/bin:/mnt/c/Program Files/Eclipse Adoptium/jdk-17.0.17.10-hotspot/bin:/mnt/c/Users/LENOVO/AppData/Local/Python/bin:/mnt/c/Users/LENOVO/AppData/Roaming/npm:/mnt/c/Users/LENOVO/AppData/Local/Programs/Antigravity/bin', 'XDG_RUNTIME_DIR': '/run/user/1000/', 'DISPLAY': ':0', 'LANG': 'C.UTF-8', 'AMENT_PREFIX_PATH': '/opt/ros/jazzy', 'SHELL': '/bin/bash', 'ROS_AUTOMATIC_DISCOVERY_RANGE': 'SUBNET', 'PWD': '/mnt/c/Users/LENOVO/OneDrive/Desktop/drone/build/navigation_layer', 'PYTHONPATH': '/mnt/c/Users/LENOVO/OneDrive/Desktop/drone/build/navigation_layer/prefix_override:/usr/lib/python3/dist-packages/colcon_core/task/python/colcon_distutils_commands:/mnt/c/Users/LENOVO/OneDrive/Desktop/drone/install/navigation_layer/lib/python3.12/site-packages:/opt/ros/jazzy/lib/python3.12/site-packages', 'COLCON': '1', 'WSL2_GUI_APPS_ENABLED': '1', 'HOSTTYPE': 'x86_64', 'CMAKE_PREFIX_PATH': '/opt/ros/jazzy/opt/gz_math_vendor:/opt/ros/jazzy/opt/gz_utils_vendor:/opt/ros/jazzy/opt/gz_cmake_vendor', 'WSLENV': ''}, 'shell': False}
[3.760920] (-) TimerEvent: {}
[3.847669] (control_layer) StdoutLine: {'line': b'-- Detecting C compiler ABI info\n'}
[3.861860] (-) TimerEvent: {}
[3.963165] (perception_layer) Command: {'cmd': ['/usr/bin/python3', '-W', 'ignore:setup.py install is deprecated', '-W', 'ignore:easy_install command is deprecated', 'setup.py', 'develop', '--editable', '--build-directory', '/mnt/c/Users/LENOVO/OneDrive/Desktop/drone/build/perception_layer/build', '--no-deps', 'symlink_data'], 'cwd': '/mnt/c/Users/LENOVO/OneDrive/Desktop/drone/build/perception_layer', 'env': {'USER': 'lenovo', 'SHLVL': '0', 'LD_LIBRARY_PATH': '/opt/ros/jazzy/opt/rviz_ogre_vendor/lib:/opt/ros/jazzy/lib/x86_64-linux-gnu:/opt/ros/jazzy/opt/gz_math_vendor/lib:/opt/ros/jazzy/opt/gz_utils_vendor/lib:/opt/ros/jazzy/opt/gz_cmake_vendor/lib:/opt/ros/jazzy/lib', 'HOME': '/home/lenovo', 'OLDPWD': '/mnt/c/Users/LENOVO/OneDrive/Desktop/drone', 'ROS_PYTHON_VERSION': '3', 'DBUS_SESSION_BUS_ADDRESS': 'unix:path=/run/user/1000/bus', 'WSL_DISTRO_NAME': 'Ubuntu', 'WAYLAND_DISPLAY': 'wayland-0', 'ROS_DISTRO': 'jazzy', 'LOGNAME': 'lenovo', 'NAME': 'LAPTOP-MLDMFMJ8', 'WSL_INTEROP': '/run/WSL/17129_interop', 'PULSE_SERVER': 'unix:/mnt/wslg/PulseServer', '_': '/usr/bin/colcon', 'ROS_VERSION': '2', 'TERM': 'xterm-256color', 'PATH': '/opt/ros/jazzy/bin:/usr/local/sbin:/usr/local/bin:/usr/sbin:/usr/bin:/sbin:/bin:/usr/games:/usr/local/games:/usr/lib/wsl/lib:/mnt/c/Python314/Scripts/:/mnt/c/Python314/:/mnt/c/Windows/system32:/mnt/c/Windows:/mnt/c/Windows/System32/Wbem:/mnt/c/Windows/System32/WindowsPowerShell/v1.0/:/mnt/c/Windows/System32/OpenSSH/:/mnt/c/Program Files (x86)/NVIDIA Corporation/PhysX/Common:/mnt/c/Program Files/NVIDIA Corporation/NVIDIA NvDLISR:/mnt/c/Program Files/Git/cmd:/mnt/c/src/flutter/bin:/mnt/c/MinGW/bin:/mnt/c/Users/LENOVO/AppData/Local/Pub/Cache/bin:/mnt/c/ffmpeg-8.0.1-essentials_build/bin:/mnt/c/Program Files/nodejs/:/mnt/c/ProgramData/chocolatey/bin:/mnt/c/Program Files/dotnet/:/mnt/c/Program Files (x86)/Windows Kits/10/Windows Performance Toolkit/:/mnt/c/Users/LENOVO/AppData/Local/Programs/Python/Python311/Scripts/:/mnt/c/Users/LENOVO/AppData/Local/Programs/Python/Python311/:/mnt/c/Users/LENOVO/AppData/Local/Programs/Python/Launcher/:/mnt/c/Users/LENOVO/AppData/Local/Microsoft/WindowsApps:/mnt/c/Users/LENOVO/AppData/Local/Programs/Microsoft VS Code/bin:/mnt/c/Program Files/Eclipse Adoptium/jdk-17.0.17.10-hotspot/bin:/mnt/c/Users/LENOVO/AppData/Local/Python/bin:/mnt/c/Users/LENOVO/AppData/Roaming/npm:/mnt/c/Users/LENOVO/AppData/Local/Programs/Antigravity/bin', 'XDG_RUNTIME_DIR': '/run/user/1000/', 'DISPLAY': ':0', 'LANG': 'C.UTF-8', 'AMENT_PREFIX_PATH': '/opt/ros/jazzy', 'SHELL': '/bin/bash', 'ROS_AUTOMATIC_DISCOVERY_RANGE': 'SUBNET', 'PWD': '/mnt/c/Users/LENOVO/OneDrive/Desktop/drone/build/perception_layer', 'PYTHONPATH': '/mnt/c/Users/LENOVO/OneDrive/Desktop/drone/build/perception_layer/prefix_override:/usr/lib/python3/dist-packages/colcon_core/task/python/colcon_distutils_commands:/mnt/c/Users/LENOVO/OneDrive/Desktop/drone/install/perception_layer/lib/python3.12/site-packages:/opt/ros/jazzy/lib/python3.12/site-packages', 'COLCON': '1', 'WSL2_GUI_APPS_ENABLED': '1', 'HOSTTYPE': 'x86_64', 'CMAKE_PREFIX_PATH': '/opt/ros/jazzy/opt/gz_math_vendor:/opt/ros/jazzy/opt/gz_utils_vendor:/opt/ros/jazzy/opt/gz_cmake_vendor', 'WSLENV': ''}, 'shell': False}
[3.987999] (-) TimerEvent: {}
[4.096407] (-) TimerEvent: {}
[4.197527] (-) TimerEvent: {}
[4.298616] (-) TimerEvent: {}
[4.403628] (-) TimerEvent: {}
[4.504636] (-) TimerEvent: {}
[4.513633] (telemetry) Command: {'cmd': ['/usr/bin/python3', '-W', 'ignore:setup.py install is deprecated', '-W', 'ignore:easy_install command is deprecated', 'setup.py', 'develop', '--editable', '--build-directory', '/mnt/c/Users/LENOVO/OneDrive/Desktop/drone/build/telemetry/build', '--no-deps', 'symlink_data'], 'cwd': '/mnt/c/Users/LENOVO/OneDrive/Desktop/drone/build/telemetry', 'env': {'USER': 'lenovo', 'SHLVL': '0', 'LD_LIBRARY_PATH': '/opt/ros/jazzy/opt/rviz_ogre_vendor/lib:/opt/ros/jazzy/lib/x86_64-linux-gnu:/opt/ros/jazzy/opt/gz_math_vendor/lib:/opt/ros/jazzy/opt/gz_utils_vendor/lib:/opt/ros/jazzy/opt/gz_cmake_vendor/lib:/opt/ros/jazzy/lib', 'HOME': '/home/lenovo', 'OLDPWD': '/mnt/c/Users/LENOVO/OneDrive/Desktop/drone', 'ROS_PYTHON_VERSION': '3', 'DBUS_SESSION_BUS_ADDRESS': 'unix:path=/run/user/1000/bus', 'WSL_DISTRO_NAME': 'Ubuntu', 'WAYLAND_DISPLAY': 'wayland-0', 'ROS_DISTRO': 'jazzy', 'LOGNAME': 'lenovo', 'NAME': 'LAPTOP-MLDMFMJ8', 'WSL_INTEROP': '/run/WSL/17129_interop', 'PULSE_SERVER': 'unix:/mnt/wslg/PulseServer', '_': '/usr/bin/colcon', 'ROS_VERSION': '2', 'TERM': 'xterm-256color', 'PATH': '/opt/ros/jazzy/bin:/usr/local/sbin:/usr/local/bin:/usr/sbin:/usr/bin:/sbin:/bin:/usr/games:/usr/local/games:/usr/lib/wsl/lib:/mnt/c/Python314/Scripts/:/mnt/c/Python314/:/mnt/c/Windows/system32:/mnt/c/Windows:/mnt/c/Windows/System32/Wbem:/mnt/c/Windows/System32/WindowsPowerShell/v1.0/:/mnt/c/Windows/System32/OpenSSH/:/mnt/c/Program Files (x86)/NVIDIA Corporation/PhysX/Common:/mnt/c/Program Files/NVIDIA Corporation/NVIDIA NvDLISR:/mnt/c/Program Files/Git/cmd:/mnt/c/src/flutter/bin:/mnt/c/MinGW/bin:/mnt/c/Users/LENOVO/AppData/Local/Pub/Cache/bin:/mnt/c/ffmpeg-8.0.1-essentials_build/bin:/mnt/c/Program Files/nodejs/:/mnt/c/ProgramData/chocolatey/bin:/mnt/c/Program Files/dotnet/:/mnt/c/Program Files (x86)/Windows Kits/10/Windows Performance Toolkit/:/mnt/c/Users/LENOVO/AppData/Local/Programs/Python/Python311/Scripts/:/mnt/c/Users/LENOVO/AppData/Local/Programs/Python/Python311/:/mnt/c/Users/LENOVO/AppData/Local/Programs/Python/Launcher/:/mnt/c/Users/LENOVO/AppData/Local/Microsoft/WindowsApps:/mnt/c/Users/LENOVO/AppData/Local/Programs/Microsoft VS Code/bin:/mnt/c/Program Files/Eclipse Adoptium/jdk-17.0.17.10-hotspot/bin:/mnt/c/Users/LENOVO/AppData/Local/Python/bin:/mnt/c/Users/LENOVO/AppData/Roaming/npm:/mnt/c/Users/LENOVO/AppData/Local/Programs/Antigravity/bin', 'XDG_RUNTIME_DIR': '/run/user/1000/', 'DISPLAY': ':0', 'LANG': 'C.UTF-8', 'AMENT_PREFIX_PATH': '/opt/ros/jazzy', 'SHELL': '/bin/bash', 'ROS_AUTOMATIC_DISCOVERY_RANGE': 'SUBNET', 'PWD': '/mnt/c/Users/LENOVO/OneDrive/Desktop/drone/build/telemetry', 'PYTHONPATH': '/mnt/c/Users/LENOVO/OneDrive/Desktop/drone/build/telemetry/prefix_override:/usr/lib/python3/dist-packages/colcon_core/task/python/colcon_distutils_commands:/mnt/c/Users/LENOVO/OneDrive/Desktop/drone/install/telemetry/lib/python3.12/site-packages:/opt/ros/jazzy/lib/python3.12/site-packages', 'COLCON': '1', 'WSL2_GUI_APPS_ENABLED': '1', 'HOSTTYPE': 'x86_64', 'CMAKE_PREFIX_PATH': '/opt/ros/jazzy/opt/gz_math_vendor:/opt/ros/jazzy/opt/gz_utils_vendor:/opt/ros/jazzy/opt/gz_cmake_vendor', 'WSLENV': ''}, 'shell': False}
[4.604918] (-) TimerEvent: {}
[4.705786] (-) TimerEvent: {}
[4.806784] (-) TimerEvent: {}
[4.908604] (-) TimerEvent: {}
[4.973586] (slam_layer) StdoutLine: {'line': b'-- Detecting C compiler ABI info\n'}
[5.008837] (-) TimerEvent: {}
[5.110227] (-) TimerEvent: {}
[5.212553] (-) TimerEvent: {}
[5.315068] (-) TimerEvent: {}
[5.337822] (fault_handler) StdoutLine: {'line': b'running develop\n'}
[5.395929] (navigation_layer) StdoutLine: {'line': b'running develop\n'}
[5.415501] (-) TimerEvent: {}
[5.516508] (-) TimerEvent: {}
[5.572386] (control_layer) StdoutLine: {'line': b'-- Detecting C compiler ABI info - done\n'}
[5.619779] (-) TimerEvent: {}
[5.654000] (control_layer) StdoutLine: {'line': b'-- Check for working C compiler: /usr/bin/cc - skipped\n'}
[5.655994] (control_layer) StdoutLine: {'line': b'-- Detecting C compile features\n'}
[5.657833] (control_layer) StdoutLine: {'line': b'-- Detecting C compile features - done\n'}
[5.719984] (-) TimerEvent: {}
[5.729771] (perception_layer) StdoutLine: {'line': b'running develop\n'}
[5.820154] (-) TimerEvent: {}
[5.921317] (-) TimerEvent: {}
[5.959506] (control_layer) StdoutLine: {'line': b'-- Detecting CXX compiler ABI info\n'}
[5.976082] (fault_handler) StdoutLine: {'line': b'running egg_info\n'}
[5.977821] (fault_handler) StdoutLine: {'line': b'creating fault_handler.egg-info\n'}
[5.998463] (navigation_layer) StdoutLine: {'line': b'running egg_info\n'}
[6.000166] (navigation_layer) StdoutLine: {'line': b'creating navigation_layer.egg-info\n'}
[6.015995] (fault_handler) StdoutLine: {'line': b'writing fault_handler.egg-info/PKG-INFO\n'}
[6.021671] (-) TimerEvent: {}
[6.029355] (fault_handler) StdoutLine: {'line': b'writing dependency_links to fault_handler.egg-info/dependency_links.txt\n'}
[6.038608] (fault_handler) StdoutLine: {'line': b'writing requirements to fault_handler.egg-info/requires.txt\n'}
[6.041596] (navigation_layer) StdoutLine: {'line': b'writing navigation_layer.egg-info/PKG-INFO\n'}
[6.045171] (fault_handler) StdoutLine: {'line': b'writing top-level names to fault_handler.egg-info/top_level.txt\n'}
[6.055691] (fault_handler) StdoutLine: {'line': b"writing manifest file 'fault_handler.egg-info/SOURCES.txt'\n"}
[6.058237] (navigation_layer) StdoutLine: {'line': b'writing dependency_links to navigation_layer.egg-info/dependency_links.txt\n'}
[6.069242] (navigation_layer) StdoutLine: {'line': b'writing requirements to navigation_layer.egg-info/requires.txt\n'}
[6.075353] (navigation_layer) StdoutLine: {'line': b'writing top-level names to navigation_layer.egg-info/top_level.txt\n'}
[6.083686] (navigation_layer) StdoutLine: {'line': b"writing manifest file 'navigation_layer.egg-info/SOURCES.txt'\n"}
[6.121963] (-) TimerEvent: {}
[6.143794] (fault_handler) StdoutLine: {'line': b"reading manifest file 'fault_handler.egg-info/SOURCES.txt'\n"}
[6.173802] (navigation_layer) StdoutLine: {'line': b"reading manifest file 'navigation_layer.egg-info/SOURCES.txt'\n"}
[6.222278] (-) TimerEvent: {}
[6.230580] (fault_handler) StdoutLine: {'line': b"writing manifest file 'fault_handler.egg-info/SOURCES.txt'\n"}
[6.275077] (navigation_layer) StdoutLine: {'line': b"writing manifest file 'navigation_layer.egg-info/SOURCES.txt'\n"}
[6.310215] (fault_handler) StdoutLine: {'line': b'running build_ext\n'}
[6.323244] (-) TimerEvent: {}
[6.336704] (telemetry) StdoutLine: {'line': b'running develop\n'}
[6.347938] (navigation_layer) StdoutLine: {'line': b'running build_ext\n'}
[6.352660] (fault_handler) StdoutLine: {'line': b'Creating /mnt/c/Users/LENOVO/OneDrive/Desktop/drone/install/fault_handler/lib/python3.12/site-packages/fault-handler.egg-link (link to .)\n'}
[6.356338] (perception_layer) StdoutLine: {'line': b'running egg_info\n'}
[6.358744] (perception_layer) StdoutLine: {'line': b'creating perception_layer.egg-info\n'}
[6.402587] (navigation_layer) StdoutLine: {'line': b'Creating /mnt/c/Users/LENOVO/OneDrive/Desktop/drone/install/navigation_layer/lib/python3.12/site-packages/navigation-layer.egg-link (link to .)\n'}
[6.408875] (fault_handler) StdoutLine: {'line': b'\n'}
[6.411366] (fault_handler) StdoutLine: {'line': b'Installed /mnt/c/Users/LENOVO/OneDrive/Desktop/drone/build/fault_handler\n'}
[6.415029] (perception_layer) StdoutLine: {'line': b'writing perception_layer.egg-info/PKG-INFO\n'}
[6.420520] (fault_handler) StdoutLine: {'line': b'running symlink_data\n'}
[6.423768] (-) TimerEvent: {}
[6.430262] (perception_layer) StdoutLine: {'line': b'writing dependency_links to perception_layer.egg-info/dependency_links.txt\n'}
[6.446979] (fault_handler) StdoutLine: {'line': b'creating /mnt/c/Users/LENOVO/OneDrive/Desktop/drone/install/fault_handler/share\n'}
[6.449642] (perception_layer) StdoutLine: {'line': b'writing requirements to perception_layer.egg-info/requires.txt\n'}
[6.452297] (fault_handler) StdoutLine: {'line': b'creating /mnt/c/Users/LENOVO/OneDrive/Desktop/drone/install/fault_handler/share/ament_index\n'}
[6.456684] (perception_layer) StdoutLine: {'line': b'writing top-level names to perception_layer.egg-info/top_level.txt\n'}
[6.459391] (fault_handler) StdoutLine: {'line': b'creating /mnt/c/Users/LENOVO/OneDrive/Desktop/drone/install/fault_handler/share/ament_index/resource_index\n'}
[6.467810] (fault_handler) StdoutLine: {'line': b'creating /mnt/c/Users/LENOVO/OneDrive/Desktop/drone/install/fault_handler/share/ament_index/resource_index/packages\n'}
[6.470204] (perception_layer) StdoutLine: {'line': b"writing manifest file 'perception_layer.egg-info/SOURCES.txt'\n"}
[6.476799] (navigation_layer) StdoutLine: {'line': b'\n'}
[6.478951] (navigation_layer) StdoutLine: {'line': b'Installed /mnt/c/Users/LENOVO/OneDrive/Desktop/drone/build/navigation_layer\n'}
[6.482185] (fault_handler) StderrLine: {'line': b"error: can't copy '/mnt/c/Users/LENOVO/OneDrive/Desktop/drone/build/fault_handler/resource/fault_handler': doesn't exist or not a regular file\n"}
[6.486200] (navigation_layer) StdoutLine: {'line': b'running symlink_data\n'}
[6.507342] (navigation_layer) StdoutLine: {'line': b'creating /mnt/c/Users/LENOVO/OneDrive/Desktop/drone/install/navigation_layer/share\n'}
[6.512745] (navigation_layer) StdoutLine: {'line': b'creating /mnt/c/Users/LENOVO/OneDrive/Desktop/drone/install/navigation_layer/share/ament_index\n'}
[6.518507] (navigation_layer) StdoutLine: {'line': b'creating /mnt/c/Users/LENOVO/OneDrive/Desktop/drone/install/navigation_layer/share/ament_index/resource_index\n'}
[6.524455] (-) TimerEvent: {}
[6.526375] (navigation_layer) StdoutLine: {'line': b'creating /mnt/c/Users/LENOVO/OneDrive/Desktop/drone/install/navigation_layer/share/ament_index/resource_index/packages\n'}
[6.548780] (navigation_layer) StderrLine: {'line': b"error: can't copy '/mnt/c/Users/LENOVO/OneDrive/Desktop/drone/build/navigation_layer/resource/navigation_layer': doesn't exist or not a regular file\n"}
[6.570644] (perception_layer) StdoutLine: {'line': b"reading manifest file 'perception_layer.egg-info/SOURCES.txt'\n"}
[6.609458] (fault_handler) CommandEnded: {'returncode': 1}
[6.612321] (fault_handler) JobEnded: {'identifier': 'fault_handler', 'rc': 1}
[6.626874] (-) TimerEvent: {}
[6.647235] (navigation_layer) JobEnded: {'identifier': 'navigation_layer', 'rc': 'SIGINT'}
[6.662575] (perception_layer) StdoutLine: {'line': b"writing manifest file 'perception_layer.egg-info/SOURCES.txt'\n"}
[6.717606] (perception_layer) StdoutLine: {'line': b'running build_ext\n'}
[6.727487] (-) TimerEvent: {}
[6.758460] (perception_layer) StdoutLine: {'line': b'Creating /mnt/c/Users/LENOVO/OneDrive/Desktop/drone/install/perception_layer/lib/python3.12/site-packages/perception-layer.egg-link (link to .)\n'}
[6.767281] (slam_layer) StdoutLine: {'line': b'-- Detecting C compiler ABI info - done\n'}
[6.813110] (perception_layer) StdoutLine: {'line': b'\n'}
[6.818765] (perception_layer) StdoutLine: {'line': b'Installed /mnt/c/Users/LENOVO/OneDrive/Desktop/drone/build/perception_layer\n'}
[6.825329] (perception_layer) StdoutLine: {'line': b'running symlink_data\n'}
[6.827646] (-) TimerEvent: {}
[6.837254] (perception_layer) StdoutLine: {'line': b'creating /mnt/c/Users/LENOVO/OneDrive/Desktop/drone/install/perception_layer/share\n'}
[6.842079] (perception_layer) StdoutLine: {'line': b'creating /mnt/c/Users/LENOVO/OneDrive/Desktop/drone/install/perception_layer/share/ament_index\n'}
[6.847452] (perception_layer) StdoutLine: {'line': b'creating /mnt/c/Users/LENOVO/OneDrive/Desktop/drone/install/perception_layer/share/ament_index/resource_index\n'}
[6.854612] (slam_layer) StdoutLine: {'line': b'-- Check for working C compiler: /usr/bin/cc - skipped\n'}
[6.857142] (slam_layer) StdoutLine: {'line': b'-- Detecting C compile features\n'}
[6.858763] (perception_layer) StdoutLine: {'line': b'creating /mnt/c/Users/LENOVO/OneDrive/Desktop/drone/install/perception_layer/share/ament_index/resource_index/packages\n'}
[6.860914] (slam_layer) StdoutLine: {'line': b'-- Detecting C compile features - done\n'}
[6.870844] (perception_layer) StderrLine: {'line': b"error: can't copy '/mnt/c/Users/LENOVO/OneDrive/Desktop/drone/build/perception_layer/resource/perception_layer': doesn't exist or not a regular file\n"}
[6.925451] (perception_layer) JobEnded: {'identifier': 'perception_layer', 'rc': 'SIGINT'}
[6.939765] (-) TimerEvent: {}
[7.033134] (telemetry) StdoutLine: {'line': b'running egg_info\n'}
[7.034825] (telemetry) StdoutLine: {'line': b'creating telemetry.egg-info\n'}
[7.040208] (-) TimerEvent: {}
[7.070435] (telemetry) StdoutLine: {'line': b'writing telemetry.egg-info/PKG-INFO\n'}
[7.084569] (telemetry) StdoutLine: {'line': b'writing dependency_links to telemetry.egg-info/dependency_links.txt\n'}
[7.094194] (telemetry) StdoutLine: {'line': b'writing requirements to telemetry.egg-info/requires.txt\n'}
[7.100115] (telemetry) StdoutLine: {'line': b'writing top-level names to telemetry.egg-info/top_level.txt\n'}
[7.108515] (telemetry) StdoutLine: {'line': b"writing manifest file 'telemetry.egg-info/SOURCES.txt'\n"}
[7.129482] (slam_layer) StdoutLine: {'line': b'-- Detecting CXX compiler ABI info\n'}
[7.140632] (-) TimerEvent: {}
[7.197756] (telemetry) StdoutLine: {'line': b"reading manifest file 'telemetry.egg-info/SOURCES.txt'\n"}
[7.240856] (-) TimerEvent: {}
[7.280293] (telemetry) StdoutLine: {'line': b"writing manifest file 'telemetry.egg-info/SOURCES.txt'\n"}
[7.344833] (telemetry) StdoutLine: {'line': b'running build_ext\n'}
[7.347099] (-) TimerEvent: {}
[7.378994] (telemetry) StdoutLine: {'line': b'Creating /mnt/c/Users/LENOVO/OneDrive/Desktop/drone/install/telemetry/lib/python3.12/site-packages/telemetry.egg-link (link to .)\n'}
[7.431481] (telemetry) StdoutLine: {'line': b'\n'}
[7.433294] (telemetry) StdoutLine: {'line': b'Installed /mnt/c/Users/LENOVO/OneDrive/Desktop/drone/build/telemetry\n'}
[7.439461] (telemetry) StdoutLine: {'line': b'running symlink_data\n'}
[7.447777] (-) TimerEvent: {}
[7.454978] (telemetry) StdoutLine: {'line': b'creating /mnt/c/Users/LENOVO/OneDrive/Desktop/drone/install/telemetry/share\n'}
[7.459423] (telemetry) StdoutLine: {'line': b'creating /mnt/c/Users/LENOVO/OneDrive/Desktop/drone/install/telemetry/share/ament_index\n'}
[7.464861] (telemetry) StdoutLine: {'line': b'creating /mnt/c/Users/LENOVO/OneDrive/Desktop/drone/install/telemetry/share/ament_index/resource_index\n'}
[7.471729] (telemetry) StdoutLine: {'line': b'creating /mnt/c/Users/LENOVO/OneDrive/Desktop/drone/install/telemetry/share/ament_index/resource_index/packages\n'}
[7.483479] (telemetry) StderrLine: {'line': b"error: can't copy '/mnt/c/Users/LENOVO/OneDrive/Desktop/drone/build/telemetry/resource/telemetry': doesn't exist or not a regular file\n"}
[7.552533] (-) TimerEvent: {}
[7.558782] (telemetry) JobEnded: {'identifier': 'telemetry', 'rc': 'SIGINT'}
[7.652964] (-) TimerEvent: {}
[7.701669] (control_layer) StdoutLine: {'line': b'-- Detecting CXX compiler ABI info - done\n'}
[7.753567] (-) TimerEvent: {}
[7.769638] (control_layer) StdoutLine: {'line': b'-- Check for working CXX compiler: /usr/bin/c++ - skipped\n'}
[7.771539] (control_layer) StdoutLine: {'line': b'-- Detecting CXX compile features\n'}
[7.772996] (control_layer) StdoutLine: {'line': b'-- Detecting CXX compile features - done\n'}
[7.853930] (-) TimerEvent: {}
[7.922586] (control_layer) StdoutLine: {'line': b'-- Found ament_cmake: 2.5.5 (/opt/ros/jazzy/share/ament_cmake/cmake)\n'}
[7.956287] (-) TimerEvent: {}
[8.064405] (-) TimerEvent: {}
[8.165424] (-) TimerEvent: {}
[8.228655] (control_layer) StdoutLine: {'line': b'-- Found Python3: /usr/bin/python3 (found version "3.12.3") found components: Interpreter \n'}
[8.268203] (-) TimerEvent: {}
[8.376689] (-) TimerEvent: {}
[8.471333] (control_layer) StdoutLine: {'line': b'-- Override CMake install command with custom implementation using symlinks instead of copying resources\n'}
[8.477068] (-) TimerEvent: {}
[8.585215] (-) TimerEvent: {}
[8.686580] (-) TimerEvent: {}
[8.719395] (slam_layer) StdoutLine: {'line': b'-- Detecting CXX compiler ABI info - done\n'}
[8.787711] (-) TimerEvent: {}
[8.790089] (slam_layer) StdoutLine: {'line': b'-- Check for working CXX compiler: /usr/bin/c++ - skipped\n'}
[8.791706] (slam_layer) StdoutLine: {'line': b'-- Detecting CXX compile features\n'}
[8.793421] (slam_layer) StdoutLine: {'line': b'-- Detecting CXX compile features - done\n'}
[8.887984] (-) TimerEvent: {}
[8.915826] (slam_layer) StdoutLine: {'line': b'-- Found ament_cmake: 2.5.5 (/opt/ros/jazzy/share/ament_cmake/cmake)\n'}
[8.990871] (-) TimerEvent: {}
[9.092092] (-) TimerEvent: {}
[9.192813] (-) TimerEvent: {}
[9.198772] (slam_layer) StdoutLine: {'line': b'-- Found Python3: /usr/bin/python3 (found version "3.12.3") found components: Interpreter \n'}
[9.299744] (-) TimerEvent: {}
[9.384646] (control_layer) StdoutLine: {'line': b'-- Found rclcpp: 28.1.16 (/opt/ros/jazzy/share/rclcpp/cmake)\n'}
[9.400875] (-) TimerEvent: {}
[9.417456] (slam_layer) StdoutLine: {'line': b'-- Override CMake install command with custom implementation using symlinks instead of copying resources\n'}
[9.507044] (-) TimerEvent: {}
[9.608971] (-) TimerEvent: {}
[9.717053] (-) TimerEvent: {}
[9.818978] (-) TimerEvent: {}
[9.927258] (-) TimerEvent: {}
[10.035421] (-) TimerEvent: {}
[10.138691] (-) TimerEvent: {}
[10.197004] (control_layer) StdoutLine: {'line': b'-- Found rosidl_generator_c: 4.6.7 (/opt/ros/jazzy/share/rosidl_generator_c/cmake)\n'}
[10.241845] (-) TimerEvent: {}
[10.273311] (slam_layer) StdoutLine: {'line': b'-- Found rclcpp: 28.1.16 (/opt/ros/jazzy/share/rclcpp/cmake)\n'}
[10.346958] (-) TimerEvent: {}
[10.380661] (control_layer) StdoutLine: {'line': b'-- Found rosidl_generator_cpp: 4.6.7 (/opt/ros/jazzy/share/rosidl_generator_cpp/cmake)\n'}
[10.451871] (-) TimerEvent: {}
[10.558720] (-) TimerEvent: {}
[10.582857] (control_layer) StdoutLine: {'line': b'-- Using all available rosidl_typesupport_c: rosidl_typesupport_fastrtps_c;rosidl_typesupport_introspection_c\n'}
[10.664348] (-) TimerEvent: {}
[10.772564] (-) TimerEvent: {}
[10.800553] (control_layer) StdoutLine: {'line': b'-- Using all available rosidl_typesupport_cpp: rosidl_typesupport_fastrtps_cpp;rosidl_typesupport_introspection_cpp\n'}
[10.877858] (-) TimerEvent: {}
[10.978955] (-) TimerEvent: {}
[11.031430] (slam_layer) StdoutLine: {'line': b'-- Found rosidl_generator_c: 4.6.7 (/opt/ros/jazzy/share/rosidl_generator_c/cmake)\n'}
[11.082494] (-) TimerEvent: {}
[11.190690] (-) TimerEvent: {}
[11.210126] (slam_layer) StdoutLine: {'line': b'-- Found rosidl_generator_cpp: 4.6.7 (/opt/ros/jazzy/share/rosidl_generator_cpp/cmake)\n'}
[11.296703] (-) TimerEvent: {}
[11.387223] (slam_layer) StdoutLine: {'line': b'-- Using all available rosidl_typesupport_c: rosidl_typesupport_fastrtps_c;rosidl_typesupport_introspection_c\n'}
[11.397442] (-) TimerEvent: {}
[11.485971] (control_layer) StdoutLine: {'line': b'-- Found rmw_implementation_cmake: 7.3.3 (/opt/ros/jazzy/share/rmw_implementation_cmake/cmake)\n'}
[11.497719] (-) TimerEvent: {}
[11.544307] (control_layer) StdoutLine: {'line': b'-- Found rmw_fastrtps_cpp: 8.4.3 (/opt/ros/jazzy/share/rmw_fastrtps_cpp/cmake)\n'}
[11.585367] (slam_layer) StdoutLine: {'line': b'-- Using all available rosidl_typesupport_cpp: rosidl_typesupport_fastrtps_cpp;rosidl_typesupport_introspection_cpp\n'}
[11.598700] (-) TimerEvent: {}
[11.706719] (-) TimerEvent: {}
[11.814918] (-) TimerEvent: {}
[11.915941] (-) TimerEvent: {}
[11.974198] (control_layer) StdoutLine: {'line': b'-- Found OpenSSL: /usr/lib/x86_64-linux-gnu/libcrypto.so (found version "3.0.13")  \n'}
[12.016183] (-) TimerEvent: {}
[12.117298] (-) TimerEvent: {}
[12.218450] (-) TimerEvent: {}
[12.221351] (slam_layer) StdoutLine: {'line': b'-- Found rmw_implementation_cmake: 7.3.3 (/opt/ros/jazzy/share/rmw_implementation_cmake/cmake)\n'}
[12.276739] (slam_layer) StdoutLine: {'line': b'-- Found rmw_fastrtps_cpp: 8.4.3 (/opt/ros/jazzy/share/rmw_fastrtps_cpp/cmake)\n'}
[12.318766] (-) TimerEvent: {}
[12.411877] (control_layer) StdoutLine: {'line': b'-- Found FastRTPS: /opt/ros/jazzy/include (Required is at least version "2.13") \n'}
[12.418907] (-) TimerEvent: {}
[12.523504] (-) TimerEvent: {}
[12.625417] (-) TimerEvent: {}
[12.634280] (slam_layer) StdoutLine: {'line': b'-- Found OpenSSL: /usr/lib/x86_64-linux-gnu/libcrypto.so (found version "3.0.13")  \n'}
[12.672863] (control_layer) StdoutLine: {'line': b"-- Using RMW implementation 'rmw_fastrtps_cpp' as default\n"}
[12.726440] (-) TimerEvent: {}
[12.832015] (-) TimerEvent: {}
[12.937810] (-) TimerEvent: {}
[13.039105] (-) TimerEvent: {}
[13.051006] (slam_layer) StdoutLine: {'line': b'-- Found FastRTPS: /opt/ros/jazzy/include (Required is at least version "2.13") \n'}
[13.139469] (-) TimerEvent: {}
[13.240754] (-) TimerEvent: {}
[13.306279] (slam_layer) StdoutLine: {'line': b"-- Using RMW implementation 'rmw_fastrtps_cpp' as default\n"}
[13.341128] (-) TimerEvent: {}
[13.401606] (control_layer) StdoutLine: {'line': b'-- Found std_msgs: 5.3.6 (/opt/ros/jazzy/share/std_msgs/cmake)\n'}
[13.441799] (-) TimerEvent: {}
[13.481993] (control_layer) StdoutLine: {'line': b'-- Found geometry_msgs: 5.3.6 (/opt/ros/jazzy/share/geometry_msgs/cmake)\n'}
[13.542068] (-) TimerEvent: {}
[13.562761] (control_layer) StdoutLine: {'line': b'-- Found sensor_msgs: 5.3.6 (/opt/ros/jazzy/share/sensor_msgs/cmake)\n'}
[13.642250] (-) TimerEvent: {}
[13.655805] (control_layer) StdoutLine: {'line': b'-- Found ament_lint_auto: 0.17.4 (/opt/ros/jazzy/share/ament_lint_auto/cmake)\n'}
[13.742650] (-) TimerEvent: {}
[13.843528] (-) TimerEvent: {}
[13.946932] (-) TimerEvent: {}
[14.052936] (-) TimerEvent: {}
[14.156757] (-) TimerEvent: {}
[14.259650] (-) TimerEvent: {}
[14.365364] (-) TimerEvent: {}
[14.471022] (-) TimerEvent: {}
[14.576603] (-) TimerEvent: {}
[14.681240] (-) TimerEvent: {}
[14.786954] (-) TimerEvent: {}
[14.892802] (-) TimerEvent: {}
[14.996294] (-) TimerEvent: {}
[15.101987] (-) TimerEvent: {}
[15.207611] (-) TimerEvent: {}
[15.313365] (-) TimerEvent: {}
[15.416514] (control_layer) StdoutLine: {'line': b"-- Added test 'cppcheck' to perform static code analysis on C / C++ code\n"}
[15.418060] (-) TimerEvent: {}
[15.418640] (control_layer) StdoutLine: {'line': b'-- Configured cppcheck include dirs: \n'}
[15.420308] (control_layer) StdoutLine: {'line': b'-- Configured cppcheck exclude dirs and/or files: \n'}
[15.518559] (-) TimerEvent: {}
[15.585383] (control_layer) StdoutLine: {'line': b"-- Added test 'lint_cmake' to check CMake code style\n"}
[15.618787] (-) TimerEvent: {}
[15.719884] (-) TimerEvent: {}
[15.820737] (-) TimerEvent: {}
[15.921865] (-) TimerEvent: {}
[16.022882] (-) TimerEvent: {}
[16.088029] (control_layer) StdoutLine: {'line': b"-- Added test 'uncrustify' to check C / C++ code style\n"}
[16.089679] (control_layer) StdoutLine: {'line': b'-- Configured uncrustify additional arguments: \n'}
[16.109355] (slam_layer) StderrLine: {'line': b'\x1b[31mCMake Error at CMakeLists.txt:11 (find_package):\n'}
[16.111231] (slam_layer) StderrLine: {'line': b'  By not providing "Findslam_toolbox.cmake" in CMAKE_MODULE_PATH this project\n'}
[16.112939] (slam_layer) StderrLine: {'line': b'  has asked CMake to find a package configuration file provided by\n'}
[16.114321] (slam_layer) StderrLine: {'line': b'  "slam_toolbox", but CMake did not find one.\n'}
[16.115817] (slam_layer) StderrLine: {'line': b'\n'}
[16.117202] (slam_layer) StderrLine: {'line': b'  Could not find a package configuration file provided by "slam_toolbox" with\n'}
[16.118654] (slam_layer) StderrLine: {'line': b'  any of the following names:\n'}
[16.120389] (slam_layer) StderrLine: {'line': b'\n'}
[16.121786] (slam_layer) StderrLine: {'line': b'    slam_toolboxConfig.cmake\n'}
[16.123435] (-) TimerEvent: {}
[16.124197] (slam_layer) StderrLine: {'line': b'    slam_toolbox-config.cmake\n'}
[16.125760] (slam_layer) StderrLine: {'line': b'\n'}
[16.127136] (slam_layer) StderrLine: {'line': b'  Add the installation prefix of "slam_toolbox" to CMAKE_PREFIX_PATH or set\n'}
[16.128726] (slam_layer) StderrLine: {'line': b'  "slam_toolbox_DIR" to a directory containing one of the above files.  If\n'}
[16.130688] (slam_layer) StderrLine: {'line': b'  "slam_toolbox" provides a separate development package or SDK, be sure it\n'}
[16.132270] (slam_layer) StderrLine: {'line': b'  has been installed.\n'}
[16.133526] (slam_layer) StderrLine: {'line': b'\n'}
[16.134848] (slam_layer) StderrLine: {'line': b'\x1b[0m\n'}
[16.136150] (slam_layer) StdoutLine: {'line': b'-- Configuring incomplete, errors occurred!\n'}
[16.146475] (slam_layer) JobEnded: {'identifier': 'slam_layer', 'rc': 'SIGINT'}
[16.158766] (control_layer) StdoutLine: {'line': b"-- Added test 'xmllint' to check XML markup files\n"}
[16.223830] (-) TimerEvent: {}
[16.324966] (-) TimerEvent: {}
[16.430660] (-) TimerEvent: {}
[16.444773] (control_layer) StdoutLine: {'line': b'-- Configuring done (16.1s)\n'}
[16.533940] (-) TimerEvent: {}
[16.639646] (-) TimerEvent: {}
[16.745443] (-) TimerEvent: {}
[16.851095] (-) TimerEvent: {}
[16.952909] (-) TimerEvent: {}
[17.058701] (-) TimerEvent: {}
[17.104685] (control_layer) StdoutLine: {'line': b'-- Generating done (0.5s)\n'}
[17.161446] (-) TimerEvent: {}
[17.267309] (-) TimerEvent: {}
[17.373101] (-) TimerEvent: {}
[17.476499] (control_layer) StdoutLine: {'line': b'-- Build files have been written to: /mnt/c/Users/LENOVO/OneDrive/Desktop/drone/build/control_layer\n'}
[17.477641] (-) TimerEvent: {}
[17.491342] (control_layer) JobEnded: {'identifier': 'control_layer', 'rc': 'SIGINT'}
[17.506107] (-) EventReactorShutdown: {}
