[0.508s] DEBUG:colcon:Command line arguments: ['/usr/bin/colcon', 'build', '--symlink-install']
[0.509s] DEBUG:colcon:Parsed command line arguments: Namespace(log_base=None, log_level=None, verb_name='build', build_base='build', install_base='install', merge_install=False, symlink_install=True, test_result_base=None, continue_on_error=False, executor='parallel', parallel_workers=16, event_handlers=None, ignore_user_meta=False, metas=['./colcon.meta'], base_paths=['.'], packages_ignore=None, packages_ignore_regex=None, paths=None, packages_up_to=None, packages_up_to_regex=None, packages_above=None, packages_above_and_dependencies=None, packages_above_depth=None, packages_select_by_dep=None, packages_skip_by_dep=None, packages_skip_up_to=None, packages_select_build_failed=False, packages_skip_build_finished=False, packages_select_test_failures=False, packages_skip_test_passed=False, packages_select=None, packages_skip=None, packages_select_regex=None, packages_skip_regex=None, packages_start=None, packages_end=None, allow_overriding=[], cmake_args=None, cmake_target=None, cmake_target_skip_unavailable=False, cmake_clean_cache=False, cmake_clean_first=False, cmake_force_configure=False, ament_cmake_args=None, catkin_cmake_args=None, catkin_skip_building_tests=False, mixin_files=None, mixin=None, verb_parser=<colcon_mixin.mixin.mixin_argument.MixinArgumentDecorator object at 0x7a67c5d852e0>, verb_extension=<colcon_core.verb.build.BuildVerb object at 0x7a67c5d85010>, main=<bound method BuildVerb.main of <colcon_core.verb.build.BuildVerb object at 0x7a67c5d85010>>, mixin_verb=('build',))
[0.635s] Level 1:colcon.colcon_core.package_discovery:discover_packages(colcon_meta) check parameters
[0.636s] Level 1:colcon.colcon_core.package_discovery:discover_packages(recursive) check parameters
[0.636s] Level 1:colcon.colcon_core.package_discovery:discover_packages(ignore) check parameters
[0.637s] Level 1:colcon.colcon_core.package_discovery:discover_packages(path) check parameters
[0.637s] Level 1:colcon.colcon_core.package_discovery:discover_packages(colcon_meta) discover
[0.637s] Level 1:colcon.colcon_core.package_discovery:discover_packages(recursive) discover
[0.638s] INFO:colcon.colcon_core.package_discovery:Crawling recursively for packages in '/mnt/c/Users/LENOVO/OneDrive/Desktop/drone'
[0.641s] Level 1:colcon.colcon_core.package_identification:_identify(.) by extensions ['ignore', 'ignore_ament_install']
[0.641s] Level 1:colcon.colcon_core.package_identification:_identify(.) by extension 'ignore'
[0.642s] Level 1:colcon.colcon_core.package_identification:_identify(.) by extension 'ignore_ament_install'
[0.643s] Level 1:colcon.colcon_core.package_identification:_identify(.) by extensions ['colcon_pkg']
[0.643s] Level 1:colcon.colcon_core.package_identification:_identify(.) by extension 'colcon_pkg'
[0.644s] Level 1:colcon.colcon_core.package_identification:_identify(.) by extensions ['colcon_meta']
[0.644s] Level 1:colcon.colcon_core.package_identification:_identify(.) by extension 'colcon_meta'
[0.645s] Level 1:colcon.colcon_core.package_identification:_identify(.) by extensions ['ros']
[0.645s] Level 1:colcon.colcon_core.package_identification:_identify(.) by extension 'ros'
[0.674s] Level 1:colcon.colcon_core.package_identification:_identify(.) by extensions ['cmake', 'python']
[0.674s] Level 1:colcon.colcon_core.package_identification:_identify(.) by extension 'cmake'
[0.675s] Level 1:colcon.colcon_core.package_identification:_identify(.) by extension 'python'
[0.676s] Level 1:colcon.colcon_core.package_identification:_identify(.) by extensions ['python_setup_py']
[0.676s] Level 1:colcon.colcon_core.package_identification:_identify(.) by extension 'python_setup_py'
[0.682s] Level 1:colcon.colcon_core.package_identification:_identify(build) by extensions ['ignore', 'ignore_ament_install']
[0.683s] Level 1:colcon.colcon_core.package_identification:_identify(build) by extension 'ignore'
[0.686s] Level 1:colcon.colcon_core.package_identification:_identify(build) ignored
[0.692s] Level 1:colcon.colcon_core.package_identification:_identify(docker) by extensions ['ignore', 'ignore_ament_install']
[0.693s] Level 1:colcon.colcon_core.package_identification:_identify(docker) by extension 'ignore'
[0.695s] Level 1:colcon.colcon_core.package_identification:_identify(docker) by extension 'ignore_ament_install'
[0.698s] Level 1:colcon.colcon_core.package_identification:_identify(docker) by extensions ['colcon_pkg']
[0.699s] Level 1:colcon.colcon_core.package_identification:_identify(docker) by extension 'colcon_pkg'
[0.700s] Level 1:colcon.colcon_core.package_identification:_identify(docker) by extensions ['colcon_meta']
[0.700s] Level 1:colcon.colcon_core.package_identification:_identify(docker) by extension 'colcon_meta'
[0.702s] Level 1:colcon.colcon_core.package_identification:_identify(docker) by extensions ['ros']
[0.703s] Level 1:colcon.colcon_core.package_identification:_identify(docker) by extension 'ros'
[0.711s] Level 1:colcon.colcon_core.package_identification:_identify(docker) by extensions ['cmake', 'python']
[0.711s] Level 1:colcon.colcon_core.package_identification:_identify(docker) by extension 'cmake'
[0.713s] Level 1:colcon.colcon_core.package_identification:_identify(docker) by extension 'python'
[0.715s] Level 1:colcon.colcon_core.package_identification:_identify(docker) by extensions ['python_setup_py']
[0.715s] Level 1:colcon.colcon_core.package_identification:_identify(docker) by extension 'python_setup_py'
[0.722s] Level 1:colcon.colcon_core.package_identification:_identify(install) by extensions ['ignore', 'ignore_ament_install']
[0.722s] Level 1:colcon.colcon_core.package_identification:_identify(install) by extension 'ignore'
[0.725s] Level 1:colcon.colcon_core.package_identification:_identify(install) ignored
[0.734s] Level 1:colcon.colcon_core.package_identification:_identify(log) by extensions ['ignore', 'ignore_ament_install']
[0.734s] Level 1:colcon.colcon_core.package_identification:_identify(log) by extension 'ignore'
[0.736s] Level 1:colcon.colcon_core.package_identification:_identify(log) ignored
[0.742s] Level 1:colcon.colcon_core.package_identification:_identify(scripts) by extensions ['ignore', 'ignore_ament_install']
[0.742s] Level 1:colcon.colcon_core.package_identification:_identify(scripts) by extension 'ignore'
[0.744s] Level 1:colcon.colcon_core.package_identification:_identify(scripts) by extension 'ignore_ament_install'
[0.748s] Level 1:colcon.colcon_core.package_identification:_identify(scripts) by extensions ['colcon_pkg']
[0.748s] Level 1:colcon.colcon_core.package_identification:_identify(scripts) by extension 'colcon_pkg'
[0.750s] Level 1:colcon.colcon_core.package_identification:_identify(scripts) by extensions ['colcon_meta']
[0.750s] Level 1:colcon.colcon_core.package_identification:_identify(scripts) by extension 'colcon_meta'
[0.752s] Level 1:colcon.colcon_core.package_identification:_identify(scripts) by extensions ['ros']
[0.753s] Level 1:colcon.colcon_core.package_identification:_identify(scripts) by extension 'ros'
[0.760s] Level 1:colcon.colcon_core.package_identification:_identify(scripts) by extensions ['cmake', 'python']
[0.761s] Level 1:colcon.colcon_core.package_identification:_identify(scripts) by extension 'cmake'
[0.763s] Level 1:colcon.colcon_core.package_identification:_identify(scripts) by extension 'python'
[0.765s] Level 1:colcon.colcon_core.package_identification:_identify(scripts) by extensions ['python_setup_py']
[0.765s] Level 1:colcon.colcon_core.package_identification:_identify(scripts) by extension 'python_setup_py'
[0.772s] Level 1:colcon.colcon_core.package_identification:_identify(src) by extensions ['ignore', 'ignore_ament_install']
[0.773s] Level 1:colcon.colcon_core.package_identification:_identify(src) by extension 'ignore'
[0.775s] Level 1:colcon.colcon_core.package_identification:_identify(src) by extension 'ignore_ament_install'
[0.778s] Level 1:colcon.colcon_core.package_identification:_identify(src) by extensions ['colcon_pkg']
[0.779s] Level 1:colcon.colcon_core.package_identification:_identify(src) by extension 'colcon_pkg'
[0.781s] Level 1:colcon.colcon_core.package_identification:_identify(src) by extensions ['colcon_meta']
[0.781s] Level 1:colcon.colcon_core.package_identification:_identify(src) by extension 'colcon_meta'
[0.783s] Level 1:colcon.colcon_core.package_identification:_identify(src) by extensions ['ros']
[0.783s] Level 1:colcon.colcon_core.package_identification:_identify(src) by extension 'ros'
[0.791s] Level 1:colcon.colcon_core.package_identification:_identify(src) by extensions ['cmake', 'python']
[0.792s] Level 1:colcon.colcon_core.package_identification:_identify(src) by extension 'cmake'
[0.794s] Level 1:colcon.colcon_core.package_identification:_identify(src) by extension 'python'
[0.796s] Level 1:colcon.colcon_core.package_identification:_identify(src) by extensions ['python_setup_py']
[0.796s] Level 1:colcon.colcon_core.package_identification:_identify(src) by extension 'python_setup_py'
[0.809s] Level 1:colcon.colcon_core.package_identification:_identify(src/control_layer) by extensions ['ignore', 'ignore_ament_install']
[0.809s] Level 1:colcon.colcon_core.package_identification:_identify(src/control_layer) by extension 'ignore'
[0.812s] Level 1:colcon.colcon_core.package_identification:_identify(src/control_layer) by extension 'ignore_ament_install'
[0.818s] Level 1:colcon.colcon_core.package_identification:_identify(src/control_layer) by extensions ['colcon_pkg']
[0.818s] Level 1:colcon.colcon_core.package_identification:_identify(src/control_layer) by extension 'colcon_pkg'
[0.822s] Level 1:colcon.colcon_core.package_identification:_identify(src/control_layer) by extensions ['colcon_meta']
[0.822s] Level 1:colcon.colcon_core.package_identification:_identify(src/control_layer) by extension 'colcon_meta'
[0.827s] Level 1:colcon.colcon_core.package_identification:_identify(src/control_layer) by extensions ['ros']
[0.827s] Level 1:colcon.colcon_core.package_identification:_identify(src/control_layer) by extension 'ros'
[0.868s] DEBUG:colcon.colcon_core.package_identification:Package 'src/control_layer' with type 'ros.ament_cmake' and name 'control_layer'
[0.878s] Level 1:colcon.colcon_core.package_identification:_identify(src/fault_handler) by extensions ['ignore', 'ignore_ament_install']
[0.879s] Level 1:colcon.colcon_core.package_identification:_identify(src/fault_handler) by extension 'ignore'
[0.882s] Level 1:colcon.colcon_core.package_identification:_identify(src/fault_handler) by extension 'ignore_ament_install'
[0.888s] Level 1:colcon.colcon_core.package_identification:_identify(src/fault_handler) by extensions ['colcon_pkg']
[0.888s] Level 1:colcon.colcon_core.package_identification:_identify(src/fault_handler) by extension 'colcon_pkg'
[0.892s] Level 1:colcon.colcon_core.package_identification:_identify(src/fault_handler) by extensions ['colcon_meta']
[0.892s] Level 1:colcon.colcon_core.package_identification:_identify(src/fault_handler) by extension 'colcon_meta'
[0.897s] Level 1:colcon.colcon_core.package_identification:_identify(src/fault_handler) by extensions ['ros']
[0.897s] Level 1:colcon.colcon_core.package_identification:_identify(src/fault_handler) by extension 'ros'
[0.911s] Level 1:colcon.colcon_core.package_identification:_identify(src/fault_handler) by extensions ['cmake', 'python']
[0.911s] Level 1:colcon.colcon_core.package_identification:_identify(src/fault_handler) by extension 'cmake'
[0.914s] Level 1:colcon.colcon_core.package_identification:_identify(src/fault_handler) by extension 'python'
[0.928s] DEBUG:colcon.colcon_core.package_identification:Python package in 'src/fault_handler' passes arguments to the setup() function which requires a different identification extension than 'python'
[0.928s] Level 1:colcon.colcon_core.package_identification:_identify(src/fault_handler) by extensions ['python_setup_py']
[0.929s] Level 1:colcon.colcon_core.package_identification:_identify(src/fault_handler) by extension 'python_setup_py'
[1.307s] DEBUG:colcon.colcon_core.package_identification:Package 'src/fault_handler' with type 'python' and name 'fault_handler'
[1.317s] Level 1:colcon.colcon_core.package_identification:_identify(src/launch) by extensions ['ignore', 'ignore_ament_install']
[1.318s] Level 1:colcon.colcon_core.package_identification:_identify(src/launch) by extension 'ignore'
[1.321s] Level 1:colcon.colcon_core.package_identification:_identify(src/launch) by extension 'ignore_ament_install'
[1.325s] Level 1:colcon.colcon_core.package_identification:_identify(src/launch) by extensions ['colcon_pkg']
[1.326s] Level 1:colcon.colcon_core.package_identification:_identify(src/launch) by extension 'colcon_pkg'
[1.329s] Level 1:colcon.colcon_core.package_identification:_identify(src/launch) by extensions ['colcon_meta']
[1.329s] Level 1:colcon.colcon_core.package_identification:_identify(src/launch) by extension 'colcon_meta'
[1.333s] Level 1:colcon.colcon_core.package_identification:_identify(src/launch) by extensions ['ros']
[1.334s] Level 1:colcon.colcon_core.package_identification:_identify(src/launch) by extension 'ros'
[1.347s] Level 1:colcon.colcon_core.package_identification:_identify(src/launch) by extensions ['cmake', 'python']
[1.348s] Level 1:colcon.colcon_core.package_identification:_identify(src/launch) by extension 'cmake'
[1.351s] Level 1:colcon.colcon_core.package_identification:_identify(src/launch) by extension 'python'
[1.354s] Level 1:colcon.colcon_core.package_identification:_identify(src/launch) by extensions ['python_setup_py']
[1.354s] Level 1:colcon.colcon_core.package_identification:_identify(src/launch) by extension 'python_setup_py'
[1.367s] Level 1:colcon.colcon_core.package_identification:_identify(src/navigation_layer) by extensions ['ignore', 'ignore_ament_install']
[1.367s] Level 1:colcon.colcon_core.package_identification:_identify(src/navigation_layer) by extension 'ignore'
[1.370s] Level 1:colcon.colcon_core.package_identification:_identify(src/navigation_layer) by extension 'ignore_ament_install'
[1.377s] Level 1:colcon.colcon_core.package_identification:_identify(src/navigation_layer) by extensions ['colcon_pkg']
[1.377s] Level 1:colcon.colcon_core.package_identification:_identify(src/navigation_layer) by extension 'colcon_pkg'
[1.379s] Level 1:colcon.colcon_core.package_identification:_identify(src/navigation_layer) by extensions ['colcon_meta']
[1.380s] Level 1:colcon.colcon_core.package_identification:_identify(src/navigation_layer) by extension 'colcon_meta'
[1.385s] Level 1:colcon.colcon_core.package_identification:_identify(src/navigation_layer) by extensions ['ros']
[1.385s] Level 1:colcon.colcon_core.package_identification:_identify(src/navigation_layer) by extension 'ros'
[1.398s] Level 1:colcon.colcon_core.package_identification:_identify(src/navigation_layer) by extensions ['cmake', 'python']
[1.399s] Level 1:colcon.colcon_core.package_identification:_identify(src/navigation_layer) by extension 'cmake'
[1.402s] Level 1:colcon.colcon_core.package_identification:_identify(src/navigation_layer) by extension 'python'
[1.417s] DEBUG:colcon.colcon_core.package_identification:Python package in 'src/navigation_layer' passes arguments to the setup() function which requires a different identification extension than 'python'
[1.417s] Level 1:colcon.colcon_core.package_identification:_identify(src/navigation_layer) by extensions ['python_setup_py']
[1.418s] Level 1:colcon.colcon_core.package_identification:_identify(src/navigation_layer) by extension 'python_setup_py'
[1.769s] DEBUG:colcon.colcon_core.package_identification:Package 'src/navigation_layer' with type 'python' and name 'navigation_layer'
[1.779s] Level 1:colcon.colcon_core.package_identification:_identify(src/perception_layer) by extensions ['ignore', 'ignore_ament_install']
[1.779s] Level 1:colcon.colcon_core.package_identification:_identify(src/perception_layer) by extension 'ignore'
[1.783s] Level 1:colcon.colcon_core.package_identification:_identify(src/perception_layer) by extension 'ignore_ament_install'
[1.789s] Level 1:colcon.colcon_core.package_identification:_identify(src/perception_layer) by extensions ['colcon_pkg']
[1.790s] Level 1:colcon.colcon_core.package_identification:_identify(src/perception_layer) by extension 'colcon_pkg'
[1.793s] Level 1:colcon.colcon_core.package_identification:_identify(src/perception_layer) by extensions ['colcon_meta']
[1.794s] Level 1:colcon.colcon_core.package_identification:_identify(src/perception_layer) by extension 'colcon_meta'
[1.799s] Level 1:colcon.colcon_core.package_identification:_identify(src/perception_layer) by extensions ['ros']
[1.800s] Level 1:colcon.colcon_core.package_identification:_identify(src/perception_layer) by extension 'ros'
[1.813s] Level 1:colcon.colcon_core.package_identification:_identify(src/perception_layer) by extensions ['cmake', 'python']
[1.814s] Level 1:colcon.colcon_core.package_identification:_identify(src/perception_layer) by extension 'cmake'
[1.817s] Level 1:colcon.colcon_core.package_identification:_identify(src/perception_layer) by extension 'python'
[1.831s] DEBUG:colcon.colcon_core.package_identification:Python package in 'src/perception_layer' passes arguments to the setup() function which requires a different identification extension than 'python'
[1.831s] Level 1:colcon.colcon_core.package_identification:_identify(src/perception_layer) by extensions ['python_setup_py']
[1.831s] Level 1:colcon.colcon_core.package_identification:_identify(src/perception_layer) by extension 'python_setup_py'
[2.182s] DEBUG:colcon.colcon_core.package_identification:Package 'src/perception_layer' with type 'python' and name 'perception_layer'
[2.192s] Level 1:colcon.colcon_core.package_identification:_identify(src/slam_layer) by extensions ['ignore', 'ignore_ament_install']
[2.193s] Level 1:colcon.colcon_core.package_identification:_identify(src/slam_layer) by extension 'ignore'
[2.195s] Level 1:colcon.colcon_core.package_identification:_identify(src/slam_layer) by extension 'ignore_ament_install'
[2.201s] Level 1:colcon.colcon_core.package_identification:_identify(src/slam_layer) by extensions ['colcon_pkg']
[2.202s] Level 1:colcon.colcon_core.package_identification:_identify(src/slam_layer) by extension 'colcon_pkg'
[2.204s] Level 1:colcon.colcon_core.package_identification:_identify(src/slam_layer) by extensions ['colcon_meta']
[2.205s] Level 1:colcon.colcon_core.package_identification:_identify(src/slam_layer) by extension 'colcon_meta'
[2.210s] Level 1:colcon.colcon_core.package_identification:_identify(src/slam_layer) by extensions ['ros']
[2.210s] Level 1:colcon.colcon_core.package_identification:_identify(src/slam_layer) by extension 'ros'
[2.242s] DEBUG:colcon.colcon_core.package_identification:Package 'src/slam_layer' with type 'ros.ament_cmake' and name 'slam_layer'
[2.252s] Level 1:colcon.colcon_core.package_identification:_identify(src/telemetry) by extensions ['ignore', 'ignore_ament_install']
[2.253s] Level 1:colcon.colcon_core.package_identification:_identify(src/telemetry) by extension 'ignore'
[2.256s] Level 1:colcon.colcon_core.package_identification:_identify(src/telemetry) by extension 'ignore_ament_install'
[2.262s] Level 1:colcon.colcon_core.package_identification:_identify(src/telemetry) by extensions ['colcon_pkg']
[2.263s] Level 1:colcon.colcon_core.package_identification:_identify(src/telemetry) by extension 'colcon_pkg'
[2.266s] Level 1:colcon.colcon_core.package_identification:_identify(src/telemetry) by extensions ['colcon_meta']
[2.266s] Level 1:colcon.colcon_core.package_identification:_identify(src/telemetry) by extension 'colcon_meta'
[2.272s] Level 1:colcon.colcon_core.package_identification:_identify(src/telemetry) by extensions ['ros']
[2.273s] Level 1:colcon.colcon_core.package_identification:_identify(src/telemetry) by extension 'ros'
[2.287s] Level 1:colcon.colcon_core.package_identification:_identify(src/telemetry) by extensions ['cmake', 'python']
[2.288s] Level 1:colcon.colcon_core.package_identification:_identify(src/telemetry) by extension 'cmake'
[2.291s] Level 1:colcon.colcon_core.package_identification:_identify(src/telemetry) by extension 'python'
[2.307s] DEBUG:colcon.colcon_core.package_identification:Python package in 'src/telemetry' passes arguments to the setup() function which requires a different identification extension than 'python'
[2.308s] Level 1:colcon.colcon_core.package_identification:_identify(src/telemetry) by extensions ['python_setup_py']
[2.308s] Level 1:colcon.colcon_core.package_identification:_identify(src/telemetry) by extension 'python_setup_py'
[2.671s] DEBUG:colcon.colcon_core.package_identification:Package 'src/telemetry' with type 'python' and name 'telemetry'
[2.680s] Level 1:colcon.colcon_core.package_identification:_identify(worlds) by extensions ['ignore', 'ignore_ament_install']
[2.681s] Level 1:colcon.colcon_core.package_identification:_identify(worlds) by extension 'ignore'
[2.683s] Level 1:colcon.colcon_core.package_identification:_identify(worlds) by extension 'ignore_ament_install'
[2.687s] Level 1:colcon.colcon_core.package_identification:_identify(worlds) by extensions ['colcon_pkg']
[2.687s] Level 1:colcon.colcon_core.package_identification:_identify(worlds) by extension 'colcon_pkg'
[2.689s] Level 1:colcon.colcon_core.package_identification:_identify(worlds) by extensions ['colcon_meta']
[2.690s] Level 1:colcon.colcon_core.package_identification:_identify(worlds) by extension 'colcon_meta'
[2.692s] Level 1:colcon.colcon_core.package_identification:_identify(worlds) by extensions ['ros']
[2.692s] Level 1:colcon.colcon_core.package_identification:_identify(worlds) by extension 'ros'
[2.700s] Level 1:colcon.colcon_core.package_identification:_identify(worlds) by extensions ['cmake', 'python']
[2.700s] Level 1:colcon.colcon_core.package_identification:_identify(worlds) by extension 'cmake'
[2.702s] Level 1:colcon.colcon_core.package_identification:_identify(worlds) by extension 'python'
[2.704s] Level 1:colcon.colcon_core.package_identification:_identify(worlds) by extensions ['python_setup_py']
[2.704s] Level 1:colcon.colcon_core.package_identification:_identify(worlds) by extension 'python_setup_py'
[2.706s] Level 1:colcon.colcon_core.package_discovery:discover_packages(recursive) using defaults
[2.706s] Level 1:colcon.colcon_core.package_discovery:discover_packages(ignore) discover
[2.707s] Level 1:colcon.colcon_core.package_discovery:discover_packages(ignore) using defaults
[2.707s] Level 1:colcon.colcon_core.package_discovery:discover_packages(path) discover
[2.708s] Level 1:colcon.colcon_core.package_discovery:discover_packages(path) using defaults
[2.867s] Level 1:colcon.colcon_core.package_discovery:discover_packages(prefix_path) check parameters
[2.868s] Level 1:colcon.colcon_core.package_discovery:discover_packages(prefix_path) discover
[2.874s] DEBUG:colcon.colcon_installed_package_information.package_discovery:Found 286 installed packages in /opt/ros/jazzy
[2.876s] Level 1:colcon.colcon_core.package_discovery:discover_packages(prefix_path) using defaults
[2.923s] Level 5:colcon.colcon_core.verb:set package 'control_layer' build argument 'cmake_args' from command line to 'None'
[2.924s] Level 5:colcon.colcon_core.verb:set package 'control_layer' build argument 'cmake_target' from command line to 'None'
[2.925s] Level 5:colcon.colcon_core.verb:set package 'control_layer' build argument 'cmake_target_skip_unavailable' from command line to 'False'
[2.925s] Level 5:colcon.colcon_core.verb:set package 'control_layer' build argument 'cmake_clean_cache' from command line to 'False'
[2.926s] Level 5:colcon.colcon_core.verb:set package 'control_layer' build argument 'cmake_clean_first' from command line to 'False'
[2.926s] Level 5:colcon.colcon_core.verb:set package 'control_layer' build argument 'cmake_force_configure' from command line to 'False'
[2.926s] Level 5:colcon.colcon_core.verb:set package 'control_layer' build argument 'ament_cmake_args' from command line to 'None'
[2.927s] Level 5:colcon.colcon_core.verb:set package 'control_layer' build argument 'catkin_cmake_args' from command line to 'None'
[2.927s] Level 5:colcon.colcon_core.verb:set package 'control_layer' build argument 'catkin_skip_building_tests' from command line to 'False'
[2.927s] DEBUG:colcon.colcon_core.verb:Building package 'control_layer' with the following arguments: {'ament_cmake_args': None, 'build_base': '/mnt/c/Users/LENOVO/OneDrive/Desktop/drone/build/control_layer', 'catkin_cmake_args': None, 'catkin_skip_building_tests': False, 'cmake_args': None, 'cmake_clean_cache': False, 'cmake_clean_first': False, 'cmake_force_configure': False, 'cmake_target': None, 'cmake_target_skip_unavailable': False, 'install_base': '/mnt/c/Users/LENOVO/OneDrive/Desktop/drone/install/control_layer', 'merge_install': False, 'path': '/mnt/c/Users/LENOVO/OneDrive/Desktop/drone/src/control_layer', 'symlink_install': True, 'test_result_base': None}
[2.928s] Level 5:colcon.colcon_core.verb:set package 'fault_handler' build argument 'cmake_args' from command line to 'None'
[2.929s] Level 5:colcon.colcon_core.verb:set package 'fault_handler' build argument 'cmake_target' from command line to 'None'
[2.929s] Level 5:colcon.colcon_core.verb:set package 'fault_handler' build argument 'cmake_target_skip_unavailable' from command line to 'False'
[2.929s] Level 5:colcon.colcon_core.verb:set package 'fault_handler' build argument 'cmake_clean_cache' from command line to 'False'
[2.930s] Level 5:colcon.colcon_core.verb:set package 'fault_handler' build argument 'cmake_clean_first' from command line to 'False'
[2.930s] Level 5:colcon.colcon_core.verb:set package 'fault_handler' build argument 'cmake_force_configure' from command line to 'False'
[2.930s] Level 5:colcon.colcon_core.verb:set package 'fault_handler' build argument 'ament_cmake_args' from command line to 'None'
[2.931s] Level 5:colcon.colcon_core.verb:set package 'fault_handler' build argument 'catkin_cmake_args' from command line to 'None'
[2.931s] Level 5:colcon.colcon_core.verb:set package 'fault_handler' build argument 'catkin_skip_building_tests' from command line to 'False'
[2.932s] DEBUG:colcon.colcon_core.verb:Building package 'fault_handler' with the following arguments: {'ament_cmake_args': None, 'build_base': '/mnt/c/Users/LENOVO/OneDrive/Desktop/drone/build/fault_handler', 'catkin_cmake_args': None, 'catkin_skip_building_tests': False, 'cmake_args': None, 'cmake_clean_cache': False, 'cmake_clean_first': False, 'cmake_force_configure': False, 'cmake_target': None, 'cmake_target_skip_unavailable': False, 'install_base': '/mnt/c/Users/LENOVO/OneDrive/Desktop/drone/install/fault_handler', 'merge_install': False, 'path': '/mnt/c/Users/LENOVO/OneDrive/Desktop/drone/src/fault_handler', 'symlink_install': True, 'test_result_base': None}
[2.932s] Level 5:colcon.colcon_core.verb:set package 'navigation_layer' build argument 'cmake_args' from command line to 'None'
[2.933s] Level 5:colcon.colcon_core.verb:set package 'navigation_layer' build argument 'cmake_target' from command line to 'None'
[2.933s] Level 5:colcon.colcon_core.verb:set package 'navigation_layer' build argument 'cmake_target_skip_unavailable' from command line to 'False'
[2.933s] Level 5:colcon.colcon_core.verb:set package 'navigation_layer' build argument 'cmake_clean_cache' from command line to 'False'
[2.934s] Level 5:colcon.colcon_core.verb:set package 'navigation_layer' build argument 'cmake_clean_first' from command line to 'False'
[2.934s] Level 5:colcon.colcon_core.verb:set package 'navigation_layer' build argument 'cmake_force_configure' from command line to 'False'
[2.935s] Level 5:colcon.colcon_core.verb:set package 'navigation_layer' build argument 'ament_cmake_args' from command line to 'None'
[2.935s] Level 5:colcon.colcon_core.verb:set package 'navigation_layer' build argument 'catkin_cmake_args' from command line to 'None'
[2.935s] Level 5:colcon.colcon_core.verb:set package 'navigation_layer' build argument 'catkin_skip_building_tests' from command line to 'False'
[2.936s] DEBUG:colcon.colcon_core.verb:Building package 'navigation_layer' with the following arguments: {'ament_cmake_args': None, 'build_base': '/mnt/c/Users/LENOVO/OneDrive/Desktop/drone/build/navigation_layer', 'catkin_cmake_args': None, 'catkin_skip_building_tests': False, 'cmake_args': None, 'cmake_clean_cache': False, 'cmake_clean_first': False, 'cmake_force_configure': False, 'cmake_target': None, 'cmake_target_skip_unavailable': False, 'install_base': '/mnt/c/Users/LENOVO/OneDrive/Desktop/drone/install/navigation_layer', 'merge_install': False, 'path': '/mnt/c/Users/LENOVO/OneDrive/Desktop/drone/src/navigation_layer', 'symlink_install': True, 'test_result_base': None}
[2.936s] Level 5:colcon.colcon_core.verb:set package 'perception_layer' build argument 'cmake_args' from command line to 'None'
[2.937s] Level 5:colcon.colcon_core.verb:set package 'perception_layer' build argument 'cmake_target' from command line to 'None'
[2.937s] Level 5:colcon.colcon_core.verb:set package 'perception_layer' build argument 'cmake_target_skip_unavailable' from command line to 'False'
[2.937s] Level 5:colcon.colcon_core.verb:set package 'perception_layer' build argument 'cmake_clean_cache' from command line to 'False'
[2.937s] Level 5:colcon.colcon_core.verb:set package 'perception_layer' build argument 'cmake_clean_first' from command line to 'False'
[2.938s] Level 5:colcon.colcon_core.verb:set package 'perception_layer' build argument 'cmake_force_configure' from command line to 'False'
[2.938s] Level 5:colcon.colcon_core.verb:set package 'perception_layer' build argument 'ament_cmake_args' from command line to 'None'
[2.939s] Level 5:colcon.colcon_core.verb:set package 'perception_layer' build argument 'catkin_cmake_args' from command line to 'None'
[2.939s] Level 5:colcon.colcon_core.verb:set package 'perception_layer' build argument 'catkin_skip_building_tests' from command line to 'False'
[2.939s] DEBUG:colcon.colcon_core.verb:Building package 'perception_layer' with the following arguments: {'ament_cmake_args': None, 'build_base': '/mnt/c/Users/LENOVO/OneDrive/Desktop/drone/build/perception_layer', 'catkin_cmake_args': None, 'catkin_skip_building_tests': False, 'cmake_args': None, 'cmake_clean_cache': False, 'cmake_clean_first': False, 'cmake_force_configure': False, 'cmake_target': None, 'cmake_target_skip_unavailable': False, 'install_base': '/mnt/c/Users/LENOVO/OneDrive/Desktop/drone/install/perception_layer', 'merge_install': False, 'path': '/mnt/c/Users/LENOVO/OneDrive/Desktop/drone/src/perception_layer', 'symlink_install': True, 'test_result_base': None}
[2.940s] Level 5:colcon.colcon_core.verb:set package 'slam_layer' build argument 'cmake_args' from command line to 'None'
[2.940s] Level 5:colcon.colcon_core.verb:set package 'slam_layer' build argument 'cmake_target' from command line to 'None'
[2.941s] Level 5:colcon.colcon_core.verb:set package 'slam_layer' build argument 'cmake_target_skip_unavailable' from command line to 'False'
[2.941s] Level 5:colcon.colcon_core.verb:set package 'slam_layer' build argument 'cmake_clean_cache' from command line to 'False'
[2.941s] Level 5:colcon.colcon_core.verb:set package 'slam_layer' build argument 'cmake_clean_first' from command line to 'False'
[2.941s] Level 5:colcon.colcon_core.verb:set package 'slam_layer' build argument 'cmake_force_configure' from command line to 'False'
[2.942s] Level 5:colcon.colcon_core.verb:set package 'slam_layer' build argument 'ament_cmake_args' from command line to 'None'
[2.942s] Level 5:colcon.colcon_core.verb:set package 'slam_layer' build argument 'catkin_cmake_args' from command line to 'None'
[2.943s] Level 5:colcon.colcon_core.verb:set package 'slam_layer' build argument 'catkin_skip_building_tests' from command line to 'False'
[2.943s] DEBUG:colcon.colcon_core.verb:Building package 'slam_layer' with the following arguments: {'ament_cmake_args': None, 'build_base': '/mnt/c/Users/LENOVO/OneDrive/Desktop/drone/build/slam_layer', 'catkin_cmake_args': None, 'catkin_skip_building_tests': False, 'cmake_args': None, 'cmake_clean_cache': False, 'cmake_clean_first': False, 'cmake_force_configure': False, 'cmake_target': None, 'cmake_target_skip_unavailable': False, 'install_base': '/mnt/c/Users/LENOVO/OneDrive/Desktop/drone/install/slam_layer', 'merge_install': False, 'path': '/mnt/c/Users/LENOVO/OneDrive/Desktop/drone/src/slam_layer', 'symlink_install': True, 'test_result_base': None}
[2.944s] Level 5:colcon.colcon_core.verb:set package 'telemetry' build argument 'cmake_args' from command line to 'None'
[2.944s] Level 5:colcon.colcon_core.verb:set package 'telemetry' build argument 'cmake_target' from command line to 'None'
[2.944s] Level 5:colcon.colcon_core.verb:set package 'telemetry' build argument 'cmake_target_skip_unavailable' from command line to 'False'
[2.944s] Level 5:colcon.colcon_core.verb:set package 'telemetry' build argument 'cmake_clean_cache' from command line to 'False'
[2.945s] Level 5:colcon.colcon_core.verb:set package 'telemetry' build argument 'cmake_clean_first' from command line to 'False'
[2.945s] Level 5:colcon.colcon_core.verb:set package 'telemetry' build argument 'cmake_force_configure' from command line to 'False'
[2.946s] Level 5:colcon.colcon_core.verb:set package 'telemetry' build argument 'ament_cmake_args' from command line to 'None'
[2.946s] Level 5:colcon.colcon_core.verb:set package 'telemetry' build argument 'catkin_cmake_args' from command line to 'None'
[2.947s] Level 5:colcon.colcon_core.verb:set package 'telemetry' build argument 'catkin_skip_building_tests' from command line to 'False'
[2.947s] DEBUG:colcon.colcon_core.verb:Building package 'telemetry' with the following arguments: {'ament_cmake_args': None, 'build_base': '/mnt/c/Users/LENOVO/OneDrive/Desktop/drone/build/telemetry', 'catkin_cmake_args': None, 'catkin_skip_building_tests': False, 'cmake_args': None, 'cmake_clean_cache': False, 'cmake_clean_first': False, 'cmake_force_configure': False, 'cmake_target': None, 'cmake_target_skip_unavailable': False, 'install_base': '/mnt/c/Users/LENOVO/OneDrive/Desktop/drone/install/telemetry', 'merge_install': False, 'path': '/mnt/c/Users/LENOVO/OneDrive/Desktop/drone/src/telemetry', 'symlink_install': True, 'test_result_base': None}
[2.947s] INFO:colcon.colcon_core.executor:Executing jobs using 'parallel' executor
[2.949s] DEBUG:colcon.colcon_parallel_executor.executor.parallel:run_until_complete
[2.949s] INFO:colcon.colcon_ros.task.ament_cmake.build:Building ROS package in '/mnt/c/Users/LENOVO/OneDrive/Desktop/drone/src/control_layer' with build type 'ament_cmake'
[2.950s] INFO:colcon.colcon_cmake.task.cmake.build:Building CMake package in '/mnt/c/Users/LENOVO/OneDrive/Desktop/drone/src/control_layer'
[2.958s] INFO:colcon.colcon_core.plugin_system:Skipping extension 'colcon_core.shell.bat': Not used on non-Windows systems
[2.959s] INFO:colcon.colcon_core.shell:Skip shell extension 'powershell' for command environment: Not usable outside of PowerShell
[2.959s] DEBUG:colcon.colcon_core.shell:Skip shell extension 'dsv' for command environment
[2.982s] INFO:colcon.colcon_core.task.python.build:Building Python package in '/mnt/c/Users/LENOVO/OneDrive/Desktop/drone/src/fault_handler'
[2.983s] INFO:colcon.colcon_core.shell:Skip shell extension 'powershell' for command environment: Not usable outside of PowerShell
[2.983s] DEBUG:colcon.colcon_core.shell:Skip shell extension 'dsv' for command environment
[2.997s] INFO:colcon.colcon_core.task.python.build:Building Python package in '/mnt/c/Users/LENOVO/OneDrive/Desktop/drone/src/navigation_layer'
[2.998s] INFO:colcon.colcon_core.shell:Skip shell extension 'powershell' for command environment: Not usable outside of PowerShell
[2.999s] DEBUG:colcon.colcon_core.shell:Skip shell extension 'dsv' for command environment
[3.012s] INFO:colcon.colcon_core.task.python.build:Building Python package in '/mnt/c/Users/LENOVO/OneDrive/Desktop/drone/src/perception_layer'
[3.014s] INFO:colcon.colcon_core.shell:Skip shell extension 'powershell' for command environment: Not usable outside of PowerShell
[3.014s] DEBUG:colcon.colcon_core.shell:Skip shell extension 'dsv' for command environment
[3.032s] INFO:colcon.colcon_ros.task.ament_cmake.build:Building ROS package in '/mnt/c/Users/LENOVO/OneDrive/Desktop/drone/src/slam_layer' with build type 'ament_cmake'
[3.032s] INFO:colcon.colcon_cmake.task.cmake.build:Building CMake package in '/mnt/c/Users/LENOVO/OneDrive/Desktop/drone/src/slam_layer'
[3.033s] INFO:colcon.colcon_core.shell:Skip shell extension 'powershell' for command environment: Not usable outside of PowerShell
[3.033s] DEBUG:colcon.colcon_core.shell:Skip shell extension 'dsv' for command environment
[3.049s] INFO:colcon.colcon_core.task.python.build:Building Python package in '/mnt/c/Users/LENOVO/OneDrive/Desktop/drone/src/telemetry'
[3.050s] INFO:colcon.colcon_core.shell:Skip shell extension 'powershell' for command environment: Not usable outside of PowerShell
[3.051s] DEBUG:colcon.colcon_core.shell:Skip shell extension 'dsv' for command environment
[3.178s] DEBUG:colcon.colcon_core.event_handler.log_command:Invoking command in '/mnt/c/Users/LENOVO/OneDrive/Desktop/drone/build/control_layer': CMAKE_PREFIX_PATH=${CMAKE_PREFIX_PATH}:/opt/ros/jazzy /usr/bin/cmake /mnt/c/Users/LENOVO/OneDrive/Desktop/drone/src/control_layer -DAMENT_CMAKE_SYMLINK_INSTALL=1 -DCMAKE_INSTALL_PREFIX=/mnt/c/Users/LENOVO/OneDrive/Desktop/drone/install/control_layer
[4.546s] DEBUG:colcon.colcon_core.event_handler.log_command:Invoking command in '/mnt/c/Users/LENOVO/OneDrive/Desktop/drone/build/slam_layer': CMAKE_PREFIX_PATH=${CMAKE_PREFIX_PATH}:/opt/ros/jazzy /usr/bin/cmake /mnt/c/Users/LENOVO/OneDrive/Desktop/drone/src/slam_layer -DAMENT_CMAKE_SYMLINK_INSTALL=1 -DCMAKE_INSTALL_PREFIX=/mnt/c/Users/LENOVO/OneDrive/Desktop/drone/install/slam_layer
[6.575s] DEBUG:colcon.colcon_core.event_handler.log_command:Invoking command in '/mnt/c/Users/LENOVO/OneDrive/Desktop/drone/build/fault_handler': PYTHONPATH=/mnt/c/Users/LENOVO/OneDrive/Desktop/drone/build/fault_handler/prefix_override:/usr/lib/python3/dist-packages/colcon_core/task/python/colcon_distutils_commands:/mnt/c/Users/LENOVO/OneDrive/Desktop/drone/install/fault_handler/lib/python3.12/site-packages:${PYTHONPATH} /usr/bin/python3 -W ignore:setup.py install is deprecated -W ignore:easy_install command is deprecated setup.py develop --editable --build-directory /mnt/c/Users/LENOVO/OneDrive/Desktop/drone/build/fault_handler/build --no-deps symlink_data
[6.646s] DEBUG:colcon.colcon_core.event_handler.log_command:Invoking command in '/mnt/c/Users/LENOVO/OneDrive/Desktop/drone/build/navigation_layer': PYTHONPATH=/mnt/c/Users/LENOVO/OneDrive/Desktop/drone/build/navigation_layer/prefix_override:/usr/lib/python3/dist-packages/colcon_core/task/python/colcon_distutils_commands:/mnt/c/Users/LENOVO/OneDrive/Desktop/drone/install/navigation_layer/lib/python3.12/site-packages:${PYTHONPATH} /usr/bin/python3 -W ignore:setup.py install is deprecated -W ignore:easy_install command is deprecated setup.py develop --editable --build-directory /mnt/c/Users/LENOVO/OneDrive/Desktop/drone/build/navigation_layer/build --no-deps symlink_data
[4.826s] DEBUG:colcon.colcon_core.event_handler.log_command:Invoking command in '/mnt/c/Users/LENOVO/OneDrive/Desktop/drone/build/perception_layer': PYTHONPATH=/mnt/c/Users/LENOVO/OneDrive/Desktop/drone/build/perception_layer/prefix_override:/usr/lib/python3/dist-packages/colcon_core/task/python/colcon_distutils_commands:/mnt/c/Users/LENOVO/OneDrive/Desktop/drone/install/perception_layer/lib/python3.12/site-packages:${PYTHONPATH} /usr/bin/python3 -W ignore:setup.py install is deprecated -W ignore:easy_install command is deprecated setup.py develop --editable --build-directory /mnt/c/Users/LENOVO/OneDrive/Desktop/drone/build/perception_layer/build --no-deps symlink_data
[5.394s] DEBUG:colcon.colcon_core.event_handler.log_command:Invoking command in '/mnt/c/Users/LENOVO/OneDrive/Desktop/drone/build/telemetry': PYTHONPATH=/mnt/c/Users/LENOVO/OneDrive/Desktop/drone/build/telemetry/prefix_override:/usr/lib/python3/dist-packages/colcon_core/task/python/colcon_distutils_commands:/mnt/c/Users/LENOVO/OneDrive/Desktop/drone/install/telemetry/lib/python3.12/site-packages:${PYTHONPATH} /usr/bin/python3 -W ignore:setup.py install is deprecated -W ignore:easy_install command is deprecated setup.py develop --editable --build-directory /mnt/c/Users/LENOVO/OneDrive/Desktop/drone/build/telemetry/build --no-deps symlink_data
[7.450s] DEBUG:colcon.colcon_core.event_handler.log_command:Invoked command in '/mnt/c/Users/LENOVO/OneDrive/Desktop/drone/build/fault_handler' returned '1': PYTHONPATH=/mnt/c/Users/LENOVO/OneDrive/Desktop/drone/build/fault_handler/prefix_override:/usr/lib/python3/dist-packages/colcon_core/task/python/colcon_distutils_commands:/mnt/c/Users/LENOVO/OneDrive/Desktop/drone/install/fault_handler/lib/python3.12/site-packages:${PYTHONPATH} /usr/bin/python3 -W ignore:setup.py install is deprecated -W ignore:easy_install command is deprecated setup.py develop --editable --build-directory /mnt/c/Users/LENOVO/OneDrive/Desktop/drone/build/fault_handler/build --no-deps symlink_data
[18.340s] DEBUG:colcon.colcon_parallel_executor.executor.parallel:closing loop
[18.341s] DEBUG:colcon.colcon_parallel_executor.executor.parallel:loop closed
[18.341s] DEBUG:colcon.colcon_parallel_executor.executor.parallel:run_until_complete finished with '1'
[18.342s] DEBUG:colcon.colcon_core.event_reactor:joining thread
[18.468s] INFO:colcon.colcon_core.plugin_system:Skipping extension 'colcon_notification.desktop_notification.notify_send': Could not find 'notify-send'
[18.468s] INFO:colcon.colcon_core.plugin_system:Skipping extension 'colcon_notification.desktop_notification.terminal_notifier': Not used on non-Darwin systems
[18.469s] INFO:colcon.colcon_core.plugin_system:Skipping extension 'colcon_notification.desktop_notification.win32': Not used on non-Windows systems
[18.469s] INFO:colcon.colcon_notification.desktop_notification:Sending desktop notification using 'notify2'
[18.472s] DEBUG:colcon.colcon_notification.desktop_notification.notify2:Failed to initialize notify2: org.freedesktop.DBus.Error.ServiceUnknown: The name org.freedesktop.Notifications was not provided by any .service files
[18.473s] DEBUG:colcon.colcon_core.event_reactor:joined thread
[18.474s] INFO:colcon.colcon_core.shell:Creating prefix script '/mnt/c/Users/LENOVO/OneDrive/Desktop/drone/install/local_setup.ps1'
[18.486s] INFO:colcon.colcon_core.shell:Creating prefix util module '/mnt/c/Users/LENOVO/OneDrive/Desktop/drone/install/_local_setup_util_ps1.py'
[18.500s] INFO:colcon.colcon_core.shell:Creating prefix chain script '/mnt/c/Users/LENOVO/OneDrive/Desktop/drone/install/setup.ps1'
[18.515s] INFO:colcon.colcon_core.shell:Creating prefix script '/mnt/c/Users/LENOVO/OneDrive/Desktop/drone/install/local_setup.sh'
[18.529s] INFO:colcon.colcon_core.shell:Creating prefix util module '/mnt/c/Users/LENOVO/OneDrive/Desktop/drone/install/_local_setup_util_sh.py'
[18.543s] INFO:colcon.colcon_core.shell:Creating prefix chain script '/mnt/c/Users/LENOVO/OneDrive/Desktop/drone/install/setup.sh'
[18.557s] INFO:colcon.colcon_core.shell:Creating prefix script '/mnt/c/Users/LENOVO/OneDrive/Desktop/drone/install/local_setup.bash'
[18.571s] INFO:colcon.colcon_core.shell:Creating prefix chain script '/mnt/c/Users/LENOVO/OneDrive/Desktop/drone/install/setup.bash'
[18.585s] INFO:colcon.colcon_core.shell:Creating prefix script '/mnt/c/Users/LENOVO/OneDrive/Desktop/drone/install/local_setup.zsh'
[18.597s] INFO:colcon.colcon_core.shell:Creating prefix chain script '/mnt/c/Users/LENOVO/OneDrive/Desktop/drone/install/setup.zsh'
