[3.647s] Invoking command in '/mnt/c/Users/LENOVO/OneDrive/Desktop/drone/build/navigation_layer': PYTHONPATH=/mnt/c/Users/LENOVO/OneDrive/Desktop/drone/build/navigation_layer/prefix_override:/usr/lib/python3/dist-packages/colcon_core/task/python/colcon_distutils_commands:/mnt/c/Users/LENOVO/OneDrive/Desktop/drone/install/navigation_layer/lib/python3.12/site-packages:${PYTHONPATH} /usr/bin/python3 -W ignore:setup.py install is deprecated -W ignore:easy_install command is deprecated setup.py develop --editable --build-directory /mnt/c/Users/LENOVO/OneDrive/Desktop/drone/build/navigation_layer/build --no-deps symlink_data
[5.351s] running develop
[5.953s] running egg_info
[5.955s] creating navigation_layer.egg-info
[5.997s] writing navigation_layer.egg-info/PKG-INFO
[6.012s] writing dependency_links to navigation_layer.egg-info/dependency_links.txt
[6.024s] writing requirements to navigation_layer.egg-info/requires.txt
[6.029s] writing top-level names to navigation_layer.egg-info/top_level.txt
[6.038s] writing manifest file 'navigation_layer.egg-info/SOURCES.txt'
[6.128s] reading manifest file 'navigation_layer.egg-info/SOURCES.txt'
[6.229s] writing manifest file 'navigation_layer.egg-info/SOURCES.txt'
[6.303s] running build_ext
[6.358s] Creating /mnt/c/Users/LENOVO/OneDrive/Desktop/drone/install/navigation_layer/lib/python3.12/site-packages/navigation-layer.egg-link (link to .)
[6.432s] 
[6.434s] Installed /mnt/c/Users/LENOVO/OneDrive/Desktop/drone/build/navigation_layer
[6.441s] running symlink_data
[6.463s] creating /mnt/c/Users/LENOVO/OneDrive/Desktop/drone/install/navigation_layer/share
[6.467s] creating /mnt/c/Users/LENOVO/OneDrive/Desktop/drone/install/navigation_layer/share/ament_index
[6.474s] creating /mnt/c/Users/LENOVO/OneDrive/Desktop/drone/install/navigation_layer/share/ament_index/resource_index
[6.483s] creating /mnt/c/Users/LENOVO/OneDrive/Desktop/drone/install/navigation_layer/share/ament_index/resource_index/packages
[6.503s] error: can't copy '/mnt/c/Users/LENOVO/OneDrive/Desktop/drone/build/navigation_layer/resource/navigation_layer': doesn't exist or not a regular file
