[0.096s] Invoking command in '/mnt/c/Users/LENOVO/OneDrive/Desktop/drone/build/control_layer': CMAKE_PREFIX_PATH=${CMAKE_PREFIX_PATH}:/opt/ros/jazzy /usr/bin/cmake --build /mnt/c/Users/LENOVO/OneDrive/Desktop/drone/build/control_layer -- -j16 -l16
[0.433s] -- Found ament_cmake: 2.5.5 (/opt/ros/jazzy/share/ament_cmake/cmake)
[0.845s] -- Override CMake install command with custom implementation using symlinks instead of copying resources
[1.083s] -- Found rclcpp: 28.1.16 (/opt/ros/jazzy/share/rclcpp/cmake)
[1.467s] -- Found rosidl_generator_c: 4.6.7 (/opt/ros/jazzy/share/rosidl_generator_c/cmake)
[1.540s] -- Found rosidl_generator_cpp: 4.6.7 (/opt/ros/jazzy/share/rosidl_generator_cpp/cmake)
[1.625s] -- Using all available rosidl_typesupport_c: rosidl_typesupport_fastrtps_c;rosidl_typesupport_introspection_c
[1.730s] -- Using all available rosidl_typesupport_cpp: rosidl_typesupport_fastrtps_cpp;rosidl_typesupport_introspection_cpp
[2.032s] -- Found rmw_implementation_cmake: 7.3.3 (/opt/ros/jazzy/share/rmw_implementation_cmake/cmake)
[2.054s] -- Found rmw_fastrtps_cpp: 8.4.3 (/opt/ros/jazzy/share/rmw_fastrtps_cpp/cmake)
[2.640s] -- Using RMW implementation 'rmw_fastrtps_cpp' as default
[3.044s] -- Found std_msgs: 5.3.6 (/opt/ros/jazzy/share/std_msgs/cmake)
[3.086s] -- Found geometry_msgs: 5.3.6 (/opt/ros/jazzy/share/geometry_msgs/cmake)
[3.128s] -- Found sensor_msgs: 5.3.6 (/opt/ros/jazzy/share/sensor_msgs/cmake)
[3.231s] -- Found nav_msgs: 5.3.6 (/opt/ros/jazzy/share/nav_msgs/cmake)
[3.364s] -- Found ament_lint_auto: 0.17.4 (/opt/ros/jazzy/share/ament_lint_auto/cmake)
[4.269s] -- Added test 'copyright' to check source files copyright and LICENSE
[4.641s] -- Added test 'cppcheck' to perform static code analysis on C / C++ code
[4.642s] -- Configured cppcheck include dirs: $<BUILD_INTERFACE:/mnt/c/Users/LENOVO/OneDrive/Desktop/drone/src/control_layer/include>
[4.643s] -- Configured cppcheck exclude dirs and/or files: 
[5.009s] -- Added test 'cpplint' to check C / C++ code against the Google style
[5.010s] -- Configured cpplint exclude dirs and/or files: 
[5.150s] -- Added test 'lint_cmake' to check CMake code style
[5.567s] -- Added test 'uncrustify' to check C / C++ code style
[5.568s] -- Configured uncrustify additional arguments: 
[5.619s] -- Added test 'xmllint' to check XML markup files
[5.804s] -- Configuring done (5.5s)
[6.666s] -- Generating done (0.8s)
[7.132s] -- Build files have been written to: /mnt/c/Users/LENOVO/OneDrive/Desktop/drone/build/control_layer
[7.225s] gmake[1]: Warning: File 'CMakeFiles/Makefile2' has modification time 0.56 s in the future
[7.247s] gmake[2]: Warning: File 'CMakeFiles/pid_controller.dir/flags.make' has modification time 0.21 s in the future
[7.250s] gmake[2]: Warning: File 'CMakeFiles/motor_mixer.dir/progress.make' has modification time 0.47 s in the future
[7.286s] gmake[2]: warning:  Clock skew detected.  Your build may be incomplete.
[7.306s] gmake[2]: Warning: File 'CMakeFiles/pid_controller.dir/flags.make' has modification time 0.15 s in the future
[7.349s] [ 25%] [32mBuilding CXX object CMakeFiles/pid_controller.dir/src/pid_controller.cpp.o[0m
[7.893s] gmake[2]: warning:  Clock skew detected.  Your build may be incomplete.
[7.927s] gmake[2]: Warning: File 'CMakeFiles/motor_mixer.dir/compiler_depend.make' has modification time 0.69 s in the future
[7.951s] gmake[2]: warning:  Clock skew detected.  Your build may be incomplete.
[7.985s] [ 75%] Built target motor_mixer
[25.425s] [100%] [32m[1mLinking CXX executable pid_controller[0m
[32.891s] gmake[2]: warning:  Clock skew detected.  Your build may be incomplete.
[32.923s] [100%] Built target pid_controller
[32.925s] gmake[1]: warning:  Clock skew detected.  Your build may be incomplete.
[32.985s] Invoked command in '/mnt/c/Users/LENOVO/OneDrive/Desktop/drone/build/control_layer' returned '0': CMAKE_PREFIX_PATH=${CMAKE_PREFIX_PATH}:/opt/ros/jazzy /usr/bin/cmake --build /mnt/c/Users/LENOVO/OneDrive/Desktop/drone/build/control_layer -- -j16 -l16
[33.036s] Invoking command in '/mnt/c/Users/LENOVO/OneDrive/Desktop/drone/build/control_layer': CMAKE_PREFIX_PATH=${CMAKE_PREFIX_PATH}:/opt/ros/jazzy /usr/bin/cmake --install /mnt/c/Users/LENOVO/OneDrive/Desktop/drone/build/control_layer
[33.057s] -- Install configuration: ""
[33.074s] -- Execute custom install script
[33.112s] -- Symlinking: /mnt/c/Users/LENOVO/OneDrive/Desktop/drone/install/control_layer/lib/control_layer/pid_controller
[33.174s] -- Symlinking: /mnt/c/Users/LENOVO/OneDrive/Desktop/drone/install/control_layer/lib/control_layer/motor_mixer
[33.223s] [31mCMake Error at ament_cmake_symlink_install/ament_cmake_symlink_install.cmake:105 (message):
[33.224s]   ament_cmake_symlink_install_directory() can't find
[33.225s]   '/mnt/c/Users/LENOVO/OneDrive/Desktop/drone/src/control_layer/launch'
[33.226s] Call Stack (most recent call first):
[33.227s]   ament_cmake_symlink_install/ament_cmake_symlink_install.cmake:322 (ament_cmake_symlink_install_directory)
[33.229s]   cmake_install.cmake:46 (include)
[33.230s] 
[33.232s] [0m
[33.236s] Invoked command in '/mnt/c/Users/LENOVO/OneDrive/Desktop/drone/build/control_layer' returned '1': CMAKE_PREFIX_PATH=${CMAKE_PREFIX_PATH}:/opt/ros/jazzy /usr/bin/cmake --install /mnt/c/Users/LENOVO/OneDrive/Desktop/drone/build/control_layer
