[0.221s] Invoking command in '/mnt/c/Users/LENOVO/OneDrive/Desktop/drone/build/control_layer': CMAKE_PREFIX_PATH=${CMAKE_PREFIX_PATH}:/opt/ros/jazzy /usr/bin/cmake /mnt/c/Users/LENOVO/OneDrive/Desktop/drone/src/control_layer -DAMENT_CMAKE_SYMLINK_INSTALL=1 -DCMAKE_INSTALL_PREFIX=/mnt/c/Users/LENOVO/OneDrive/Desktop/drone/install/control_layer
[1.592s] -- The C compiler identification is GNU 13.3.0
[2.797s] -- The CXX compiler identification is GNU 13.3.0
[3.845s] -- Detecting C compiler ABI info
[5.569s] -- Detecting C compiler ABI info - done
[5.651s] -- Check for working C compiler: /usr/bin/cc - skipped
[5.653s] -- Detecting C compile features
[5.655s] -- Detecting C compile features - done
[5.956s] -- Detecting CXX compiler ABI info
[7.698s] -- Detecting CXX compiler ABI info - done
[7.766s] -- Check for working CXX compiler: /usr/bin/c++ - skipped
[7.768s] -- Detecting CXX compile features
[7.769s] -- Detecting CXX compile features - done
[7.919s] -- Found ament_cmake: 2.5.5 (/opt/ros/jazzy/share/ament_cmake/cmake)
[8.225s] -- Found Python3: /usr/bin/python3 (found version "3.12.3") found components: Interpreter 
[8.468s] -- Override CMake install command with custom implementation using symlinks instead of copying resources
[9.381s] -- Found rclcpp: 28.1.16 (/opt/ros/jazzy/share/rclcpp/cmake)
[10.194s] -- Found rosidl_generator_c: 4.6.7 (/opt/ros/jazzy/share/rosidl_generator_c/cmake)
[10.377s] -- Found rosidl_generator_cpp: 4.6.7 (/opt/ros/jazzy/share/rosidl_generator_cpp/cmake)
[10.580s] -- Using all available rosidl_typesupport_c: rosidl_typesupport_fastrtps_c;rosidl_typesupport_introspection_c
[10.797s] -- Using all available rosidl_typesupport_cpp: rosidl_typesupport_fastrtps_cpp;rosidl_typesupport_introspection_cpp
[11.482s] -- Found rmw_implementation_cmake: 7.3.3 (/opt/ros/jazzy/share/rmw_implementation_cmake/cmake)
[11.541s] -- Found rmw_fastrtps_cpp: 8.4.3 (/opt/ros/jazzy/share/rmw_fastrtps_cpp/cmake)
[11.971s] -- Found OpenSSL: /usr/lib/x86_64-linux-gnu/libcrypto.so (found version "3.0.13")  
[12.409s] -- Found FastRTPS: /opt/ros/jazzy/include (Required is at least version "2.13") 
[12.669s] -- Using RMW implementation 'rmw_fastrtps_cpp' as default
[13.398s] -- Found std_msgs: 5.3.6 (/opt/ros/jazzy/share/std_msgs/cmake)
[13.478s] -- Found geometry_msgs: 5.3.6 (/opt/ros/jazzy/share/geometry_msgs/cmake)
[13.559s] -- Found sensor_msgs: 5.3.6 (/opt/ros/jazzy/share/sensor_msgs/cmake)
[13.652s] -- Found ament_lint_auto: 0.17.4 (/opt/ros/jazzy/share/ament_lint_auto/cmake)
[15.413s] -- Added test 'cppcheck' to perform static code analysis on C / C++ code
[15.415s] -- Configured cppcheck include dirs: 
[15.417s] -- Configured cppcheck exclude dirs and/or files: 
[15.582s] -- Added test 'lint_cmake' to check CMake code style
[16.084s] -- Added test 'uncrustify' to check C / C++ code style
[16.086s] -- Configured uncrustify additional arguments: 
[16.155s] -- Added test 'xmllint' to check XML markup files
[16.441s] -- Configuring done (16.1s)
[17.101s] -- Generating done (0.5s)
[17.473s] -- Build files have been written to: /mnt/c/Users/LENOVO/OneDrive/Desktop/drone/build/control_layer
