running develop
running egg_info
writing navigation_layer.egg-info/PKG-INFO
writing dependency_links to navigation_layer.egg-info/dependency_links.txt
writing entry points to navigation_layer.egg-info/entry_points.txt
writing requirements to navigation_layer.egg-info/requires.txt
writing top-level names to navigation_layer.egg-info/top_level.txt
reading manifest file 'navigation_layer.egg-info/SOURCES.txt'
writing manifest file 'navigation_layer.egg-info/SOURCES.txt'
running build_ext
Creating /mnt/c/Users/LENOVO/OneDrive/Desktop/drone/install/navigation_layer/lib/python3.12/site-packages/navigation-layer.egg-link (link to .)
Installing navigation_status_node script to /mnt/c/Users/LENOVO/OneDrive/Desktop/drone/install/navigation_layer/bin

Installed /mnt/c/Users/LENOVO/OneDrive/Desktop/drone/build/navigation_layer
running symlink_data
symbolically linking /mnt/c/Users/LENOVO/OneDrive/Desktop/drone/build/navigation_layer/resource/navigation_layer -> /mnt/c/Users/LENOVO/OneDrive/Desktop/drone/install/navigation_layer/share/ament_index/resource_index/packages
symbolically linking /mnt/c/Users/LENOVO/OneDrive/Desktop/drone/build/navigation_layer/package.xml -> /mnt/c/Users/LENOVO/OneDrive/Desktop/drone/install/navigation_layer/share/navigation_layer
creating /mnt/c/Users/LENOVO/OneDrive/Desktop/drone/install/navigation_layer/share/navigation_layer/launch
creating /mnt/c/Users/LENOVO/OneDrive/Desktop/drone/install/navigation_layer/share/navigation_layer/config
symbolically linking /mnt/c/Users/LENOVO/OneDrive/Desktop/drone/build/navigation_layer/config/costmap_params.yaml -> /mnt/c/Users/LENOVO/OneDrive/Desktop/drone/install/navigation_layer/share/navigation_layer/config
symbolically linking /mnt/c/Users/LENOVO/OneDrive/Desktop/drone/build/navigation_layer/config/nav2_params.yaml -> /mnt/c/Users/LENOVO/OneDrive/Desktop/drone/install/navigation_layer/share/navigation_layer/config
