[5.226s] Invoking command in '/mnt/c/Users/LENOVO/OneDrive/Desktop/drone/build/navigation_layer': PYTHONPATH=/mnt/c/Users/LENOVO/OneDrive/Desktop/drone/build/navigation_layer/prefix_override:/usr/lib/python3/dist-packages/colcon_core/task/python/colcon_distutils_commands:/mnt/c/Users/LENOVO/OneDrive/Desktop/drone/install/navigation_layer/lib/python3.12/site-packages:${PYTHONPATH} /usr/bin/python3 -W ignore:setup.py install is deprecated -W ignore:easy_install command is deprecated setup.py develop --editable --build-directory /mnt/c/Users/LENOVO/OneDrive/Desktop/drone/build/navigation_layer/build --no-deps symlink_data
[6.835s] running develop
[7.577s] running egg_info
[7.606s] writing navigation_layer.egg-info/PKG-INFO
[7.619s] writing dependency_links to navigation_layer.egg-info/dependency_links.txt
[7.628s] writing entry points to navigation_layer.egg-info/entry_points.txt
[7.637s] writing requirements to navigation_layer.egg-info/requires.txt
[7.643s] writing top-level names to navigation_layer.egg-info/top_level.txt
[7.857s] reading manifest file 'navigation_layer.egg-info/SOURCES.txt'
[8.011s] writing manifest file 'navigation_layer.egg-info/SOURCES.txt'
[8.082s] running build_ext
[8.085s] Creating /mnt/c/Users/LENOVO/OneDrive/Desktop/drone/install/navigation_layer/lib/python3.12/site-packages/navigation-layer.egg-link (link to .)
[8.137s] Installing navigation_status_node script to /mnt/c/Users/LENOVO/OneDrive/Desktop/drone/install/navigation_layer/bin
[8.168s] 
[8.170s] Installed /mnt/c/Users/LENOVO/OneDrive/Desktop/drone/build/navigation_layer
[8.175s] running symlink_data
[8.211s] symbolically linking /mnt/c/Users/LENOVO/OneDrive/Desktop/drone/build/navigation_layer/resource/navigation_layer -> /mnt/c/Users/LENOVO/OneDrive/Desktop/drone/install/navigation_layer/share/ament_index/resource_index/packages
[8.251s] symbolically linking /mnt/c/Users/LENOVO/OneDrive/Desktop/drone/build/navigation_layer/package.xml -> /mnt/c/Users/LENOVO/OneDrive/Desktop/drone/install/navigation_layer/share/navigation_layer
[8.275s] creating /mnt/c/Users/LENOVO/OneDrive/Desktop/drone/install/navigation_layer/share/navigation_layer/launch
[8.292s] creating /mnt/c/Users/LENOVO/OneDrive/Desktop/drone/install/navigation_layer/share/navigation_layer/config
[8.330s] symbolically linking /mnt/c/Users/LENOVO/OneDrive/Desktop/drone/build/navigation_layer/config/costmap_params.yaml -> /mnt/c/Users/LENOVO/OneDrive/Desktop/drone/install/navigation_layer/share/navigation_layer/config
[8.366s] symbolically linking /mnt/c/Users/LENOVO/OneDrive/Desktop/drone/build/navigation_layer/config/nav2_params.yaml -> /mnt/c/Users/LENOVO/OneDrive/Desktop/drone/install/navigation_layer/share/navigation_layer/config
