[0.000000] (-) TimerEvent: {}
[0.000782] (-) JobUnselected: {'identifier': 'fault_handler'}
[0.001383] (-) JobUnselected: {'identifier': 'navigation_layer'}
[0.001985] (-) JobUnselected: {'identifier': 'perception_layer'}
[0.002847] (-) JobUnselected: {'identifier': 'slam_layer'}
[0.003247] (-) JobUnselected: {'identifier': 'telemetry'}
[0.003791] (control_layer) JobQueued: {'identifier': 'control_layer', 'dependencies': OrderedDict()}
[0.004036] (control_layer) JobStarted: {'identifier': 'control_layer'}
[0.035950] (control_layer) JobProgress: {'identifier': 'control_layer', 'progress': 'cmake'}
[0.074732] (control_layer) JobProgress: {'identifier': 'control_layer', 'progress': 'build'}
[0.082717] (control_layer) Command: {'cmd': ['/usr/bin/cmake', '--build', '/mnt/c/Users/LENOVO/OneDrive/Desktop/drone/build/control_layer', '--', '-j16', '-l16'], 'cwd': '/mnt/c/Users/LENOVO/OneDrive/Desktop/drone/build/control_layer', 'env': OrderedDict({'USER': 'lenovo', 'SHLVL': '0', 'LD_LIBRARY_PATH': '/opt/ros/jazzy/opt/rviz_ogre_vendor/lib:/opt/ros/jazzy/lib/x86_64-linux-gnu:/opt/ros/jazzy/opt/gz_math_vendor/lib:/opt/ros/jazzy/opt/gz_utils_vendor/lib:/opt/ros/jazzy/opt/gz_cmake_vendor/lib:/opt/ros/jazzy/lib', 'HOME': '/home/lenovo', 'OLDPWD': '/mnt/c/Users/LENOVO/OneDrive/Desktop/drone', 'ROS_PYTHON_VERSION': '3', 'DBUS_SESSION_BUS_ADDRESS': 'unix:path=/run/user/1000/bus', 'WSL_DISTRO_NAME': 'Ubuntu', 'WAYLAND_DISPLAY': 'wayland-0', 'ROS_DISTRO': 'jazzy', 'LOGNAME': 'lenovo', 'NAME': 'LAPTOP-MLDMFMJ8', 'WSL_INTEROP': '/run/WSL/18235_interop', 'PULSE_SERVER': 'unix:/mnt/wslg/PulseServer', '_': '/usr/bin/colcon', 'ROS_VERSION': '2', 'TERM': 'xterm-256color', 'PATH': '/opt/ros/jazzy/bin:/usr/local/sbin:/usr/local/bin:/usr/sbin:/usr/bin:/sbin:/bin:/usr/games:/usr/local/games:/usr/lib/wsl/lib:/mnt/c/Python314/Scripts/:/mnt/c/Python314/:/mnt/c/Windows/system32:/mnt/c/Windows:/mnt/c/Windows/System32/Wbem:/mnt/c/Windows/System32/WindowsPowerShell/v1.0/:/mnt/c/Windows/System32/OpenSSH/:/mnt/c/Program Files (x86)/NVIDIA Corporation/PhysX/Common:/mnt/c/Program Files/NVIDIA Corporation/NVIDIA NvDLISR:/mnt/c/Program Files/Git/cmd:/mnt/c/src/flutter/bin:/mnt/c/MinGW/bin:/mnt/c/Users/LENOVO/AppData/Local/Pub/Cache/bin:/mnt/c/ffmpeg-8.0.1-essentials_build/bin:/mnt/c/Program Files/nodejs/:/mnt/c/ProgramData/chocolatey/bin:/mnt/c/Program Files/dotnet/:/mnt/c/Program Files (x86)/Windows Kits/10/Windows Performance Toolkit/:/mnt/c/Users/LENOVO/AppData/Local/Programs/Python/Python311/Scripts/:/mnt/c/Users/LENOVO/AppData/Local/Programs/Python/Python311/:/mnt/c/Users/LENOVO/AppData/Local/Programs/Python/Launcher/:/mnt/c/Users/LENOVO/AppData/Local/Microsoft/WindowsApps:/mnt/c/Users/LENOVO/AppData/Local/Programs/Microsoft VS Code/bin:/mnt/c/Program Files/Eclipse Adoptium/jdk-17.0.17.10-hotspot/bin:/mnt/c/Users/LENOVO/AppData/Local/Python/bin:/mnt/c/Users/LENOVO/AppData/Roaming/npm:/mnt/c/Users/LENOVO/AppData/Local/Programs/Antigravity/bin', 'XDG_RUNTIME_DIR': '/run/user/1000/', 'DISPLAY': ':0', 'LANG': 'C.UTF-8', 'AMENT_PREFIX_PATH': '/opt/ros/jazzy', 'SHELL': '/bin/bash', 'ROS_AUTOMATIC_DISCOVERY_RANGE': 'SUBNET', 'PWD': '/mnt/c/Users/LENOVO/OneDrive/Desktop/drone/build/control_layer', 'PYTHONPATH': '/opt/ros/jazzy/lib/python3.12/site-packages', 'COLCON': '1', 'WSL2_GUI_APPS_ENABLED': '1', 'HOSTTYPE': 'x86_64', 'CMAKE_PREFIX_PATH': '/opt/ros/jazzy/opt/gz_math_vendor:/opt/ros/jazzy/opt/gz_utils_vendor:/opt/ros/jazzy/opt/gz_cmake_vendor:/opt/ros/jazzy', 'WSLENV': ''}), 'shell': False}
[0.103862] (-) TimerEvent: {}
[0.211890] (-) TimerEvent: {}
[0.313030] (-) TimerEvent: {}
[0.383095] (control_layer) StdoutLine: {'line': b'-- Found ament_cmake: 2.5.5 (/opt/ros/jazzy/share/ament_cmake/cmake)\n'}
[0.413996] (-) TimerEvent: {}
[0.515061] (-) TimerEvent: {}
[0.615843] (-) TimerEvent: {}
[0.716652] (-) TimerEvent: {}
[0.798747] (control_layer) StdoutLine: {'line': b'-- Override CMake install command with custom implementation using symlinks instead of copying resources\n'}
[0.817009] (-) TimerEvent: {}
[0.918195] (-) TimerEvent: {}
[1.018813] (control_layer) StdoutLine: {'line': b'-- Found rclcpp: 28.1.16 (/opt/ros/jazzy/share/rclcpp/cmake)\n'}
[1.020012] (-) TimerEvent: {}
[1.121078] (-) TimerEvent: {}
[1.222673] (-) TimerEvent: {}
[1.333348] (-) TimerEvent: {}
[1.377900] (control_layer) StdoutLine: {'line': b'-- Found rosidl_generator_c: 4.6.7 (/opt/ros/jazzy/share/rosidl_generator_c/cmake)\n'}
[1.438929] (-) TimerEvent: {}
[1.441821] (control_layer) StdoutLine: {'line': b'-- Found rosidl_generator_cpp: 4.6.7 (/opt/ros/jazzy/share/rosidl_generator_cpp/cmake)\n'}
[1.515980] (control_layer) StdoutLine: {'line': b'-- Using all available rosidl_typesupport_c: rosidl_typesupport_fastrtps_c;rosidl_typesupport_introspection_c\n'}
[1.539472] (-) TimerEvent: {}
[1.616253] (control_layer) StdoutLine: {'line': b'-- Using all available rosidl_typesupport_cpp: rosidl_typesupport_fastrtps_cpp;rosidl_typesupport_introspection_cpp\n'}
[1.639760] (-) TimerEvent: {}
[1.741196] (-) TimerEvent: {}
[1.842780] (-) TimerEvent: {}
[1.895018] (control_layer) StdoutLine: {'line': b'-- Found rmw_implementation_cmake: 7.3.3 (/opt/ros/jazzy/share/rmw_implementation_cmake/cmake)\n'}
[1.919429] (control_layer) StdoutLine: {'line': b'-- Found rmw_fastrtps_cpp: 8.4.3 (/opt/ros/jazzy/share/rmw_fastrtps_cpp/cmake)\n'}
[1.942949] (-) TimerEvent: {}
[2.053823] (-) TimerEvent: {}
[2.164562] (-) TimerEvent: {}
[2.275156] (-) TimerEvent: {}
[2.385796] (-) TimerEvent: {}
[2.496777] (-) TimerEvent: {}
[2.544611] (control_layer) StdoutLine: {'line': b"-- Using RMW implementation 'rmw_fastrtps_cpp' as default\n"}
[2.600347] (-) TimerEvent: {}
[2.711037] (-) TimerEvent: {}
[2.821727] (-) TimerEvent: {}
[2.932513] (-) TimerEvent: {}
[2.941960] (control_layer) StdoutLine: {'line': b'-- Found std_msgs: 5.3.6 (/opt/ros/jazzy/share/std_msgs/cmake)\n'}
[2.974013] (control_layer) StdoutLine: {'line': b'-- Found geometry_msgs: 5.3.6 (/opt/ros/jazzy/share/geometry_msgs/cmake)\n'}
[3.006289] (control_layer) StdoutLine: {'line': b'-- Found sensor_msgs: 5.3.6 (/opt/ros/jazzy/share/sensor_msgs/cmake)\n'}
[3.035183] (-) TimerEvent: {}
[3.048855] (control_layer) StdoutLine: {'line': b'-- Found nav_msgs: 5.3.6 (/opt/ros/jazzy/share/nav_msgs/cmake)\n'}
[3.143846] (-) TimerEvent: {}
[3.173468] (control_layer) StdoutLine: {'line': b'-- Found ament_lint_auto: 0.17.4 (/opt/ros/jazzy/share/ament_lint_auto/cmake)\n'}
[3.250908] (-) TimerEvent: {}
[3.359448] (-) TimerEvent: {}
[3.468558] (-) TimerEvent: {}
[3.579379] (-) TimerEvent: {}
[3.690068] (-) TimerEvent: {}
[3.801001] (-) TimerEvent: {}
[3.911646] (-) TimerEvent: {}
[4.010632] (control_layer) StdoutLine: {'line': b"-- Added test 'copyright' to check source files copyright and LICENSE\n"}
[4.012154] (-) TimerEvent: {}
[4.122844] (-) TimerEvent: {}
[4.233540] (-) TimerEvent: {}
[4.344297] (-) TimerEvent: {}
[4.455068] (-) TimerEvent: {}
[4.473709] (control_layer) StdoutLine: {'line': b"-- Added test 'cppcheck' to perform static code analysis on C / C++ code\n"}
[4.474887] (control_layer) StdoutLine: {'line': b'-- Configured cppcheck include dirs: $<BUILD_INTERFACE:/mnt/c/Users/LENOVO/OneDrive/Desktop/drone/src/control_layer/include>\n'}
[4.475917] (control_layer) StdoutLine: {'line': b'-- Configured cppcheck exclude dirs and/or files: \n'}
[4.560468] (-) TimerEvent: {}
[4.671063] (-) TimerEvent: {}
[4.780418] (-) TimerEvent: {}
[4.891079] (-) TimerEvent: {}
[4.944759] (control_layer) StdoutLine: {'line': b"-- Added test 'cpplint' to check C / C++ code against the Google style\n"}
[4.946433] (control_layer) StdoutLine: {'line': b'-- Configured cpplint exclude dirs and/or files: \n'}
[4.993278] (-) TimerEvent: {}
[5.104032] (-) TimerEvent: {}
[5.122014] (control_layer) StdoutLine: {'line': b"-- Added test 'lint_cmake' to check CMake code style\n"}
[5.206218] (-) TimerEvent: {}
[5.317020] (-) TimerEvent: {}
[5.427598] (-) TimerEvent: {}
[5.538402] (-) TimerEvent: {}
[5.649039] (-) TimerEvent: {}
[5.653838] (control_layer) StdoutLine: {'line': b"-- Added test 'uncrustify' to check C / C++ code style\n"}
[5.655710] (control_layer) StdoutLine: {'line': b'-- Configured uncrustify additional arguments: \n'}
[5.716254] (control_layer) StdoutLine: {'line': b"-- Added test 'xmllint' to check XML markup files\n"}
[5.752354] (-) TimerEvent: {}
[5.863051] (-) TimerEvent: {}
[5.893968] (control_layer) StdoutLine: {'line': b'-- Configuring done (5.6s)\n'}
[5.970045] (-) TimerEvent: {}
[6.080842] (-) TimerEvent: {}
[6.191499] (-) TimerEvent: {}
[6.302332] (-) TimerEvent: {}
[6.413147] (-) TimerEvent: {}
[6.523931] (-) TimerEvent: {}
[6.634706] (-) TimerEvent: {}
[6.745318] (-) TimerEvent: {}
[6.773903] (control_layer) StdoutLine: {'line': b'-- Generating done (0.8s)\n'}
[6.852482] (-) TimerEvent: {}
[6.963216] (-) TimerEvent: {}
[7.073954] (-) TimerEvent: {}
[7.184753] (-) TimerEvent: {}
[7.239798] (control_layer) StdoutLine: {'line': b'-- Build files have been written to: /mnt/c/Users/LENOVO/OneDrive/Desktop/drone/build/control_layer\n'}
[7.287123] (-) TimerEvent: {}
[7.392394] (-) TimerEvent: {}
[7.502961] (-) TimerEvent: {}
[7.612168] (-) TimerEvent: {}
[7.723169] (-) TimerEvent: {}
[7.833906] (-) TimerEvent: {}
[7.944802] (-) TimerEvent: {}
[8.045780] (-) TimerEvent: {}
[8.080485] (control_layer) StdoutLine: {'line': b'[ 25%] \x1b[32mBuilding CXX object CMakeFiles/motor_mixer.dir/src/motor_mixer.cpp.o\x1b[0m\n'}
[8.111890] (control_layer) StdoutLine: {'line': b'[ 75%] Built target pid_controller\n'}
[8.146293] (-) TimerEvent: {}
[8.254744] (-) TimerEvent: {}
[8.363824] (-) TimerEvent: {}
[8.473396] (-) TimerEvent: {}
[8.574388] (-) TimerEvent: {}
[8.675533] (-) TimerEvent: {}
[8.776483] (-) TimerEvent: {}
[8.878759] (-) TimerEvent: {}
[8.988268] (-) TimerEvent: {}
[9.097953] (-) TimerEvent: {}
[9.206647] (-) TimerEvent: {}
[9.315661] (-) TimerEvent: {}
[9.425170] (-) TimerEvent: {}
[9.534880] (-) TimerEvent: {}
[9.644266] (-) TimerEvent: {}
[9.753480] (-) TimerEvent: {}
[9.863224] (-) TimerEvent: {}
[9.972412] (-) TimerEvent: {}
[10.081603] (-) TimerEvent: {}
[10.191467] (-) TimerEvent: {}
[10.300877] (-) TimerEvent: {}
[10.410553] (-) TimerEvent: {}
[10.519966] (-) TimerEvent: {}
[10.629695] (-) TimerEvent: {}
[10.739275] (-) TimerEvent: {}
[10.841606] (-) TimerEvent: {}
[10.950683] (-) TimerEvent: {}
[11.059715] (-) TimerEvent: {}
[11.169232] (-) TimerEvent: {}
[11.278925] (-) TimerEvent: {}
[11.388404] (-) TimerEvent: {}
[11.498101] (-) TimerEvent: {}
[11.607702] (-) TimerEvent: {}
[11.717299] (-) TimerEvent: {}
[11.826819] (-) TimerEvent: {}
[11.936328] (-) TimerEvent: {}
[12.045944] (-) TimerEvent: {}
[12.155329] (-) TimerEvent: {}
[12.264995] (-) TimerEvent: {}
[12.374722] (-) TimerEvent: {}
[12.484263] (-) TimerEvent: {}
[12.588542] (-) TimerEvent: {}
[12.691747] (-) TimerEvent: {}
[12.801214] (-) TimerEvent: {}
[12.911361] (-) TimerEvent: {}
[13.021000] (-) TimerEvent: {}
[13.130709] (-) TimerEvent: {}
[13.240229] (-) TimerEvent: {}
[13.349855] (-) TimerEvent: {}
[13.459213] (-) TimerEvent: {}
[13.568806] (-) TimerEvent: {}
[13.673691] (-) TimerEvent: {}
[13.783525] (-) TimerEvent: {}
[13.892414] (-) TimerEvent: {}
[14.002015] (-) TimerEvent: {}
[14.111365] (-) TimerEvent: {}
[14.221135] (-) TimerEvent: {}
[14.330856] (-) TimerEvent: {}
[14.440357] (-) TimerEvent: {}
[14.549794] (-) TimerEvent: {}
[14.659242] (-) TimerEvent: {}
[14.768505] (-) TimerEvent: {}
[14.877185] (-) TimerEvent: {}
[14.986194] (-) TimerEvent: {}
[15.095050] (-) TimerEvent: {}
[15.203116] (-) TimerEvent: {}
[15.311893] (-) TimerEvent: {}
[15.420803] (-) TimerEvent: {}
[15.529511] (-) TimerEvent: {}
[15.638571] (-) TimerEvent: {}
[15.747373] (-) TimerEvent: {}
[15.852398] (-) TimerEvent: {}
[15.954937] (-) TimerEvent: {}
[16.063834] (-) TimerEvent: {}
[16.172721] (-) TimerEvent: {}
[16.281628] (-) TimerEvent: {}
[16.390806] (-) TimerEvent: {}
[16.499436] (-) TimerEvent: {}
[16.608309] (-) TimerEvent: {}
[16.709466] (-) TimerEvent: {}
[16.816405] (-) TimerEvent: {}
[16.925209] (-) TimerEvent: {}
[17.035166] (-) TimerEvent: {}
[17.143379] (-) TimerEvent: {}
[17.253373] (-) TimerEvent: {}
[17.363343] (-) TimerEvent: {}
[17.473173] (-) TimerEvent: {}
[17.582986] (-) TimerEvent: {}
[17.692799] (-) TimerEvent: {}
[17.802568] (-) TimerEvent: {}
[17.912459] (-) TimerEvent: {}
[18.022420] (-) TimerEvent: {}
[18.132334] (-) TimerEvent: {}
[18.236201] (control_layer) StdoutLine: {'line': b'[100%] \x1b[32m\x1b[1mLinking CXX executable motor_mixer\x1b[0m\n'}
[18.237408] (-) TimerEvent: {}
[18.338130] (-) TimerEvent: {}
[18.439343] (-) TimerEvent: {}
[18.540595] (-) TimerEvent: {}
[18.642104] (-) TimerEvent: {}
[18.744948] (-) TimerEvent: {}
[18.851617] (-) TimerEvent: {}
[18.961512] (-) TimerEvent: {}
[19.071299] (-) TimerEvent: {}
[19.181150] (-) TimerEvent: {}
[19.291103] (-) TimerEvent: {}
[19.399547] (-) TimerEvent: {}
[19.508430] (-) TimerEvent: {}
[19.610370] (-) TimerEvent: {}
[19.720292] (-) TimerEvent: {}
[19.830187] (-) TimerEvent: {}
[19.931112] (-) TimerEvent: {}
[20.041060] (-) TimerEvent: {}
[20.150928] (-) TimerEvent: {}
[20.260760] (-) TimerEvent: {}
[20.370278] (-) TimerEvent: {}
[20.479906] (-) TimerEvent: {}
[20.589845] (-) TimerEvent: {}
[20.691573] (-) TimerEvent: {}
[20.800708] (-) TimerEvent: {}
[20.910557] (-) TimerEvent: {}
[21.020280] (-) TimerEvent: {}
[21.130282] (-) TimerEvent: {}
[21.240267] (-) TimerEvent: {}
[21.350234] (-) TimerEvent: {}
[21.460199] (-) TimerEvent: {}
[21.566227] (-) TimerEvent: {}
[21.676057] (-) TimerEvent: {}
[21.785880] (-) TimerEvent: {}
[21.892802] (-) TimerEvent: {}
[22.002660] (-) TimerEvent: {}
[22.031634] (control_layer) StdoutLine: {'line': b'[100%] Built target motor_mixer\n'}
[22.092110] (control_layer) CommandEnded: {'returncode': 0}
[22.103194] (-) TimerEvent: {}
[22.124157] (control_layer) JobProgress: {'identifier': 'control_layer', 'progress': 'install'}
[22.146413] (control_layer) Command: {'cmd': ['/usr/bin/cmake', '--install', '/mnt/c/Users/LENOVO/OneDrive/Desktop/drone/build/control_layer'], 'cwd': '/mnt/c/Users/LENOVO/OneDrive/Desktop/drone/build/control_layer', 'env': OrderedDict({'USER': 'lenovo', 'SHLVL': '0', 'LD_LIBRARY_PATH': '/opt/ros/jazzy/opt/rviz_ogre_vendor/lib:/opt/ros/jazzy/lib/x86_64-linux-gnu:/opt/ros/jazzy/opt/gz_math_vendor/lib:/opt/ros/jazzy/opt/gz_utils_vendor/lib:/opt/ros/jazzy/opt/gz_cmake_vendor/lib:/opt/ros/jazzy/lib', 'HOME': '/home/lenovo', 'OLDPWD': '/mnt/c/Users/LENOVO/OneDrive/Desktop/drone', 'ROS_PYTHON_VERSION': '3', 'DBUS_SESSION_BUS_ADDRESS': 'unix:path=/run/user/1000/bus', 'WSL_DISTRO_NAME': 'Ubuntu', 'WAYLAND_DISPLAY': 'wayland-0', 'ROS_DISTRO': 'jazzy', 'LOGNAME': 'lenovo', 'NAME': 'LAPTOP-MLDMFMJ8', 'WSL_INTEROP': '/run/WSL/18235_interop', 'PULSE_SERVER': 'unix:/mnt/wslg/PulseServer', '_': '/usr/bin/colcon', 'ROS_VERSION': '2', 'TERM': 'xterm-256color', 'PATH': '/opt/ros/jazzy/bin:/usr/local/sbin:/usr/local/bin:/usr/sbin:/usr/bin:/sbin:/bin:/usr/games:/usr/local/games:/usr/lib/wsl/lib:/mnt/c/Python314/Scripts/:/mnt/c/Python314/:/mnt/c/Windows/system32:/mnt/c/Windows:/mnt/c/Windows/System32/Wbem:/mnt/c/Windows/System32/WindowsPowerShell/v1.0/:/mnt/c/Windows/System32/OpenSSH/:/mnt/c/Program Files (x86)/NVIDIA Corporation/PhysX/Common:/mnt/c/Program Files/NVIDIA Corporation/NVIDIA NvDLISR:/mnt/c/Program Files/Git/cmd:/mnt/c/src/flutter/bin:/mnt/c/MinGW/bin:/mnt/c/Users/LENOVO/AppData/Local/Pub/Cache/bin:/mnt/c/ffmpeg-8.0.1-essentials_build/bin:/mnt/c/Program Files/nodejs/:/mnt/c/ProgramData/chocolatey/bin:/mnt/c/Program Files/dotnet/:/mnt/c/Program Files (x86)/Windows Kits/10/Windows Performance Toolkit/:/mnt/c/Users/LENOVO/AppData/Local/Programs/Python/Python311/Scripts/:/mnt/c/Users/LENOVO/AppData/Local/Programs/Python/Python311/:/mnt/c/Users/LENOVO/AppData/Local/Programs/Python/Launcher/:/mnt/c/Users/LENOVO/AppData/Local/Microsoft/WindowsApps:/mnt/c/Users/LENOVO/AppData/Local/Programs/Microsoft VS Code/bin:/mnt/c/Program Files/Eclipse Adoptium/jdk-17.0.17.10-hotspot/bin:/mnt/c/Users/LENOVO/AppData/Local/Python/bin:/mnt/c/Users/LENOVO/AppData/Roaming/npm:/mnt/c/Users/LENOVO/AppData/Local/Programs/Antigravity/bin', 'XDG_RUNTIME_DIR': '/run/user/1000/', 'DISPLAY': ':0', 'LANG': 'C.UTF-8', 'AMENT_PREFIX_PATH': '/opt/ros/jazzy', 'SHELL': '/bin/bash', 'ROS_AUTOMATIC_DISCOVERY_RANGE': 'SUBNET', 'PWD': '/mnt/c/Users/LENOVO/OneDrive/Desktop/drone/build/control_layer', 'PYTHONPATH': '/opt/ros/jazzy/lib/python3.12/site-packages', 'COLCON': '1', 'WSL2_GUI_APPS_ENABLED': '1', 'HOSTTYPE': 'x86_64', 'CMAKE_PREFIX_PATH': '/opt/ros/jazzy/opt/gz_math_vendor:/opt/ros/jazzy/opt/gz_utils_vendor:/opt/ros/jazzy/opt/gz_cmake_vendor:/opt/ros/jazzy', 'WSLENV': ''}), 'shell': False}
[22.168806] (control_layer) StdoutLine: {'line': b'-- Install configuration: ""\n'}
[22.186502] (control_layer) StdoutLine: {'line': b'-- Execute custom install script\n'}
[22.204785] (-) TimerEvent: {}
[22.230489] (control_layer) StdoutLine: {'line': b'-- Up-to-date symlink: /mnt/c/Users/LENOVO/OneDrive/Desktop/drone/install/control_layer/lib/control_layer/pid_controller\n'}
[22.263824] (control_layer) StdoutLine: {'line': b'-- Up-to-date symlink: /mnt/c/Users/LENOVO/OneDrive/Desktop/drone/install/control_layer/lib/control_layer/motor_mixer\n'}
[22.308575] (-) TimerEvent: {}
[22.382483] (control_layer) StdoutLine: {'line': b'-- Up-to-date symlink: /mnt/c/Users/LENOVO/OneDrive/Desktop/drone/install/control_layer/share/ament_index/resource_index/package_run_dependencies/control_layer\n'}
[22.411056] (-) TimerEvent: {}
[22.479371] (control_layer) StdoutLine: {'line': b'-- Up-to-date symlink: /mnt/c/Users/LENOVO/OneDrive/Desktop/drone/install/control_layer/share/ament_index/resource_index/parent_prefix_path/control_layer\n'}
[22.512753] (-) TimerEvent: {}
[22.518516] (control_layer) StdoutLine: {'line': b'-- Up-to-date symlink: /mnt/c/Users/LENOVO/OneDrive/Desktop/drone/install/control_layer/share/control_layer/environment/ament_prefix_path.sh\n'}
[22.567922] (control_layer) StdoutLine: {'line': b'-- Up-to-date symlink: /mnt/c/Users/LENOVO/OneDrive/Desktop/drone/install/control_layer/share/control_layer/environment/ament_prefix_path.dsv\n'}
[22.606518] (control_layer) StdoutLine: {'line': b'-- Up-to-date symlink: /mnt/c/Users/LENOVO/OneDrive/Desktop/drone/install/control_layer/share/control_layer/environment/path.sh\n'}
[22.613299] (-) TimerEvent: {}
[22.655511] (control_layer) StdoutLine: {'line': b'-- Up-to-date symlink: /mnt/c/Users/LENOVO/OneDrive/Desktop/drone/install/control_layer/share/control_layer/environment/path.dsv\n'}
[22.696006] (control_layer) StdoutLine: {'line': b'-- Up-to-date symlink: /mnt/c/Users/LENOVO/OneDrive/Desktop/drone/install/control_layer/share/control_layer/local_setup.bash\n'}
[22.714918] (-) TimerEvent: {}
[22.735615] (control_layer) StdoutLine: {'line': b'-- Up-to-date symlink: /mnt/c/Users/LENOVO/OneDrive/Desktop/drone/install/control_layer/share/control_layer/local_setup.sh\n'}
[22.776372] (control_layer) StdoutLine: {'line': b'-- Up-to-date symlink: /mnt/c/Users/LENOVO/OneDrive/Desktop/drone/install/control_layer/share/control_layer/local_setup.zsh\n'}
[22.816967] (control_layer) StdoutLine: {'line': b'-- Up-to-date symlink: /mnt/c/Users/LENOVO/OneDrive/Desktop/drone/install/control_layer/share/control_layer/local_setup.dsv\n'}
[22.818301] (-) TimerEvent: {}
[22.836282] (control_layer) StdoutLine: {'line': b'-- Symlinking: /mnt/c/Users/LENOVO/OneDrive/Desktop/drone/install/control_layer/share/control_layer/package.dsv\n'}
[22.919243] (-) TimerEvent: {}
[22.985176] (control_layer) StdoutLine: {'line': b'-- Up-to-date symlink: /mnt/c/Users/LENOVO/OneDrive/Desktop/drone/install/control_layer/share/ament_index/resource_index/packages/control_layer\n'}
[23.021470] (-) TimerEvent: {}
[23.033773] (control_layer) StdoutLine: {'line': b'-- Up-to-date symlink: /mnt/c/Users/LENOVO/OneDrive/Desktop/drone/install/control_layer/share/control_layer/cmake/control_layerConfig.cmake\n'}
[23.078364] (control_layer) StdoutLine: {'line': b'-- Up-to-date symlink: /mnt/c/Users/LENOVO/OneDrive/Desktop/drone/install/control_layer/share/control_layer/cmake/control_layerConfig-version.cmake\n'}
[23.125466] (-) TimerEvent: {}
[23.128046] (control_layer) StdoutLine: {'line': b'-- Up-to-date symlink: /mnt/c/Users/LENOVO/OneDrive/Desktop/drone/install/control_layer/share/control_layer/package.xml\n'}
[23.137467] (control_layer) CommandEnded: {'returncode': 0}
[23.225991] (-) TimerEvent: {}
[23.327119] (-) TimerEvent: {}
[23.428522] (-) TimerEvent: {}
[23.529237] (-) TimerEvent: {}
[23.639148] (-) TimerEvent: {}
[23.742785] (-) TimerEvent: {}
[23.852816] (-) TimerEvent: {}
[23.963291] (-) TimerEvent: {}
[24.065730] (-) TimerEvent: {}
[24.175937] (-) TimerEvent: {}
[24.285601] (-) TimerEvent: {}
[24.389355] (-) TimerEvent: {}
[24.499369] (-) TimerEvent: {}
[24.606510] (control_layer) JobEnded: {'identifier': 'control_layer', 'rc': 0}
[24.621365] (-) TimerEvent: {}
[24.621852] (-) EventReactorShutdown: {}
