[0.337s] DEBUG:colcon:Command line arguments: ['/usr/bin/colcon', 'build', '--packages-select', 'control_layer']
[0.337s] DEBUG:colcon:Parsed command line arguments: Namespace(log_base=None, log_level=None, verb_name='build', build_base='build', install_base='install', merge_install=False, symlink_install=False, test_result_base=None, continue_on_error=False, executor='parallel', parallel_workers=16, event_handlers=None, ignore_user_meta=False, metas=['./colcon.meta'], base_paths=['.'], packages_ignore=None, packages_ignore_regex=None, paths=None, packages_up_to=None, packages_up_to_regex=None, packages_above=None, packages_above_and_dependencies=None, packages_above_depth=None, packages_select_by_dep=None, packages_skip_by_dep=None, packages_skip_up_to=None, packages_select_build_failed=False, packages_skip_build_finished=False, packages_select_test_failures=False, packages_skip_test_passed=False, packages_select=['control_layer'], packages_skip=None, packages_select_regex=None, packages_skip_regex=None, packages_start=None, packages_end=None, allow_overriding=[], cmake_args=None, cmake_target=None, cmake_target_skip_unavailable=False, cmake_clean_cache=False, cmake_clean_first=False, cmake_force_configure=False, ament_cmake_args=None, catkin_cmake_args=None, catkin_skip_building_tests=False, mixin_files=None, mixin=None, verb_parser=<colcon_mixin.mixin.mixin_argument.MixinArgumentDecorator object at 0x70e046d7d2e0>, verb_extension=<colcon_core.verb.build.BuildVerb object at 0x70e046f5e4b0>, main=<bound method BuildVerb.main of <colcon_core.verb.build.BuildVerb object at 0x70e046f5e4b0>>, mixin_verb=('build',))
[0.407s] Level 1:colcon.colcon_core.package_discovery:discover_packages(colcon_meta) check parameters
[0.408s] Level 1:colcon.colcon_core.package_discovery:discover_packages(recursive) check parameters
[0.408s] Level 1:colcon.colcon_core.package_discovery:discover_packages(ignore) check parameters
[0.409s] Level 1:colcon.colcon_core.package_discovery:discover_packages(path) check parameters
[0.409s] Level 1:colcon.colcon_core.package_discovery:discover_packages(colcon_meta) discover
[0.410s] Level 1:colcon.colcon_core.package_discovery:discover_packages(recursive) discover
[0.410s] INFO:colcon.colcon_core.package_discovery:Crawling recursively for packages in '/mnt/c/Users/LENOVO/OneDrive/Desktop/drone'
[0.413s] Level 1:colcon.colcon_core.package_identification:_identify(.) by extensions ['ignore', 'ignore_ament_install']
[0.413s] Level 1:colcon.colcon_core.package_identification:_identify(.) by extension 'ignore'
[0.414s] Level 1:colcon.colcon_core.package_identification:_identify(.) by extension 'ignore_ament_install'
[0.415s] Level 1:colcon.colcon_core.package_identification:_identify(.) by extensions ['colcon_pkg']
[0.415s] Level 1:colcon.colcon_core.package_identification:_identify(.) by extension 'colcon_pkg'
[0.415s] Level 1:colcon.colcon_core.package_identification:_identify(.) by extensions ['colcon_meta']
[0.416s] Level 1:colcon.colcon_core.package_identification:_identify(.) by extension 'colcon_meta'
[0.416s] Level 1:colcon.colcon_core.package_identification:_identify(.) by extensions ['ros']
[0.417s] Level 1:colcon.colcon_core.package_identification:_identify(.) by extension 'ros'
[0.444s] Level 1:colcon.colcon_core.package_identification:_identify(.) by extensions ['cmake', 'python']
[0.444s] Level 1:colcon.colcon_core.package_identification:_identify(.) by extension 'cmake'
[0.444s] Level 1:colcon.colcon_core.package_identification:_identify(.) by extension 'python'
[0.445s] Level 1:colcon.colcon_core.package_identification:_identify(.) by extensions ['python_setup_py']
[0.445s] Level 1:colcon.colcon_core.package_identification:_identify(.) by extension 'python_setup_py'
[0.451s] Level 1:colcon.colcon_core.package_identification:_identify(build) by extensions ['ignore', 'ignore_ament_install']
[0.451s] Level 1:colcon.colcon_core.package_identification:_identify(build) by extension 'ignore'
[0.453s] Level 1:colcon.colcon_core.package_identification:_identify(build) ignored
[0.458s] Level 1:colcon.colcon_core.package_identification:_identify(docker) by extensions ['ignore', 'ignore_ament_install']
[0.459s] Level 1:colcon.colcon_core.package_identification:_identify(docker) by extension 'ignore'
[0.461s] Level 1:colcon.colcon_core.package_identification:_identify(docker) by extension 'ignore_ament_install'
[0.464s] Level 1:colcon.colcon_core.package_identification:_identify(docker) by extensions ['colcon_pkg']
[0.464s] Level 1:colcon.colcon_core.package_identification:_identify(docker) by extension 'colcon_pkg'
[0.466s] Level 1:colcon.colcon_core.package_identification:_identify(docker) by extensions ['colcon_meta']
[0.466s] Level 1:colcon.colcon_core.package_identification:_identify(docker) by extension 'colcon_meta'
[0.468s] Level 1:colcon.colcon_core.package_identification:_identify(docker) by extensions ['ros']
[0.468s] Level 1:colcon.colcon_core.package_identification:_identify(docker) by extension 'ros'
[0.475s] Level 1:colcon.colcon_core.package_identification:_identify(docker) by extensions ['cmake', 'python']
[0.476s] Level 1:colcon.colcon_core.package_identification:_identify(docker) by extension 'cmake'
[0.477s] Level 1:colcon.colcon_core.package_identification:_identify(docker) by extension 'python'
[0.479s] Level 1:colcon.colcon_core.package_identification:_identify(docker) by extensions ['python_setup_py']
[0.479s] Level 1:colcon.colcon_core.package_identification:_identify(docker) by extension 'python_setup_py'
[0.485s] Level 1:colcon.colcon_core.package_identification:_identify(install) by extensions ['ignore', 'ignore_ament_install']
[0.486s] Level 1:colcon.colcon_core.package_identification:_identify(install) by extension 'ignore'
[0.488s] Level 1:colcon.colcon_core.package_identification:_identify(install) ignored
[0.495s] Level 1:colcon.colcon_core.package_identification:_identify(log) by extensions ['ignore', 'ignore_ament_install']
[0.496s] Level 1:colcon.colcon_core.package_identification:_identify(log) by extension 'ignore'
[0.497s] Level 1:colcon.colcon_core.package_identification:_identify(log) ignored
[0.502s] Level 1:colcon.colcon_core.package_identification:_identify(scripts) by extensions ['ignore', 'ignore_ament_install']
[0.503s] Level 1:colcon.colcon_core.package_identification:_identify(scripts) by extension 'ignore'
[0.504s] Level 1:colcon.colcon_core.package_identification:_identify(scripts) by extension 'ignore_ament_install'
[0.507s] Level 1:colcon.colcon_core.package_identification:_identify(scripts) by extensions ['colcon_pkg']
[0.507s] Level 1:colcon.colcon_core.package_identification:_identify(scripts) by extension 'colcon_pkg'
[0.509s] Level 1:colcon.colcon_core.package_identification:_identify(scripts) by extensions ['colcon_meta']
[0.509s] Level 1:colcon.colcon_core.package_identification:_identify(scripts) by extension 'colcon_meta'
[0.511s] Level 1:colcon.colcon_core.package_identification:_identify(scripts) by extensions ['ros']
[0.511s] Level 1:colcon.colcon_core.package_identification:_identify(scripts) by extension 'ros'
[0.517s] Level 1:colcon.colcon_core.package_identification:_identify(scripts) by extensions ['cmake', 'python']
[0.518s] Level 1:colcon.colcon_core.package_identification:_identify(scripts) by extension 'cmake'
[0.520s] Level 1:colcon.colcon_core.package_identification:_identify(scripts) by extension 'python'
[0.522s] Level 1:colcon.colcon_core.package_identification:_identify(scripts) by extensions ['python_setup_py']
[0.522s] Level 1:colcon.colcon_core.package_identification:_identify(scripts) by extension 'python_setup_py'
[0.529s] Level 1:colcon.colcon_core.package_identification:_identify(src) by extensions ['ignore', 'ignore_ament_install']
[0.529s] Level 1:colcon.colcon_core.package_identification:_identify(src) by extension 'ignore'
[0.530s] Level 1:colcon.colcon_core.package_identification:_identify(src) by extension 'ignore_ament_install'
[0.533s] Level 1:colcon.colcon_core.package_identification:_identify(src) by extensions ['colcon_pkg']
[0.534s] Level 1:colcon.colcon_core.package_identification:_identify(src) by extension 'colcon_pkg'
[0.535s] Level 1:colcon.colcon_core.package_identification:_identify(src) by extensions ['colcon_meta']
[0.536s] Level 1:colcon.colcon_core.package_identification:_identify(src) by extension 'colcon_meta'
[0.537s] Level 1:colcon.colcon_core.package_identification:_identify(src) by extensions ['ros']
[0.538s] Level 1:colcon.colcon_core.package_identification:_identify(src) by extension 'ros'
[0.545s] Level 1:colcon.colcon_core.package_identification:_identify(src) by extensions ['cmake', 'python']
[0.546s] Level 1:colcon.colcon_core.package_identification:_identify(src) by extension 'cmake'
[0.547s] Level 1:colcon.colcon_core.package_identification:_identify(src) by extension 'python'
[0.549s] Level 1:colcon.colcon_core.package_identification:_identify(src) by extensions ['python_setup_py']
[0.549s] Level 1:colcon.colcon_core.package_identification:_identify(src) by extension 'python_setup_py'
[0.559s] Level 1:colcon.colcon_core.package_identification:_identify(src/control_layer) by extensions ['ignore', 'ignore_ament_install']
[0.559s] Level 1:colcon.colcon_core.package_identification:_identify(src/control_layer) by extension 'ignore'
[0.561s] Level 1:colcon.colcon_core.package_identification:_identify(src/control_layer) by extension 'ignore_ament_install'
[0.566s] Level 1:colcon.colcon_core.package_identification:_identify(src/control_layer) by extensions ['colcon_pkg']
[0.566s] Level 1:colcon.colcon_core.package_identification:_identify(src/control_layer) by extension 'colcon_pkg'
[0.569s] Level 1:colcon.colcon_core.package_identification:_identify(src/control_layer) by extensions ['colcon_meta']
[0.569s] Level 1:colcon.colcon_core.package_identification:_identify(src/control_layer) by extension 'colcon_meta'
[0.574s] Level 1:colcon.colcon_core.package_identification:_identify(src/control_layer) by extensions ['ros']
[0.574s] Level 1:colcon.colcon_core.package_identification:_identify(src/control_layer) by extension 'ros'
[0.604s] DEBUG:colcon.colcon_core.package_identification:Package 'src/control_layer' with type 'ros.ament_cmake' and name 'control_layer'
[0.612s] Level 1:colcon.colcon_core.package_identification:_identify(src/fault_handler) by extensions ['ignore', 'ignore_ament_install']
[0.612s] Level 1:colcon.colcon_core.package_identification:_identify(src/fault_handler) by extension 'ignore'
[0.615s] Level 1:colcon.colcon_core.package_identification:_identify(src/fault_handler) by extension 'ignore_ament_install'
[0.621s] Level 1:colcon.colcon_core.package_identification:_identify(src/fault_handler) by extensions ['colcon_pkg']
[0.621s] Level 1:colcon.colcon_core.package_identification:_identify(src/fault_handler) by extension 'colcon_pkg'
[0.625s] Level 1:colcon.colcon_core.package_identification:_identify(src/fault_handler) by extensions ['colcon_meta']
[0.625s] Level 1:colcon.colcon_core.package_identification:_identify(src/fault_handler) by extension 'colcon_meta'
[0.629s] Level 1:colcon.colcon_core.package_identification:_identify(src/fault_handler) by extensions ['ros']
[0.629s] Level 1:colcon.colcon_core.package_identification:_identify(src/fault_handler) by extension 'ros'
[0.659s] DEBUG:colcon.colcon_core.package_identification:Package 'src/fault_handler' with type 'ros.ament_python' and name 'fault_handler'
[0.667s] Level 1:colcon.colcon_core.package_identification:_identify(src/launch) by extensions ['ignore', 'ignore_ament_install']
[0.668s] Level 1:colcon.colcon_core.package_identification:_identify(src/launch) by extension 'ignore'
[0.671s] Level 1:colcon.colcon_core.package_identification:_identify(src/launch) by extension 'ignore_ament_install'
[0.676s] Level 1:colcon.colcon_core.package_identification:_identify(src/launch) by extensions ['colcon_pkg']
[0.676s] Level 1:colcon.colcon_core.package_identification:_identify(src/launch) by extension 'colcon_pkg'
[0.679s] Level 1:colcon.colcon_core.package_identification:_identify(src/launch) by extensions ['colcon_meta']
[0.680s] Level 1:colcon.colcon_core.package_identification:_identify(src/launch) by extension 'colcon_meta'
[0.684s] Level 1:colcon.colcon_core.package_identification:_identify(src/launch) by extensions ['ros']
[0.684s] Level 1:colcon.colcon_core.package_identification:_identify(src/launch) by extension 'ros'
[0.697s] Level 1:colcon.colcon_core.package_identification:_identify(src/launch) by extensions ['cmake', 'python']
[0.697s] Level 1:colcon.colcon_core.package_identification:_identify(src/launch) by extension 'cmake'
[0.699s] Level 1:colcon.colcon_core.package_identification:_identify(src/launch) by extension 'python'
[0.702s] Level 1:colcon.colcon_core.package_identification:_identify(src/launch) by extensions ['python_setup_py']
[0.702s] Level 1:colcon.colcon_core.package_identification:_identify(src/launch) by extension 'python_setup_py'
[0.713s] Level 1:colcon.colcon_core.package_identification:_identify(src/navigation_layer) by extensions ['ignore', 'ignore_ament_install']
[0.713s] Level 1:colcon.colcon_core.package_identification:_identify(src/navigation_layer) by extension 'ignore'
[0.716s] Level 1:colcon.colcon_core.package_identification:_identify(src/navigation_layer) by extension 'ignore_ament_install'
[0.721s] Level 1:colcon.colcon_core.package_identification:_identify(src/navigation_layer) by extensions ['colcon_pkg']
[0.721s] Level 1:colcon.colcon_core.package_identification:_identify(src/navigation_layer) by extension 'colcon_pkg'
[0.724s] Level 1:colcon.colcon_core.package_identification:_identify(src/navigation_layer) by extensions ['colcon_meta']
[0.724s] Level 1:colcon.colcon_core.package_identification:_identify(src/navigation_layer) by extension 'colcon_meta'
[0.728s] Level 1:colcon.colcon_core.package_identification:_identify(src/navigation_layer) by extensions ['ros']
[0.729s] Level 1:colcon.colcon_core.package_identification:_identify(src/navigation_layer) by extension 'ros'
[0.755s] DEBUG:colcon.colcon_core.package_identification:Package 'src/navigation_layer' with type 'ros.ament_python' and name 'navigation_layer'
[0.763s] Level 1:colcon.colcon_core.package_identification:_identify(src/perception_layer) by extensions ['ignore', 'ignore_ament_install']
[0.763s] Level 1:colcon.colcon_core.package_identification:_identify(src/perception_layer) by extension 'ignore'
[0.765s] Level 1:colcon.colcon_core.package_identification:_identify(src/perception_layer) by extension 'ignore_ament_install'
[0.770s] Level 1:colcon.colcon_core.package_identification:_identify(src/perception_layer) by extensions ['colcon_pkg']
[0.771s] Level 1:colcon.colcon_core.package_identification:_identify(src/perception_layer) by extension 'colcon_pkg'
[0.773s] Level 1:colcon.colcon_core.package_identification:_identify(src/perception_layer) by extensions ['colcon_meta']
[0.773s] Level 1:colcon.colcon_core.package_identification:_identify(src/perception_layer) by extension 'colcon_meta'
[0.777s] Level 1:colcon.colcon_core.package_identification:_identify(src/perception_layer) by extensions ['ros']
[0.778s] Level 1:colcon.colcon_core.package_identification:_identify(src/perception_layer) by extension 'ros'
[0.807s] DEBUG:colcon.colcon_core.package_identification:Package 'src/perception_layer' with type 'ros.ament_python' and name 'perception_layer'
[0.815s] Level 1:colcon.colcon_core.package_identification:_identify(src/slam_layer) by extensions ['ignore', 'ignore_ament_install']
[0.816s] Level 1:colcon.colcon_core.package_identification:_identify(src/slam_layer) by extension 'ignore'
[0.818s] Level 1:colcon.colcon_core.package_identification:_identify(src/slam_layer) by extension 'ignore_ament_install'
[0.823s] Level 1:colcon.colcon_core.package_identification:_identify(src/slam_layer) by extensions ['colcon_pkg']
[0.824s] Level 1:colcon.colcon_core.package_identification:_identify(src/slam_layer) by extension 'colcon_pkg'
[0.826s] Level 1:colcon.colcon_core.package_identification:_identify(src/slam_layer) by extensions ['colcon_meta']
[0.826s] Level 1:colcon.colcon_core.package_identification:_identify(src/slam_layer) by extension 'colcon_meta'
[0.831s] Level 1:colcon.colcon_core.package_identification:_identify(src/slam_layer) by extensions ['ros']
[0.831s] Level 1:colcon.colcon_core.package_identification:_identify(src/slam_layer) by extension 'ros'
[0.859s] DEBUG:colcon.colcon_core.package_identification:Package 'src/slam_layer' with type 'ros.ament_cmake' and name 'slam_layer'
[0.868s] Level 1:colcon.colcon_core.package_identification:_identify(src/telemetry) by extensions ['ignore', 'ignore_ament_install']
[0.868s] Level 1:colcon.colcon_core.package_identification:_identify(src/telemetry) by extension 'ignore'
[0.871s] Level 1:colcon.colcon_core.package_identification:_identify(src/telemetry) by extension 'ignore_ament_install'
[0.876s] Level 1:colcon.colcon_core.package_identification:_identify(src/telemetry) by extensions ['colcon_pkg']
[0.877s] Level 1:colcon.colcon_core.package_identification:_identify(src/telemetry) by extension 'colcon_pkg'
[0.880s] Level 1:colcon.colcon_core.package_identification:_identify(src/telemetry) by extensions ['colcon_meta']
[0.880s] Level 1:colcon.colcon_core.package_identification:_identify(src/telemetry) by extension 'colcon_meta'
[0.884s] Level 1:colcon.colcon_core.package_identification:_identify(src/telemetry) by extensions ['ros']
[0.884s] Level 1:colcon.colcon_core.package_identification:_identify(src/telemetry) by extension 'ros'
[0.911s] DEBUG:colcon.colcon_core.package_identification:Package 'src/telemetry' with type 'ros.ament_python' and name 'telemetry'
[0.917s] Level 1:colcon.colcon_core.package_identification:_identify(worlds) by extensions ['ignore', 'ignore_ament_install']
[0.917s] Level 1:colcon.colcon_core.package_identification:_identify(worlds) by extension 'ignore'
[0.919s] Level 1:colcon.colcon_core.package_identification:_identify(worlds) by extension 'ignore_ament_install'
[0.922s] Level 1:colcon.colcon_core.package_identification:_identify(worlds) by extensions ['colcon_pkg']
[0.923s] Level 1:colcon.colcon_core.package_identification:_identify(worlds) by extension 'colcon_pkg'
[0.924s] Level 1:colcon.colcon_core.package_identification:_identify(worlds) by extensions ['colcon_meta']
[0.925s] Level 1:colcon.colcon_core.package_identification:_identify(worlds) by extension 'colcon_meta'
[0.926s] Level 1:colcon.colcon_core.package_identification:_identify(worlds) by extensions ['ros']
[0.927s] Level 1:colcon.colcon_core.package_identification:_identify(worlds) by extension 'ros'
[0.934s] Level 1:colcon.colcon_core.package_identification:_identify(worlds) by extensions ['cmake', 'python']
[0.935s] Level 1:colcon.colcon_core.package_identification:_identify(worlds) by extension 'cmake'
[0.936s] Level 1:colcon.colcon_core.package_identification:_identify(worlds) by extension 'python'
[0.938s] Level 1:colcon.colcon_core.package_identification:_identify(worlds) by extensions ['python_setup_py']
[0.939s] Level 1:colcon.colcon_core.package_identification:_identify(worlds) by extension 'python_setup_py'
[0.941s] Level 1:colcon.colcon_core.package_discovery:discover_packages(recursive) using defaults
[0.941s] Level 1:colcon.colcon_core.package_discovery:discover_packages(ignore) discover
[0.941s] Level 1:colcon.colcon_core.package_discovery:discover_packages(ignore) using defaults
[0.941s] Level 1:colcon.colcon_core.package_discovery:discover_packages(path) discover
[0.942s] Level 1:colcon.colcon_core.package_discovery:discover_packages(path) using defaults
[1.017s] INFO:colcon.colcon_core.package_selection:Skipping not selected package 'fault_handler' in 'src/fault_handler'
[1.017s] INFO:colcon.colcon_core.package_selection:Skipping not selected package 'navigation_layer' in 'src/navigation_layer'
[1.018s] INFO:colcon.colcon_core.package_selection:Skipping not selected package 'perception_layer' in 'src/perception_layer'
[1.018s] INFO:colcon.colcon_core.package_selection:Skipping not selected package 'slam_layer' in 'src/slam_layer'
[1.018s] INFO:colcon.colcon_core.package_selection:Skipping not selected package 'telemetry' in 'src/telemetry'
[1.019s] Level 1:colcon.colcon_core.package_discovery:discover_packages(prefix_path) check parameters
[1.019s] Level 1:colcon.colcon_core.package_discovery:discover_packages(prefix_path) discover
[1.023s] DEBUG:colcon.colcon_installed_package_information.package_discovery:Found 286 installed packages in /opt/ros/jazzy
[1.025s] Level 1:colcon.colcon_core.package_discovery:discover_packages(prefix_path) using defaults
[1.072s] Level 5:colcon.colcon_core.verb:set package 'control_layer' build argument 'cmake_args' from command line to 'None'
[1.072s] Level 5:colcon.colcon_core.verb:set package 'control_layer' build argument 'cmake_target' from command line to 'None'
[1.073s] Level 5:colcon.colcon_core.verb:set package 'control_layer' build argument 'cmake_target_skip_unavailable' from command line to 'False'
[1.073s] Level 5:colcon.colcon_core.verb:set package 'control_layer' build argument 'cmake_clean_cache' from command line to 'False'
[1.074s] Level 5:colcon.colcon_core.verb:set package 'control_layer' build argument 'cmake_clean_first' from command line to 'False'
[1.074s] Level 5:colcon.colcon_core.verb:set package 'control_layer' build argument 'cmake_force_configure' from command line to 'False'
[1.074s] Level 5:colcon.colcon_core.verb:set package 'control_layer' build argument 'ament_cmake_args' from command line to 'None'
[1.075s] Level 5:colcon.colcon_core.verb:set package 'control_layer' build argument 'catkin_cmake_args' from command line to 'None'
[1.075s] Level 5:colcon.colcon_core.verb:set package 'control_layer' build argument 'catkin_skip_building_tests' from command line to 'False'
[1.075s] DEBUG:colcon.colcon_core.verb:Building package 'control_layer' with the following arguments: {'ament_cmake_args': None, 'build_base': '/mnt/c/Users/LENOVO/OneDrive/Desktop/drone/build/control_layer', 'catkin_cmake_args': None, 'catkin_skip_building_tests': False, 'cmake_args': None, 'cmake_clean_cache': False, 'cmake_clean_first': False, 'cmake_force_configure': False, 'cmake_target': None, 'cmake_target_skip_unavailable': False, 'install_base': '/mnt/c/Users/LENOVO/OneDrive/Desktop/drone/install/control_layer', 'merge_install': False, 'path': '/mnt/c/Users/LENOVO/OneDrive/Desktop/drone/src/control_layer', 'symlink_install': False, 'test_result_base': None}
[1.076s] INFO:colcon.colcon_core.executor:Executing jobs using 'parallel' executor
[1.077s] DEBUG:colcon.colcon_parallel_executor.executor.parallel:run_until_complete
[1.077s] INFO:colcon.colcon_ros.task.ament_cmake.build:Building ROS package in '/mnt/c/Users/LENOVO/OneDrive/Desktop/drone/src/control_layer' with build type 'ament_cmake'
[1.078s] INFO:colcon.colcon_cmake.task.cmake.build:Building CMake package in '/mnt/c/Users/LENOVO/OneDrive/Desktop/drone/src/control_layer'
[1.080s] INFO:colcon.colcon_core.plugin_system:Skipping extension 'colcon_core.shell.bat': Not used on non-Windows systems
[1.081s] INFO:colcon.colcon_core.shell:Skip shell extension 'powershell' for command environment: Not usable outside of PowerShell
[1.081s] DEBUG:colcon.colcon_core.shell:Skip shell extension 'dsv' for command environment
[1.183s] DEBUG:colcon.colcon_core.event_handler.log_command:Invoking command in '/mnt/c/Users/LENOVO/OneDrive/Desktop/drone/build/control_layer': CMAKE_PREFIX_PATH=${CMAKE_PREFIX_PATH}:/opt/ros/jazzy /usr/bin/cmake --build /mnt/c/Users/LENOVO/OneDrive/Desktop/drone/build/control_layer -- -j16 -l16
[20.502s] DEBUG:colcon.colcon_core.event_handler.log_command:Invoked command in '/mnt/c/Users/LENOVO/OneDrive/Desktop/drone/build/control_layer' returned '0': CMAKE_PREFIX_PATH=${CMAKE_PREFIX_PATH}:/opt/ros/jazzy /usr/bin/cmake --build /mnt/c/Users/LENOVO/OneDrive/Desktop/drone/build/control_layer -- -j16 -l16
[20.557s] DEBUG:colcon.colcon_core.event_handler.log_command:Invoking command in '/mnt/c/Users/LENOVO/OneDrive/Desktop/drone/build/control_layer': CMAKE_PREFIX_PATH=${CMAKE_PREFIX_PATH}:/opt/ros/jazzy /usr/bin/cmake --install /mnt/c/Users/LENOVO/OneDrive/Desktop/drone/build/control_layer
[21.547s] Level 1:colcon.colcon_core.environment:create_environment_scripts_only(control_layer)
[21.549s] DEBUG:colcon.colcon_core.event_handler.log_command:Invoked command in '/mnt/c/Users/LENOVO/OneDrive/Desktop/drone/build/control_layer' returned '0': CMAKE_PREFIX_PATH=${CMAKE_PREFIX_PATH}:/opt/ros/jazzy /usr/bin/cmake --install /mnt/c/Users/LENOVO/OneDrive/Desktop/drone/build/control_layer
[21.550s] Level 1:colcon.colcon_core.environment:checking '/mnt/c/Users/LENOVO/OneDrive/Desktop/drone/install/control_layer' for CMake module files
[21.776s] Level 1:colcon.colcon_core.environment:checking '/mnt/c/Users/LENOVO/OneDrive/Desktop/drone/install/control_layer' for CMake config files
[22.002s] Level 1:colcon.colcon_core.shell:create_environment_hook('control_layer', 'cmake_prefix_path')
[22.003s] INFO:colcon.colcon_core.shell:Creating environment hook '/mnt/c/Users/LENOVO/OneDrive/Desktop/drone/install/control_layer/share/control_layer/hook/cmake_prefix_path.ps1'
[22.031s] INFO:colcon.colcon_core.shell:Creating environment descriptor '/mnt/c/Users/LENOVO/OneDrive/Desktop/drone/install/control_layer/share/control_layer/hook/cmake_prefix_path.dsv'
[22.062s] INFO:colcon.colcon_core.shell:Creating environment hook '/mnt/c/Users/LENOVO/OneDrive/Desktop/drone/install/control_layer/share/control_layer/hook/cmake_prefix_path.sh'
[22.099s] Level 1:colcon.colcon_core.environment:checking '/mnt/c/Users/LENOVO/OneDrive/Desktop/drone/install/control_layer/lib'
[22.107s] Level 1:colcon.colcon_core.environment:checking '/mnt/c/Users/LENOVO/OneDrive/Desktop/drone/install/control_layer/bin'
[22.110s] Level 1:colcon.colcon_core.environment:checking '/mnt/c/Users/LENOVO/OneDrive/Desktop/drone/install/control_layer/lib/pkgconfig/control_layer.pc'
[22.114s] Level 1:colcon.colcon_core.environment:checking '/mnt/c/Users/LENOVO/OneDrive/Desktop/drone/install/control_layer/lib/python3.12/site-packages'
[22.118s] Level 1:colcon.colcon_core.environment:checking '/mnt/c/Users/LENOVO/OneDrive/Desktop/drone/install/control_layer/bin'
[22.120s] INFO:colcon.colcon_core.shell:Creating package script '/mnt/c/Users/LENOVO/OneDrive/Desktop/drone/install/control_layer/share/control_layer/package.ps1'
[22.145s] INFO:colcon.colcon_core.shell:Creating package descriptor '/mnt/c/Users/LENOVO/OneDrive/Desktop/drone/install/control_layer/share/control_layer/package.dsv'
[22.176s] INFO:colcon.colcon_core.shell:Creating package script '/mnt/c/Users/LENOVO/OneDrive/Desktop/drone/install/control_layer/share/control_layer/package.sh'
[22.201s] INFO:colcon.colcon_core.shell:Creating package script '/mnt/c/Users/LENOVO/OneDrive/Desktop/drone/install/control_layer/share/control_layer/package.bash'
[22.227s] INFO:colcon.colcon_core.shell:Creating package script '/mnt/c/Users/LENOVO/OneDrive/Desktop/drone/install/control_layer/share/control_layer/package.zsh'
[22.254s] Level 1:colcon.colcon_core.environment:create_file_with_runtime_dependencies(/mnt/c/Users/LENOVO/OneDrive/Desktop/drone/install/control_layer/share/colcon-core/packages/control_layer)
[22.310s] Level 1:colcon.colcon_core.environment:create_environment_scripts_only(control_layer)
[22.310s] Level 1:colcon.colcon_core.environment:checking '/mnt/c/Users/LENOVO/OneDrive/Desktop/drone/install/control_layer' for CMake module files
[22.531s] Level 1:colcon.colcon_core.environment:checking '/mnt/c/Users/LENOVO/OneDrive/Desktop/drone/install/control_layer' for CMake config files
[22.758s] Level 1:colcon.colcon_core.shell:create_environment_hook('control_layer', 'cmake_prefix_path')
[22.759s] INFO:colcon.colcon_core.shell:Creating environment hook '/mnt/c/Users/LENOVO/OneDrive/Desktop/drone/install/control_layer/share/control_layer/hook/cmake_prefix_path.ps1'
[22.788s] INFO:colcon.colcon_core.shell:Creating environment descriptor '/mnt/c/Users/LENOVO/OneDrive/Desktop/drone/install/control_layer/share/control_layer/hook/cmake_prefix_path.dsv'
[22.819s] INFO:colcon.colcon_core.shell:Creating environment hook '/mnt/c/Users/LENOVO/OneDrive/Desktop/drone/install/control_layer/share/control_layer/hook/cmake_prefix_path.sh'
[22.852s] Level 1:colcon.colcon_core.environment:checking '/mnt/c/Users/LENOVO/OneDrive/Desktop/drone/install/control_layer/lib'
[22.860s] Level 1:colcon.colcon_core.environment:checking '/mnt/c/Users/LENOVO/OneDrive/Desktop/drone/install/control_layer/bin'
[22.863s] Level 1:colcon.colcon_core.environment:checking '/mnt/c/Users/LENOVO/OneDrive/Desktop/drone/install/control_layer/lib/pkgconfig/control_layer.pc'
[22.867s] Level 1:colcon.colcon_core.environment:checking '/mnt/c/Users/LENOVO/OneDrive/Desktop/drone/install/control_layer/lib/python3.12/site-packages'
[22.871s] Level 1:colcon.colcon_core.environment:checking '/mnt/c/Users/LENOVO/OneDrive/Desktop/drone/install/control_layer/bin'
[22.874s] INFO:colcon.colcon_core.shell:Creating package script '/mnt/c/Users/LENOVO/OneDrive/Desktop/drone/install/control_layer/share/control_layer/package.ps1'
[22.899s] INFO:colcon.colcon_core.shell:Creating package descriptor '/mnt/c/Users/LENOVO/OneDrive/Desktop/drone/install/control_layer/share/control_layer/package.dsv'
[22.923s] INFO:colcon.colcon_core.shell:Creating package script '/mnt/c/Users/LENOVO/OneDrive/Desktop/drone/install/control_layer/share/control_layer/package.sh'
[22.947s] INFO:colcon.colcon_core.shell:Creating package script '/mnt/c/Users/LENOVO/OneDrive/Desktop/drone/install/control_layer/share/control_layer/package.bash'
[22.972s] INFO:colcon.colcon_core.shell:Creating package script '/mnt/c/Users/LENOVO/OneDrive/Desktop/drone/install/control_layer/share/control_layer/package.zsh'
[22.997s] Level 1:colcon.colcon_core.environment:create_file_with_runtime_dependencies(/mnt/c/Users/LENOVO/OneDrive/Desktop/drone/install/control_layer/share/colcon-core/packages/control_layer)
[23.016s] DEBUG:colcon.colcon_parallel_executor.executor.parallel:closing loop
[23.017s] DEBUG:colcon.colcon_parallel_executor.executor.parallel:loop closed
[23.017s] DEBUG:colcon.colcon_parallel_executor.executor.parallel:run_until_complete finished with '0'
[23.017s] DEBUG:colcon.colcon_core.event_reactor:joining thread
[23.133s] INFO:colcon.colcon_core.plugin_system:Skipping extension 'colcon_notification.desktop_notification.notify_send': Could not find 'notify-send'
[23.134s] INFO:colcon.colcon_core.plugin_system:Skipping extension 'colcon_notification.desktop_notification.terminal_notifier': Not used on non-Darwin systems
[23.134s] INFO:colcon.colcon_core.plugin_system:Skipping extension 'colcon_notification.desktop_notification.win32': Not used on non-Windows systems
[23.135s] INFO:colcon.colcon_notification.desktop_notification:Sending desktop notification using 'notify2'
[23.136s] DEBUG:colcon.colcon_notification.desktop_notification.notify2:Failed to initialize notify2: org.freedesktop.DBus.Error.ServiceUnknown: The name org.freedesktop.Notifications was not provided by any .service files
[23.137s] DEBUG:colcon.colcon_core.event_reactor:joined thread
[23.137s] INFO:colcon.colcon_core.shell:Creating prefix script '/mnt/c/Users/LENOVO/OneDrive/Desktop/drone/install/local_setup.ps1'
[23.147s] INFO:colcon.colcon_core.shell:Creating prefix util module '/mnt/c/Users/LENOVO/OneDrive/Desktop/drone/install/_local_setup_util_ps1.py'
[23.159s] INFO:colcon.colcon_core.shell:Creating prefix chain script '/mnt/c/Users/LENOVO/OneDrive/Desktop/drone/install/setup.ps1'
[23.170s] INFO:colcon.colcon_core.shell:Creating prefix script '/mnt/c/Users/LENOVO/OneDrive/Desktop/drone/install/local_setup.sh'
[23.180s] INFO:colcon.colcon_core.shell:Creating prefix util module '/mnt/c/Users/LENOVO/OneDrive/Desktop/drone/install/_local_setup_util_sh.py'
[23.191s] INFO:colcon.colcon_core.shell:Creating prefix chain script '/mnt/c/Users/LENOVO/OneDrive/Desktop/drone/install/setup.sh'
[23.202s] INFO:colcon.colcon_core.shell:Creating prefix script '/mnt/c/Users/LENOVO/OneDrive/Desktop/drone/install/local_setup.bash'
[23.213s] INFO:colcon.colcon_core.shell:Creating prefix chain script '/mnt/c/Users/LENOVO/OneDrive/Desktop/drone/install/setup.bash'
[23.225s] INFO:colcon.colcon_core.shell:Creating prefix script '/mnt/c/Users/LENOVO/OneDrive/Desktop/drone/install/local_setup.zsh'
[23.235s] INFO:colcon.colcon_core.shell:Creating prefix chain script '/mnt/c/Users/LENOVO/OneDrive/Desktop/drone/install/setup.zsh'
