running develop
running egg_info
writing perception_layer.egg-info/PKG-INFO
writing dependency_links to perception_layer.egg-info/dependency_links.txt
writing entry points to perception_layer.egg-info/entry_points.txt
writing requirements to perception_layer.egg-info/requires.txt
writing top-level names to perception_layer.egg-info/top_level.txt
reading manifest file 'perception_layer.egg-info/SOURCES.txt'
writing manifest file 'perception_layer.egg-info/SOURCES.txt'
running build_ext
Creating /mnt/c/Users/LENOVO/OneDrive/Desktop/drone/install/perception_layer/lib/python3.12/site-packages/perception-layer.egg-link (link to .)
Installing ekf_fusion_node script to /mnt/c/Users/LENOVO/OneDrive/Desktop/drone/install/perception_layer/bin
Installing noise_injection_node script to /mnt/c/Users/LENOVO/OneDrive/Desktop/drone/install/perception_layer/bin
Installing sensor_health_monitor script to /mnt/c/Users/LENOVO/OneDrive/Desktop/drone/install/perception_layer/bin

Installed /mnt/c/Users/LENOVO/OneDrive/Desktop/drone/build/perception_layer
running symlink_data
symbolically linking /mnt/c/Users/LENOVO/OneDrive/Desktop/drone/build/perception_layer/resource/perception_layer -> /mnt/c/Users/LENOVO/OneDrive/Desktop/drone/install/perception_layer/share/ament_index/resource_index/packages
symbolically linking /mnt/c/Users/LENOVO/OneDrive/Desktop/drone/build/perception_layer/package.xml -> /mnt/c/Users/LENOVO/OneDrive/Desktop/drone/install/perception_layer/share/perception_layer
creating /mnt/c/Users/LENOVO/OneDrive/Desktop/drone/install/perception_layer/share/perception_layer/launch
creating /mnt/c/Users/LENOVO/OneDrive/Desktop/drone/install/perception_layer/share/perception_layer/config
symbolically linking /mnt/c/Users/LENOVO/OneDrive/Desktop/drone/build/perception_layer/config/ekf_params.yaml -> /mnt/c/Users/LENOVO/OneDrive/Desktop/drone/install/perception_layer/share/perception_layer/config
