[4.948s] Invoking command in '/mnt/c/Users/LENOVO/OneDrive/Desktop/drone/build/perception_layer': PYTHONPATH=/mnt/c/Users/LENOVO/OneDrive/Desktop/drone/build/perception_layer/prefix_override:/usr/lib/python3/dist-packages/colcon_core/task/python/colcon_distutils_commands:/mnt/c/Users/LENOVO/OneDrive/Desktop/drone/install/perception_layer/lib/python3.12/site-packages:${PYTHONPATH} /usr/bin/python3 -W ignore:setup.py install is deprecated -W ignore:easy_install command is deprecated setup.py develop --editable --build-directory /mnt/c/Users/LENOVO/OneDrive/Desktop/drone/build/perception_layer/build --no-deps symlink_data
[6.568s] running develop
[7.279s] running egg_info
[7.326s] writing perception_layer.egg-info/PKG-INFO
[7.341s] writing dependency_links to perception_layer.egg-info/dependency_links.txt
[7.350s] writing entry points to perception_layer.egg-info/entry_points.txt
[7.358s] writing requirements to perception_layer.egg-info/requires.txt
[7.364s] writing top-level names to perception_layer.egg-info/top_level.txt
[7.575s] reading manifest file 'perception_layer.egg-info/SOURCES.txt'
[7.729s] writing manifest file 'perception_layer.egg-info/SOURCES.txt'
[7.794s] running build_ext
[7.798s] Creating /mnt/c/Users/LENOVO/OneDrive/Desktop/drone/install/perception_layer/lib/python3.12/site-packages/perception-layer.egg-link (link to .)
[7.852s] Installing ekf_fusion_node script to /mnt/c/Users/LENOVO/OneDrive/Desktop/drone/install/perception_layer/bin
[7.878s] Installing noise_injection_node script to /mnt/c/Users/LENOVO/OneDrive/Desktop/drone/install/perception_layer/bin
[7.908s] Installing sensor_health_monitor script to /mnt/c/Users/LENOVO/OneDrive/Desktop/drone/install/perception_layer/bin
[7.945s] 
[7.947s] Installed /mnt/c/Users/LENOVO/OneDrive/Desktop/drone/build/perception_layer
[7.954s] running symlink_data
[7.995s] symbolically linking /mnt/c/Users/LENOVO/OneDrive/Desktop/drone/build/perception_layer/resource/perception_layer -> /mnt/c/Users/LENOVO/OneDrive/Desktop/drone/install/perception_layer/share/ament_index/resource_index/packages
[8.035s] symbolically linking /mnt/c/Users/LENOVO/OneDrive/Desktop/drone/build/perception_layer/package.xml -> /mnt/c/Users/LENOVO/OneDrive/Desktop/drone/install/perception_layer/share/perception_layer
[8.057s] creating /mnt/c/Users/LENOVO/OneDrive/Desktop/drone/install/perception_layer/share/perception_layer/launch
[8.072s] creating /mnt/c/Users/LENOVO/OneDrive/Desktop/drone/install/perception_layer/share/perception_layer/config
[8.104s] symbolically linking /mnt/c/Users/LENOVO/OneDrive/Desktop/drone/build/perception_layer/config/ekf_params.yaml -> /mnt/c/Users/LENOVO/OneDrive/Desktop/drone/install/perception_layer/share/perception_layer/config
