[1.248s] Invoking command in '/mnt/c/Users/LENOVO/OneDrive/Desktop/drone/build/slam_layer': CMAKE_PREFIX_PATH=${CMAKE_PREFIX_PATH}:/opt/ros/jazzy /usr/bin/cmake /mnt/c/Users/LENOVO/OneDrive/Desktop/drone/src/slam_layer -DCMAKE_INSTALL_PREFIX=/mnt/c/Users/LENOVO/OneDrive/Desktop/drone/install/slam_layer
[1.384s] -- Found ament_cmake: 2.5.5 (/opt/ros/jazzy/share/ament_cmake/cmake)
[1.792s] -- Override CMake install command with custom implementation using symlinks instead of copying resources
[2.032s] -- Found rclcpp: 28.1.16 (/opt/ros/jazzy/share/rclcpp/cmake)
[2.472s] -- Found rosidl_generator_c: 4.6.7 (/opt/ros/jazzy/share/rosidl_generator_c/cmake)
[2.559s] -- Found rosidl_generator_cpp: 4.6.7 (/opt/ros/jazzy/share/rosidl_generator_cpp/cmake)
[2.638s] -- Using all available rosidl_typesupport_c: rosidl_typesupport_fastrtps_c;rosidl_typesupport_introspection_c
[2.735s] -- Using all available rosidl_typesupport_cpp: rosidl_typesupport_fastrtps_cpp;rosidl_typesupport_introspection_cpp
[3.018s] -- Found rmw_implementation_cmake: 7.3.3 (/opt/ros/jazzy/share/rmw_implementation_cmake/cmake)
[3.035s] -- Found rmw_fastrtps_cpp: 8.4.3 (/opt/ros/jazzy/share/rmw_fastrtps_cpp/cmake)
[3.670s] -- Using RMW implementation 'rmw_fastrtps_cpp' as default
[6.007s] [31mCMake Error at CMakeLists.txt:10 (find_package):
[6.009s]   By not providing "Findslam_toolbox.cmake" in CMAKE_MODULE_PATH this project
[6.011s]   has asked CMake to find a package configuration file provided by
[6.013s]   "slam_toolbox", but CMake did not find one.
[6.015s] 
[6.017s]   Could not find a package configuration file provided by "slam_toolbox" with
[6.018s]   any of the following names:
[6.020s] 
[6.021s]     slam_toolboxConfig.cmake
[6.023s]     slam_toolbox-config.cmake
[6.025s] 
[6.027s]   Add the installation prefix of "slam_toolbox" to CMAKE_PREFIX_PATH or set
[6.028s]   "slam_toolbox_DIR" to a directory containing one of the above files.  If
[6.030s]   "slam_toolbox" provides a separate development package or SDK, be sure it
[6.031s]   has been installed.
[6.032s] 
[6.034s] [0m
[6.036s] -- Configuring incomplete, errors occurred!
[6.069s] Invoked command in '/mnt/c/Users/LENOVO/OneDrive/Desktop/drone/build/slam_layer' returned '1': CMAKE_PREFIX_PATH=${CMAKE_PREFIX_PATH}:/opt/ros/jazzy /usr/bin/cmake /mnt/c/Users/LENOVO/OneDrive/Desktop/drone/src/slam_layer -DCMAKE_INSTALL_PREFIX=/mnt/c/Users/LENOVO/OneDrive/Desktop/drone/install/slam_layer
