[ 50%] Built target motor_mixer
[100%] Built target pid_controller
-- Install configuration: ""
-- Execute custom install script
-- Up-to-date symlink: /mnt/c/Users/LENOVO/OneDrive/Desktop/drone/install/control_layer/lib/control_layer/pid_controller
-- Up-to-date symlink: /mnt/c/Users/LENOVO/OneDrive/Desktop/drone/install/control_layer/lib/control_layer/motor_mixer
-- Symlinking: /mnt/c/Users/LENOVO/OneDrive/Desktop/drone/install/control_layer/share/ament_index/resource_index/package_run_dependencies/control_layer
-- Symlinking: /mnt/c/Users/LENOVO/OneDrive/Desktop/drone/install/control_layer/share/ament_index/resource_index/parent_prefix_path/control_layer
-- Symlinking: /mnt/c/Users/LENOVO/OneDrive/Desktop/drone/install/control_layer/share/control_layer/environment/ament_prefix_path.sh
-- Symlinking: /mnt/c/Users/LENOVO/OneDrive/Desktop/drone/install/control_layer/share/control_layer/environment/ament_prefix_path.dsv
-- Symlinking: /mnt/c/Users/LENOVO/OneDrive/Desktop/drone/install/control_layer/share/control_layer/environment/path.sh
-- Symlinking: /mnt/c/Users/LENOVO/OneDrive/Desktop/drone/install/control_layer/share/control_layer/environment/path.dsv
-- Symlinking: /mnt/c/Users/LENOVO/OneDrive/Desktop/drone/install/control_layer/share/control_layer/local_setup.bash
-- Symlinking: /mnt/c/Users/LENOVO/OneDrive/Desktop/drone/install/control_layer/share/control_layer/local_setup.sh
-- Symlinking: /mnt/c/Users/LENOVO/OneDrive/Desktop/drone/install/control_layer/share/control_layer/local_setup.zsh
-- Symlinking: /mnt/c/Users/LENOVO/OneDrive/Desktop/drone/install/control_layer/share/control_layer/local_setup.dsv
-- Symlinking: /mnt/c/Users/LENOVO/OneDrive/Desktop/drone/install/control_layer/share/control_layer/package.dsv
-- Symlinking: /mnt/c/Users/LENOVO/OneDrive/Desktop/drone/install/control_layer/share/ament_index/resource_index/packages/control_layer
-- Symlinking: /mnt/c/Users/LENOVO/OneDrive/Desktop/drone/install/control_layer/share/control_layer/cmake/control_layerConfig.cmake
-- Symlinking: /mnt/c/Users/LENOVO/OneDrive/Desktop/drone/install/control_layer/share/control_layer/cmake/control_layerConfig-version.cmake
-- Symlinking: /mnt/c/Users/LENOVO/OneDrive/Desktop/drone/install/control_layer/share/control_layer/package.xml
