[0.142s] Invoking command in '/mnt/c/Users/LENOVO/OneDrive/Desktop/drone/build/control_layer': CMAKE_PREFIX_PATH=${CMAKE_PREFIX_PATH}:/opt/ros/jazzy /usr/bin/cmake /mnt/c/Users/LENOVO/OneDrive/Desktop/drone/src/control_layer -DCMAKE_INSTALL_PREFIX=/mnt/c/Users/LENOVO/OneDrive/Desktop/drone/install/control_layer
[0.394s] -- Found ament_cmake: 2.5.5 (/opt/ros/jazzy/share/ament_cmake/cmake)
[0.811s] -- Override CMake install command with custom implementation using symlinks instead of copying resources
[1.094s] -- Found rclcpp: 28.1.16 (/opt/ros/jazzy/share/rclcpp/cmake)
[1.584s] -- Found rosidl_generator_c: 4.6.7 (/opt/ros/jazzy/share/rosidl_generator_c/cmake)
[1.669s] -- Found rosidl_generator_cpp: 4.6.7 (/opt/ros/jazzy/share/rosidl_generator_cpp/cmake)
[1.765s] -- Using all available rosidl_typesupport_c: rosidl_typesupport_fastrtps_c;rosidl_typesupport_introspection_c
[1.889s] -- Using all available rosidl_typesupport_cpp: rosidl_typesupport_fastrtps_cpp;rosidl_typesupport_introspection_cpp
[2.249s] -- Found rmw_implementation_cmake: 7.3.3 (/opt/ros/jazzy/share/rmw_implementation_cmake/cmake)
[2.274s] -- Found rmw_fastrtps_cpp: 8.4.3 (/opt/ros/jazzy/share/rmw_fastrtps_cpp/cmake)
[2.988s] -- Using RMW implementation 'rmw_fastrtps_cpp' as default
[3.488s] -- Found std_msgs: 5.3.6 (/opt/ros/jazzy/share/std_msgs/cmake)
[3.531s] -- Found geometry_msgs: 5.3.6 (/opt/ros/jazzy/share/geometry_msgs/cmake)
[3.581s] -- Found sensor_msgs: 5.3.6 (/opt/ros/jazzy/share/sensor_msgs/cmake)
[3.724s] -- Found ament_lint_auto: 0.17.4 (/opt/ros/jazzy/share/ament_lint_auto/cmake)
[4.653s] -- Added test 'copyright' to check source files copyright and LICENSE
[5.112s] -- Added test 'cppcheck' to perform static code analysis on C / C++ code
[5.113s] -- Configured cppcheck include dirs: $<BUILD_INTERFACE:/mnt/c/Users/LENOVO/OneDrive/Desktop/drone/src/control_layer/include>
[5.115s] -- Configured cppcheck exclude dirs and/or files: 
[5.563s] -- Added test 'cpplint' to check C / C++ code against the Google style
[5.564s] -- Configured cpplint exclude dirs and/or files: 
[5.743s] -- Added test 'lint_cmake' to check CMake code style
[6.254s] -- Added test 'uncrustify' to check C / C++ code style
[6.255s] -- Configured uncrustify additional arguments: 
[6.325s] -- Added test 'xmllint' to check XML markup files
[6.520s] -- Configuring done (6.2s)
[7.517s] -- Generating done (0.9s)
[8.033s] -- Build files have been written to: /mnt/c/Users/LENOVO/OneDrive/Desktop/drone/build/control_layer
[8.053s] Invoked command in '/mnt/c/Users/LENOVO/OneDrive/Desktop/drone/build/control_layer' returned '0': CMAKE_PREFIX_PATH=${CMAKE_PREFIX_PATH}:/opt/ros/jazzy /usr/bin/cmake /mnt/c/Users/LENOVO/OneDrive/Desktop/drone/src/control_layer -DCMAKE_INSTALL_PREFIX=/mnt/c/Users/LENOVO/OneDrive/Desktop/drone/install/control_layer
[8.075s] Invoking command in '/mnt/c/Users/LENOVO/OneDrive/Desktop/drone/build/control_layer': CMAKE_PREFIX_PATH=${CMAKE_PREFIX_PATH}:/opt/ros/jazzy /usr/bin/cmake --build /mnt/c/Users/LENOVO/OneDrive/Desktop/drone/build/control_layer -- -j16 -l16
[8.107s] gmake: Warning: File 'Makefile' has modification time 1.2 s in the future
[8.347s] gmake[1]: Warning: File 'CMakeFiles/Makefile2' has modification time 1.2 s in the future
[8.376s] gmake[2]: Warning: File 'CMakeFiles/motor_mixer.dir/progress.make' has modification time 1.1 s in the future
[8.378s] gmake[2]: Warning: File 'CMakeFiles/pid_controller.dir/progress.make' has modification time 1.1 s in the future
[8.416s] gmake[2]: warning:  Clock skew detected.  Your build may be incomplete.
[8.445s] gmake[2]: Warning: File 'CMakeFiles/pid_controller.dir/progress.make' has modification time 1.1 s in the future
[8.491s] [ 25%] [32mBuilding CXX object CMakeFiles/pid_controller.dir/src/pid_controller.cpp.o[0m
[9.150s] gmake[2]: warning:  Clock skew detected.  Your build may be incomplete.
[9.188s] gmake[2]: Warning: File 'CMakeFiles/motor_mixer.dir/progress.make' has modification time 0.29 s in the future
[9.219s] gmake[2]: warning:  Clock skew detected.  Your build may be incomplete.
[9.254s] [ 75%] Built target motor_mixer
[9.279s] [01m[K/mnt/c/Users/LENOVO/OneDrive/Desktop/drone/src/control_layer/src/pid_controller.cpp:13:10:[m[K [01;31m[Kfatal error: [m[Knav_msgs/msg/odometry.hpp: No such file or directory
[9.281s]    13 | #include [01;31m[K<nav_msgs/msg/odometry.hpp>[m[K
[9.282s]       |          [01;31m[K^~~~~~~~~~~~~~~~~~~~~~~~~~~[m[K
[9.283s] compilation terminated.
[9.289s] gmake[2]: *** [CMakeFiles/pid_controller.dir/build.make:76: CMakeFiles/pid_controller.dir/src/pid_controller.cpp.o] Error 1
[9.293s] gmake[1]: *** [CMakeFiles/Makefile2:139: CMakeFiles/pid_controller.dir/all] Error 2
[9.295s] gmake: *** [Makefile:146: all] Error 2
[9.297s] Invoked command in '/mnt/c/Users/LENOVO/OneDrive/Desktop/drone/build/control_layer' returned '2': CMAKE_PREFIX_PATH=${CMAKE_PREFIX_PATH}:/opt/ros/jazzy /usr/bin/cmake --build /mnt/c/Users/LENOVO/OneDrive/Desktop/drone/build/control_layer -- -j16 -l16
