[3.924s] Invoking command in '/mnt/c/Users/LENOVO/OneDrive/Desktop/drone/build/perception_layer': PYTHONPATH=/mnt/c/Users/LENOVO/OneDrive/Desktop/drone/build/perception_layer/prefix_override:/usr/lib/python3/dist-packages/colcon_core/task/python/colcon_distutils_commands:/mnt/c/Users/LENOVO/OneDrive/Desktop/drone/install/perception_layer/lib/python3.12/site-packages:${PYTHONPATH} /usr/bin/python3 -W ignore:setup.py install is deprecated -W ignore:easy_install command is deprecated setup.py develop --editable --build-directory /mnt/c/Users/LENOVO/OneDrive/Desktop/drone/build/perception_layer/build --no-deps symlink_data
[5.669s] running develop
[6.296s] running egg_info
[6.298s] creating perception_layer.egg-info
[6.354s] writing perception_layer.egg-info/PKG-INFO
[6.373s] writing dependency_links to perception_layer.egg-info/dependency_links.txt
[6.389s] writing requirements to perception_layer.egg-info/requires.txt
[6.396s] writing top-level names to perception_layer.egg-info/top_level.txt
[6.410s] writing manifest file 'perception_layer.egg-info/SOURCES.txt'
[6.510s] reading manifest file 'perception_layer.egg-info/SOURCES.txt'
[6.602s] writing manifest file 'perception_layer.egg-info/SOURCES.txt'
[6.657s] running build_ext
[6.698s] Creating /mnt/c/Users/LENOVO/OneDrive/Desktop/drone/install/perception_layer/lib/python3.12/site-packages/perception-layer.egg-link (link to .)
[6.755s] 
[6.759s] Installed /mnt/c/Users/LENOVO/OneDrive/Desktop/drone/build/perception_layer
[6.764s] running symlink_data
[6.776s] creating /mnt/c/Users/LENOVO/OneDrive/Desktop/drone/install/perception_layer/share
[6.781s] creating /mnt/c/Users/LENOVO/OneDrive/Desktop/drone/install/perception_layer/share/ament_index
[6.787s] creating /mnt/c/Users/LENOVO/OneDrive/Desktop/drone/install/perception_layer/share/ament_index/resource_index
[6.798s] creating /mnt/c/Users/LENOVO/OneDrive/Desktop/drone/install/perception_layer/share/ament_index/resource_index/packages
[6.810s] error: can't copy '/mnt/c/Users/LENOVO/OneDrive/Desktop/drone/build/perception_layer/resource/perception_layer': doesn't exist or not a regular file
