[0.000000] (-) TimerEvent: {}
[0.001187] (-) JobUnselected: {'identifier': 'control_layer'}
[0.001572] (-) JobUnselected: {'identifier': 'fault_handler'}
[0.001989] (-) JobUnselected: {'identifier': 'navigation_layer'}
[0.002548] (-) JobUnselected: {'identifier': 'perception_layer'}
[0.002958] (-) JobUnselected: {'identifier': 'telemetry'}
[0.003503] (slam_layer) JobQueued: {'identifier': 'slam_layer', 'dependencies': OrderedDict()}
[0.003864] (slam_layer) JobStarted: {'identifier': 'slam_layer'}
[0.038006] (slam_layer) JobProgress: {'identifier': 'slam_layer', 'progress': 'cmake'}
[0.095878] (slam_layer) Command: {'cmd': ['/usr/bin/cmake', '/mnt/c/Users/LENOVO/OneDrive/Desktop/drone/src/slam_layer', '-DCMAKE_INSTALL_PREFIX=/mnt/c/Users/LENOVO/OneDrive/Desktop/drone/install/slam_layer'], 'cwd': '/mnt/c/Users/LENOVO/OneDrive/Desktop/drone/build/slam_layer', 'env': OrderedDict({'USER': 'lenovo', 'SHLVL': '0', 'LD_LIBRARY_PATH': '/opt/ros/jazzy/opt/rviz_ogre_vendor/lib:/opt/ros/jazzy/lib/x86_64-linux-gnu:/opt/ros/jazzy/opt/gz_math_vendor/lib:/opt/ros/jazzy/opt/gz_utils_vendor/lib:/opt/ros/jazzy/opt/gz_cmake_vendor/lib:/opt/ros/jazzy/lib', 'HOME': '/home/lenovo', 'OLDPWD': '/mnt/c/Users/LENOVO/OneDrive/Desktop/drone', 'ROS_PYTHON_VERSION': '3', 'DBUS_SESSION_BUS_ADDRESS': 'unix:path=/run/user/1000/bus', 'WSL_DISTRO_NAME': 'Ubuntu', 'WAYLAND_DISPLAY': 'wayland-0', 'ROS_DISTRO': 'jazzy', 'LOGNAME': 'lenovo', 'NAME': 'LAPTOP-MLDMFMJ8', 'WSL_INTEROP': '/run/WSL/18324_interop', 'PULSE_SERVER': 'unix:/mnt/wslg/PulseServer', '_': '/usr/bin/colcon', 'ROS_VERSION': '2', 'TERM': 'xterm-256color', 'PATH': '/opt/ros/jazzy/bin:/usr/local/sbin:/usr/local/bin:/usr/sbin:/usr/bin:/sbin:/bin:/usr/games:/usr/local/games:/usr/lib/wsl/lib:/mnt/c/Python314/Scripts/:/mnt/c/Python314/:/mnt/c/Windows/system32:/mnt/c/Windows:/mnt/c/Windows/System32/Wbem:/mnt/c/Windows/System32/WindowsPowerShell/v1.0/:/mnt/c/Windows/System32/OpenSSH/:/mnt/c/Program Files (x86)/NVIDIA Corporation/PhysX/Common:/mnt/c/Program Files/NVIDIA Corporation/NVIDIA NvDLISR:/mnt/c/Program Files/Git/cmd:/mnt/c/src/flutter/bin:/mnt/c/MinGW/bin:/mnt/c/Users/LENOVO/AppData/Local/Pub/Cache/bin:/mnt/c/ffmpeg-8.0.1-essentials_build/bin:/mnt/c/Program Files/nodejs/:/mnt/c/ProgramData/chocolatey/bin:/mnt/c/Program Files/dotnet/:/mnt/c/Program Files (x86)/Windows Kits/10/Windows Performance Toolkit/:/mnt/c/Users/LENOVO/AppData/Local/Programs/Python/Python311/Scripts/:/mnt/c/Users/LENOVO/AppData/Local/Programs/Python/Python311/:/mnt/c/Users/LENOVO/AppData/Local/Programs/Python/Launcher/:/mnt/c/Users/LENOVO/AppData/Local/Microsoft/WindowsApps:/mnt/c/Users/LENOVO/AppData/Local/Programs/Microsoft VS Code/bin:/mnt/c/Program Files/Eclipse Adoptium/jdk-17.0.17.10-hotspot/bin:/mnt/c/Users/LENOVO/AppData/Local/Python/bin:/mnt/c/Users/LENOVO/AppData/Roaming/npm:/mnt/c/Users/LENOVO/AppData/Local/Programs/Antigravity/bin', 'XDG_RUNTIME_DIR': '/run/user/1000/', 'DISPLAY': ':0', 'LANG': 'C.UTF-8', 'AMENT_PREFIX_PATH': '/opt/ros/jazzy', 'SHELL': '/bin/bash', 'ROS_AUTOMATIC_DISCOVERY_RANGE': 'SUBNET', 'PWD': '/mnt/c/Users/LENOVO/OneDrive/Desktop/drone/build/slam_layer', 'PYTHONPATH': '/opt/ros/jazzy/lib/python3.12/site-packages', 'COLCON': '1', 'WSL2_GUI_APPS_ENABLED': '1', 'HOSTTYPE': 'x86_64', 'CMAKE_PREFIX_PATH': '/opt/ros/jazzy/opt/gz_math_vendor:/opt/ros/jazzy/opt/gz_utils_vendor:/opt/ros/jazzy/opt/gz_cmake_vendor:/opt/ros/jazzy', 'WSLENV': ''}), 'shell': False}
[0.119835] (-) TimerEvent: {}
[0.227355] (-) TimerEvent: {}
[0.261896] (slam_layer) StdoutLine: {'line': b'-- Found ament_cmake: 2.5.5 (/opt/ros/jazzy/share/ament_cmake/cmake)\n'}
[0.333934] (-) TimerEvent: {}
[0.441326] (-) TimerEvent: {}
[0.550585] (-) TimerEvent: {}
[0.650617] (slam_layer) StdoutLine: {'line': b'-- Override CMake install command with custom implementation using symlinks instead of copying resources\n'}
[0.651997] (-) TimerEvent: {}
[0.756272] (-) TimerEvent: {}
[0.853036] (slam_layer) StdoutLine: {'line': b'-- Found rclcpp: 28.1.16 (/opt/ros/jazzy/share/rclcpp/cmake)\n'}
[0.856586] (-) TimerEvent: {}
[0.965680] (-) TimerEvent: {}
[1.076480] (-) TimerEvent: {}
[1.187391] (-) TimerEvent: {}
[1.217600] (slam_layer) StdoutLine: {'line': b'-- Found rosidl_generator_c: 4.6.7 (/opt/ros/jazzy/share/rosidl_generator_c/cmake)\n'}
[1.282283] (slam_layer) StdoutLine: {'line': b'-- Found rosidl_generator_cpp: 4.6.7 (/opt/ros/jazzy/share/rosidl_generator_cpp/cmake)\n'}
[1.287481] (-) TimerEvent: {}
[1.354612] (slam_layer) StdoutLine: {'line': b'-- Using all available rosidl_typesupport_c: rosidl_typesupport_fastrtps_c;rosidl_typesupport_introspection_c\n'}
[1.390781] (-) TimerEvent: {}
[1.447331] (slam_layer) StdoutLine: {'line': b'-- Using all available rosidl_typesupport_cpp: rosidl_typesupport_fastrtps_cpp;rosidl_typesupport_introspection_cpp\n'}
[1.495098] (-) TimerEvent: {}
[1.606043] (-) TimerEvent: {}
[1.706927] (-) TimerEvent: {}
[1.712958] (slam_layer) StdoutLine: {'line': b'-- Found rmw_implementation_cmake: 7.3.3 (/opt/ros/jazzy/share/rmw_implementation_cmake/cmake)\n'}
[1.731275] (slam_layer) StdoutLine: {'line': b'-- Found rmw_fastrtps_cpp: 8.4.3 (/opt/ros/jazzy/share/rmw_fastrtps_cpp/cmake)\n'}
[1.810633] (-) TimerEvent: {}
[1.921290] (-) TimerEvent: {}
[2.031744] (-) TimerEvent: {}
[2.142405] (-) TimerEvent: {}
[2.253216] (-) TimerEvent: {}
[2.337704] (slam_layer) StdoutLine: {'line': b"-- Using RMW implementation 'rmw_fastrtps_cpp' as default\n"}
[2.353526] (-) TimerEvent: {}
[2.462787] (-) TimerEvent: {}
[2.571104] (-) TimerEvent: {}
[2.682031] (-) TimerEvent: {}
[2.791747] (-) TimerEvent: {}
[2.899833] (-) TimerEvent: {}
[3.010674] (-) TimerEvent: {}
[3.120933] (-) TimerEvent: {}
[3.231642] (-) TimerEvent: {}
[3.342356] (-) TimerEvent: {}
[3.453227] (-) TimerEvent: {}
[3.557434] (-) TimerEvent: {}
[3.666544] (-) TimerEvent: {}
[3.772617] (-) TimerEvent: {}
[3.881756] (-) TimerEvent: {}
[3.990985] (-) TimerEvent: {}
[4.098103] (-) TimerEvent: {}
[4.206907] (-) TimerEvent: {}
[4.316108] (-) TimerEvent: {}
[4.425211] (-) TimerEvent: {}
[4.534355] (-) TimerEvent: {}
[4.620931] (slam_layer) StderrLine: {'line': b'\x1b[31mCMake Error at CMakeLists.txt:10 (find_package):\n'}
[4.622387] (slam_layer) StderrLine: {'line': b'  By not providing "Findslam_toolbox.cmake" in CMAKE_MODULE_PATH this project\n'}
[4.623566] (slam_layer) StderrLine: {'line': b'  has asked CMake to find a package configuration file provided by\n'}
[4.624834] (slam_layer) StderrLine: {'line': b'  "slam_toolbox", but CMake did not find one.\n'}
[4.626249] (slam_layer) StderrLine: {'line': b'\n'}
[4.627728] (slam_layer) StderrLine: {'line': b'  Could not find a package configuration file provided by "slam_toolbox" with\n'}
[4.629153] (slam_layer) StderrLine: {'line': b'  any of the following names:\n'}
[4.630535] (slam_layer) StderrLine: {'line': b'\n'}
[4.631891] (slam_layer) StderrLine: {'line': b'    slam_toolboxConfig.cmake\n'}
[4.633020] (slam_layer) StderrLine: {'line': b'    slam_toolbox-config.cmake\n'}
[4.634027] (slam_layer) StderrLine: {'line': b'\n'}
[4.635319] (-) TimerEvent: {}
[4.635688] (slam_layer) StderrLine: {'line': b'  Add the installation prefix of "slam_toolbox" to CMAKE_PREFIX_PATH or set\n'}
[4.636747] (slam_layer) StderrLine: {'line': b'  "slam_toolbox_DIR" to a directory containing one of the above files.  If\n'}
[4.637806] (slam_layer) StderrLine: {'line': b'  "slam_toolbox" provides a separate development package or SDK, be sure it\n'}
[4.638974] (slam_layer) StderrLine: {'line': b'  has been installed.\n'}
[4.640121] (slam_layer) StderrLine: {'line': b'\n'}
[4.641067] (slam_layer) StderrLine: {'line': b'\x1b[0m\n'}
[4.642096] (slam_layer) StdoutLine: {'line': b'-- Configuring incomplete, errors occurred!\n'}
[4.677399] (slam_layer) CommandEnded: {'returncode': 1}
[4.740220] (-) TimerEvent: {}
[4.848338] (-) TimerEvent: {}
[4.956093] (-) TimerEvent: {}
[5.019794] (slam_layer) JobEnded: {'identifier': 'slam_layer', 'rc': 1}
[5.033382] (-) EventReactorShutdown: {}
