[0.000000] (-) TimerEvent: {}
[0.001103] (control_layer) JobQueued: {'identifier': 'control_layer', 'dependencies': OrderedDict()}
[0.001928] (fault_handler) JobQueued: {'identifier': 'fault_handler', 'dependencies': OrderedDict()}
[0.002393] (navigation_layer) JobQueued: {'identifier': 'navigation_layer', 'dependencies': OrderedDict()}
[0.002950] (perception_layer) JobQueued: {'identifier': 'perception_layer', 'dependencies': OrderedDict()}
[0.003435] (slam_layer) JobQueued: {'identifier': 'slam_layer', 'dependencies': OrderedDict()}
[0.004088] (telemetry) JobQueued: {'identifier': 'telemetry', 'dependencies': OrderedDict()}
[0.004604] (control_layer) JobStarted: {'identifier': 'control_layer'}
[0.023352] (fault_handler) JobStarted: {'identifier': 'fault_handler'}
[0.104219] (-) TimerEvent: {}
[0.132806] (navigation_layer) JobStarted: {'identifier': 'navigation_layer'}
[0.209078] (-) TimerEvent: {}
[0.238850] (perception_layer) JobStarted: {'identifier': 'perception_layer'}
[0.313588] (-) TimerEvent: {}
[0.345561] (slam_layer) JobStarted: {'identifier': 'slam_layer'}
[0.364277] (telemetry) JobStarted: {'identifier': 'telemetry'}
[0.414054] (-) TimerEvent: {}
[0.478886] (control_layer) JobProgress: {'identifier': 'control_layer', 'progress': 'cmake'}
[0.515666] (control_layer) JobProgress: {'identifier': 'control_layer', 'progress': 'build'}
[0.516042] (-) TimerEvent: {}
[0.524579] (control_layer) Command: {'cmd': ['/usr/bin/cmake', '--build', '/mnt/c/Users/LENOVO/OneDrive/Desktop/drone/build/control_layer', '--', '-j16', '-l16'], 'cwd': '/mnt/c/Users/LENOVO/OneDrive/Desktop/drone/build/control_layer', 'env': OrderedDict({'USER': 'lenovo', 'SHLVL': '0', 'LD_LIBRARY_PATH': '/opt/ros/jazzy/opt/rviz_ogre_vendor/lib:/opt/ros/jazzy/lib/x86_64-linux-gnu:/opt/ros/jazzy/opt/gz_math_vendor/lib:/opt/ros/jazzy/opt/gz_utils_vendor/lib:/opt/ros/jazzy/opt/gz_cmake_vendor/lib:/opt/ros/jazzy/lib', 'HOME': '/home/lenovo', 'OLDPWD': '/mnt/c/Users/LENOVO/OneDrive/Desktop/drone', 'ROS_PYTHON_VERSION': '3', 'DBUS_SESSION_BUS_ADDRESS': 'unix:path=/run/user/1000/bus', 'WSL_DISTRO_NAME': 'Ubuntu', 'WAYLAND_DISPLAY': 'wayland-0', 'ROS_DISTRO': 'jazzy', 'LOGNAME': 'lenovo', 'NAME': 'LAPTOP-MLDMFMJ8', 'WSL_INTEROP': '/run/WSL/18096_interop', 'PULSE_SERVER': 'unix:/mnt/wslg/PulseServer', '_': '/usr/bin/colcon', 'ROS_VERSION': '2', 'TERM': 'xterm-256color', 'PATH': '/opt/ros/jazzy/bin:/usr/local/sbin:/usr/local/bin:/usr/sbin:/usr/bin:/sbin:/bin:/usr/games:/usr/local/games:/usr/lib/wsl/lib:/mnt/c/Python314/Scripts/:/mnt/c/Python314/:/mnt/c/Windows/system32:/mnt/c/Windows:/mnt/c/Windows/System32/Wbem:/mnt/c/Windows/System32/WindowsPowerShell/v1.0/:/mnt/c/Windows/System32/OpenSSH/:/mnt/c/Program Files (x86)/NVIDIA Corporation/PhysX/Common:/mnt/c/Program Files/NVIDIA Corporation/NVIDIA NvDLISR:/mnt/c/Program Files/Git/cmd:/mnt/c/src/flutter/bin:/mnt/c/MinGW/bin:/mnt/c/Users/LENOVO/AppData/Local/Pub/Cache/bin:/mnt/c/ffmpeg-8.0.1-essentials_build/bin:/mnt/c/Program Files/nodejs/:/mnt/c/ProgramData/chocolatey/bin:/mnt/c/Program Files/dotnet/:/mnt/c/Program Files (x86)/Windows Kits/10/Windows Performance Toolkit/:/mnt/c/Users/LENOVO/AppData/Local/Programs/Python/Python311/Scripts/:/mnt/c/Users/LENOVO/AppData/Local/Programs/Python/Python311/:/mnt/c/Users/LENOVO/AppData/Local/Programs/Python/Launcher/:/mnt/c/Users/LENOVO/AppData/Local/Microsoft/WindowsApps:/mnt/c/Users/LENOVO/AppData/Local/Programs/Microsoft VS Code/bin:/mnt/c/Program Files/Eclipse Adoptium/jdk-17.0.17.10-hotspot/bin:/mnt/c/Users/LENOVO/AppData/Local/Python/bin:/mnt/c/Users/LENOVO/AppData/Roaming/npm:/mnt/c/Users/LENOVO/AppData/Local/Programs/Antigravity/bin', 'XDG_RUNTIME_DIR': '/run/user/1000/', 'DISPLAY': ':0', 'LANG': 'C.UTF-8', 'AMENT_PREFIX_PATH': '/opt/ros/jazzy', 'SHELL': '/bin/bash', 'ROS_AUTOMATIC_DISCOVERY_RANGE': 'SUBNET', 'PWD': '/mnt/c/Users/LENOVO/OneDrive/Desktop/drone/build/control_layer', 'PYTHONPATH': '/opt/ros/jazzy/lib/python3.12/site-packages', 'COLCON': '1', 'WSL2_GUI_APPS_ENABLED': '1', 'HOSTTYPE': 'x86_64', 'CMAKE_PREFIX_PATH': '/opt/ros/jazzy/opt/gz_math_vendor:/opt/ros/jazzy/opt/gz_utils_vendor:/opt/ros/jazzy/opt/gz_cmake_vendor:/opt/ros/jazzy', 'WSLENV': ''}), 'shell': False}
[0.620851] (-) TimerEvent: {}
[0.721643] (-) TimerEvent: {}
[0.822282] (-) TimerEvent: {}
[0.923044] (-) TimerEvent: {}
[1.024238] (-) TimerEvent: {}
[1.125336] (-) TimerEvent: {}
[1.226023] (-) TimerEvent: {}
[1.336710] (-) TimerEvent: {}
[1.437560] (-) TimerEvent: {}
[1.528571] (slam_layer) JobProgress: {'identifier': 'slam_layer', 'progress': 'cmake'}
[1.537707] (-) TimerEvent: {}
[1.577170] (slam_layer) Command: {'cmd': ['/usr/bin/cmake', '/mnt/c/Users/LENOVO/OneDrive/Desktop/drone/src/slam_layer', '-DCMAKE_INSTALL_PREFIX=/mnt/c/Users/LENOVO/OneDrive/Desktop/drone/install/slam_layer'], 'cwd': '/mnt/c/Users/LENOVO/OneDrive/Desktop/drone/build/slam_layer', 'env': OrderedDict({'USER': 'lenovo', 'SHLVL': '0', 'LD_LIBRARY_PATH': '/opt/ros/jazzy/opt/rviz_ogre_vendor/lib:/opt/ros/jazzy/lib/x86_64-linux-gnu:/opt/ros/jazzy/opt/gz_math_vendor/lib:/opt/ros/jazzy/opt/gz_utils_vendor/lib:/opt/ros/jazzy/opt/gz_cmake_vendor/lib:/opt/ros/jazzy/lib', 'HOME': '/home/lenovo', 'OLDPWD': '/mnt/c/Users/LENOVO/OneDrive/Desktop/drone', 'ROS_PYTHON_VERSION': '3', 'DBUS_SESSION_BUS_ADDRESS': 'unix:path=/run/user/1000/bus', 'WSL_DISTRO_NAME': 'Ubuntu', 'WAYLAND_DISPLAY': 'wayland-0', 'ROS_DISTRO': 'jazzy', 'LOGNAME': 'lenovo', 'NAME': 'LAPTOP-MLDMFMJ8', 'WSL_INTEROP': '/run/WSL/18096_interop', 'PULSE_SERVER': 'unix:/mnt/wslg/PulseServer', '_': '/usr/bin/colcon', 'ROS_VERSION': '2', 'TERM': 'xterm-256color', 'PATH': '/opt/ros/jazzy/bin:/usr/local/sbin:/usr/local/bin:/usr/sbin:/usr/bin:/sbin:/bin:/usr/games:/usr/local/games:/usr/lib/wsl/lib:/mnt/c/Python314/Scripts/:/mnt/c/Python314/:/mnt/c/Windows/system32:/mnt/c/Windows:/mnt/c/Windows/System32/Wbem:/mnt/c/Windows/System32/WindowsPowerShell/v1.0/:/mnt/c/Windows/System32/OpenSSH/:/mnt/c/Program Files (x86)/NVIDIA Corporation/PhysX/Common:/mnt/c/Program Files/NVIDIA Corporation/NVIDIA NvDLISR:/mnt/c/Program Files/Git/cmd:/mnt/c/src/flutter/bin:/mnt/c/MinGW/bin:/mnt/c/Users/LENOVO/AppData/Local/Pub/Cache/bin:/mnt/c/ffmpeg-8.0.1-essentials_build/bin:/mnt/c/Program Files/nodejs/:/mnt/c/ProgramData/chocolatey/bin:/mnt/c/Program Files/dotnet/:/mnt/c/Program Files (x86)/Windows Kits/10/Windows Performance Toolkit/:/mnt/c/Users/LENOVO/AppData/Local/Programs/Python/Python311/Scripts/:/mnt/c/Users/LENOVO/AppData/Local/Programs/Python/Python311/:/mnt/c/Users/LENOVO/AppData/Local/Programs/Python/Launcher/:/mnt/c/Users/LENOVO/AppData/Local/Microsoft/WindowsApps:/mnt/c/Users/LENOVO/AppData/Local/Programs/Microsoft VS Code/bin:/mnt/c/Program Files/Eclipse Adoptium/jdk-17.0.17.10-hotspot/bin:/mnt/c/Users/LENOVO/AppData/Local/Python/bin:/mnt/c/Users/LENOVO/AppData/Roaming/npm:/mnt/c/Users/LENOVO/AppData/Local/Programs/Antigravity/bin', 'XDG_RUNTIME_DIR': '/run/user/1000/', 'DISPLAY': ':0', 'LANG': 'C.UTF-8', 'AMENT_PREFIX_PATH': '/opt/ros/jazzy', 'SHELL': '/bin/bash', 'ROS_AUTOMATIC_DISCOVERY_RANGE': 'SUBNET', 'PWD': '/mnt/c/Users/LENOVO/OneDrive/Desktop/drone/build/slam_layer', 'PYTHONPATH': '/opt/ros/jazzy/lib/python3.12/site-packages', 'COLCON': '1', 'WSL2_GUI_APPS_ENABLED': '1', 'HOSTTYPE': 'x86_64', 'CMAKE_PREFIX_PATH': '/opt/ros/jazzy/opt/gz_math_vendor:/opt/ros/jazzy/opt/gz_utils_vendor:/opt/ros/jazzy/opt/gz_cmake_vendor:/opt/ros/jazzy', 'WSLENV': ''}), 'shell': False}
[1.594428] (control_layer) StdoutLine: {'line': b'[ 50%] Built target motor_mixer\n'}
[1.596004] (control_layer) StdoutLine: {'line': b'[100%] Built target pid_controller\n'}
[1.597613] (control_layer) StderrLine: {'line': b"gmake[2]: Warning: File 'CMakeFiles/pid_controller.dir/compiler_depend.make' has modification time 0.64 s in the future\n"}
[1.599198] (control_layer) StderrLine: {'line': b'gmake[2]: warning:  Clock skew detected.  Your build may be incomplete.\n'}
[1.600341] (control_layer) CommandEnded: {'returncode': 0}
[1.611879] (control_layer) JobProgress: {'identifier': 'control_layer', 'progress': 'install'}
[1.631933] (control_layer) Command: {'cmd': ['/usr/bin/cmake', '--install', '/mnt/c/Users/LENOVO/OneDrive/Desktop/drone/build/control_layer'], 'cwd': '/mnt/c/Users/LENOVO/OneDrive/Desktop/drone/build/control_layer', 'env': OrderedDict({'USER': 'lenovo', 'SHLVL': '0', 'LD_LIBRARY_PATH': '/opt/ros/jazzy/opt/rviz_ogre_vendor/lib:/opt/ros/jazzy/lib/x86_64-linux-gnu:/opt/ros/jazzy/opt/gz_math_vendor/lib:/opt/ros/jazzy/opt/gz_utils_vendor/lib:/opt/ros/jazzy/opt/gz_cmake_vendor/lib:/opt/ros/jazzy/lib', 'HOME': '/home/lenovo', 'OLDPWD': '/mnt/c/Users/LENOVO/OneDrive/Desktop/drone', 'ROS_PYTHON_VERSION': '3', 'DBUS_SESSION_BUS_ADDRESS': 'unix:path=/run/user/1000/bus', 'WSL_DISTRO_NAME': 'Ubuntu', 'WAYLAND_DISPLAY': 'wayland-0', 'ROS_DISTRO': 'jazzy', 'LOGNAME': 'lenovo', 'NAME': 'LAPTOP-MLDMFMJ8', 'WSL_INTEROP': '/run/WSL/18096_interop', 'PULSE_SERVER': 'unix:/mnt/wslg/PulseServer', '_': '/usr/bin/colcon', 'ROS_VERSION': '2', 'TERM': 'xterm-256color', 'PATH': '/opt/ros/jazzy/bin:/usr/local/sbin:/usr/local/bin:/usr/sbin:/usr/bin:/sbin:/bin:/usr/games:/usr/local/games:/usr/lib/wsl/lib:/mnt/c/Python314/Scripts/:/mnt/c/Python314/:/mnt/c/Windows/system32:/mnt/c/Windows:/mnt/c/Windows/System32/Wbem:/mnt/c/Windows/System32/WindowsPowerShell/v1.0/:/mnt/c/Windows/System32/OpenSSH/:/mnt/c/Program Files (x86)/NVIDIA Corporation/PhysX/Common:/mnt/c/Program Files/NVIDIA Corporation/NVIDIA NvDLISR:/mnt/c/Program Files/Git/cmd:/mnt/c/src/flutter/bin:/mnt/c/MinGW/bin:/mnt/c/Users/LENOVO/AppData/Local/Pub/Cache/bin:/mnt/c/ffmpeg-8.0.1-essentials_build/bin:/mnt/c/Program Files/nodejs/:/mnt/c/ProgramData/chocolatey/bin:/mnt/c/Program Files/dotnet/:/mnt/c/Program Files (x86)/Windows Kits/10/Windows Performance Toolkit/:/mnt/c/Users/LENOVO/AppData/Local/Programs/Python/Python311/Scripts/:/mnt/c/Users/LENOVO/AppData/Local/Programs/Python/Python311/:/mnt/c/Users/LENOVO/AppData/Local/Programs/Python/Launcher/:/mnt/c/Users/LENOVO/AppData/Local/Microsoft/WindowsApps:/mnt/c/Users/LENOVO/AppData/Local/Programs/Microsoft VS Code/bin:/mnt/c/Program Files/Eclipse Adoptium/jdk-17.0.17.10-hotspot/bin:/mnt/c/Users/LENOVO/AppData/Local/Python/bin:/mnt/c/Users/LENOVO/AppData/Roaming/npm:/mnt/c/Users/LENOVO/AppData/Local/Programs/Antigravity/bin', 'XDG_RUNTIME_DIR': '/run/user/1000/', 'DISPLAY': ':0', 'LANG': 'C.UTF-8', 'AMENT_PREFIX_PATH': '/opt/ros/jazzy', 'SHELL': '/bin/bash', 'ROS_AUTOMATIC_DISCOVERY_RANGE': 'SUBNET', 'PWD': '/mnt/c/Users/LENOVO/OneDrive/Desktop/drone/build/control_layer', 'PYTHONPATH': '/opt/ros/jazzy/lib/python3.12/site-packages', 'COLCON': '1', 'WSL2_GUI_APPS_ENABLED': '1', 'HOSTTYPE': 'x86_64', 'CMAKE_PREFIX_PATH': '/opt/ros/jazzy/opt/gz_math_vendor:/opt/ros/jazzy/opt/gz_utils_vendor:/opt/ros/jazzy/opt/gz_cmake_vendor:/opt/ros/jazzy', 'WSLENV': ''}), 'shell': False}
[1.638158] (-) TimerEvent: {}
[1.729340] (slam_layer) StdoutLine: {'line': b'-- Found ament_cmake: 2.5.5 (/opt/ros/jazzy/share/ament_cmake/cmake)\n'}
[1.738849] (-) TimerEvent: {}
[1.839723] (-) TimerEvent: {}
[1.941194] (-) TimerEvent: {}
[1.987986] (control_layer) StdoutLine: {'line': b'-- Install configuration: ""\n'}
[1.989629] (control_layer) StdoutLine: {'line': b'-- Execute custom install script\n'}
[1.991019] (control_layer) StdoutLine: {'line': b'-- Up-to-date symlink: /mnt/c/Users/LENOVO/OneDrive/Desktop/drone/install/control_layer/lib/control_layer/pid_controller\n'}
[1.992161] (control_layer) StdoutLine: {'line': b'-- Up-to-date symlink: /mnt/c/Users/LENOVO/OneDrive/Desktop/drone/install/control_layer/lib/control_layer/motor_mixer\n'}
[1.993792] (control_layer) StdoutLine: {'line': b'-- Symlinking: /mnt/c/Users/LENOVO/OneDrive/Desktop/drone/install/control_layer/share/ament_index/resource_index/package_run_dependencies/control_layer\n'}
[1.999094] (control_layer) StdoutLine: {'line': b'-- Symlinking: /mnt/c/Users/LENOVO/OneDrive/Desktop/drone/install/control_layer/share/ament_index/resource_index/parent_prefix_path/control_layer\n'}
[2.018019] (control_layer) StdoutLine: {'line': b'-- Symlinking: /mnt/c/Users/LENOVO/OneDrive/Desktop/drone/install/control_layer/share/control_layer/environment/ament_prefix_path.sh\n'}
[2.041640] (-) TimerEvent: {}
[2.082725] (control_layer) StdoutLine: {'line': b'-- Symlinking: /mnt/c/Users/LENOVO/OneDrive/Desktop/drone/install/control_layer/share/control_layer/environment/ament_prefix_path.dsv\n'}
[2.136809] (slam_layer) StdoutLine: {'line': b'-- Override CMake install command with custom implementation using symlinks instead of copying resources\n'}
[2.141779] (-) TimerEvent: {}
[2.152822] (control_layer) StdoutLine: {'line': b'-- Symlinking: /mnt/c/Users/LENOVO/OneDrive/Desktop/drone/install/control_layer/share/control_layer/environment/path.sh\n'}
[2.222411] (control_layer) StdoutLine: {'line': b'-- Symlinking: /mnt/c/Users/LENOVO/OneDrive/Desktop/drone/install/control_layer/share/control_layer/environment/path.dsv\n'}
[2.241964] (-) TimerEvent: {}
[2.295046] (control_layer) StdoutLine: {'line': b'-- Symlinking: /mnt/c/Users/LENOVO/OneDrive/Desktop/drone/install/control_layer/share/control_layer/local_setup.bash\n'}
[2.342180] (-) TimerEvent: {}
[2.361237] (control_layer) StdoutLine: {'line': b'-- Symlinking: /mnt/c/Users/LENOVO/OneDrive/Desktop/drone/install/control_layer/share/control_layer/local_setup.sh\n'}
[2.376706] (slam_layer) StdoutLine: {'line': b'-- Found rclcpp: 28.1.16 (/opt/ros/jazzy/share/rclcpp/cmake)\n'}
[2.427027] (control_layer) StdoutLine: {'line': b'-- Symlinking: /mnt/c/Users/LENOVO/OneDrive/Desktop/drone/install/control_layer/share/control_layer/local_setup.zsh\n'}
[2.442383] (-) TimerEvent: {}
[2.490136] (control_layer) StdoutLine: {'line': b'-- Symlinking: /mnt/c/Users/LENOVO/OneDrive/Desktop/drone/install/control_layer/share/control_layer/local_setup.dsv\n'}
[2.542626] (-) TimerEvent: {}
[2.551442] (control_layer) StdoutLine: {'line': b'-- Symlinking: /mnt/c/Users/LENOVO/OneDrive/Desktop/drone/install/control_layer/share/control_layer/package.dsv\n'}
[2.642909] (-) TimerEvent: {}
[2.651168] (control_layer) StdoutLine: {'line': b'-- Symlinking: /mnt/c/Users/LENOVO/OneDrive/Desktop/drone/install/control_layer/share/ament_index/resource_index/packages/control_layer\n'}
[2.743220] (-) TimerEvent: {}
[2.756822] (control_layer) StdoutLine: {'line': b'-- Symlinking: /mnt/c/Users/LENOVO/OneDrive/Desktop/drone/install/control_layer/share/control_layer/cmake/control_layerConfig.cmake\n'}
[2.816915] (slam_layer) StdoutLine: {'line': b'-- Found rosidl_generator_c: 4.6.7 (/opt/ros/jazzy/share/rosidl_generator_c/cmake)\n'}
[2.845300] (control_layer) StdoutLine: {'line': b'-- Symlinking: /mnt/c/Users/LENOVO/OneDrive/Desktop/drone/install/control_layer/share/control_layer/cmake/control_layerConfig-version.cmake\n'}
[2.847589] (-) TimerEvent: {}
[2.903047] (slam_layer) StdoutLine: {'line': b'-- Found rosidl_generator_cpp: 4.6.7 (/opt/ros/jazzy/share/rosidl_generator_cpp/cmake)\n'}
[2.920043] (control_layer) StdoutLine: {'line': b'-- Symlinking: /mnt/c/Users/LENOVO/OneDrive/Desktop/drone/install/control_layer/share/control_layer/package.xml\n'}
[2.947956] (-) TimerEvent: {}
[2.967749] (control_layer) CommandEnded: {'returncode': 0}
[2.982425] (slam_layer) StdoutLine: {'line': b'-- Using all available rosidl_typesupport_c: rosidl_typesupport_fastrtps_c;rosidl_typesupport_introspection_c\n'}
[3.048882] (-) TimerEvent: {}
[3.079171] (slam_layer) StdoutLine: {'line': b'-- Using all available rosidl_typesupport_cpp: rosidl_typesupport_fastrtps_cpp;rosidl_typesupport_introspection_cpp\n'}
[3.149401] (-) TimerEvent: {}
[3.250167] (-) TimerEvent: {}
[3.351153] (-) TimerEvent: {}
[3.363405] (slam_layer) StdoutLine: {'line': b'-- Found rmw_implementation_cmake: 7.3.3 (/opt/ros/jazzy/share/rmw_implementation_cmake/cmake)\n'}
[3.379988] (slam_layer) StdoutLine: {'line': b'-- Found rmw_fastrtps_cpp: 8.4.3 (/opt/ros/jazzy/share/rmw_fastrtps_cpp/cmake)\n'}
[3.451465] (-) TimerEvent: {}
[3.552717] (-) TimerEvent: {}
[3.653783] (-) TimerEvent: {}
[3.754568] (-) TimerEvent: {}
[3.855442] (-) TimerEvent: {}
[3.956334] (-) TimerEvent: {}
[4.014412] (slam_layer) StdoutLine: {'line': b"-- Using RMW implementation 'rmw_fastrtps_cpp' as default\n"}
[4.056965] (-) TimerEvent: {}
[4.157815] (-) TimerEvent: {}
[4.259297] (-) TimerEvent: {}
[4.302613] (control_layer) JobEnded: {'identifier': 'control_layer', 'rc': 0}
[4.359476] (-) TimerEvent: {}
[4.460733] (-) TimerEvent: {}
[4.561653] (-) TimerEvent: {}
[4.573698] (perception_layer) Command: {'cmd': ['/usr/bin/python3', '-W', 'ignore:setup.py install is deprecated', '-W', 'ignore:easy_install command is deprecated', 'setup.py', 'develop', '--uninstall', '--editable', '--build-directory', '/mnt/c/Users/LENOVO/OneDrive/Desktop/drone/build/perception_layer/build'], 'cwd': '/mnt/c/Users/LENOVO/OneDrive/Desktop/drone/build/perception_layer', 'env': {'USER': 'lenovo', 'SHLVL': '0', 'LD_LIBRARY_PATH': '/opt/ros/jazzy/opt/rviz_ogre_vendor/lib:/opt/ros/jazzy/lib/x86_64-linux-gnu:/opt/ros/jazzy/opt/gz_math_vendor/lib:/opt/ros/jazzy/opt/gz_utils_vendor/lib:/opt/ros/jazzy/opt/gz_cmake_vendor/lib:/opt/ros/jazzy/lib', 'HOME': '/home/lenovo', 'OLDPWD': '/mnt/c/Users/LENOVO/OneDrive/Desktop/drone', 'ROS_PYTHON_VERSION': '3', 'DBUS_SESSION_BUS_ADDRESS': 'unix:path=/run/user/1000/bus', 'WSL_DISTRO_NAME': 'Ubuntu', 'WAYLAND_DISPLAY': 'wayland-0', 'ROS_DISTRO': 'jazzy', 'LOGNAME': 'lenovo', 'NAME': 'LAPTOP-MLDMFMJ8', 'WSL_INTEROP': '/run/WSL/18096_interop', 'PULSE_SERVER': 'unix:/mnt/wslg/PulseServer', '_': '/usr/bin/colcon', 'ROS_VERSION': '2', 'TERM': 'xterm-256color', 'PATH': '/opt/ros/jazzy/bin:/usr/local/sbin:/usr/local/bin:/usr/sbin:/usr/bin:/sbin:/bin:/usr/games:/usr/local/games:/usr/lib/wsl/lib:/mnt/c/Python314/Scripts/:/mnt/c/Python314/:/mnt/c/Windows/system32:/mnt/c/Windows:/mnt/c/Windows/System32/Wbem:/mnt/c/Windows/System32/WindowsPowerShell/v1.0/:/mnt/c/Windows/System32/OpenSSH/:/mnt/c/Program Files (x86)/NVIDIA Corporation/PhysX/Common:/mnt/c/Program Files/NVIDIA Corporation/NVIDIA NvDLISR:/mnt/c/Program Files/Git/cmd:/mnt/c/src/flutter/bin:/mnt/c/MinGW/bin:/mnt/c/Users/LENOVO/AppData/Local/Pub/Cache/bin:/mnt/c/ffmpeg-8.0.1-essentials_build/bin:/mnt/c/Program Files/nodejs/:/mnt/c/ProgramData/chocolatey/bin:/mnt/c/Program Files/dotnet/:/mnt/c/Program Files (x86)/Windows Kits/10/Windows Performance Toolkit/:/mnt/c/Users/LENOVO/AppData/Local/Programs/Python/Python311/Scripts/:/mnt/c/Users/LENOVO/AppData/Local/Programs/Python/Python311/:/mnt/c/Users/LENOVO/AppData/Local/Programs/Python/Launcher/:/mnt/c/Users/LENOVO/AppData/Local/Microsoft/WindowsApps:/mnt/c/Users/LENOVO/AppData/Local/Programs/Microsoft VS Code/bin:/mnt/c/Program Files/Eclipse Adoptium/jdk-17.0.17.10-hotspot/bin:/mnt/c/Users/LENOVO/AppData/Local/Python/bin:/mnt/c/Users/LENOVO/AppData/Roaming/npm:/mnt/c/Users/LENOVO/AppData/Local/Programs/Antigravity/bin', 'XDG_RUNTIME_DIR': '/run/user/1000/', 'DISPLAY': ':0', 'LANG': 'C.UTF-8', 'AMENT_PREFIX_PATH': '/opt/ros/jazzy', 'SHELL': '/bin/bash', 'ROS_AUTOMATIC_DISCOVERY_RANGE': 'SUBNET', 'PWD': '/mnt/c/Users/LENOVO/OneDrive/Desktop/drone/build/perception_layer', 'PYTHONPATH': '/mnt/c/Users/LENOVO/OneDrive/Desktop/drone/build/perception_layer/prefix_override:/usr/lib/python3/dist-packages/colcon_core/task/python/colcon_distutils_commands:/mnt/c/Users/LENOVO/OneDrive/Desktop/drone/install/perception_layer/lib/python3.12/site-packages:/opt/ros/jazzy/lib/python3.12/site-packages', 'COLCON': '1', 'WSL2_GUI_APPS_ENABLED': '1', 'HOSTTYPE': 'x86_64', 'CMAKE_PREFIX_PATH': '/opt/ros/jazzy/opt/gz_math_vendor:/opt/ros/jazzy/opt/gz_utils_vendor:/opt/ros/jazzy/opt/gz_cmake_vendor', 'WSLENV': ''}, 'shell': False}
[4.593566] (telemetry) Command: {'cmd': ['/usr/bin/python3', '-W', 'ignore:setup.py install is deprecated', '-W', 'ignore:easy_install command is deprecated', 'setup.py', 'develop', '--uninstall', '--editable', '--build-directory', '/mnt/c/Users/LENOVO/OneDrive/Desktop/drone/build/telemetry/build'], 'cwd': '/mnt/c/Users/LENOVO/OneDrive/Desktop/drone/build/telemetry', 'env': {'USER': 'lenovo', 'SHLVL': '0', 'LD_LIBRARY_PATH': '/opt/ros/jazzy/opt/rviz_ogre_vendor/lib:/opt/ros/jazzy/lib/x86_64-linux-gnu:/opt/ros/jazzy/opt/gz_math_vendor/lib:/opt/ros/jazzy/opt/gz_utils_vendor/lib:/opt/ros/jazzy/opt/gz_cmake_vendor/lib:/opt/ros/jazzy/lib', 'HOME': '/home/lenovo', 'OLDPWD': '/mnt/c/Users/LENOVO/OneDrive/Desktop/drone', 'ROS_PYTHON_VERSION': '3', 'DBUS_SESSION_BUS_ADDRESS': 'unix:path=/run/user/1000/bus', 'WSL_DISTRO_NAME': 'Ubuntu', 'WAYLAND_DISPLAY': 'wayland-0', 'ROS_DISTRO': 'jazzy', 'LOGNAME': 'lenovo', 'NAME': 'LAPTOP-MLDMFMJ8', 'WSL_INTEROP': '/run/WSL/18096_interop', 'PULSE_SERVER': 'unix:/mnt/wslg/PulseServer', '_': '/usr/bin/colcon', 'ROS_VERSION': '2', 'TERM': 'xterm-256color', 'PATH': '/opt/ros/jazzy/bin:/usr/local/sbin:/usr/local/bin:/usr/sbin:/usr/bin:/sbin:/bin:/usr/games:/usr/local/games:/usr/lib/wsl/lib:/mnt/c/Python314/Scripts/:/mnt/c/Python314/:/mnt/c/Windows/system32:/mnt/c/Windows:/mnt/c/Windows/System32/Wbem:/mnt/c/Windows/System32/WindowsPowerShell/v1.0/:/mnt/c/Windows/System32/OpenSSH/:/mnt/c/Program Files (x86)/NVIDIA Corporation/PhysX/Common:/mnt/c/Program Files/NVIDIA Corporation/NVIDIA NvDLISR:/mnt/c/Program Files/Git/cmd:/mnt/c/src/flutter/bin:/mnt/c/MinGW/bin:/mnt/c/Users/LENOVO/AppData/Local/Pub/Cache/bin:/mnt/c/ffmpeg-8.0.1-essentials_build/bin:/mnt/c/Program Files/nodejs/:/mnt/c/ProgramData/chocolatey/bin:/mnt/c/Program Files/dotnet/:/mnt/c/Program Files (x86)/Windows Kits/10/Windows Performance Toolkit/:/mnt/c/Users/LENOVO/AppData/Local/Programs/Python/Python311/Scripts/:/mnt/c/Users/LENOVO/AppData/Local/Programs/Python/Python311/:/mnt/c/Users/LENOVO/AppData/Local/Programs/Python/Launcher/:/mnt/c/Users/LENOVO/AppData/Local/Microsoft/WindowsApps:/mnt/c/Users/LENOVO/AppData/Local/Programs/Microsoft VS Code/bin:/mnt/c/Program Files/Eclipse Adoptium/jdk-17.0.17.10-hotspot/bin:/mnt/c/Users/LENOVO/AppData/Local/Python/bin:/mnt/c/Users/LENOVO/AppData/Roaming/npm:/mnt/c/Users/LENOVO/AppData/Local/Programs/Antigravity/bin', 'XDG_RUNTIME_DIR': '/run/user/1000/', 'DISPLAY': ':0', 'LANG': 'C.UTF-8', 'AMENT_PREFIX_PATH': '/opt/ros/jazzy', 'SHELL': '/bin/bash', 'ROS_AUTOMATIC_DISCOVERY_RANGE': 'SUBNET', 'PWD': '/mnt/c/Users/LENOVO/OneDrive/Desktop/drone/build/telemetry', 'PYTHONPATH': '/mnt/c/Users/LENOVO/OneDrive/Desktop/drone/build/telemetry/prefix_override:/usr/lib/python3/dist-packages/colcon_core/task/python/colcon_distutils_commands:/mnt/c/Users/LENOVO/OneDrive/Desktop/drone/install/telemetry/lib/python3.12/site-packages:/opt/ros/jazzy/lib/python3.12/site-packages', 'COLCON': '1', 'WSL2_GUI_APPS_ENABLED': '1', 'HOSTTYPE': 'x86_64', 'CMAKE_PREFIX_PATH': '/opt/ros/jazzy/opt/gz_math_vendor:/opt/ros/jazzy/opt/gz_utils_vendor:/opt/ros/jazzy/opt/gz_cmake_vendor', 'WSLENV': ''}, 'shell': False}
[4.612652] (fault_handler) Command: {'cmd': ['/usr/bin/python3', '-W', 'ignore:setup.py install is deprecated', '-W', 'ignore:easy_install command is deprecated', 'setup.py', 'develop', '--uninstall', '--editable', '--build-directory', '/mnt/c/Users/LENOVO/OneDrive/Desktop/drone/build/fault_handler/build'], 'cwd': '/mnt/c/Users/LENOVO/OneDrive/Desktop/drone/build/fault_handler', 'env': {'USER': 'lenovo', 'SHLVL': '0', 'LD_LIBRARY_PATH': '/opt/ros/jazzy/opt/rviz_ogre_vendor/lib:/opt/ros/jazzy/lib/x86_64-linux-gnu:/opt/ros/jazzy/opt/gz_math_vendor/lib:/opt/ros/jazzy/opt/gz_utils_vendor/lib:/opt/ros/jazzy/opt/gz_cmake_vendor/lib:/opt/ros/jazzy/lib', 'HOME': '/home/lenovo', 'OLDPWD': '/mnt/c/Users/LENOVO/OneDrive/Desktop/drone', 'ROS_PYTHON_VERSION': '3', 'DBUS_SESSION_BUS_ADDRESS': 'unix:path=/run/user/1000/bus', 'WSL_DISTRO_NAME': 'Ubuntu', 'WAYLAND_DISPLAY': 'wayland-0', 'ROS_DISTRO': 'jazzy', 'LOGNAME': 'lenovo', 'NAME': 'LAPTOP-MLDMFMJ8', 'WSL_INTEROP': '/run/WSL/18096_interop', 'PULSE_SERVER': 'unix:/mnt/wslg/PulseServer', '_': '/usr/bin/colcon', 'ROS_VERSION': '2', 'TERM': 'xterm-256color', 'PATH': '/opt/ros/jazzy/bin:/usr/local/sbin:/usr/local/bin:/usr/sbin:/usr/bin:/sbin:/bin:/usr/games:/usr/local/games:/usr/lib/wsl/lib:/mnt/c/Python314/Scripts/:/mnt/c/Python314/:/mnt/c/Windows/system32:/mnt/c/Windows:/mnt/c/Windows/System32/Wbem:/mnt/c/Windows/System32/WindowsPowerShell/v1.0/:/mnt/c/Windows/System32/OpenSSH/:/mnt/c/Program Files (x86)/NVIDIA Corporation/PhysX/Common:/mnt/c/Program Files/NVIDIA Corporation/NVIDIA NvDLISR:/mnt/c/Program Files/Git/cmd:/mnt/c/src/flutter/bin:/mnt/c/MinGW/bin:/mnt/c/Users/LENOVO/AppData/Local/Pub/Cache/bin:/mnt/c/ffmpeg-8.0.1-essentials_build/bin:/mnt/c/Program Files/nodejs/:/mnt/c/ProgramData/chocolatey/bin:/mnt/c/Program Files/dotnet/:/mnt/c/Program Files (x86)/Windows Kits/10/Windows Performance Toolkit/:/mnt/c/Users/LENOVO/AppData/Local/Programs/Python/Python311/Scripts/:/mnt/c/Users/LENOVO/AppData/Local/Programs/Python/Python311/:/mnt/c/Users/LENOVO/AppData/Local/Programs/Python/Launcher/:/mnt/c/Users/LENOVO/AppData/Local/Microsoft/WindowsApps:/mnt/c/Users/LENOVO/AppData/Local/Programs/Microsoft VS Code/bin:/mnt/c/Program Files/Eclipse Adoptium/jdk-17.0.17.10-hotspot/bin:/mnt/c/Users/LENOVO/AppData/Local/Python/bin:/mnt/c/Users/LENOVO/AppData/Roaming/npm:/mnt/c/Users/LENOVO/AppData/Local/Programs/Antigravity/bin', 'XDG_RUNTIME_DIR': '/run/user/1000/', 'DISPLAY': ':0', 'LANG': 'C.UTF-8', 'AMENT_PREFIX_PATH': '/opt/ros/jazzy', 'SHELL': '/bin/bash', 'ROS_AUTOMATIC_DISCOVERY_RANGE': 'SUBNET', 'PWD': '/mnt/c/Users/LENOVO/OneDrive/Desktop/drone/build/fault_handler', 'PYTHONPATH': '/mnt/c/Users/LENOVO/OneDrive/Desktop/drone/build/fault_handler/prefix_override:/usr/lib/python3/dist-packages/colcon_core/task/python/colcon_distutils_commands:/mnt/c/Users/LENOVO/OneDrive/Desktop/drone/install/fault_handler/lib/python3.12/site-packages:/opt/ros/jazzy/lib/python3.12/site-packages', 'COLCON': '1', 'WSL2_GUI_APPS_ENABLED': '1', 'HOSTTYPE': 'x86_64', 'CMAKE_PREFIX_PATH': '/opt/ros/jazzy/opt/gz_math_vendor:/opt/ros/jazzy/opt/gz_utils_vendor:/opt/ros/jazzy/opt/gz_cmake_vendor', 'WSLENV': ''}, 'shell': False}
[4.631742] (navigation_layer) Command: {'cmd': ['/usr/bin/python3', '-W', 'ignore:setup.py install is deprecated', '-W', 'ignore:easy_install command is deprecated', 'setup.py', 'develop', '--uninstall', '--editable', '--build-directory', '/mnt/c/Users/LENOVO/OneDrive/Desktop/drone/build/navigation_layer/build'], 'cwd': '/mnt/c/Users/LENOVO/OneDrive/Desktop/drone/build/navigation_layer', 'env': {'USER': 'lenovo', 'SHLVL': '0', 'LD_LIBRARY_PATH': '/opt/ros/jazzy/opt/rviz_ogre_vendor/lib:/opt/ros/jazzy/lib/x86_64-linux-gnu:/opt/ros/jazzy/opt/gz_math_vendor/lib:/opt/ros/jazzy/opt/gz_utils_vendor/lib:/opt/ros/jazzy/opt/gz_cmake_vendor/lib:/opt/ros/jazzy/lib', 'HOME': '/home/lenovo', 'OLDPWD': '/mnt/c/Users/LENOVO/OneDrive/Desktop/drone', 'ROS_PYTHON_VERSION': '3', 'DBUS_SESSION_BUS_ADDRESS': 'unix:path=/run/user/1000/bus', 'WSL_DISTRO_NAME': 'Ubuntu', 'WAYLAND_DISPLAY': 'wayland-0', 'ROS_DISTRO': 'jazzy', 'LOGNAME': 'lenovo', 'NAME': 'LAPTOP-MLDMFMJ8', 'WSL_INTEROP': '/run/WSL/18096_interop', 'PULSE_SERVER': 'unix:/mnt/wslg/PulseServer', '_': '/usr/bin/colcon', 'ROS_VERSION': '2', 'TERM': 'xterm-256color', 'PATH': '/opt/ros/jazzy/bin:/usr/local/sbin:/usr/local/bin:/usr/sbin:/usr/bin:/sbin:/bin:/usr/games:/usr/local/games:/usr/lib/wsl/lib:/mnt/c/Python314/Scripts/:/mnt/c/Python314/:/mnt/c/Windows/system32:/mnt/c/Windows:/mnt/c/Windows/System32/Wbem:/mnt/c/Windows/System32/WindowsPowerShell/v1.0/:/mnt/c/Windows/System32/OpenSSH/:/mnt/c/Program Files (x86)/NVIDIA Corporation/PhysX/Common:/mnt/c/Program Files/NVIDIA Corporation/NVIDIA NvDLISR:/mnt/c/Program Files/Git/cmd:/mnt/c/src/flutter/bin:/mnt/c/MinGW/bin:/mnt/c/Users/LENOVO/AppData/Local/Pub/Cache/bin:/mnt/c/ffmpeg-8.0.1-essentials_build/bin:/mnt/c/Program Files/nodejs/:/mnt/c/ProgramData/chocolatey/bin:/mnt/c/Program Files/dotnet/:/mnt/c/Program Files (x86)/Windows Kits/10/Windows Performance Toolkit/:/mnt/c/Users/LENOVO/AppData/Local/Programs/Python/Python311/Scripts/:/mnt/c/Users/LENOVO/AppData/Local/Programs/Python/Python311/:/mnt/c/Users/LENOVO/AppData/Local/Programs/Python/Launcher/:/mnt/c/Users/LENOVO/AppData/Local/Microsoft/WindowsApps:/mnt/c/Users/LENOVO/AppData/Local/Programs/Microsoft VS Code/bin:/mnt/c/Program Files/Eclipse Adoptium/jdk-17.0.17.10-hotspot/bin:/mnt/c/Users/LENOVO/AppData/Local/Python/bin:/mnt/c/Users/LENOVO/AppData/Roaming/npm:/mnt/c/Users/LENOVO/AppData/Local/Programs/Antigravity/bin', 'XDG_RUNTIME_DIR': '/run/user/1000/', 'DISPLAY': ':0', 'LANG': 'C.UTF-8', 'AMENT_PREFIX_PATH': '/opt/ros/jazzy', 'SHELL': '/bin/bash', 'ROS_AUTOMATIC_DISCOVERY_RANGE': 'SUBNET', 'PWD': '/mnt/c/Users/LENOVO/OneDrive/Desktop/drone/build/navigation_layer', 'PYTHONPATH': '/mnt/c/Users/LENOVO/OneDrive/Desktop/drone/build/navigation_layer/prefix_override:/usr/lib/python3/dist-packages/colcon_core/task/python/colcon_distutils_commands:/mnt/c/Users/LENOVO/OneDrive/Desktop/drone/install/navigation_layer/lib/python3.12/site-packages:/opt/ros/jazzy/lib/python3.12/site-packages', 'COLCON': '1', 'WSL2_GUI_APPS_ENABLED': '1', 'HOSTTYPE': 'x86_64', 'CMAKE_PREFIX_PATH': '/opt/ros/jazzy/opt/gz_math_vendor:/opt/ros/jazzy/opt/gz_utils_vendor:/opt/ros/jazzy/opt/gz_cmake_vendor', 'WSLENV': ''}, 'shell': False}
[4.661815] (-) TimerEvent: {}
[4.763086] (-) TimerEvent: {}
[4.864319] (-) TimerEvent: {}
[4.965533] (-) TimerEvent: {}
[5.066352] (-) TimerEvent: {}
[5.167751] (-) TimerEvent: {}
[5.268653] (-) TimerEvent: {}
[5.369601] (-) TimerEvent: {}
[5.470456] (-) TimerEvent: {}
[5.571295] (-) TimerEvent: {}
[5.672138] (-) TimerEvent: {}
[5.773462] (-) TimerEvent: {}
[5.874142] (-) TimerEvent: {}
[5.937306] (telemetry) StdoutLine: {'line': b'running develop\n'}
[5.939035] (perception_layer) StdoutLine: {'line': b'running develop\n'}
[5.946825] (fault_handler) StdoutLine: {'line': b'running develop\n'}
[5.956198] (navigation_layer) StdoutLine: {'line': b'running develop\n'}
[5.975921] (-) TimerEvent: {}
[6.086689] (-) TimerEvent: {}
[6.197420] (-) TimerEvent: {}
[6.308090] (-) TimerEvent: {}
[6.352080] (slam_layer) StderrLine: {'line': b'\x1b[31mCMake Error at CMakeLists.txt:10 (find_package):\n'}
[6.353926] (slam_layer) StderrLine: {'line': b'  By not providing "Findslam_toolbox.cmake" in CMAKE_MODULE_PATH this project\n'}
[6.355737] (slam_layer) StderrLine: {'line': b'  has asked CMake to find a package configuration file provided by\n'}
[6.358061] (slam_layer) StderrLine: {'line': b'  "slam_toolbox", but CMake did not find one.\n'}
[6.359916] (slam_layer) StderrLine: {'line': b'\n'}
[6.361684] (slam_layer) StderrLine: {'line': b'  Could not find a package configuration file provided by "slam_toolbox" with\n'}
[6.363182] (slam_layer) StderrLine: {'line': b'  any of the following names:\n'}
[6.364799] (slam_layer) StderrLine: {'line': b'\n'}
[6.366390] (slam_layer) StderrLine: {'line': b'    slam_toolboxConfig.cmake\n'}
[6.367767] (slam_layer) StderrLine: {'line': b'    slam_toolbox-config.cmake\n'}
[6.369431] (slam_layer) StderrLine: {'line': b'\n'}
[6.371621] (slam_layer) StderrLine: {'line': b'  Add the installation prefix of "slam_toolbox" to CMAKE_PREFIX_PATH or set\n'}
[6.373312] (slam_layer) StderrLine: {'line': b'  "slam_toolbox_DIR" to a directory containing one of the above files.  If\n'}
[6.374711] (slam_layer) StderrLine: {'line': b'  "slam_toolbox" provides a separate development package or SDK, be sure it\n'}
[6.375968] (slam_layer) StderrLine: {'line': b'  has been installed.\n'}
[6.377250] (slam_layer) StderrLine: {'line': b'\n'}
[6.378698] (slam_layer) StderrLine: {'line': b'\x1b[0m\n'}
[6.380788] (slam_layer) StdoutLine: {'line': b'-- Configuring incomplete, errors occurred!\n'}
[6.410815] (-) TimerEvent: {}
[6.414270] (slam_layer) CommandEnded: {'returncode': 1}
[6.520466] (-) TimerEvent: {}
[6.547430] (fault_handler) StdoutLine: {'line': b'Removing /mnt/c/Users/LENOVO/OneDrive/Desktop/drone/install/fault_handler/lib/python3.12/site-packages/fault-handler.egg-link (link to .)\n'}
[6.553222] (perception_layer) StdoutLine: {'line': b'Removing /mnt/c/Users/LENOVO/OneDrive/Desktop/drone/install/perception_layer/lib/python3.12/site-packages/perception-layer.egg-link (link to .)\n'}
[6.557113] (telemetry) StdoutLine: {'line': b'Removing /mnt/c/Users/LENOVO/OneDrive/Desktop/drone/install/telemetry/lib/python3.12/site-packages/telemetry.egg-link (link to .)\n'}
[6.571972] (navigation_layer) StdoutLine: {'line': b'Removing /mnt/c/Users/LENOVO/OneDrive/Desktop/drone/install/navigation_layer/lib/python3.12/site-packages/navigation-layer.egg-link (link to .)\n'}
[6.625346] (-) TimerEvent: {}
[6.729625] (slam_layer) JobEnded: {'identifier': 'slam_layer', 'rc': 1}
[6.746626] (-) TimerEvent: {}
[6.747275] (perception_layer) JobEnded: {'identifier': 'perception_layer', 'rc': 'SIGINT'}
[6.760512] (fault_handler) JobEnded: {'identifier': 'fault_handler', 'rc': 'SIGINT'}
[6.774212] (telemetry) JobEnded: {'identifier': 'telemetry', 'rc': 'SIGINT'}
[6.788732] (navigation_layer) JobEnded: {'identifier': 'navigation_layer', 'rc': 'SIGINT'}
[6.803352] (-) EventReactorShutdown: {}
