[0.000000] (-) TimerEvent: {}
[0.000763] (-) JobUnselected: {'identifier': 'fault_handler'}
[0.001202] (-) JobUnselected: {'identifier': 'navigation_layer'}
[0.001533] (-) JobUnselected: {'identifier': 'perception_layer'}
[0.001808] (-) JobUnselected: {'identifier': 'slam_layer'}
[0.002150] (-) JobUnselected: {'identifier': 'telemetry'}
[0.002431] (control_layer) JobQueued: {'identifier': 'control_layer', 'dependencies': OrderedDict()}
[0.002679] (control_layer) JobStarted: {'identifier': 'control_layer'}
[0.040241] (control_layer) JobProgress: {'identifier': 'control_layer', 'progress': 'cmake'}
[0.073535] (control_layer) JobProgress: {'identifier': 'control_layer', 'progress': 'build'}
[0.081453] (control_layer) Command: {'cmd': ['/usr/bin/cmake', '--build', '/mnt/c/Users/LENOVO/OneDrive/Desktop/drone/build/control_layer', '--', '-j16', '-l16'], 'cwd': '/mnt/c/Users/LENOVO/OneDrive/Desktop/drone/build/control_layer', 'env': OrderedDict({'USER': 'lenovo', 'SHLVL': '0', 'LD_LIBRARY_PATH': '/opt/ros/jazzy/opt/rviz_ogre_vendor/lib:/opt/ros/jazzy/lib/x86_64-linux-gnu:/opt/ros/jazzy/opt/gz_math_vendor/lib:/opt/ros/jazzy/opt/gz_utils_vendor/lib:/opt/ros/jazzy/opt/gz_cmake_vendor/lib:/opt/ros/jazzy/lib', 'HOME': '/home/lenovo', 'OLDPWD': '/mnt/c/Users/LENOVO/OneDrive/Desktop/drone', 'ROS_PYTHON_VERSION': '3', 'DBUS_SESSION_BUS_ADDRESS': 'unix:path=/run/user/1000/bus', 'WSL_DISTRO_NAME': 'Ubuntu', 'WAYLAND_DISPLAY': 'wayland-0', 'ROS_DISTRO': 'jazzy', 'LOGNAME': 'lenovo', 'NAME': 'LAPTOP-MLDMFMJ8', 'WSL_INTEROP': '/run/WSL/17992_interop', 'PULSE_SERVER': 'unix:/mnt/wslg/PulseServer', '_': '/usr/bin/colcon', 'ROS_VERSION': '2', 'TERM': 'xterm-256color', 'PATH': '/opt/ros/jazzy/bin:/usr/local/sbin:/usr/local/bin:/usr/sbin:/usr/bin:/sbin:/bin:/usr/games:/usr/local/games:/usr/lib/wsl/lib:/mnt/c/Python314/Scripts/:/mnt/c/Python314/:/mnt/c/Windows/system32:/mnt/c/Windows:/mnt/c/Windows/System32/Wbem:/mnt/c/Windows/System32/WindowsPowerShell/v1.0/:/mnt/c/Windows/System32/OpenSSH/:/mnt/c/Program Files (x86)/NVIDIA Corporation/PhysX/Common:/mnt/c/Program Files/NVIDIA Corporation/NVIDIA NvDLISR:/mnt/c/Program Files/Git/cmd:/mnt/c/src/flutter/bin:/mnt/c/MinGW/bin:/mnt/c/Users/LENOVO/AppData/Local/Pub/Cache/bin:/mnt/c/ffmpeg-8.0.1-essentials_build/bin:/mnt/c/Program Files/nodejs/:/mnt/c/ProgramData/chocolatey/bin:/mnt/c/Program Files/dotnet/:/mnt/c/Program Files (x86)/Windows Kits/10/Windows Performance Toolkit/:/mnt/c/Users/LENOVO/AppData/Local/Programs/Python/Python311/Scripts/:/mnt/c/Users/LENOVO/AppData/Local/Programs/Python/Python311/:/mnt/c/Users/LENOVO/AppData/Local/Programs/Python/Launcher/:/mnt/c/Users/LENOVO/AppData/Local/Microsoft/WindowsApps:/mnt/c/Users/LENOVO/AppData/Local/Programs/Microsoft VS Code/bin:/mnt/c/Program Files/Eclipse Adoptium/jdk-17.0.17.10-hotspot/bin:/mnt/c/Users/LENOVO/AppData/Local/Python/bin:/mnt/c/Users/LENOVO/AppData/Roaming/npm:/mnt/c/Users/LENOVO/AppData/Local/Programs/Antigravity/bin', 'XDG_RUNTIME_DIR': '/run/user/1000/', 'DISPLAY': ':0', 'LANG': 'C.UTF-8', 'AMENT_PREFIX_PATH': '/opt/ros/jazzy', 'SHELL': '/bin/bash', 'ROS_AUTOMATIC_DISCOVERY_RANGE': 'SUBNET', 'PWD': '/mnt/c/Users/LENOVO/OneDrive/Desktop/drone/build/control_layer', 'PYTHONPATH': '/opt/ros/jazzy/lib/python3.12/site-packages', 'COLCON': '1', 'WSL2_GUI_APPS_ENABLED': '1', 'HOSTTYPE': 'x86_64', 'CMAKE_PREFIX_PATH': '/opt/ros/jazzy/opt/gz_math_vendor:/opt/ros/jazzy/opt/gz_utils_vendor:/opt/ros/jazzy/opt/gz_cmake_vendor:/opt/ros/jazzy', 'WSLENV': ''}), 'shell': False}
[0.099892] (-) TimerEvent: {}
[0.200600] (-) TimerEvent: {}
[0.308715] (-) TimerEvent: {}
[0.416845] (-) TimerEvent: {}
[0.434276] (control_layer) StdoutLine: {'line': b'-- Found ament_cmake: 2.5.5 (/opt/ros/jazzy/share/ament_cmake/cmake)\n'}
[0.521096] (-) TimerEvent: {}
[0.626677] (-) TimerEvent: {}
[0.734392] (-) TimerEvent: {}
[0.841318] (-) TimerEvent: {}
[0.846563] (control_layer) StdoutLine: {'line': b'-- Override CMake install command with custom implementation using symlinks instead of copying resources\n'}
[0.947336] (-) TimerEvent: {}
[1.055344] (-) TimerEvent: {}
[1.084918] (control_layer) StdoutLine: {'line': b'-- Found rclcpp: 28.1.16 (/opt/ros/jazzy/share/rclcpp/cmake)\n'}
[1.160587] (-) TimerEvent: {}
[1.267310] (-) TimerEvent: {}
[1.375286] (-) TimerEvent: {}
[1.468789] (control_layer) StdoutLine: {'line': b'-- Found rosidl_generator_c: 4.6.7 (/opt/ros/jazzy/share/rosidl_generator_c/cmake)\n'}
[1.475550] (-) TimerEvent: {}
[1.541359] (control_layer) StdoutLine: {'line': b'-- Found rosidl_generator_cpp: 4.6.7 (/opt/ros/jazzy/share/rosidl_generator_cpp/cmake)\n'}
[1.577000] (-) TimerEvent: {}
[1.626550] (control_layer) StdoutLine: {'line': b'-- Using all available rosidl_typesupport_c: rosidl_typesupport_fastrtps_c;rosidl_typesupport_introspection_c\n'}
[1.680765] (-) TimerEvent: {}
[1.731661] (control_layer) StdoutLine: {'line': b'-- Using all available rosidl_typesupport_cpp: rosidl_typesupport_fastrtps_cpp;rosidl_typesupport_introspection_cpp\n'}
[1.784446] (-) TimerEvent: {}
[1.892561] (-) TimerEvent: {}
[2.000622] (-) TimerEvent: {}
[2.033449] (control_layer) StdoutLine: {'line': b'-- Found rmw_implementation_cmake: 7.3.3 (/opt/ros/jazzy/share/rmw_implementation_cmake/cmake)\n'}
[2.056046] (control_layer) StdoutLine: {'line': b'-- Found rmw_fastrtps_cpp: 8.4.3 (/opt/ros/jazzy/share/rmw_fastrtps_cpp/cmake)\n'}
[2.103081] (-) TimerEvent: {}
[2.203855] (-) TimerEvent: {}
[2.311873] (-) TimerEvent: {}
[2.419926] (-) TimerEvent: {}
[2.526209] (-) TimerEvent: {}
[2.632322] (-) TimerEvent: {}
[2.641754] (control_layer) StdoutLine: {'line': b"-- Using RMW implementation 'rmw_fastrtps_cpp' as default\n"}
[2.737992] (-) TimerEvent: {}
[2.844574] (-) TimerEvent: {}
[2.952714] (-) TimerEvent: {}
[3.045857] (control_layer) StdoutLine: {'line': b'-- Found std_msgs: 5.3.6 (/opt/ros/jazzy/share/std_msgs/cmake)\n'}
[3.053103] (-) TimerEvent: {}
[3.087272] (control_layer) StdoutLine: {'line': b'-- Found geometry_msgs: 5.3.6 (/opt/ros/jazzy/share/geometry_msgs/cmake)\n'}
[3.129366] (control_layer) StdoutLine: {'line': b'-- Found sensor_msgs: 5.3.6 (/opt/ros/jazzy/share/sensor_msgs/cmake)\n'}
[3.153502] (-) TimerEvent: {}
[3.232762] (control_layer) StdoutLine: {'line': b'-- Found nav_msgs: 5.3.6 (/opt/ros/jazzy/share/nav_msgs/cmake)\n'}
[3.254009] (-) TimerEvent: {}
[3.360743] (-) TimerEvent: {}
[3.365916] (control_layer) StdoutLine: {'line': b'-- Found ament_lint_auto: 0.17.4 (/opt/ros/jazzy/share/ament_lint_auto/cmake)\n'}
[3.466764] (-) TimerEvent: {}
[3.574737] (-) TimerEvent: {}
[3.682827] (-) TimerEvent: {}
[3.790950] (-) TimerEvent: {}
[3.898849] (-) TimerEvent: {}
[4.007041] (-) TimerEvent: {}
[4.115225] (-) TimerEvent: {}
[4.218295] (-) TimerEvent: {}
[4.271098] (control_layer) StdoutLine: {'line': b"-- Added test 'copyright' to check source files copyright and LICENSE\n"}
[4.322200] (-) TimerEvent: {}
[4.430408] (-) TimerEvent: {}
[4.539683] (-) TimerEvent: {}
[4.642542] (control_layer) StdoutLine: {'line': b"-- Added test 'cppcheck' to perform static code analysis on C / C++ code\n"}
[4.643927] (-) TimerEvent: {}
[4.644278] (control_layer) StdoutLine: {'line': b'-- Configured cppcheck include dirs: $<BUILD_INTERFACE:/mnt/c/Users/LENOVO/OneDrive/Desktop/drone/src/control_layer/include>\n'}
[4.645425] (control_layer) StdoutLine: {'line': b'-- Configured cppcheck exclude dirs and/or files: \n'}
[4.751096] (-) TimerEvent: {}
[4.861910] (-) TimerEvent: {}
[4.972442] (-) TimerEvent: {}
[5.010761] (control_layer) StdoutLine: {'line': b"-- Added test 'cpplint' to check C / C++ code against the Google style\n"}
[5.012232] (control_layer) StdoutLine: {'line': b'-- Configured cpplint exclude dirs and/or files: \n'}
[5.077291] (-) TimerEvent: {}
[5.152039] (control_layer) StdoutLine: {'line': b"-- Added test 'lint_cmake' to check CMake code style\n"}
[5.179874] (-) TimerEvent: {}
[5.290663] (-) TimerEvent: {}
[5.401309] (-) TimerEvent: {}
[5.512058] (-) TimerEvent: {}
[5.568694] (control_layer) StdoutLine: {'line': b"-- Added test 'uncrustify' to check C / C++ code style\n"}
[5.570037] (control_layer) StdoutLine: {'line': b'-- Configured uncrustify additional arguments: \n'}
[5.616322] (-) TimerEvent: {}
[5.620969] (control_layer) StdoutLine: {'line': b"-- Added test 'xmllint' to check XML markup files\n"}
[5.725892] (-) TimerEvent: {}
[5.805864] (control_layer) StdoutLine: {'line': b'-- Configuring done (5.5s)\n'}
[5.827992] (-) TimerEvent: {}
[5.938662] (-) TimerEvent: {}
[6.049359] (-) TimerEvent: {}
[6.160158] (-) TimerEvent: {}
[6.264463] (-) TimerEvent: {}
[6.375194] (-) TimerEvent: {}
[6.485926] (-) TimerEvent: {}
[6.588502] (-) TimerEvent: {}
[6.667811] (control_layer) StdoutLine: {'line': b'-- Generating done (0.8s)\n'}
[6.689323] (-) TimerEvent: {}
[6.800134] (-) TimerEvent: {}
[6.910849] (-) TimerEvent: {}
[7.011569] (-) TimerEvent: {}
[7.117807] (-) TimerEvent: {}
[7.133364] (control_layer) StdoutLine: {'line': b'-- Build files have been written to: /mnt/c/Users/LENOVO/OneDrive/Desktop/drone/build/control_layer\n'}
[7.224736] (-) TimerEvent: {}
[7.226884] (control_layer) StderrLine: {'line': b"gmake[1]: Warning: File 'CMakeFiles/Makefile2' has modification time 0.56 s in the future\n"}
[7.248677] (control_layer) StderrLine: {'line': b"gmake[2]: Warning: File 'CMakeFiles/pid_controller.dir/flags.make' has modification time 0.21 s in the future\n"}
[7.251868] (control_layer) StderrLine: {'line': b"gmake[2]: Warning: File 'CMakeFiles/motor_mixer.dir/progress.make' has modification time 0.47 s in the future\n"}
[7.286550] (control_layer) StderrLine: {'line': b'gmake[2]: warning:  Clock skew detected.  Your build may be incomplete.\n'}
[7.307635] (control_layer) StderrLine: {'line': b"gmake[2]: Warning: File 'CMakeFiles/pid_controller.dir/flags.make' has modification time 0.15 s in the future\n"}
[7.325171] (-) TimerEvent: {}
[7.350443] (control_layer) StdoutLine: {'line': b'[ 25%] \x1b[32mBuilding CXX object CMakeFiles/pid_controller.dir/src/pid_controller.cpp.o\x1b[0m\n'}
[7.428078] (-) TimerEvent: {}
[7.538721] (-) TimerEvent: {}
[7.647860] (-) TimerEvent: {}
[7.758674] (-) TimerEvent: {}
[7.869337] (-) TimerEvent: {}
[7.895184] (control_layer) StderrLine: {'line': b'gmake[2]: warning:  Clock skew detected.  Your build may be incomplete.\n'}
[7.929363] (control_layer) StderrLine: {'line': b"gmake[2]: Warning: File 'CMakeFiles/motor_mixer.dir/compiler_depend.make' has modification time 0.69 s in the future\n"}
[7.953053] (control_layer) StderrLine: {'line': b'gmake[2]: warning:  Clock skew detected.  Your build may be incomplete.\n'}
[7.969839] (-) TimerEvent: {}
[7.987305] (control_layer) StdoutLine: {'line': b'[ 75%] Built target motor_mixer\n'}
[8.075218] (-) TimerEvent: {}
[8.184216] (-) TimerEvent: {}
[8.287027] (-) TimerEvent: {}
[8.396606] (-) TimerEvent: {}
[8.506241] (-) TimerEvent: {}
[8.607811] (-) TimerEvent: {}
[8.717387] (-) TimerEvent: {}
[8.826547] (-) TimerEvent: {}
[8.935601] (-) TimerEvent: {}
[9.038173] (-) TimerEvent: {}
[9.147558] (-) TimerEvent: {}
[9.256907] (-) TimerEvent: {}
[9.366568] (-) TimerEvent: {}
[9.476092] (-) TimerEvent: {}
[9.585219] (-) TimerEvent: {}
[9.694020] (-) TimerEvent: {}
[9.802660] (-) TimerEvent: {}
[9.911450] (-) TimerEvent: {}
[10.020995] (-) TimerEvent: {}
[10.128891] (-) TimerEvent: {}
[10.232926] (-) TimerEvent: {}
[10.342512] (-) TimerEvent: {}
[10.452115] (-) TimerEvent: {}
[10.561829] (-) TimerEvent: {}
[10.671260] (-) TimerEvent: {}
[10.780868] (-) TimerEvent: {}
[10.890755] (-) TimerEvent: {}
[10.999850] (-) TimerEvent: {}
[11.109234] (-) TimerEvent: {}
[11.218456] (-) TimerEvent: {}
[11.327347] (-) TimerEvent: {}
[11.437123] (-) TimerEvent: {}
[11.546479] (-) TimerEvent: {}
[11.655579] (-) TimerEvent: {}
[11.764994] (-) TimerEvent: {}
[11.874790] (-) TimerEvent: {}
[11.984155] (-) TimerEvent: {}
[12.093743] (-) TimerEvent: {}
[12.201959] (-) TimerEvent: {}
[12.311677] (-) TimerEvent: {}
[12.421204] (-) TimerEvent: {}
[12.530635] (-) TimerEvent: {}
[12.639384] (-) TimerEvent: {}
[12.748890] (-) TimerEvent: {}
[12.855454] (-) TimerEvent: {}
[12.965125] (-) TimerEvent: {}
[13.067115] (-) TimerEvent: {}
[13.170888] (-) TimerEvent: {}
[13.280408] (-) TimerEvent: {}
[13.389992] (-) TimerEvent: {}
[13.492656] (-) TimerEvent: {}
[13.602009] (-) TimerEvent: {}
[13.711321] (-) TimerEvent: {}
[13.812404] (-) TimerEvent: {}
[13.921720] (-) TimerEvent: {}
[14.030417] (-) TimerEvent: {}
[14.138971] (-) TimerEvent: {}
[14.244095] (-) TimerEvent: {}
[14.353645] (-) TimerEvent: {}
[14.462128] (-) TimerEvent: {}
[14.570991] (-) TimerEvent: {}
[14.680680] (-) TimerEvent: {}
[14.790424] (-) TimerEvent: {}
[14.899356] (-) TimerEvent: {}
[15.008808] (-) TimerEvent: {}
[15.118672] (-) TimerEvent: {}
[15.227145] (-) TimerEvent: {}
[15.336566] (-) TimerEvent: {}
[15.445856] (-) TimerEvent: {}
[15.553643] (-) TimerEvent: {}
[15.662637] (-) TimerEvent: {}
[15.771606] (-) TimerEvent: {}
[15.878194] (-) TimerEvent: {}
[15.987606] (-) TimerEvent: {}
[16.097155] (-) TimerEvent: {}
[16.202779] (-) TimerEvent: {}
[16.311980] (-) TimerEvent: {}
[16.421410] (-) TimerEvent: {}
[16.525505] (-) TimerEvent: {}
[16.634988] (-) TimerEvent: {}
[16.744549] (-) TimerEvent: {}
[16.847256] (-) TimerEvent: {}
[16.956449] (-) TimerEvent: {}
[17.065778] (-) TimerEvent: {}
[17.168804] (-) TimerEvent: {}
[17.278380] (-) TimerEvent: {}
[17.387906] (-) TimerEvent: {}
[17.497535] (-) TimerEvent: {}
[17.602715] (-) TimerEvent: {}
[17.711869] (-) TimerEvent: {}
[17.820932] (-) TimerEvent: {}
[17.929685] (-) TimerEvent: {}
[18.038468] (-) TimerEvent: {}
[18.147472] (-) TimerEvent: {}
[18.253506] (-) TimerEvent: {}
[18.362502] (-) TimerEvent: {}
[18.471391] (-) TimerEvent: {}
[18.578394] (-) TimerEvent: {}
[18.687832] (-) TimerEvent: {}
[18.797431] (-) TimerEvent: {}
[18.903501] (-) TimerEvent: {}
[19.012948] (-) TimerEvent: {}
[19.122938] (-) TimerEvent: {}
[19.227756] (-) TimerEvent: {}
[19.337307] (-) TimerEvent: {}
[19.446982] (-) TimerEvent: {}
[19.549685] (-) TimerEvent: {}
[19.659290] (-) TimerEvent: {}
[19.767947] (-) TimerEvent: {}
[19.869417] (-) TimerEvent: {}
[19.978600] (-) TimerEvent: {}
[20.088158] (-) TimerEvent: {}
[20.197738] (-) TimerEvent: {}
[20.307193] (-) TimerEvent: {}
[20.416916] (-) TimerEvent: {}
[20.526460] (-) TimerEvent: {}
[20.635451] (-) TimerEvent: {}
[20.745114] (-) TimerEvent: {}
[20.854914] (-) TimerEvent: {}
[20.963864] (-) TimerEvent: {}
[21.073636] (-) TimerEvent: {}
[21.182944] (-) TimerEvent: {}
[21.292623] (-) TimerEvent: {}
[21.402480] (-) TimerEvent: {}
[21.511443] (-) TimerEvent: {}
[21.620448] (-) TimerEvent: {}
[21.723002] (-) TimerEvent: {}
[21.830404] (-) TimerEvent: {}
[21.938788] (-) TimerEvent: {}
[22.046553] (-) TimerEvent: {}
[22.154568] (-) TimerEvent: {}
[22.260478] (-) TimerEvent: {}
[22.368593] (-) TimerEvent: {}
[22.476432] (-) TimerEvent: {}
[22.578515] (-) TimerEvent: {}
[22.686662] (-) TimerEvent: {}
[22.795341] (-) TimerEvent: {}
[22.904398] (-) TimerEvent: {}
[23.005434] (-) TimerEvent: {}
[23.114658] (-) TimerEvent: {}
[23.223566] (-) TimerEvent: {}
[23.332529] (-) TimerEvent: {}
[23.441388] (-) TimerEvent: {}
[23.550417] (-) TimerEvent: {}
[23.659378] (-) TimerEvent: {}
[23.768325] (-) TimerEvent: {}
[23.877284] (-) TimerEvent: {}
[23.986277] (-) TimerEvent: {}
[24.095435] (-) TimerEvent: {}
[24.204474] (-) TimerEvent: {}
[24.313806] (-) TimerEvent: {}
[24.422829] (-) TimerEvent: {}
[24.531581] (-) TimerEvent: {}
[24.640639] (-) TimerEvent: {}
[24.748414] (-) TimerEvent: {}
[24.857772] (-) TimerEvent: {}
[24.966758] (-) TimerEvent: {}
[25.075772] (-) TimerEvent: {}
[25.184831] (-) TimerEvent: {}
[25.293794] (-) TimerEvent: {}
[25.402842] (-) TimerEvent: {}
[25.427221] (control_layer) StdoutLine: {'line': b'[100%] \x1b[32m\x1b[1mLinking CXX executable pid_controller\x1b[0m\n'}
[25.507049] (-) TimerEvent: {}
[25.615990] (-) TimerEvent: {}
[25.721428] (-) TimerEvent: {}
[25.830571] (-) TimerEvent: {}
[25.939564] (-) TimerEvent: {}
[26.048437] (-) TimerEvent: {}
[26.157556] (-) TimerEvent: {}
[26.263342] (-) TimerEvent: {}
[26.372334] (-) TimerEvent: {}
[26.481286] (-) TimerEvent: {}
[26.588620] (-) TimerEvent: {}
[26.691650] (-) TimerEvent: {}
[26.800524] (-) TimerEvent: {}
[26.909417] (-) TimerEvent: {}
[27.018461] (-) TimerEvent: {}
[27.127443] (-) TimerEvent: {}
[27.236556] (-) TimerEvent: {}
[27.345674] (-) TimerEvent: {}
[27.453680] (-) TimerEvent: {}
[27.561756] (-) TimerEvent: {}
[27.669123] (-) TimerEvent: {}
[27.777159] (-) TimerEvent: {}
[27.886289] (-) TimerEvent: {}
[27.995508] (-) TimerEvent: {}
[28.102983] (-) TimerEvent: {}
[28.211912] (-) TimerEvent: {}
[28.320827] (-) TimerEvent: {}
[28.429855] (-) TimerEvent: {}
[28.538877] (-) TimerEvent: {}
[28.647849] (-) TimerEvent: {}
[28.756151] (-) TimerEvent: {}
[28.865056] (-) TimerEvent: {}
[28.973943] (-) TimerEvent: {}
[29.083094] (-) TimerEvent: {}
[29.192126] (-) TimerEvent: {}
[29.301156] (-) TimerEvent: {}
[29.410252] (-) TimerEvent: {}
[29.519318] (-) TimerEvent: {}
[29.628272] (-) TimerEvent: {}
[29.734821] (-) TimerEvent: {}
[29.843623] (-) TimerEvent: {}
[29.952596] (-) TimerEvent: {}
[30.061564] (-) TimerEvent: {}
[30.170535] (-) TimerEvent: {}
[30.277353] (-) TimerEvent: {}
[30.386526] (-) TimerEvent: {}
[30.495542] (-) TimerEvent: {}
[30.604738] (-) TimerEvent: {}
[30.709253] (-) TimerEvent: {}
[30.818258] (-) TimerEvent: {}
[30.927074] (-) TimerEvent: {}
[31.036058] (-) TimerEvent: {}
[31.145122] (-) TimerEvent: {}
[31.254086] (-) TimerEvent: {}
[31.363066] (-) TimerEvent: {}
[31.472081] (-) TimerEvent: {}
[31.581177] (-) TimerEvent: {}
[31.683546] (-) TimerEvent: {}
[31.792682] (-) TimerEvent: {}
[31.901613] (-) TimerEvent: {}
[32.010357] (-) TimerEvent: {}
[32.119297] (-) TimerEvent: {}
[32.228263] (-) TimerEvent: {}
[32.337180] (-) TimerEvent: {}
[32.446372] (-) TimerEvent: {}
[32.555217] (-) TimerEvent: {}
[32.663903] (-) TimerEvent: {}
[32.772513] (-) TimerEvent: {}
[32.880962] (-) TimerEvent: {}
[32.893098] (control_layer) StderrLine: {'line': b'gmake[2]: warning:  Clock skew detected.  Your build may be incomplete.\n'}
[32.924763] (control_layer) StdoutLine: {'line': b'[100%] Built target pid_controller\n'}
[32.926590] (control_layer) StderrLine: {'line': b'gmake[1]: warning:  Clock skew detected.  Your build may be incomplete.\n'}
[32.981363] (-) TimerEvent: {}
[32.987468] (control_layer) CommandEnded: {'returncode': 0}
[33.016812] (control_layer) JobProgress: {'identifier': 'control_layer', 'progress': 'install'}
[33.037809] (control_layer) Command: {'cmd': ['/usr/bin/cmake', '--install', '/mnt/c/Users/LENOVO/OneDrive/Desktop/drone/build/control_layer'], 'cwd': '/mnt/c/Users/LENOVO/OneDrive/Desktop/drone/build/control_layer', 'env': OrderedDict({'USER': 'lenovo', 'SHLVL': '0', 'LD_LIBRARY_PATH': '/opt/ros/jazzy/opt/rviz_ogre_vendor/lib:/opt/ros/jazzy/lib/x86_64-linux-gnu:/opt/ros/jazzy/opt/gz_math_vendor/lib:/opt/ros/jazzy/opt/gz_utils_vendor/lib:/opt/ros/jazzy/opt/gz_cmake_vendor/lib:/opt/ros/jazzy/lib', 'HOME': '/home/lenovo', 'OLDPWD': '/mnt/c/Users/LENOVO/OneDrive/Desktop/drone', 'ROS_PYTHON_VERSION': '3', 'DBUS_SESSION_BUS_ADDRESS': 'unix:path=/run/user/1000/bus', 'WSL_DISTRO_NAME': 'Ubuntu', 'WAYLAND_DISPLAY': 'wayland-0', 'ROS_DISTRO': 'jazzy', 'LOGNAME': 'lenovo', 'NAME': 'LAPTOP-MLDMFMJ8', 'WSL_INTEROP': '/run/WSL/17992_interop', 'PULSE_SERVER': 'unix:/mnt/wslg/PulseServer', '_': '/usr/bin/colcon', 'ROS_VERSION': '2', 'TERM': 'xterm-256color', 'PATH': '/opt/ros/jazzy/bin:/usr/local/sbin:/usr/local/bin:/usr/sbin:/usr/bin:/sbin:/bin:/usr/games:/usr/local/games:/usr/lib/wsl/lib:/mnt/c/Python314/Scripts/:/mnt/c/Python314/:/mnt/c/Windows/system32:/mnt/c/Windows:/mnt/c/Windows/System32/Wbem:/mnt/c/Windows/System32/WindowsPowerShell/v1.0/:/mnt/c/Windows/System32/OpenSSH/:/mnt/c/Program Files (x86)/NVIDIA Corporation/PhysX/Common:/mnt/c/Program Files/NVIDIA Corporation/NVIDIA NvDLISR:/mnt/c/Program Files/Git/cmd:/mnt/c/src/flutter/bin:/mnt/c/MinGW/bin:/mnt/c/Users/LENOVO/AppData/Local/Pub/Cache/bin:/mnt/c/ffmpeg-8.0.1-essentials_build/bin:/mnt/c/Program Files/nodejs/:/mnt/c/ProgramData/chocolatey/bin:/mnt/c/Program Files/dotnet/:/mnt/c/Program Files (x86)/Windows Kits/10/Windows Performance Toolkit/:/mnt/c/Users/LENOVO/AppData/Local/Programs/Python/Python311/Scripts/:/mnt/c/Users/LENOVO/AppData/Local/Programs/Python/Python311/:/mnt/c/Users/LENOVO/AppData/Local/Programs/Python/Launcher/:/mnt/c/Users/LENOVO/AppData/Local/Microsoft/WindowsApps:/mnt/c/Users/LENOVO/AppData/Local/Programs/Microsoft VS Code/bin:/mnt/c/Program Files/Eclipse Adoptium/jdk-17.0.17.10-hotspot/bin:/mnt/c/Users/LENOVO/AppData/Local/Python/bin:/mnt/c/Users/LENOVO/AppData/Roaming/npm:/mnt/c/Users/LENOVO/AppData/Local/Programs/Antigravity/bin', 'XDG_RUNTIME_DIR': '/run/user/1000/', 'DISPLAY': ':0', 'LANG': 'C.UTF-8', 'AMENT_PREFIX_PATH': '/opt/ros/jazzy', 'SHELL': '/bin/bash', 'ROS_AUTOMATIC_DISCOVERY_RANGE': 'SUBNET', 'PWD': '/mnt/c/Users/LENOVO/OneDrive/Desktop/drone/build/control_layer', 'PYTHONPATH': '/opt/ros/jazzy/lib/python3.12/site-packages', 'COLCON': '1', 'WSL2_GUI_APPS_ENABLED': '1', 'HOSTTYPE': 'x86_64', 'CMAKE_PREFIX_PATH': '/opt/ros/jazzy/opt/gz_math_vendor:/opt/ros/jazzy/opt/gz_utils_vendor:/opt/ros/jazzy/opt/gz_cmake_vendor:/opt/ros/jazzy', 'WSLENV': ''}), 'shell': False}
[33.058920] (control_layer) StdoutLine: {'line': b'-- Install configuration: ""\n'}
[33.075566] (control_layer) StdoutLine: {'line': b'-- Execute custom install script\n'}
[33.081874] (-) TimerEvent: {}
[33.114198] (control_layer) StdoutLine: {'line': b'-- Symlinking: /mnt/c/Users/LENOVO/OneDrive/Desktop/drone/install/control_layer/lib/control_layer/pid_controller\n'}
[33.175977] (control_layer) StdoutLine: {'line': b'-- Symlinking: /mnt/c/Users/LENOVO/OneDrive/Desktop/drone/install/control_layer/lib/control_layer/motor_mixer\n'}
[33.182420] (-) TimerEvent: {}
[33.224281] (control_layer) StderrLine: {'line': b'\x1b[31mCMake Error at ament_cmake_symlink_install/ament_cmake_symlink_install.cmake:105 (message):\n'}
[33.225851] (control_layer) StderrLine: {'line': b"  ament_cmake_symlink_install_directory() can't find\n"}
[33.226945] (control_layer) StderrLine: {'line': b"  '/mnt/c/Users/LENOVO/OneDrive/Desktop/drone/src/control_layer/launch'\n"}
[33.228339] (control_layer) StderrLine: {'line': b'Call Stack (most recent call first):\n'}
[33.229342] (control_layer) StderrLine: {'line': b'  ament_cmake_symlink_install/ament_cmake_symlink_install.cmake:322 (ament_cmake_symlink_install_directory)\n'}
[33.230581] (control_layer) StderrLine: {'line': b'  cmake_install.cmake:46 (include)\n'}
[33.231887] (control_layer) StderrLine: {'line': b'\n'}
[33.233229] (control_layer) StderrLine: {'line': b'\x1b[0m\n'}
[33.234763] (control_layer) CommandEnded: {'returncode': 1}
[33.282588] (-) TimerEvent: {}
[33.391269] (-) TimerEvent: {}
[33.499843] (-) TimerEvent: {}
[33.608424] (-) TimerEvent: {}
[33.619588] (control_layer) JobEnded: {'identifier': 'control_layer', 'rc': 1}
[33.635708] (-) EventReactorShutdown: {}
