[1.513s] Invoking command in '/mnt/c/Users/LENOVO/OneDrive/Desktop/drone/build/slam_layer': CMAKE_PREFIX_PATH=${CMAKE_PREFIX_PATH}:/opt/ros/jazzy /usr/bin/cmake /mnt/c/Users/LENOVO/OneDrive/Desktop/drone/src/slam_layer -DAMENT_CMAKE_SYMLINK_INSTALL=1 -DCMAKE_INSTALL_PREFIX=/mnt/c/Users/LENOVO/OneDrive/Desktop/drone/install/slam_layer
[2.114s] -- The C compiler identification is GNU 13.3.0
[3.426s] -- The CXX compiler identification is GNU 13.3.0
[4.894s] -- Detecting C compiler ABI info
[6.688s] -- Detecting C compiler ABI info - done
[6.776s] -- Check for working C compiler: /usr/bin/cc - skipped
[6.778s] -- Detecting C compile features
[6.782s] -- Detecting C compile features - done
[7.050s] -- Detecting CXX compiler ABI info
[8.640s] -- Detecting CXX compiler ABI info - done
[8.711s] -- Check for working CXX compiler: /usr/bin/c++ - skipped
[8.712s] -- Detecting CXX compile features
[8.714s] -- Detecting CXX compile features - done
[8.837s] -- Found ament_cmake: 2.5.5 (/opt/ros/jazzy/share/ament_cmake/cmake)
[9.120s] -- Found Python3: /usr/bin/python3 (found version "3.12.3") found components: Interpreter 
[9.338s] -- Override CMake install command with custom implementation using symlinks instead of copying resources
[10.194s] -- Found rclcpp: 28.1.16 (/opt/ros/jazzy/share/rclcpp/cmake)
[10.952s] -- Found rosidl_generator_c: 4.6.7 (/opt/ros/jazzy/share/rosidl_generator_c/cmake)
[11.131s] -- Found rosidl_generator_cpp: 4.6.7 (/opt/ros/jazzy/share/rosidl_generator_cpp/cmake)
[11.308s] -- Using all available rosidl_typesupport_c: rosidl_typesupport_fastrtps_c;rosidl_typesupport_introspection_c
[11.506s] -- Using all available rosidl_typesupport_cpp: rosidl_typesupport_fastrtps_cpp;rosidl_typesupport_introspection_cpp
[12.142s] -- Found rmw_implementation_cmake: 7.3.3 (/opt/ros/jazzy/share/rmw_implementation_cmake/cmake)
[12.197s] -- Found rmw_fastrtps_cpp: 8.4.3 (/opt/ros/jazzy/share/rmw_fastrtps_cpp/cmake)
[12.555s] -- Found OpenSSL: /usr/lib/x86_64-linux-gnu/libcrypto.so (found version "3.0.13")  
[12.972s] -- Found FastRTPS: /opt/ros/jazzy/include (Required is at least version "2.13") 
[13.227s] -- Using RMW implementation 'rmw_fastrtps_cpp' as default
[16.030s] [31mCMake Error at CMakeLists.txt:11 (find_package):
[16.032s]   By not providing "Findslam_toolbox.cmake" in CMAKE_MODULE_PATH this project
[16.033s]   has asked CMake to find a package configuration file provided by
[16.035s]   "slam_toolbox", but CMake did not find one.
[16.036s] 
[16.038s]   Could not find a package configuration file provided by "slam_toolbox" with
[16.039s]   any of the following names:
[16.041s] 
[16.042s]     slam_toolboxConfig.cmake
[16.045s]     slam_toolbox-config.cmake
[16.046s] 
[16.048s]   Add the installation prefix of "slam_toolbox" to CMAKE_PREFIX_PATH or set
[16.049s]   "slam_toolbox_DIR" to a directory containing one of the above files.  If
[16.051s]   "slam_toolbox" provides a separate development package or SDK, be sure it
[16.052s]   has been installed.
[16.054s] 
[16.055s] [0m
[16.056s] -- Configuring incomplete, errors occurred!
