[0.000000] (-) TimerEvent: {}
[0.000749] (control_layer) JobQueued: {'identifier': 'control_layer', 'dependencies': OrderedDict()}
[0.001216] (fault_handler) JobQueued: {'identifier': 'fault_handler', 'dependencies': OrderedDict()}
[0.001568] (navigation_layer) JobQueued: {'identifier': 'navigation_layer', 'dependencies': OrderedDict()}
[0.002007] (perception_layer) JobQueued: {'identifier': 'perception_layer', 'dependencies': OrderedDict()}
[0.002345] (slam_layer) JobQueued: {'identifier': 'slam_layer', 'dependencies': OrderedDict()}
[0.003150] (telemetry) JobQueued: {'identifier': 'telemetry', 'dependencies': OrderedDict()}
[0.003985] (control_layer) JobStarted: {'identifier': 'control_layer'}
[0.029737] (fault_handler) JobStarted: {'identifier': 'fault_handler'}
[0.102024] (-) TimerEvent: {}
[0.155693] (navigation_layer) JobStarted: {'identifier': 'navigation_layer'}
[0.205554] (-) TimerEvent: {}
[0.278049] (perception_layer) JobStarted: {'identifier': 'perception_layer'}
[0.307636] (-) TimerEvent: {}
[0.401267] (slam_layer) JobStarted: {'identifier': 'slam_layer'}
[0.408235] (-) TimerEvent: {}
[0.422349] (telemetry) JobStarted: {'identifier': 'telemetry'}
[0.513043] (-) TimerEvent: {}
[0.552029] (control_layer) JobProgress: {'identifier': 'control_layer', 'progress': 'cmake'}
[0.597973] (control_layer) JobProgress: {'identifier': 'control_layer', 'progress': 'build'}
[0.608711] (control_layer) Command: {'cmd': ['/usr/bin/cmake', '--build', '/mnt/c/Users/LENOVO/OneDrive/Desktop/drone/build/control_layer', '--', '-j16', '-l16'], 'cwd': '/mnt/c/Users/LENOVO/OneDrive/Desktop/drone/build/control_layer', 'env': OrderedDict({'USER': 'lenovo', 'SHLVL': '0', 'LD_LIBRARY_PATH': '/opt/ros/jazzy/opt/rviz_ogre_vendor/lib:/opt/ros/jazzy/lib/x86_64-linux-gnu:/opt/ros/jazzy/opt/gz_math_vendor/lib:/opt/ros/jazzy/opt/gz_utils_vendor/lib:/opt/ros/jazzy/opt/gz_cmake_vendor/lib:/opt/ros/jazzy/lib', 'HOME': '/home/lenovo', 'OLDPWD': '/mnt/c/Users/LENOVO/OneDrive/Desktop/drone', 'ROS_PYTHON_VERSION': '3', 'DBUS_SESSION_BUS_ADDRESS': 'unix:path=/run/user/1000/bus', 'WSL_DISTRO_NAME': 'Ubuntu', 'WAYLAND_DISPLAY': 'wayland-0', 'ROS_DISTRO': 'jazzy', 'LOGNAME': 'lenovo', 'NAME': 'LAPTOP-MLDMFMJ8', 'WSL_INTEROP': '/run/WSL/17557_interop', 'PULSE_SERVER': 'unix:/mnt/wslg/PulseServer', '_': '/usr/bin/colcon', 'ROS_VERSION': '2', 'TERM': 'xterm-256color', 'PATH': '/opt/ros/jazzy/bin:/usr/local/sbin:/usr/local/bin:/usr/sbin:/usr/bin:/sbin:/bin:/usr/games:/usr/local/games:/usr/lib/wsl/lib:/mnt/c/Python314/Scripts/:/mnt/c/Python314/:/mnt/c/Windows/system32:/mnt/c/Windows:/mnt/c/Windows/System32/Wbem:/mnt/c/Windows/System32/WindowsPowerShell/v1.0/:/mnt/c/Windows/System32/OpenSSH/:/mnt/c/Program Files (x86)/NVIDIA Corporation/PhysX/Common:/mnt/c/Program Files/NVIDIA Corporation/NVIDIA NvDLISR:/mnt/c/Program Files/Git/cmd:/mnt/c/src/flutter/bin:/mnt/c/MinGW/bin:/mnt/c/Users/LENOVO/AppData/Local/Pub/Cache/bin:/mnt/c/ffmpeg-8.0.1-essentials_build/bin:/mnt/c/Program Files/nodejs/:/mnt/c/ProgramData/chocolatey/bin:/mnt/c/Program Files/dotnet/:/mnt/c/Program Files (x86)/Windows Kits/10/Windows Performance Toolkit/:/mnt/c/Users/LENOVO/AppData/Local/Programs/Python/Python311/Scripts/:/mnt/c/Users/LENOVO/AppData/Local/Programs/Python/Python311/:/mnt/c/Users/LENOVO/AppData/Local/Programs/Python/Launcher/:/mnt/c/Users/LENOVO/AppData/Local/Microsoft/WindowsApps:/mnt/c/Users/LENOVO/AppData/Local/Programs/Microsoft VS Code/bin:/mnt/c/Program Files/Eclipse Adoptium/jdk-17.0.17.10-hotspot/bin:/mnt/c/Users/LENOVO/AppData/Local/Python/bin:/mnt/c/Users/LENOVO/AppData/Roaming/npm:/mnt/c/Users/LENOVO/AppData/Local/Programs/Antigravity/bin', 'XDG_RUNTIME_DIR': '/run/user/1000/', 'DISPLAY': ':0', 'LANG': 'C.UTF-8', 'AMENT_PREFIX_PATH': '/opt/ros/jazzy', 'SHELL': '/bin/bash', 'ROS_AUTOMATIC_DISCOVERY_RANGE': 'SUBNET', 'PWD': '/mnt/c/Users/LENOVO/OneDrive/Desktop/drone/build/control_layer', 'PYTHONPATH': '/opt/ros/jazzy/lib/python3.12/site-packages', 'COLCON': '1', 'WSL2_GUI_APPS_ENABLED': '1', 'HOSTTYPE': 'x86_64', 'CMAKE_PREFIX_PATH': '/opt/ros/jazzy/opt/gz_math_vendor:/opt/ros/jazzy/opt/gz_utils_vendor:/opt/ros/jazzy/opt/gz_cmake_vendor:/opt/ros/jazzy', 'WSLENV': ''}), 'shell': False}
[0.630571] (-) TimerEvent: {}
[0.732532] (-) TimerEvent: {}
[0.833998] (-) TimerEvent: {}
[0.939559] (-) TimerEvent: {}
[1.040567] (-) TimerEvent: {}
[1.145614] (-) TimerEvent: {}
[1.248003] (-) TimerEvent: {}
[1.348963] (-) TimerEvent: {}
[1.450105] (-) TimerEvent: {}
[1.551191] (-) TimerEvent: {}
[1.652471] (-) TimerEvent: {}
[1.733973] (slam_layer) JobProgress: {'identifier': 'slam_layer', 'progress': 'cmake'}
[1.752758] (-) TimerEvent: {}
[1.784554] (slam_layer) Command: {'cmd': ['/usr/bin/cmake', '/mnt/c/Users/LENOVO/OneDrive/Desktop/drone/src/slam_layer', '-DAMENT_CMAKE_SYMLINK_INSTALL=1', '-DCMAKE_INSTALL_PREFIX=/mnt/c/Users/LENOVO/OneDrive/Desktop/drone/install/slam_layer'], 'cwd': '/mnt/c/Users/LENOVO/OneDrive/Desktop/drone/build/slam_layer', 'env': OrderedDict({'USER': 'lenovo', 'SHLVL': '0', 'LD_LIBRARY_PATH': '/opt/ros/jazzy/opt/rviz_ogre_vendor/lib:/opt/ros/jazzy/lib/x86_64-linux-gnu:/opt/ros/jazzy/opt/gz_math_vendor/lib:/opt/ros/jazzy/opt/gz_utils_vendor/lib:/opt/ros/jazzy/opt/gz_cmake_vendor/lib:/opt/ros/jazzy/lib', 'HOME': '/home/lenovo', 'OLDPWD': '/mnt/c/Users/LENOVO/OneDrive/Desktop/drone', 'ROS_PYTHON_VERSION': '3', 'DBUS_SESSION_BUS_ADDRESS': 'unix:path=/run/user/1000/bus', 'WSL_DISTRO_NAME': 'Ubuntu', 'WAYLAND_DISPLAY': 'wayland-0', 'ROS_DISTRO': 'jazzy', 'LOGNAME': 'lenovo', 'NAME': 'LAPTOP-MLDMFMJ8', 'WSL_INTEROP': '/run/WSL/17557_interop', 'PULSE_SERVER': 'unix:/mnt/wslg/PulseServer', '_': '/usr/bin/colcon', 'ROS_VERSION': '2', 'TERM': 'xterm-256color', 'PATH': '/opt/ros/jazzy/bin:/usr/local/sbin:/usr/local/bin:/usr/sbin:/usr/bin:/sbin:/bin:/usr/games:/usr/local/games:/usr/lib/wsl/lib:/mnt/c/Python314/Scripts/:/mnt/c/Python314/:/mnt/c/Windows/system32:/mnt/c/Windows:/mnt/c/Windows/System32/Wbem:/mnt/c/Windows/System32/WindowsPowerShell/v1.0/:/mnt/c/Windows/System32/OpenSSH/:/mnt/c/Program Files (x86)/NVIDIA Corporation/PhysX/Common:/mnt/c/Program Files/NVIDIA Corporation/NVIDIA NvDLISR:/mnt/c/Program Files/Git/cmd:/mnt/c/src/flutter/bin:/mnt/c/MinGW/bin:/mnt/c/Users/LENOVO/AppData/Local/Pub/Cache/bin:/mnt/c/ffmpeg-8.0.1-essentials_build/bin:/mnt/c/Program Files/nodejs/:/mnt/c/ProgramData/chocolatey/bin:/mnt/c/Program Files/dotnet/:/mnt/c/Program Files (x86)/Windows Kits/10/Windows Performance Toolkit/:/mnt/c/Users/LENOVO/AppData/Local/Programs/Python/Python311/Scripts/:/mnt/c/Users/LENOVO/AppData/Local/Programs/Python/Python311/:/mnt/c/Users/LENOVO/AppData/Local/Programs/Python/Launcher/:/mnt/c/Users/LENOVO/AppData/Local/Microsoft/WindowsApps:/mnt/c/Users/LENOVO/AppData/Local/Programs/Microsoft VS Code/bin:/mnt/c/Program Files/Eclipse Adoptium/jdk-17.0.17.10-hotspot/bin:/mnt/c/Users/LENOVO/AppData/Local/Python/bin:/mnt/c/Users/LENOVO/AppData/Roaming/npm:/mnt/c/Users/LENOVO/AppData/Local/Programs/Antigravity/bin', 'XDG_RUNTIME_DIR': '/run/user/1000/', 'DISPLAY': ':0', 'LANG': 'C.UTF-8', 'AMENT_PREFIX_PATH': '/opt/ros/jazzy', 'SHELL': '/bin/bash', 'ROS_AUTOMATIC_DISCOVERY_RANGE': 'SUBNET', 'PWD': '/mnt/c/Users/LENOVO/OneDrive/Desktop/drone/build/slam_layer', 'PYTHONPATH': '/opt/ros/jazzy/lib/python3.12/site-packages', 'COLCON': '1', 'WSL2_GUI_APPS_ENABLED': '1', 'HOSTTYPE': 'x86_64', 'CMAKE_PREFIX_PATH': '/opt/ros/jazzy/opt/gz_math_vendor:/opt/ros/jazzy/opt/gz_utils_vendor:/opt/ros/jazzy/opt/gz_cmake_vendor:/opt/ros/jazzy', 'WSLENV': ''}), 'shell': False}
[1.804205] (control_layer) StdoutLine: {'line': b'-- Found ament_cmake: 2.5.5 (/opt/ros/jazzy/share/ament_cmake/cmake)\n'}
[1.805711] (control_layer) StdoutLine: {'line': b'-- Override CMake install command with custom implementation using symlinks instead of copying resources\n'}
[1.807347] (control_layer) StdoutLine: {'line': b'-- Found rclcpp: 28.1.16 (/opt/ros/jazzy/share/rclcpp/cmake)\n'}
[1.853197] (-) TimerEvent: {}
[1.953961] (-) TimerEvent: {}
[1.965341] (slam_layer) StdoutLine: {'line': b'-- Found ament_cmake: 2.5.5 (/opt/ros/jazzy/share/ament_cmake/cmake)\n'}
[2.054392] (-) TimerEvent: {}
[2.155154] (-) TimerEvent: {}
[2.256174] (-) TimerEvent: {}
[2.260613] (control_layer) StdoutLine: {'line': b'-- Found rosidl_generator_c: 4.6.7 (/opt/ros/jazzy/share/rosidl_generator_c/cmake)\n'}
[2.354637] (control_layer) StdoutLine: {'line': b'-- Found rosidl_generator_cpp: 4.6.7 (/opt/ros/jazzy/share/rosidl_generator_cpp/cmake)\n'}
[2.356956] (-) TimerEvent: {}
[2.387508] (slam_layer) StdoutLine: {'line': b'-- Override CMake install command with custom implementation using symlinks instead of copying resources\n'}
[2.458085] (-) TimerEvent: {}
[2.473561] (control_layer) StdoutLine: {'line': b'-- Using all available rosidl_typesupport_c: rosidl_typesupport_fastrtps_c;rosidl_typesupport_introspection_c\n'}
[2.559264] (-) TimerEvent: {}
[2.628477] (control_layer) StdoutLine: {'line': b'-- Using all available rosidl_typesupport_cpp: rosidl_typesupport_fastrtps_cpp;rosidl_typesupport_introspection_cpp\n'}
[2.654404] (slam_layer) StdoutLine: {'line': b'-- Found rclcpp: 28.1.16 (/opt/ros/jazzy/share/rclcpp/cmake)\n'}
[2.659235] (-) TimerEvent: {}
[2.760697] (-) TimerEvent: {}
[2.861753] (-) TimerEvent: {}
[2.962843] (-) TimerEvent: {}
[3.023191] (control_layer) StdoutLine: {'line': b'-- Found rmw_implementation_cmake: 7.3.3 (/opt/ros/jazzy/share/rmw_implementation_cmake/cmake)\n'}
[3.053245] (control_layer) StdoutLine: {'line': b'-- Found rmw_fastrtps_cpp: 8.4.3 (/opt/ros/jazzy/share/rmw_fastrtps_cpp/cmake)\n'}
[3.063191] (-) TimerEvent: {}
[3.138695] (slam_layer) StdoutLine: {'line': b'-- Found rosidl_generator_c: 4.6.7 (/opt/ros/jazzy/share/rosidl_generator_c/cmake)\n'}
[3.165020] (-) TimerEvent: {}
[3.221177] (slam_layer) StdoutLine: {'line': b'-- Found rosidl_generator_cpp: 4.6.7 (/opt/ros/jazzy/share/rosidl_generator_cpp/cmake)\n'}
[3.265314] (-) TimerEvent: {}
[3.303877] (slam_layer) StdoutLine: {'line': b'-- Using all available rosidl_typesupport_c: rosidl_typesupport_fastrtps_c;rosidl_typesupport_introspection_c\n'}
[3.365541] (-) TimerEvent: {}
[3.418333] (slam_layer) StdoutLine: {'line': b'-- Using all available rosidl_typesupport_cpp: rosidl_typesupport_fastrtps_cpp;rosidl_typesupport_introspection_cpp\n'}
[3.466049] (-) TimerEvent: {}
[3.566980] (-) TimerEvent: {}
[3.668749] (-) TimerEvent: {}
[3.745862] (slam_layer) StdoutLine: {'line': b'-- Found rmw_implementation_cmake: 7.3.3 (/opt/ros/jazzy/share/rmw_implementation_cmake/cmake)\n'}
[3.765862] (slam_layer) StdoutLine: {'line': b'-- Found rmw_fastrtps_cpp: 8.4.3 (/opt/ros/jazzy/share/rmw_fastrtps_cpp/cmake)\n'}
[3.768921] (-) TimerEvent: {}
[3.821018] (control_layer) StdoutLine: {'line': b"-- Using RMW implementation 'rmw_fastrtps_cpp' as default\n"}
[3.872663] (-) TimerEvent: {}
[3.981101] (-) TimerEvent: {}
[4.089439] (-) TimerEvent: {}
[4.197854] (-) TimerEvent: {}
[4.298849] (-) TimerEvent: {}
[4.337841] (control_layer) StdoutLine: {'line': b'-- Found std_msgs: 5.3.6 (/opt/ros/jazzy/share/std_msgs/cmake)\n'}
[4.385571] (control_layer) StdoutLine: {'line': b'-- Found geometry_msgs: 5.3.6 (/opt/ros/jazzy/share/geometry_msgs/cmake)\n'}
[4.399154] (-) TimerEvent: {}
[4.435556] (control_layer) StdoutLine: {'line': b'-- Found sensor_msgs: 5.3.6 (/opt/ros/jazzy/share/sensor_msgs/cmake)\n'}
[4.485360] (slam_layer) StdoutLine: {'line': b"-- Using RMW implementation 'rmw_fastrtps_cpp' as default\n"}
[4.499785] (-) TimerEvent: {}
[4.585644] (control_layer) StdoutLine: {'line': b'-- Found ament_lint_auto: 0.17.4 (/opt/ros/jazzy/share/ament_lint_auto/cmake)\n'}
[4.600125] (-) TimerEvent: {}
[4.700805] (-) TimerEvent: {}
[4.801609] (-) TimerEvent: {}
[4.902630] (-) TimerEvent: {}
[5.003639] (-) TimerEvent: {}
[5.063260] (fault_handler) Command: {'cmd': ['/usr/bin/python3', '-W', 'ignore:setup.py install is deprecated', '-W', 'ignore:easy_install command is deprecated', 'setup.py', 'develop', '--editable', '--build-directory', '/mnt/c/Users/LENOVO/OneDrive/Desktop/drone/build/fault_handler/build', '--no-deps', 'symlink_data'], 'cwd': '/mnt/c/Users/LENOVO/OneDrive/Desktop/drone/build/fault_handler', 'env': {'USER': 'lenovo', 'SHLVL': '0', 'LD_LIBRARY_PATH': '/opt/ros/jazzy/opt/rviz_ogre_vendor/lib:/opt/ros/jazzy/lib/x86_64-linux-gnu:/opt/ros/jazzy/opt/gz_math_vendor/lib:/opt/ros/jazzy/opt/gz_utils_vendor/lib:/opt/ros/jazzy/opt/gz_cmake_vendor/lib:/opt/ros/jazzy/lib', 'HOME': '/home/lenovo', 'OLDPWD': '/mnt/c/Users/LENOVO/OneDrive/Desktop/drone', 'ROS_PYTHON_VERSION': '3', 'DBUS_SESSION_BUS_ADDRESS': 'unix:path=/run/user/1000/bus', 'WSL_DISTRO_NAME': 'Ubuntu', 'WAYLAND_DISPLAY': 'wayland-0', 'ROS_DISTRO': 'jazzy', 'LOGNAME': 'lenovo', 'NAME': 'LAPTOP-MLDMFMJ8', 'WSL_INTEROP': '/run/WSL/17557_interop', 'PULSE_SERVER': 'unix:/mnt/wslg/PulseServer', '_': '/usr/bin/colcon', 'ROS_VERSION': '2', 'TERM': 'xterm-256color', 'PATH': '/opt/ros/jazzy/bin:/usr/local/sbin:/usr/local/bin:/usr/sbin:/usr/bin:/sbin:/bin:/usr/games:/usr/local/games:/usr/lib/wsl/lib:/mnt/c/Python314/Scripts/:/mnt/c/Python314/:/mnt/c/Windows/system32:/mnt/c/Windows:/mnt/c/Windows/System32/Wbem:/mnt/c/Windows/System32/WindowsPowerShell/v1.0/:/mnt/c/Windows/System32/OpenSSH/:/mnt/c/Program Files (x86)/NVIDIA Corporation/PhysX/Common:/mnt/c/Program Files/NVIDIA Corporation/NVIDIA NvDLISR:/mnt/c/Program Files/Git/cmd:/mnt/c/src/flutter/bin:/mnt/c/MinGW/bin:/mnt/c/Users/LENOVO/AppData/Local/Pub/Cache/bin:/mnt/c/ffmpeg-8.0.1-essentials_build/bin:/mnt/c/Program Files/nodejs/:/mnt/c/ProgramData/chocolatey/bin:/mnt/c/Program Files/dotnet/:/mnt/c/Program Files (x86)/Windows Kits/10/Windows Performance Toolkit/:/mnt/c/Users/LENOVO/AppData/Local/Programs/Python/Python311/Scripts/:/mnt/c/Users/LENOVO/AppData/Local/Programs/Python/Python311/:/mnt/c/Users/LENOVO/AppData/Local/Programs/Python/Launcher/:/mnt/c/Users/LENOVO/AppData/Local/Microsoft/WindowsApps:/mnt/c/Users/LENOVO/AppData/Local/Programs/Microsoft VS Code/bin:/mnt/c/Program Files/Eclipse Adoptium/jdk-17.0.17.10-hotspot/bin:/mnt/c/Users/LENOVO/AppData/Local/Python/bin:/mnt/c/Users/LENOVO/AppData/Roaming/npm:/mnt/c/Users/LENOVO/AppData/Local/Programs/Antigravity/bin', 'XDG_RUNTIME_DIR': '/run/user/1000/', 'DISPLAY': ':0', 'LANG': 'C.UTF-8', 'AMENT_PREFIX_PATH': '/opt/ros/jazzy', 'SHELL': '/bin/bash', 'ROS_AUTOMATIC_DISCOVERY_RANGE': 'SUBNET', 'PWD': '/mnt/c/Users/LENOVO/OneDrive/Desktop/drone/build/fault_handler', 'PYTHONPATH': '/mnt/c/Users/LENOVO/OneDrive/Desktop/drone/build/fault_handler/prefix_override:/usr/lib/python3/dist-packages/colcon_core/task/python/colcon_distutils_commands:/mnt/c/Users/LENOVO/OneDrive/Desktop/drone/install/fault_handler/lib/python3.12/site-packages:/opt/ros/jazzy/lib/python3.12/site-packages', 'COLCON': '1', 'WSL2_GUI_APPS_ENABLED': '1', 'HOSTTYPE': 'x86_64', 'CMAKE_PREFIX_PATH': '/opt/ros/jazzy/opt/gz_math_vendor:/opt/ros/jazzy/opt/gz_utils_vendor:/opt/ros/jazzy/opt/gz_cmake_vendor', 'WSLENV': ''}, 'shell': False}
[5.104019] (-) TimerEvent: {}
[5.204862] (-) TimerEvent: {}
[5.206288] (perception_layer) Command: {'cmd': ['/usr/bin/python3', '-W', 'ignore:setup.py install is deprecated', '-W', 'ignore:easy_install command is deprecated', 'setup.py', 'develop', '--editable', '--build-directory', '/mnt/c/Users/LENOVO/OneDrive/Desktop/drone/build/perception_layer/build', '--no-deps', 'symlink_data'], 'cwd': '/mnt/c/Users/LENOVO/OneDrive/Desktop/drone/build/perception_layer', 'env': {'USER': 'lenovo', 'SHLVL': '0', 'LD_LIBRARY_PATH': '/opt/ros/jazzy/opt/rviz_ogre_vendor/lib:/opt/ros/jazzy/lib/x86_64-linux-gnu:/opt/ros/jazzy/opt/gz_math_vendor/lib:/opt/ros/jazzy/opt/gz_utils_vendor/lib:/opt/ros/jazzy/opt/gz_cmake_vendor/lib:/opt/ros/jazzy/lib', 'HOME': '/home/lenovo', 'OLDPWD': '/mnt/c/Users/LENOVO/OneDrive/Desktop/drone', 'ROS_PYTHON_VERSION': '3', 'DBUS_SESSION_BUS_ADDRESS': 'unix:path=/run/user/1000/bus', 'WSL_DISTRO_NAME': 'Ubuntu', 'WAYLAND_DISPLAY': 'wayland-0', 'ROS_DISTRO': 'jazzy', 'LOGNAME': 'lenovo', 'NAME': 'LAPTOP-MLDMFMJ8', 'WSL_INTEROP': '/run/WSL/17557_interop', 'PULSE_SERVER': 'unix:/mnt/wslg/PulseServer', '_': '/usr/bin/colcon', 'ROS_VERSION': '2', 'TERM': 'xterm-256color', 'PATH': '/opt/ros/jazzy/bin:/usr/local/sbin:/usr/local/bin:/usr/sbin:/usr/bin:/sbin:/bin:/usr/games:/usr/local/games:/usr/lib/wsl/lib:/mnt/c/Python314/Scripts/:/mnt/c/Python314/:/mnt/c/Windows/system32:/mnt/c/Windows:/mnt/c/Windows/System32/Wbem:/mnt/c/Windows/System32/WindowsPowerShell/v1.0/:/mnt/c/Windows/System32/OpenSSH/:/mnt/c/Program Files (x86)/NVIDIA Corporation/PhysX/Common:/mnt/c/Program Files/NVIDIA Corporation/NVIDIA NvDLISR:/mnt/c/Program Files/Git/cmd:/mnt/c/src/flutter/bin:/mnt/c/MinGW/bin:/mnt/c/Users/LENOVO/AppData/Local/Pub/Cache/bin:/mnt/c/ffmpeg-8.0.1-essentials_build/bin:/mnt/c/Program Files/nodejs/:/mnt/c/ProgramData/chocolatey/bin:/mnt/c/Program Files/dotnet/:/mnt/c/Program Files (x86)/Windows Kits/10/Windows Performance Toolkit/:/mnt/c/Users/LENOVO/AppData/Local/Programs/Python/Python311/Scripts/:/mnt/c/Users/LENOVO/AppData/Local/Programs/Python/Python311/:/mnt/c/Users/LENOVO/AppData/Local/Programs/Python/Launcher/:/mnt/c/Users/LENOVO/AppData/Local/Microsoft/WindowsApps:/mnt/c/Users/LENOVO/AppData/Local/Programs/Microsoft VS Code/bin:/mnt/c/Program Files/Eclipse Adoptium/jdk-17.0.17.10-hotspot/bin:/mnt/c/Users/LENOVO/AppData/Local/Python/bin:/mnt/c/Users/LENOVO/AppData/Roaming/npm:/mnt/c/Users/LENOVO/AppData/Local/Programs/Antigravity/bin', 'XDG_RUNTIME_DIR': '/run/user/1000/', 'DISPLAY': ':0', 'LANG': 'C.UTF-8', 'AMENT_PREFIX_PATH': '/opt/ros/jazzy', 'SHELL': '/bin/bash', 'ROS_AUTOMATIC_DISCOVERY_RANGE': 'SUBNET', 'PWD': '/mnt/c/Users/LENOVO/OneDrive/Desktop/drone/build/perception_layer', 'PYTHONPATH': '/mnt/c/Users/LENOVO/OneDrive/Desktop/drone/build/perception_layer/prefix_override:/usr/lib/python3/dist-packages/colcon_core/task/python/colcon_distutils_commands:/mnt/c/Users/LENOVO/OneDrive/Desktop/drone/install/perception_layer/lib/python3.12/site-packages:/opt/ros/jazzy/lib/python3.12/site-packages', 'COLCON': '1', 'WSL2_GUI_APPS_ENABLED': '1', 'HOSTTYPE': 'x86_64', 'CMAKE_PREFIX_PATH': '/opt/ros/jazzy/opt/gz_math_vendor:/opt/ros/jazzy/opt/gz_utils_vendor:/opt/ros/jazzy/opt/gz_cmake_vendor', 'WSLENV': ''}, 'shell': False}
[5.305098] (-) TimerEvent: {}
[5.361275] (navigation_layer) Command: {'cmd': ['/usr/bin/python3', '-W', 'ignore:setup.py install is deprecated', '-W', 'ignore:easy_install command is deprecated', 'setup.py', 'develop', '--editable', '--build-directory', '/mnt/c/Users/LENOVO/OneDrive/Desktop/drone/build/navigation_layer/build', '--no-deps', 'symlink_data'], 'cwd': '/mnt/c/Users/LENOVO/OneDrive/Desktop/drone/build/navigation_layer', 'env': {'USER': 'lenovo', 'SHLVL': '0', 'LD_LIBRARY_PATH': '/opt/ros/jazzy/opt/rviz_ogre_vendor/lib:/opt/ros/jazzy/lib/x86_64-linux-gnu:/opt/ros/jazzy/opt/gz_math_vendor/lib:/opt/ros/jazzy/opt/gz_utils_vendor/lib:/opt/ros/jazzy/opt/gz_cmake_vendor/lib:/opt/ros/jazzy/lib', 'HOME': '/home/lenovo', 'OLDPWD': '/mnt/c/Users/LENOVO/OneDrive/Desktop/drone', 'ROS_PYTHON_VERSION': '3', 'DBUS_SESSION_BUS_ADDRESS': 'unix:path=/run/user/1000/bus', 'WSL_DISTRO_NAME': 'Ubuntu', 'WAYLAND_DISPLAY': 'wayland-0', 'ROS_DISTRO': 'jazzy', 'LOGNAME': 'lenovo', 'NAME': 'LAPTOP-MLDMFMJ8', 'WSL_INTEROP': '/run/WSL/17557_interop', 'PULSE_SERVER': 'unix:/mnt/wslg/PulseServer', '_': '/usr/bin/colcon', 'ROS_VERSION': '2', 'TERM': 'xterm-256color', 'PATH': '/opt/ros/jazzy/bin:/usr/local/sbin:/usr/local/bin:/usr/sbin:/usr/bin:/sbin:/bin:/usr/games:/usr/local/games:/usr/lib/wsl/lib:/mnt/c/Python314/Scripts/:/mnt/c/Python314/:/mnt/c/Windows/system32:/mnt/c/Windows:/mnt/c/Windows/System32/Wbem:/mnt/c/Windows/System32/WindowsPowerShell/v1.0/:/mnt/c/Windows/System32/OpenSSH/:/mnt/c/Program Files (x86)/NVIDIA Corporation/PhysX/Common:/mnt/c/Program Files/NVIDIA Corporation/NVIDIA NvDLISR:/mnt/c/Program Files/Git/cmd:/mnt/c/src/flutter/bin:/mnt/c/MinGW/bin:/mnt/c/Users/LENOVO/AppData/Local/Pub/Cache/bin:/mnt/c/ffmpeg-8.0.1-essentials_build/bin:/mnt/c/Program Files/nodejs/:/mnt/c/ProgramData/chocolatey/bin:/mnt/c/Program Files/dotnet/:/mnt/c/Program Files (x86)/Windows Kits/10/Windows Performance Toolkit/:/mnt/c/Users/LENOVO/AppData/Local/Programs/Python/Python311/Scripts/:/mnt/c/Users/LENOVO/AppData/Local/Programs/Python/Python311/:/mnt/c/Users/LENOVO/AppData/Local/Programs/Python/Launcher/:/mnt/c/Users/LENOVO/AppData/Local/Microsoft/WindowsApps:/mnt/c/Users/LENOVO/AppData/Local/Programs/Microsoft VS Code/bin:/mnt/c/Program Files/Eclipse Adoptium/jdk-17.0.17.10-hotspot/bin:/mnt/c/Users/LENOVO/AppData/Local/Python/bin:/mnt/c/Users/LENOVO/AppData/Roaming/npm:/mnt/c/Users/LENOVO/AppData/Local/Programs/Antigravity/bin', 'XDG_RUNTIME_DIR': '/run/user/1000/', 'DISPLAY': ':0', 'LANG': 'C.UTF-8', 'AMENT_PREFIX_PATH': '/opt/ros/jazzy', 'SHELL': '/bin/bash', 'ROS_AUTOMATIC_DISCOVERY_RANGE': 'SUBNET', 'PWD': '/mnt/c/Users/LENOVO/OneDrive/Desktop/drone/build/navigation_layer', 'PYTHONPATH': '/mnt/c/Users/LENOVO/OneDrive/Desktop/drone/build/navigation_layer/prefix_override:/usr/lib/python3/dist-packages/colcon_core/task/python/colcon_distutils_commands:/mnt/c/Users/LENOVO/OneDrive/Desktop/drone/install/navigation_layer/lib/python3.12/site-packages:/opt/ros/jazzy/lib/python3.12/site-packages', 'COLCON': '1', 'WSL2_GUI_APPS_ENABLED': '1', 'HOSTTYPE': 'x86_64', 'CMAKE_PREFIX_PATH': '/opt/ros/jazzy/opt/gz_math_vendor:/opt/ros/jazzy/opt/gz_utils_vendor:/opt/ros/jazzy/opt/gz_cmake_vendor', 'WSLENV': ''}, 'shell': False}
[5.405268] (-) TimerEvent: {}
[5.492060] (telemetry) Command: {'cmd': ['/usr/bin/python3', '-W', 'ignore:setup.py install is deprecated', '-W', 'ignore:easy_install command is deprecated', 'setup.py', 'develop', '--editable', '--build-directory', '/mnt/c/Users/LENOVO/OneDrive/Desktop/drone/build/telemetry/build', '--no-deps', 'symlink_data'], 'cwd': '/mnt/c/Users/LENOVO/OneDrive/Desktop/drone/build/telemetry', 'env': {'USER': 'lenovo', 'SHLVL': '0', 'LD_LIBRARY_PATH': '/opt/ros/jazzy/opt/rviz_ogre_vendor/lib:/opt/ros/jazzy/lib/x86_64-linux-gnu:/opt/ros/jazzy/opt/gz_math_vendor/lib:/opt/ros/jazzy/opt/gz_utils_vendor/lib:/opt/ros/jazzy/opt/gz_cmake_vendor/lib:/opt/ros/jazzy/lib', 'HOME': '/home/lenovo', 'OLDPWD': '/mnt/c/Users/LENOVO/OneDrive/Desktop/drone', 'ROS_PYTHON_VERSION': '3', 'DBUS_SESSION_BUS_ADDRESS': 'unix:path=/run/user/1000/bus', 'WSL_DISTRO_NAME': 'Ubuntu', 'WAYLAND_DISPLAY': 'wayland-0', 'ROS_DISTRO': 'jazzy', 'LOGNAME': 'lenovo', 'NAME': 'LAPTOP-MLDMFMJ8', 'WSL_INTEROP': '/run/WSL/17557_interop', 'PULSE_SERVER': 'unix:/mnt/wslg/PulseServer', '_': '/usr/bin/colcon', 'ROS_VERSION': '2', 'TERM': 'xterm-256color', 'PATH': '/opt/ros/jazzy/bin:/usr/local/sbin:/usr/local/bin:/usr/sbin:/usr/bin:/sbin:/bin:/usr/games:/usr/local/games:/usr/lib/wsl/lib:/mnt/c/Python314/Scripts/:/mnt/c/Python314/:/mnt/c/Windows/system32:/mnt/c/Windows:/mnt/c/Windows/System32/Wbem:/mnt/c/Windows/System32/WindowsPowerShell/v1.0/:/mnt/c/Windows/System32/OpenSSH/:/mnt/c/Program Files (x86)/NVIDIA Corporation/PhysX/Common:/mnt/c/Program Files/NVIDIA Corporation/NVIDIA NvDLISR:/mnt/c/Program Files/Git/cmd:/mnt/c/src/flutter/bin:/mnt/c/MinGW/bin:/mnt/c/Users/LENOVO/AppData/Local/Pub/Cache/bin:/mnt/c/ffmpeg-8.0.1-essentials_build/bin:/mnt/c/Program Files/nodejs/:/mnt/c/ProgramData/chocolatey/bin:/mnt/c/Program Files/dotnet/:/mnt/c/Program Files (x86)/Windows Kits/10/Windows Performance Toolkit/:/mnt/c/Users/LENOVO/AppData/Local/Programs/Python/Python311/Scripts/:/mnt/c/Users/LENOVO/AppData/Local/Programs/Python/Python311/:/mnt/c/Users/LENOVO/AppData/Local/Programs/Python/Launcher/:/mnt/c/Users/LENOVO/AppData/Local/Microsoft/WindowsApps:/mnt/c/Users/LENOVO/AppData/Local/Programs/Microsoft VS Code/bin:/mnt/c/Program Files/Eclipse Adoptium/jdk-17.0.17.10-hotspot/bin:/mnt/c/Users/LENOVO/AppData/Local/Python/bin:/mnt/c/Users/LENOVO/AppData/Roaming/npm:/mnt/c/Users/LENOVO/AppData/Local/Programs/Antigravity/bin', 'XDG_RUNTIME_DIR': '/run/user/1000/', 'DISPLAY': ':0', 'LANG': 'C.UTF-8', 'AMENT_PREFIX_PATH': '/opt/ros/jazzy', 'SHELL': '/bin/bash', 'ROS_AUTOMATIC_DISCOVERY_RANGE': 'SUBNET', 'PWD': '/mnt/c/Users/LENOVO/OneDrive/Desktop/drone/build/telemetry', 'PYTHONPATH': '/mnt/c/Users/LENOVO/OneDrive/Desktop/drone/build/telemetry/prefix_override:/usr/lib/python3/dist-packages/colcon_core/task/python/colcon_distutils_commands:/mnt/c/Users/LENOVO/OneDrive/Desktop/drone/install/telemetry/lib/python3.12/site-packages:/opt/ros/jazzy/lib/python3.12/site-packages', 'COLCON': '1', 'WSL2_GUI_APPS_ENABLED': '1', 'HOSTTYPE': 'x86_64', 'CMAKE_PREFIX_PATH': '/opt/ros/jazzy/opt/gz_math_vendor:/opt/ros/jazzy/opt/gz_utils_vendor:/opt/ros/jazzy/opt/gz_cmake_vendor', 'WSLENV': ''}, 'shell': False}
[5.540429] (-) TimerEvent: {}
[5.641571] (-) TimerEvent: {}
[5.733139] (control_layer) StdoutLine: {'line': b"-- Added test 'copyright' to check source files copyright and LICENSE\n"}
[5.741896] (-) TimerEvent: {}
[5.843027] (-) TimerEvent: {}
[5.944226] (-) TimerEvent: {}
[6.045317] (-) TimerEvent: {}
[6.147024] (-) TimerEvent: {}
[6.178858] (control_layer) StdoutLine: {'line': b"-- Added test 'cppcheck' to perform static code analysis on C / C++ code\n"}
[6.180776] (control_layer) StdoutLine: {'line': b'-- Configured cppcheck include dirs: $<BUILD_INTERFACE:/mnt/c/Users/LENOVO/OneDrive/Desktop/drone/src/control_layer/include>\n'}
[6.182314] (control_layer) StdoutLine: {'line': b'-- Configured cppcheck exclude dirs and/or files: \n'}
[6.247377] (-) TimerEvent: {}
[6.348612] (-) TimerEvent: {}
[6.454650] (-) TimerEvent: {}
[6.562923] (-) TimerEvent: {}
[6.614708] (control_layer) StdoutLine: {'line': b"-- Added test 'cpplint' to check C / C++ code against the Google style\n"}
[6.616296] (control_layer) StdoutLine: {'line': b'-- Configured cpplint exclude dirs and/or files: \n'}
[6.665578] (-) TimerEvent: {}
[6.716388] (fault_handler) StdoutLine: {'line': b'running develop\n'}
[6.765846] (-) TimerEvent: {}
[6.783196] (control_layer) StdoutLine: {'line': b"-- Added test 'lint_cmake' to check CMake code style\n"}
[6.845182] (perception_layer) StdoutLine: {'line': b'running develop\n'}
[6.866412] (-) TimerEvent: {}
[6.967495] (-) TimerEvent: {}
[6.989371] (navigation_layer) StdoutLine: {'line': b'running develop\n'}
[7.067824] (-) TimerEvent: {}
[7.142555] (telemetry) StdoutLine: {'line': b'running develop\n'}
[7.168232] (-) TimerEvent: {}
[7.268934] (-) TimerEvent: {}
[7.296923] (control_layer) StdoutLine: {'line': b"-- Added test 'uncrustify' to check C / C++ code style\n"}
[7.298829] (control_layer) StdoutLine: {'line': b'-- Configured uncrustify additional arguments: \n'}
[7.368627] (control_layer) StdoutLine: {'line': b"-- Added test 'xmllint' to check XML markup files\n"}
[7.370741] (-) TimerEvent: {}
[7.371189] (slam_layer) StderrLine: {'line': b'\x1b[31mCMake Error at CMakeLists.txt:10 (find_package):\n'}
[7.373702] (slam_layer) StderrLine: {'line': b'  By not providing "Findslam_toolbox.cmake" in CMAKE_MODULE_PATH this project\n'}
[7.376225] (slam_layer) StderrLine: {'line': b'  has asked CMake to find a package configuration file provided by\n'}
[7.378368] (slam_layer) StderrLine: {'line': b'  "slam_toolbox", but CMake did not find one.\n'}
[7.380165] (slam_layer) StderrLine: {'line': b'\n'}
[7.382185] (slam_layer) StderrLine: {'line': b'  Could not find a package configuration file provided by "slam_toolbox" with\n'}
[7.383678] (slam_layer) StderrLine: {'line': b'  any of the following names:\n'}
[7.385306] (slam_layer) StderrLine: {'line': b'\n'}
[7.387423] (slam_layer) StderrLine: {'line': b'    slam_toolboxConfig.cmake\n'}
[7.388904] (slam_layer) StderrLine: {'line': b'    slam_toolbox-config.cmake\n'}
[7.390834] (slam_layer) StderrLine: {'line': b'\n'}
[7.392434] (slam_layer) StderrLine: {'line': b'  Add the installation prefix of "slam_toolbox" to CMAKE_PREFIX_PATH or set\n'}
[7.393599] (slam_layer) StderrLine: {'line': b'  "slam_toolbox_DIR" to a directory containing one of the above files.  If\n'}
[7.395132] (slam_layer) StderrLine: {'line': b'  "slam_toolbox" provides a separate development package or SDK, be sure it\n'}
[7.396963] (slam_layer) StderrLine: {'line': b'  has been installed.\n'}
[7.398992] (slam_layer) StderrLine: {'line': b'\n'}
[7.400959] (slam_layer) StderrLine: {'line': b'\x1b[0m\n'}
[7.402343] (slam_layer) StdoutLine: {'line': b'-- Configuring incomplete, errors occurred!\n'}
[7.435292] (fault_handler) StdoutLine: {'line': b'running egg_info\n'}
[7.446093] (slam_layer) CommandEnded: {'returncode': 1}
[7.471058] (-) TimerEvent: {}
[7.476379] (fault_handler) StdoutLine: {'line': b'writing fault_handler.egg-info/PKG-INFO\n'}
[7.488649] (fault_handler) StdoutLine: {'line': b'writing dependency_links to fault_handler.egg-info/dependency_links.txt\n'}
[7.498068] (fault_handler) StdoutLine: {'line': b'writing entry points to fault_handler.egg-info/entry_points.txt\n'}
[7.506609] (fault_handler) StdoutLine: {'line': b'writing requirements to fault_handler.egg-info/requires.txt\n'}
[7.512318] (fault_handler) StdoutLine: {'line': b'writing top-level names to fault_handler.egg-info/top_level.txt\n'}
[7.557156] (perception_layer) StdoutLine: {'line': b'running egg_info\n'}
[7.571473] (-) TimerEvent: {}
[7.594111] (control_layer) StdoutLine: {'line': b'-- Configuring done (6.6s)\n'}
[7.603216] (perception_layer) StdoutLine: {'line': b'writing perception_layer.egg-info/PKG-INFO\n'}
[7.618286] (perception_layer) StdoutLine: {'line': b'writing dependency_links to perception_layer.egg-info/dependency_links.txt\n'}
[7.627128] (perception_layer) StdoutLine: {'line': b'writing entry points to perception_layer.egg-info/entry_points.txt\n'}
[7.634546] (perception_layer) StdoutLine: {'line': b'writing requirements to perception_layer.egg-info/requires.txt\n'}
[7.641220] (perception_layer) StdoutLine: {'line': b'writing top-level names to perception_layer.egg-info/top_level.txt\n'}
[7.673666] (-) TimerEvent: {}
[7.701273] (fault_handler) StdoutLine: {'line': b"reading manifest file 'fault_handler.egg-info/SOURCES.txt'\n"}
[7.715309] (slam_layer) JobEnded: {'identifier': 'slam_layer', 'rc': 1}
[7.731316] (navigation_layer) StdoutLine: {'line': b'running egg_info\n'}
[7.760378] (navigation_layer) StdoutLine: {'line': b'writing navigation_layer.egg-info/PKG-INFO\n'}
[7.772954] (navigation_layer) StdoutLine: {'line': b'writing dependency_links to navigation_layer.egg-info/dependency_links.txt\n'}
[7.775265] (-) TimerEvent: {}
[7.782157] (navigation_layer) StdoutLine: {'line': b'writing entry points to navigation_layer.egg-info/entry_points.txt\n'}
[7.790837] (navigation_layer) StdoutLine: {'line': b'writing requirements to navigation_layer.egg-info/requires.txt\n'}
[7.797725] (navigation_layer) StdoutLine: {'line': b'writing top-level names to navigation_layer.egg-info/top_level.txt\n'}
[7.833505] (fault_handler) StdoutLine: {'line': b"writing manifest file 'fault_handler.egg-info/SOURCES.txt'\n"}
[7.852856] (perception_layer) StdoutLine: {'line': b"reading manifest file 'perception_layer.egg-info/SOURCES.txt'\n"}
[7.877026] (-) TimerEvent: {}
[7.902590] (fault_handler) StdoutLine: {'line': b'running build_ext\n'}
[7.904429] (fault_handler) StdoutLine: {'line': b'Creating /mnt/c/Users/LENOVO/OneDrive/Desktop/drone/install/fault_handler/lib/python3.12/site-packages/fault-handler.egg-link (link to .)\n'}
[7.919501] (telemetry) StdoutLine: {'line': b'running egg_info\n'}
[7.956989] (fault_handler) StdoutLine: {'line': b'Installing watchdog_node script to /mnt/c/Users/LENOVO/OneDrive/Desktop/drone/install/fault_handler/bin\n'}
[7.960269] (telemetry) StdoutLine: {'line': b'writing telemetry.egg-info/PKG-INFO\n'}
[7.972127] (telemetry) StdoutLine: {'line': b'writing dependency_links to telemetry.egg-info/dependency_links.txt\n'}
[7.977342] (-) TimerEvent: {}
[7.981356] (telemetry) StdoutLine: {'line': b'writing entry points to telemetry.egg-info/entry_points.txt\n'}
[7.989000] (telemetry) StdoutLine: {'line': b'writing requirements to telemetry.egg-info/requires.txt\n'}
[7.994259] (fault_handler) StdoutLine: {'line': b'\n'}
[7.996679] (fault_handler) StdoutLine: {'line': b'Installed /mnt/c/Users/LENOVO/OneDrive/Desktop/drone/build/fault_handler\n'}
[7.999761] (telemetry) StdoutLine: {'line': b'writing top-level names to telemetry.egg-info/top_level.txt\n'}
[8.003729] (fault_handler) StdoutLine: {'line': b'running symlink_data\n'}
[8.006176] (perception_layer) StdoutLine: {'line': b"writing manifest file 'perception_layer.egg-info/SOURCES.txt'\n"}
[8.011252] (navigation_layer) StdoutLine: {'line': b"reading manifest file 'navigation_layer.egg-info/SOURCES.txt'\n"}
[8.021051] (fault_handler) StderrLine: {'line': b"error: can't copy '/mnt/c/Users/LENOVO/OneDrive/Desktop/drone/build/fault_handler/resource/fault_handler': doesn't exist or not a regular file\n"}
[8.071264] (perception_layer) StdoutLine: {'line': b'running build_ext\n'}
[8.073624] (perception_layer) StdoutLine: {'line': b'Creating /mnt/c/Users/LENOVO/OneDrive/Desktop/drone/install/perception_layer/lib/python3.12/site-packages/perception-layer.egg-link (link to .)\n'}
[8.077467] (-) TimerEvent: {}
[8.086180] (fault_handler) JobEnded: {'identifier': 'fault_handler', 'rc': 'SIGINT'}
[8.129285] (perception_layer) StdoutLine: {'line': b'Installing ekf_fusion_node script to /mnt/c/Users/LENOVO/OneDrive/Desktop/drone/install/perception_layer/bin\n'}
[8.155122] (perception_layer) StdoutLine: {'line': b'Installing noise_injection_node script to /mnt/c/Users/LENOVO/OneDrive/Desktop/drone/install/perception_layer/bin\n'}
[8.165441] (navigation_layer) StdoutLine: {'line': b"writing manifest file 'navigation_layer.egg-info/SOURCES.txt'\n"}
[8.177538] (telemetry) StdoutLine: {'line': b"reading manifest file 'telemetry.egg-info/SOURCES.txt'\n"}
[8.180157] (-) TimerEvent: {}
[8.185161] (perception_layer) StdoutLine: {'line': b'Installing sensor_health_monitor script to /mnt/c/Users/LENOVO/OneDrive/Desktop/drone/install/perception_layer/bin\n'}
[8.222461] (perception_layer) StdoutLine: {'line': b'\n'}
[8.224312] (perception_layer) StdoutLine: {'line': b'Installed /mnt/c/Users/LENOVO/OneDrive/Desktop/drone/build/perception_layer\n'}
[8.231197] (perception_layer) StdoutLine: {'line': b'running symlink_data\n'}
[8.235938] (navigation_layer) StdoutLine: {'line': b'running build_ext\n'}
[8.238524] (navigation_layer) StdoutLine: {'line': b'Creating /mnt/c/Users/LENOVO/OneDrive/Desktop/drone/install/navigation_layer/lib/python3.12/site-packages/navigation-layer.egg-link (link to .)\n'}
[8.272737] (perception_layer) StdoutLine: {'line': b'symbolically linking /mnt/c/Users/LENOVO/OneDrive/Desktop/drone/build/perception_layer/resource/perception_layer -> /mnt/c/Users/LENOVO/OneDrive/Desktop/drone/install/perception_layer/share/ament_index/resource_index/packages\n'}
[8.280732] (-) TimerEvent: {}
[8.290165] (navigation_layer) StdoutLine: {'line': b'Installing navigation_status_node script to /mnt/c/Users/LENOVO/OneDrive/Desktop/drone/install/navigation_layer/bin\n'}
[8.312955] (perception_layer) StdoutLine: {'line': b'symbolically linking /mnt/c/Users/LENOVO/OneDrive/Desktop/drone/build/perception_layer/package.xml -> /mnt/c/Users/LENOVO/OneDrive/Desktop/drone/install/perception_layer/share/perception_layer\n'}
[8.320470] (telemetry) StdoutLine: {'line': b"writing manifest file 'telemetry.egg-info/SOURCES.txt'\n"}
[8.322786] (navigation_layer) StdoutLine: {'line': b'\n'}
[8.324641] (navigation_layer) StdoutLine: {'line': b'Installed /mnt/c/Users/LENOVO/OneDrive/Desktop/drone/build/navigation_layer\n'}
[8.330114] (navigation_layer) StdoutLine: {'line': b'running symlink_data\n'}
[8.334381] (perception_layer) StdoutLine: {'line': b'creating /mnt/c/Users/LENOVO/OneDrive/Desktop/drone/install/perception_layer/share/perception_layer/launch\n'}
[8.349287] (perception_layer) StdoutLine: {'line': b'creating /mnt/c/Users/LENOVO/OneDrive/Desktop/drone/install/perception_layer/share/perception_layer/config\n'}
[8.365522] (navigation_layer) StdoutLine: {'line': b'symbolically linking /mnt/c/Users/LENOVO/OneDrive/Desktop/drone/build/navigation_layer/resource/navigation_layer -> /mnt/c/Users/LENOVO/OneDrive/Desktop/drone/install/navigation_layer/share/ament_index/resource_index/packages\n'}
[8.380380] (perception_layer) StdoutLine: {'line': b'symbolically linking /mnt/c/Users/LENOVO/OneDrive/Desktop/drone/build/perception_layer/config/ekf_params.yaml -> /mnt/c/Users/LENOVO/OneDrive/Desktop/drone/install/perception_layer/share/perception_layer/config\n'}
[8.383104] (-) TimerEvent: {}
[8.386546] (telemetry) StdoutLine: {'line': b'running build_ext\n'}
[8.388847] (telemetry) StdoutLine: {'line': b'Creating /mnt/c/Users/LENOVO/OneDrive/Desktop/drone/install/telemetry/lib/python3.12/site-packages/telemetry.egg-link (link to .)\n'}
[8.406060] (navigation_layer) StdoutLine: {'line': b'symbolically linking /mnt/c/Users/LENOVO/OneDrive/Desktop/drone/build/navigation_layer/package.xml -> /mnt/c/Users/LENOVO/OneDrive/Desktop/drone/install/navigation_layer/share/navigation_layer\n'}
[8.429807] (navigation_layer) StdoutLine: {'line': b'creating /mnt/c/Users/LENOVO/OneDrive/Desktop/drone/install/navigation_layer/share/navigation_layer/launch\n'}
[8.441453] (telemetry) StdoutLine: {'line': b'Installing dashboard_node script to /mnt/c/Users/LENOVO/OneDrive/Desktop/drone/install/telemetry/bin\n'}
[8.446762] (navigation_layer) StdoutLine: {'line': b'creating /mnt/c/Users/LENOVO/OneDrive/Desktop/drone/install/navigation_layer/share/navigation_layer/config\n'}
[8.473396] (telemetry) StdoutLine: {'line': b'\n'}
[8.475416] (telemetry) StdoutLine: {'line': b'Installed /mnt/c/Users/LENOVO/OneDrive/Desktop/drone/build/telemetry\n'}
[8.482074] (telemetry) StdoutLine: {'line': b'running symlink_data\n'}
[8.484365] (-) TimerEvent: {}
[8.484939] (navigation_layer) StdoutLine: {'line': b'symbolically linking /mnt/c/Users/LENOVO/OneDrive/Desktop/drone/build/navigation_layer/config/costmap_params.yaml -> /mnt/c/Users/LENOVO/OneDrive/Desktop/drone/install/navigation_layer/share/navigation_layer/config\n'}
[8.486824] (perception_layer) JobEnded: {'identifier': 'perception_layer', 'rc': 'SIGINT'}
[8.520540] (navigation_layer) StdoutLine: {'line': b'symbolically linking /mnt/c/Users/LENOVO/OneDrive/Desktop/drone/build/navigation_layer/config/nav2_params.yaml -> /mnt/c/Users/LENOVO/OneDrive/Desktop/drone/install/navigation_layer/share/navigation_layer/config\n'}
[8.522177] (telemetry) StdoutLine: {'line': b'symbolically linking /mnt/c/Users/LENOVO/OneDrive/Desktop/drone/build/telemetry/resource/telemetry -> /mnt/c/Users/LENOVO/OneDrive/Desktop/drone/install/telemetry/share/ament_index/resource_index/packages\n'}
[8.560785] (telemetry) StdoutLine: {'line': b'symbolically linking /mnt/c/Users/LENOVO/OneDrive/Desktop/drone/build/telemetry/package.xml -> /mnt/c/Users/LENOVO/OneDrive/Desktop/drone/install/telemetry/share/telemetry\n'}
[8.581163] (telemetry) StdoutLine: {'line': b'creating /mnt/c/Users/LENOVO/OneDrive/Desktop/drone/install/telemetry/share/telemetry/launch\n'}
[8.584713] (-) TimerEvent: {}
[8.607187] (navigation_layer) JobEnded: {'identifier': 'navigation_layer', 'rc': 'SIGINT'}
[8.621907] (control_layer) StdoutLine: {'line': b'-- Generating done (0.9s)\n'}
[8.656978] (telemetry) JobEnded: {'identifier': 'telemetry', 'rc': 'SIGINT'}
[8.684857] (-) TimerEvent: {}
[8.791881] (-) TimerEvent: {}
[8.897985] (-) TimerEvent: {}
[9.006185] (-) TimerEvent: {}
[9.114269] (-) TimerEvent: {}
[9.196971] (control_layer) StdoutLine: {'line': b'-- Build files have been written to: /mnt/c/Users/LENOVO/OneDrive/Desktop/drone/build/control_layer\n'}
[9.214531] (-) TimerEvent: {}
[9.316057] (-) TimerEvent: {}
[9.387353] (control_layer) StdoutLine: {'line': b'[ 50%] \x1b[32mBuilding CXX object CMakeFiles/motor_mixer.dir/src/motor_mixer.cpp.o\x1b[0m\n'}
[9.390591] (control_layer) StdoutLine: {'line': b'[ 50%] \x1b[32mBuilding CXX object CMakeFiles/pid_controller.dir/src/pid_controller.cpp.o\x1b[0m\n'}
[9.416571] (-) TimerEvent: {}
[9.522046] (-) TimerEvent: {}
[9.629097] (-) TimerEvent: {}
[9.736102] (-) TimerEvent: {}
[9.844390] (-) TimerEvent: {}
[9.951483] (-) TimerEvent: {}
[10.058588] (-) TimerEvent: {}
[10.165974] (-) TimerEvent: {}
[10.230916] (control_layer) StderrLine: {'line': b'\x1b[01m\x1b[K/mnt/c/Users/LENOVO/OneDrive/Desktop/drone/src/control_layer/src/pid_controller.cpp:13:10:\x1b[m\x1b[K \x1b[01;31m\x1b[Kfatal error: \x1b[m\x1b[Knav_msgs/msg/odometry.hpp: No such file or directory\n'}
[10.233638] (control_layer) StderrLine: {'line': b'   13 | #include \x1b[01;31m\x1b[K<nav_msgs/msg/odometry.hpp>\x1b[m\x1b[K\n'}
[10.235032] (control_layer) StderrLine: {'line': b'      |          \x1b[01;31m\x1b[K^~~~~~~~~~~~~~~~~~~~~~~~~~~\x1b[m\x1b[K\n'}
[10.236786] (control_layer) StderrLine: {'line': b'compilation terminated.\n'}
[10.241082] (control_layer) StderrLine: {'line': b'gmake[2]: *** [CMakeFiles/pid_controller.dir/build.make:76: CMakeFiles/pid_controller.dir/src/pid_controller.cpp.o] Error 1\n'}
[10.246088] (control_layer) StderrLine: {'line': b'gmake[1]: *** [CMakeFiles/Makefile2:139: CMakeFiles/pid_controller.dir/all] Error 2\n'}
[10.247952] (control_layer) StderrLine: {'line': b'gmake[1]: *** Waiting for unfinished jobs....\n'}
[10.266231] (-) TimerEvent: {}
[10.373212] (-) TimerEvent: {}
[10.480371] (-) TimerEvent: {}
[10.587661] (-) TimerEvent: {}
[10.694816] (-) TimerEvent: {}
[10.802301] (-) TimerEvent: {}
[10.909636] (-) TimerEvent: {}
[11.017137] (-) TimerEvent: {}
[11.124234] (-) TimerEvent: {}
[11.231623] (-) TimerEvent: {}
[11.339298] (-) TimerEvent: {}
[11.446859] (-) TimerEvent: {}
[11.554464] (-) TimerEvent: {}
[11.661909] (-) TimerEvent: {}
[11.769724] (-) TimerEvent: {}
[11.877041] (-) TimerEvent: {}
[11.984489] (-) TimerEvent: {}
[12.091700] (-) TimerEvent: {}
[12.199273] (-) TimerEvent: {}
[12.306750] (-) TimerEvent: {}
[12.407857] (-) TimerEvent: {}
[12.514571] (-) TimerEvent: {}
[12.622272] (-) TimerEvent: {}
[12.729764] (-) TimerEvent: {}
[12.830857] (-) TimerEvent: {}
[12.937477] (-) TimerEvent: {}
[13.041610] (-) TimerEvent: {}
[13.145487] (-) TimerEvent: {}
[13.252871] (-) TimerEvent: {}
[13.360172] (-) TimerEvent: {}
[13.464519] (-) TimerEvent: {}
[13.571323] (-) TimerEvent: {}
[13.678745] (-) TimerEvent: {}
[13.786238] (-) TimerEvent: {}
[13.893541] (-) TimerEvent: {}
[14.000984] (-) TimerEvent: {}
[14.108262] (-) TimerEvent: {}
[14.215573] (-) TimerEvent: {}
[14.323043] (-) TimerEvent: {}
[14.430589] (-) TimerEvent: {}
[14.538337] (-) TimerEvent: {}
[14.645814] (-) TimerEvent: {}
[14.753282] (-) TimerEvent: {}
[14.860085] (-) TimerEvent: {}
[14.967351] (-) TimerEvent: {}
[15.074990] (-) TimerEvent: {}
[15.182440] (-) TimerEvent: {}
[15.289934] (-) TimerEvent: {}
[15.397196] (-) TimerEvent: {}
[15.504774] (-) TimerEvent: {}
[15.612035] (-) TimerEvent: {}
[15.719313] (-) TimerEvent: {}
[15.826989] (-) TimerEvent: {}
[15.934413] (-) TimerEvent: {}
[16.041678] (-) TimerEvent: {}
[16.149055] (-) TimerEvent: {}
[16.256301] (-) TimerEvent: {}
[16.363944] (-) TimerEvent: {}
[16.471155] (-) TimerEvent: {}
[16.578647] (-) TimerEvent: {}
[16.685977] (-) TimerEvent: {}
[16.793346] (-) TimerEvent: {}
[16.899627] (-) TimerEvent: {}
[17.007391] (-) TimerEvent: {}
[17.114755] (-) TimerEvent: {}
[17.222300] (-) TimerEvent: {}
[17.329647] (-) TimerEvent: {}
[17.437037] (-) TimerEvent: {}
[17.544246] (-) TimerEvent: {}
[17.651355] (-) TimerEvent: {}
[17.759319] (-) TimerEvent: {}
[17.866983] (-) TimerEvent: {}
[17.974364] (-) TimerEvent: {}
[18.081790] (-) TimerEvent: {}
[18.189180] (-) TimerEvent: {}
[18.296581] (-) TimerEvent: {}
[18.402272] (-) TimerEvent: {}
[18.507224] (-) TimerEvent: {}
[18.613024] (-) TimerEvent: {}
[18.717984] (-) TimerEvent: {}
[18.823021] (-) TimerEvent: {}
[18.928592] (-) TimerEvent: {}
[19.034040] (-) TimerEvent: {}
[19.139461] (-) TimerEvent: {}
[19.244979] (-) TimerEvent: {}
[19.350255] (-) TimerEvent: {}
[19.451302] (-) TimerEvent: {}
[19.556837] (-) TimerEvent: {}
[19.662247] (-) TimerEvent: {}
[19.767672] (-) TimerEvent: {}
[19.872697] (-) TimerEvent: {}
[19.978643] (-) TimerEvent: {}
[20.084135] (-) TimerEvent: {}
[20.189591] (-) TimerEvent: {}
[20.295307] (-) TimerEvent: {}
[20.400782] (-) TimerEvent: {}
[20.506400] (-) TimerEvent: {}
[20.607479] (-) TimerEvent: {}
[20.608800] (control_layer) StdoutLine: {'line': b'[ 75%] \x1b[32m\x1b[1mLinking CXX executable motor_mixer\x1b[0m\n'}
[20.708737] (-) TimerEvent: {}
[20.814431] (-) TimerEvent: {}
[20.917361] (-) TimerEvent: {}
[21.022783] (-) TimerEvent: {}
[21.128291] (-) TimerEvent: {}
[21.233755] (-) TimerEvent: {}
[21.339325] (-) TimerEvent: {}
[21.444502] (-) TimerEvent: {}
[21.549909] (-) TimerEvent: {}
[21.655437] (-) TimerEvent: {}
[21.760916] (-) TimerEvent: {}
[21.866373] (-) TimerEvent: {}
[21.971900] (-) TimerEvent: {}
[22.076653] (-) TimerEvent: {}
[22.181160] (-) TimerEvent: {}
[22.286747] (-) TimerEvent: {}
[22.392227] (-) TimerEvent: {}
[22.497158] (-) TimerEvent: {}
[22.602693] (-) TimerEvent: {}
[22.708348] (-) TimerEvent: {}
[22.813871] (-) TimerEvent: {}
[22.919517] (-) TimerEvent: {}
[23.024933] (-) TimerEvent: {}
[23.129301] (-) TimerEvent: {}
[23.234745] (-) TimerEvent: {}
[23.340371] (-) TimerEvent: {}
[23.441360] (-) TimerEvent: {}
[23.546829] (-) TimerEvent: {}
[23.648405] (-) TimerEvent: {}
[23.753855] (-) TimerEvent: {}
[23.859280] (-) TimerEvent: {}
[23.964678] (-) TimerEvent: {}
[24.070175] (-) TimerEvent: {}
[24.175793] (-) TimerEvent: {}
[24.281423] (-) TimerEvent: {}
[24.387059] (-) TimerEvent: {}
[24.492529] (-) TimerEvent: {}
[24.597842] (-) TimerEvent: {}
[24.703338] (-) TimerEvent: {}
[24.808896] (-) TimerEvent: {}
[24.913702] (-) TimerEvent: {}
[25.019192] (-) TimerEvent: {}
[25.124597] (-) TimerEvent: {}
[25.230259] (-) TimerEvent: {}
[25.332772] (-) TimerEvent: {}
[25.438289] (-) TimerEvent: {}
[25.544000] (-) TimerEvent: {}
[25.649350] (-) TimerEvent: {}
[25.692985] (control_layer) StdoutLine: {'line': b'[ 75%] Built target motor_mixer\n'}
[25.695799] (control_layer) StderrLine: {'line': b'gmake: *** [Makefile:146: all] Error 2\n'}
[25.699785] (control_layer) JobEnded: {'identifier': 'control_layer', 'rc': 'SIGINT'}
[25.717751] (-) EventReactorShutdown: {}
