[0.114s] Invoking command in '/mnt/c/Users/LENOVO/OneDrive/Desktop/drone/build/slam_layer': CMAKE_PREFIX_PATH=${CMAKE_PREFIX_PATH}:/opt/ros/jazzy /usr/bin/cmake /mnt/c/Users/LENOVO/OneDrive/Desktop/drone/src/slam_layer -DCMAKE_INSTALL_PREFIX=/mnt/c/Users/LENOVO/OneDrive/Desktop/drone/install/slam_layer
[0.259s] -- Found ament_cmake: 2.5.5 (/opt/ros/jazzy/share/ament_cmake/cmake)
[0.647s] -- Override CMake install command with custom implementation using symlinks instead of copying resources
[0.850s] -- Found rclcpp: 28.1.16 (/opt/ros/jazzy/share/rclcpp/cmake)
[1.214s] -- Found rosidl_generator_c: 4.6.7 (/opt/ros/jazzy/share/rosidl_generator_c/cmake)
[1.279s] -- Found rosidl_generator_cpp: 4.6.7 (/opt/ros/jazzy/share/rosidl_generator_cpp/cmake)
[1.351s] -- Using all available rosidl_typesupport_c: rosidl_typesupport_fastrtps_c;rosidl_typesupport_introspection_c
[1.445s] -- Using all available rosidl_typesupport_cpp: rosidl_typesupport_fastrtps_cpp;rosidl_typesupport_introspection_cpp
[1.709s] -- Found rmw_implementation_cmake: 7.3.3 (/opt/ros/jazzy/share/rmw_implementation_cmake/cmake)
[1.731s] -- Found rmw_fastrtps_cpp: 8.4.3 (/opt/ros/jazzy/share/rmw_fastrtps_cpp/cmake)
[2.335s] -- Using RMW implementation 'rmw_fastrtps_cpp' as default
[4.618s] [31mCMake Error at CMakeLists.txt:10 (find_package):
[4.619s]   By not providing "Findslam_toolbox.cmake" in CMAKE_MODULE_PATH this project
[4.620s]   has asked CMake to find a package configuration file provided by
[4.621s]   "slam_toolbox", but CMake did not find one.
[4.623s] 
[4.624s]   Could not find a package configuration file provided by "slam_toolbox" with
[4.626s]   any of the following names:
[4.627s] 
[4.628s]     slam_toolboxConfig.cmake
[4.629s]     slam_toolbox-config.cmake
[4.630s] 
[4.632s]   Add the installation prefix of "slam_toolbox" to CMAKE_PREFIX_PATH or set
[4.633s]   "slam_toolbox_DIR" to a directory containing one of the above files.  If
[4.634s]   "slam_toolbox" provides a separate development package or SDK, be sure it
[4.635s]   has been installed.
[4.636s] 
[4.637s] [0m
[4.639s] -- Configuring incomplete, errors occurred!
[4.674s] Invoked command in '/mnt/c/Users/LENOVO/OneDrive/Desktop/drone/build/slam_layer' returned '1': CMAKE_PREFIX_PATH=${CMAKE_PREFIX_PATH}:/opt/ros/jazzy /usr/bin/cmake /mnt/c/Users/LENOVO/OneDrive/Desktop/drone/src/slam_layer -DCMAKE_INSTALL_PREFIX=/mnt/c/Users/LENOVO/OneDrive/Desktop/drone/install/slam_layer
