[0.000000] (-) TimerEvent: {}
[0.001157] (-) JobUnselected: {'identifier': 'control_layer'}
[0.001874] (-) JobUnselected: {'identifier': 'fault_handler'}
[0.002206] (-) JobUnselected: {'identifier': 'navigation_layer'}
[0.002704] (-) JobUnselected: {'identifier': 'perception_layer'}
[0.003058] (-) JobUnselected: {'identifier': 'telemetry'}
[0.003331] (slam_layer) JobQueued: {'identifier': 'slam_layer', 'dependencies': OrderedDict()}
[0.003706] (slam_layer) JobStarted: {'identifier': 'slam_layer'}
[0.041572] (slam_layer) JobProgress: {'identifier': 'slam_layer', 'progress': 'cmake'}
[0.096655] (slam_layer) Command: {'cmd': ['/usr/bin/cmake', '/mnt/c/Users/LENOVO/OneDrive/Desktop/drone/src/slam_layer', '-DCMAKE_INSTALL_PREFIX=/mnt/c/Users/LENOVO/OneDrive/Desktop/drone/install/slam_layer'], 'cwd': '/mnt/c/Users/LENOVO/OneDrive/Desktop/drone/build/slam_layer', 'env': OrderedDict({'USER': 'lenovo', 'SHLVL': '0', 'LD_LIBRARY_PATH': '/opt/ros/jazzy/opt/rviz_ogre_vendor/lib:/opt/ros/jazzy/lib/x86_64-linux-gnu:/opt/ros/jazzy/opt/gz_math_vendor/lib:/opt/ros/jazzy/opt/gz_utils_vendor/lib:/opt/ros/jazzy/opt/gz_cmake_vendor/lib:/opt/ros/jazzy/lib', 'HOME': '/home/lenovo', 'OLDPWD': '/mnt/c/Users/LENOVO/OneDrive/Desktop/drone', 'ROS_PYTHON_VERSION': '3', 'DBUS_SESSION_BUS_ADDRESS': 'unix:path=/run/user/1000/bus', 'WSL_DISTRO_NAME': 'Ubuntu', 'WAYLAND_DISPLAY': 'wayland-0', 'ROS_DISTRO': 'jazzy', 'LOGNAME': 'lenovo', 'NAME': 'LAPTOP-MLDMFMJ8', 'WSL_INTEROP': '/run/WSL/19128_interop', 'PULSE_SERVER': 'unix:/mnt/wslg/PulseServer', '_': '/usr/bin/colcon', 'ROS_VERSION': '2', 'TERM': 'xterm-256color', 'PATH': '/opt/ros/jazzy/bin:/usr/local/sbin:/usr/local/bin:/usr/sbin:/usr/bin:/sbin:/bin:/usr/games:/usr/local/games:/usr/lib/wsl/lib:/mnt/c/Python314/Scripts/:/mnt/c/Python314/:/mnt/c/Windows/system32:/mnt/c/Windows:/mnt/c/Windows/System32/Wbem:/mnt/c/Windows/System32/WindowsPowerShell/v1.0/:/mnt/c/Windows/System32/OpenSSH/:/mnt/c/Program Files (x86)/NVIDIA Corporation/PhysX/Common:/mnt/c/Program Files/NVIDIA Corporation/NVIDIA NvDLISR:/mnt/c/Program Files/Git/cmd:/mnt/c/src/flutter/bin:/mnt/c/MinGW/bin:/mnt/c/Users/LENOVO/AppData/Local/Pub/Cache/bin:/mnt/c/ffmpeg-8.0.1-essentials_build/bin:/mnt/c/Program Files/nodejs/:/mnt/c/ProgramData/chocolatey/bin:/mnt/c/Program Files/dotnet/:/mnt/c/Program Files (x86)/Windows Kits/10/Windows Performance Toolkit/:/mnt/c/Users/LENOVO/AppData/Local/Programs/Python/Python311/Scripts/:/mnt/c/Users/LENOVO/AppData/Local/Programs/Python/Python311/:/mnt/c/Users/LENOVO/AppData/Local/Programs/Python/Launcher/:/mnt/c/Users/LENOVO/AppData/Local/Microsoft/WindowsApps:/mnt/c/Users/LENOVO/AppData/Local/Programs/Microsoft VS Code/bin:/mnt/c/Program Files/Eclipse Adoptium/jdk-17.0.17.10-hotspot/bin:/mnt/c/Users/LENOVO/AppData/Local/Python/bin:/mnt/c/Users/LENOVO/AppData/Roaming/npm:/mnt/c/Users/LENOVO/AppData/Local/Programs/Antigravity/bin', 'XDG_RUNTIME_DIR': '/run/user/1000/', 'DISPLAY': ':0', 'LANG': 'C.UTF-8', 'AMENT_PREFIX_PATH': '/opt/ros/jazzy', 'SHELL': '/bin/bash', 'ROS_AUTOMATIC_DISCOVERY_RANGE': 'SUBNET', 'PWD': '/mnt/c/Users/LENOVO/OneDrive/Desktop/drone/build/slam_layer', 'PYTHONPATH': '/opt/ros/jazzy/lib/python3.12/site-packages', 'COLCON': '1', 'WSL2_GUI_APPS_ENABLED': '1', 'HOSTTYPE': 'x86_64', 'CMAKE_PREFIX_PATH': '/opt/ros/jazzy/opt/gz_math_vendor:/opt/ros/jazzy/opt/gz_utils_vendor:/opt/ros/jazzy/opt/gz_cmake_vendor:/opt/ros/jazzy', 'WSLENV': ''}), 'shell': False}
[0.115038] (-) TimerEvent: {}
[0.216123] (-) TimerEvent: {}
[0.311004] (slam_layer) StdoutLine: {'line': b'-- Found ament_cmake: 2.5.5 (/opt/ros/jazzy/share/ament_cmake/cmake)\n'}
[0.316592] (-) TimerEvent: {}
[0.425674] (-) TimerEvent: {}
[0.536355] (-) TimerEvent: {}
[0.641993] (-) TimerEvent: {}
[0.701990] (slam_layer) StdoutLine: {'line': b'-- Override CMake install command with custom implementation using symlinks instead of copying resources\n'}
[0.744658] (-) TimerEvent: {}
[0.855448] (-) TimerEvent: {}
[0.925840] (slam_layer) StdoutLine: {'line': b'-- Found rclcpp: 28.1.16 (/opt/ros/jazzy/share/rclcpp/cmake)\n'}
[0.958422] (-) TimerEvent: {}
[1.067949] (-) TimerEvent: {}
[1.177040] (-) TimerEvent: {}
[1.287897] (-) TimerEvent: {}
[1.313031] (slam_layer) StdoutLine: {'line': b'-- Found rosidl_generator_c: 4.6.7 (/opt/ros/jazzy/share/rosidl_generator_c/cmake)\n'}
[1.384647] (slam_layer) StdoutLine: {'line': b'-- Found rosidl_generator_cpp: 4.6.7 (/opt/ros/jazzy/share/rosidl_generator_cpp/cmake)\n'}
[1.388196] (-) TimerEvent: {}
[1.469252] (slam_layer) StdoutLine: {'line': b'-- Using all available rosidl_typesupport_c: rosidl_typesupport_fastrtps_c;rosidl_typesupport_introspection_c\n'}
[1.490031] (-) TimerEvent: {}
[1.571952] (slam_layer) StdoutLine: {'line': b'-- Using all available rosidl_typesupport_cpp: rosidl_typesupport_fastrtps_cpp;rosidl_typesupport_introspection_cpp\n'}
[1.591813] (-) TimerEvent: {}
[1.702524] (-) TimerEvent: {}
[1.813067] (-) TimerEvent: {}
[1.889980] (slam_layer) StdoutLine: {'line': b'-- Found rmw_implementation_cmake: 7.3.3 (/opt/ros/jazzy/share/rmw_implementation_cmake/cmake)\n'}
[1.912038] (slam_layer) StdoutLine: {'line': b'-- Found rmw_fastrtps_cpp: 8.4.3 (/opt/ros/jazzy/share/rmw_fastrtps_cpp/cmake)\n'}
[1.913775] (-) TimerEvent: {}
[2.024455] (-) TimerEvent: {}
[2.133289] (-) TimerEvent: {}
[2.235910] (-) TimerEvent: {}
[2.347006] (-) TimerEvent: {}
[2.456492] (-) TimerEvent: {}
[2.566694] (-) TimerEvent: {}
[2.568187] (slam_layer) StdoutLine: {'line': b"-- Using RMW implementation 'rmw_fastrtps_cpp' as default\n"}
[2.674986] (-) TimerEvent: {}
[2.783668] (-) TimerEvent: {}
[2.892162] (-) TimerEvent: {}
[3.002735] (-) TimerEvent: {}
[3.045864] (slam_layer) StdoutLine: {'line': b'-- Found slam_toolbox: 2.8.3 (/opt/ros/jazzy/share/slam_toolbox/cmake)\n'}
[3.108385] (-) TimerEvent: {}
[3.217421] (-) TimerEvent: {}
[3.326481] (-) TimerEvent: {}
[3.430136] (-) TimerEvent: {}
[3.538082] (-) TimerEvent: {}
[3.645424] (-) TimerEvent: {}
[3.748577] (-) TimerEvent: {}
[3.856536] (-) TimerEvent: {}
[3.964163] (-) TimerEvent: {}
[4.065751] (-) TimerEvent: {}
[4.173594] (-) TimerEvent: {}
[4.275503] (-) TimerEvent: {}
[4.382051] (-) TimerEvent: {}
[4.488741] (-) TimerEvent: {}
[4.595110] (-) TimerEvent: {}
[4.701829] (-) TimerEvent: {}
[4.808434] (-) TimerEvent: {}
[4.916378] (-) TimerEvent: {}
[5.024339] (-) TimerEvent: {}
[5.130056] (-) TimerEvent: {}
[5.138873] (slam_layer) StdoutLine: {'line': b'-- Found eigen3_cmake_module: 0.3.0 (/opt/ros/jazzy/share/eigen3_cmake_module/cmake)\n'}
[5.150695] (slam_layer) StdoutLine: {'line': b'-- Found Eigen3: TRUE (found version "3.4.0") \n'}
[5.152192] (slam_layer) StdoutLine: {'line': b'-- Ensuring Eigen3 include directory is part of orocos-kdl CMake target\n'}
[5.234061] (-) TimerEvent: {}
[5.341894] (-) TimerEvent: {}
[5.446438] (-) TimerEvent: {}
[5.554430] (-) TimerEvent: {}
[5.659819] (-) TimerEvent: {}
[5.763044] (-) TimerEvent: {}
[5.871040] (-) TimerEvent: {}
[5.978921] (-) TimerEvent: {}
[6.080702] (-) TimerEvent: {}
[6.187338] (-) TimerEvent: {}
[6.295402] (-) TimerEvent: {}
[6.313840] (slam_layer) StdoutLine: {'line': b"-- Setting OGRE_DIR to: '/opt/ros/jazzy/share/rviz_ogre_vendor/cmake/../../../opt/rviz_ogre_vendor/lib/OGRE/cmake'\n"}
[6.321955] (slam_layer) StdoutLine: {'line': b'-- Found OGRE\n'}
[6.323380] (slam_layer) StdoutLine: {'line': b'--   static     : OFF\n'}
[6.324663] (slam_layer) StdoutLine: {'line': b'--   components : MeshLodGenerator;Overlay;Paging;Property;RTShaderSystem;Terrain;Volume\n'}
[6.326156] (slam_layer) StdoutLine: {'line': b'--   plugins    : Plugin_BSPSceneManager;Plugin_OctreeSceneManager;Plugin_PCZSceneManager;Plugin_ParticleFX;RenderSystem_GL;RenderSystem_GL3Plus;Codec_STBI\n'}
[6.327194] (slam_layer) StdoutLine: {'line': b'--   media      : /opt/ros/jazzy/opt/rviz_ogre_vendor/share/OGRE/Media\n'}
[6.328375] (slam_layer) StdoutLine: {'line': b'-- OGRE_LIBRARIES: OgreMeshLodGenerator;OgreOverlay;OgrePaging;OgreProperty;OgreRTShaderSystem;OgreTerrain;OgreVolume;OgreMain\n'}
[6.329486] (slam_layer) StdoutLine: {'line': b'-- OGRE_LIBRARY_DIRS: /opt/ros/jazzy/opt/rviz_ogre_vendor/lib\n'}
[6.330534] (slam_layer) StdoutLine: {'line': b'-- OGRE_PLUGINS: Plugin_BSPSceneManager;Plugin_OctreeSceneManager;Plugin_PCZSceneManager;Plugin_ParticleFX;RenderSystem_GL;RenderSystem_GL3Plus;Codec_STBI\n'}
[6.331993] (slam_layer) StdoutLine: {'line': b'-- OGRE_PLUGIN_DIR: /opt/ros/jazzy/opt/rviz_ogre_vendor/lib/OGRE\n'}
[6.333038] (slam_layer) StdoutLine: {'line': b'-- rviz_ogre_vendor::OgreOverlay for IMPORTED_LOCATION_RELEASE: /opt/ros/jazzy/opt/rviz_ogre_vendor/lib/libOgreOverlay.so\n'}
[6.334072] (slam_layer) StdoutLine: {'line': b'-- rviz_ogre_vendor::OgreOverlay for IMPORTED_LOCATION_DEBUG: /opt/ros/jazzy/opt/rviz_ogre_vendor/lib/libOgreOverlay.so\n'}
[6.335274] (slam_layer) StdoutLine: {'line': b'-- rviz_ogre_vendor::OgreMain for IMPORTED_LOCATION_RELEASE: /opt/ros/jazzy/opt/rviz_ogre_vendor/lib/libOgreMain.so\n'}
[6.336357] (slam_layer) StdoutLine: {'line': b'-- rviz_ogre_vendor::OgreMain for IMPORTED_LOCATION_DEBUG: /opt/ros/jazzy/opt/rviz_ogre_vendor/lib/libOgreMain.so\n'}
[6.398428] (-) TimerEvent: {}
[6.401338] (slam_layer) StdoutLine: {'line': b'-- Could not find freeimage library\n'}
[6.500939] (-) TimerEvent: {}
[6.608809] (-) TimerEvent: {}
[6.716779] (-) TimerEvent: {}
[6.823526] (-) TimerEvent: {}
[6.931443] (-) TimerEvent: {}
[7.039407] (-) TimerEvent: {}
[7.145247] (-) TimerEvent: {}
[7.253101] (-) TimerEvent: {}
[7.354204] (-) TimerEvent: {}
[7.458476] (-) TimerEvent: {}
[7.566493] (-) TimerEvent: {}
[7.674502] (-) TimerEvent: {}
[7.777568] (-) TimerEvent: {}
[7.885595] (-) TimerEvent: {}
[7.993611] (-) TimerEvent: {}
[8.094931] (-) TimerEvent: {}
[8.202913] (-) TimerEvent: {}
[8.310900] (-) TimerEvent: {}
[8.418899] (-) TimerEvent: {}
[8.526829] (-) TimerEvent: {}
[8.634758] (-) TimerEvent: {}
[8.742674] (-) TimerEvent: {}
[8.850730] (-) TimerEvent: {}
[8.958825] (-) TimerEvent: {}
[9.066837] (-) TimerEvent: {}
[9.174633] (-) TimerEvent: {}
[9.282199] (-) TimerEvent: {}
[9.390202] (-) TimerEvent: {}
[9.498498] (-) TimerEvent: {}
[9.606405] (-) TimerEvent: {}
[9.713257] (-) TimerEvent: {}
[9.821102] (-) TimerEvent: {}
[9.929144] (-) TimerEvent: {}
[10.037043] (-) TimerEvent: {}
[10.145093] (-) TimerEvent: {}
[10.252978] (-) TimerEvent: {}
[10.342129] (slam_layer) StdoutLine: {'line': b'-- Found ZLIB: /usr/lib/x86_64-linux-gnu/libz.so (found version "1.3")  \n'}
[10.353789] (-) TimerEvent: {}
[10.461703] (-) TimerEvent: {}
[10.569716] (-) TimerEvent: {}
[10.676078] (-) TimerEvent: {}
[10.784019] (-) TimerEvent: {}
[10.891857] (-) TimerEvent: {}
[10.999973] (-) TimerEvent: {}
[11.107896] (-) TimerEvent: {}
[11.216047] (-) TimerEvent: {}
[11.318402] (-) TimerEvent: {}
[11.425809] (-) TimerEvent: {}
[11.479047] (slam_layer) StdoutLine: {'line': b'-- Found OpenGL: /usr/lib/x86_64-linux-gnu/libOpenGL.so   \n'}
[11.528123] (-) TimerEvent: {}
[11.636079] (-) TimerEvent: {}
[11.744002] (-) TimerEvent: {}
[11.851975] (-) TimerEvent: {}
[11.962537] (-) TimerEvent: {}
[12.073438] (-) TimerEvent: {}
[12.184156] (-) TimerEvent: {}
[12.294952] (-) TimerEvent: {}
[12.405716] (-) TimerEvent: {}
[12.515817] (-) TimerEvent: {}
[12.626630] (-) TimerEvent: {}
[12.737530] (-) TimerEvent: {}
[12.848485] (-) TimerEvent: {}
[12.959370] (-) TimerEvent: {}
[13.070161] (-) TimerEvent: {}
[13.181114] (-) TimerEvent: {}
[13.291920] (-) TimerEvent: {}
[13.402812] (-) TimerEvent: {}
[13.513663] (-) TimerEvent: {}
[13.624214] (-) TimerEvent: {}
[13.735009] (-) TimerEvent: {}
[13.845695] (-) TimerEvent: {}
[13.956560] (-) TimerEvent: {}
[14.067223] (-) TimerEvent: {}
[14.178016] (-) TimerEvent: {}
[14.288820] (-) TimerEvent: {}
[14.399640] (-) TimerEvent: {}
[14.503688] (-) TimerEvent: {}
[14.614499] (-) TimerEvent: {}
[14.725085] (-) TimerEvent: {}
[14.835952] (-) TimerEvent: {}
[14.946735] (-) TimerEvent: {}
[15.057333] (-) TimerEvent: {}
[15.168145] (-) TimerEvent: {}
[15.278909] (-) TimerEvent: {}
[15.389602] (-) TimerEvent: {}
[15.500519] (-) TimerEvent: {}
[15.601342] (-) TimerEvent: {}
[15.712153] (-) TimerEvent: {}
[15.822915] (-) TimerEvent: {}
[15.933558] (-) TimerEvent: {}
[16.044606] (-) TimerEvent: {}
[16.155405] (-) TimerEvent: {}
[16.266012] (-) TimerEvent: {}
[16.376834] (-) TimerEvent: {}
[16.487938] (-) TimerEvent: {}
[16.599030] (-) TimerEvent: {}
[16.709884] (-) TimerEvent: {}
[16.820668] (-) TimerEvent: {}
[16.931393] (-) TimerEvent: {}
[17.042239] (-) TimerEvent: {}
[17.152964] (-) TimerEvent: {}
[17.263700] (-) TimerEvent: {}
[17.374566] (-) TimerEvent: {}
[17.485214] (-) TimerEvent: {}
[17.596002] (-) TimerEvent: {}
[17.706718] (-) TimerEvent: {}
[17.817540] (-) TimerEvent: {}
[17.928370] (-) TimerEvent: {}
[18.038693] (-) TimerEvent: {}
[18.149651] (-) TimerEvent: {}
[18.260460] (-) TimerEvent: {}
[18.371380] (-) TimerEvent: {}
[18.472245] (-) TimerEvent: {}
[18.583026] (-) TimerEvent: {}
[18.693712] (-) TimerEvent: {}
[18.804491] (-) TimerEvent: {}
[18.915547] (-) TimerEvent: {}
[19.026392] (-) TimerEvent: {}
[19.137140] (-) TimerEvent: {}
[19.247863] (-) TimerEvent: {}
[19.358539] (-) TimerEvent: {}
[19.469391] (-) TimerEvent: {}
[19.580018] (-) TimerEvent: {}
[19.690823] (-) TimerEvent: {}
[19.801552] (-) TimerEvent: {}
[19.912329] (-) TimerEvent: {}
[20.023003] (-) TimerEvent: {}
[20.133823] (-) TimerEvent: {}
[20.243780] (-) TimerEvent: {}
[20.354547] (-) TimerEvent: {}
[20.465244] (-) TimerEvent: {}
[20.575846] (-) TimerEvent: {}
[20.683968] (-) TimerEvent: {}
[20.794620] (-) TimerEvent: {}
[20.905455] (-) TimerEvent: {}
[21.016337] (-) TimerEvent: {}
[21.127030] (-) TimerEvent: {}
[21.237736] (-) TimerEvent: {}
[21.346962] (-) TimerEvent: {}
[21.457661] (-) TimerEvent: {}
[21.568412] (-) TimerEvent: {}
[21.676899] (-) TimerEvent: {}
[21.748197] (slam_layer) StdoutLine: {'line': b'-- Found X11: /usr/include   \n'}
[21.756311] (slam_layer) StdoutLine: {'line': b'-- Looking for XOpenDisplay in /usr/lib/x86_64-linux-gnu/libX11.so;/usr/lib/x86_64-linux-gnu/libXext.so\n'}
[21.777907] (-) TimerEvent: {}
[21.887215] (-) TimerEvent: {}
[21.998184] (-) TimerEvent: {}
[22.108861] (-) TimerEvent: {}
[22.219612] (-) TimerEvent: {}
[22.320799] (-) TimerEvent: {}
[22.429711] (-) TimerEvent: {}
[22.537076] (-) TimerEvent: {}
[22.647807] (-) TimerEvent: {}
[22.758597] (-) TimerEvent: {}
[22.867081] (-) TimerEvent: {}
[22.977812] (-) TimerEvent: {}
[23.084760] (slam_layer) StdoutLine: {'line': b'-- Looking for XOpenDisplay in /usr/lib/x86_64-linux-gnu/libX11.so;/usr/lib/x86_64-linux-gnu/libXext.so - found\n'}
[23.086485] (-) TimerEvent: {}
[23.086935] (slam_layer) StdoutLine: {'line': b'-- Looking for gethostbyname\n'}
[23.196478] (-) TimerEvent: {}
[23.307335] (-) TimerEvent: {}
[23.418034] (-) TimerEvent: {}
[23.528711] (-) TimerEvent: {}
[23.635988] (-) TimerEvent: {}
[23.746850] (-) TimerEvent: {}
[23.857610] (-) TimerEvent: {}
[23.961372] (-) TimerEvent: {}
[24.072097] (-) TimerEvent: {}
[24.182749] (-) TimerEvent: {}
[24.241300] (slam_layer) StdoutLine: {'line': b'-- Looking for gethostbyname - found\n'}
[24.242730] (slam_layer) StdoutLine: {'line': b'-- Looking for connect\n'}
[24.285040] (-) TimerEvent: {}
[24.395747] (-) TimerEvent: {}
[24.506471] (-) TimerEvent: {}
[24.607576] (-) TimerEvent: {}
[24.708809] (-) TimerEvent: {}
[24.809819] (-) TimerEvent: {}
[24.911133] (-) TimerEvent: {}
[25.012107] (-) TimerEvent: {}
[25.119933] (-) TimerEvent: {}
[25.230569] (-) TimerEvent: {}
[25.333728] (-) TimerEvent: {}
[25.387908] (slam_layer) StdoutLine: {'line': b'-- Looking for connect - found\n'}
[25.389350] (slam_layer) StdoutLine: {'line': b'-- Looking for remove\n'}
[25.438278] (-) TimerEvent: {}
[25.548718] (-) TimerEvent: {}
[25.653462] (-) TimerEvent: {}
[25.762040] (-) TimerEvent: {}
[25.870330] (-) TimerEvent: {}
[25.980953] (-) TimerEvent: {}
[26.091649] (-) TimerEvent: {}
[26.202378] (-) TimerEvent: {}
[26.313119] (-) TimerEvent: {}
[26.423749] (-) TimerEvent: {}
[26.530045] (-) TimerEvent: {}
[26.535905] (slam_layer) StdoutLine: {'line': b'-- Looking for remove - found\n'}
[26.537846] (slam_layer) StdoutLine: {'line': b'-- Looking for shmat\n'}
[26.639304] (-) TimerEvent: {}
[26.750000] (-) TimerEvent: {}
[26.860601] (-) TimerEvent: {}
[26.971455] (-) TimerEvent: {}
[27.072702] (-) TimerEvent: {}
[27.182689] (-) TimerEvent: {}
[27.283799] (-) TimerEvent: {}
[27.390424] (-) TimerEvent: {}
[27.501298] (-) TimerEvent: {}
[27.611891] (-) TimerEvent: {}
[27.682579] (slam_layer) StdoutLine: {'line': b'-- Looking for shmat - found\n'}
[27.684205] (slam_layer) StdoutLine: {'line': b'-- Looking for IceConnectionNumber in ICE\n'}
[27.714759] (-) TimerEvent: {}
[27.825529] (-) TimerEvent: {}
[27.936371] (-) TimerEvent: {}
[28.047097] (-) TimerEvent: {}
[28.148234] (-) TimerEvent: {}
[28.250478] (-) TimerEvent: {}
[28.358591] (-) TimerEvent: {}
[28.459569] (-) TimerEvent: {}
[28.568941] (-) TimerEvent: {}
[28.679404] (-) TimerEvent: {}
[28.790093] (-) TimerEvent: {}
[28.831564] (slam_layer) StdoutLine: {'line': b'-- Looking for IceConnectionNumber in ICE - found\n'}
[28.893590] (-) TimerEvent: {}
[29.004713] (-) TimerEvent: {}
[29.016652] (slam_layer) StdoutLine: {'line': b"-- Setting yaml-cpp_DIR to: '/opt/ros/jazzy/share/yaml_cpp_vendor/cmake/../../../opt/yaml_cpp_vendor/share/cmake/yaml-cpp'\n"}
[29.112124] (-) TimerEvent: {}
[29.221056] (-) TimerEvent: {}
[29.331673] (-) TimerEvent: {}
[29.440815] (-) TimerEvent: {}
[29.549858] (-) TimerEvent: {}
[29.660526] (-) TimerEvent: {}
[29.731471] (slam_layer) StdoutLine: {'line': b'-- Found ament_lint_auto: 0.17.4 (/opt/ros/jazzy/share/ament_lint_auto/cmake)\n'}
[29.761510] (-) TimerEvent: {}
[29.872365] (-) TimerEvent: {}
[29.974654] (-) TimerEvent: {}
[30.083003] (-) TimerEvent: {}
[30.193926] (-) TimerEvent: {}
[30.304785] (-) TimerEvent: {}
[30.413223] (-) TimerEvent: {}
[30.518760] (-) TimerEvent: {}
[30.619806] (-) TimerEvent: {}
[30.730558] (-) TimerEvent: {}
[30.840835] (-) TimerEvent: {}
[30.951512] (-) TimerEvent: {}
[31.062441] (-) TimerEvent: {}
[31.077662] (slam_layer) StdoutLine: {'line': b"-- Added test 'copyright' to check source files copyright and LICENSE\n"}
[31.170949] (-) TimerEvent: {}
[31.281794] (-) TimerEvent: {}
[31.392516] (-) TimerEvent: {}
[31.500723] (-) TimerEvent: {}
[31.611510] (-) TimerEvent: {}
[31.722319] (-) TimerEvent: {}
[31.833333] (-) TimerEvent: {}
[31.943883] (-) TimerEvent: {}
[32.040216] (slam_layer) StdoutLine: {'line': b"-- Added test 'lint_cmake' to check CMake code style\n"}
[32.044221] (-) TimerEvent: {}
[32.152906] (-) TimerEvent: {}
[32.263876] (-) TimerEvent: {}
[32.374838] (-) TimerEvent: {}
[32.485498] (-) TimerEvent: {}
[32.548775] (slam_layer) StdoutLine: {'line': b"-- Added test 'xmllint' to check XML markup files\n"}
[32.589209] (-) TimerEvent: {}
[32.699960] (-) TimerEvent: {}
[32.810868] (-) TimerEvent: {}
[32.818611] (slam_layer) StdoutLine: {'line': b'-- Configuring done (32.6s)\n'}
[32.918480] (-) TimerEvent: {}
[33.028657] (-) TimerEvent: {}
[33.139539] (-) TimerEvent: {}
[33.250358] (-) TimerEvent: {}
[33.361139] (-) TimerEvent: {}
[33.389649] (slam_layer) StdoutLine: {'line': b'-- Generating done (0.5s)\n'}
[33.468433] (-) TimerEvent: {}
[33.579221] (-) TimerEvent: {}
[33.689969] (-) TimerEvent: {}
[33.750607] (slam_layer) StdoutLine: {'line': b'-- Build files have been written to: /mnt/c/Users/LENOVO/OneDrive/Desktop/drone/build/slam_layer\n'}
[33.765996] (slam_layer) CommandEnded: {'returncode': 0}
[33.775301] (slam_layer) JobProgress: {'identifier': 'slam_layer', 'progress': 'build'}
[33.785948] (slam_layer) Command: {'cmd': ['/usr/bin/cmake', '--build', '/mnt/c/Users/LENOVO/OneDrive/Desktop/drone/build/slam_layer', '--', '-j16', '-l16'], 'cwd': '/mnt/c/Users/LENOVO/OneDrive/Desktop/drone/build/slam_layer', 'env': OrderedDict({'USER': 'lenovo', 'SHLVL': '0', 'LD_LIBRARY_PATH': '/opt/ros/jazzy/opt/rviz_ogre_vendor/lib:/opt/ros/jazzy/lib/x86_64-linux-gnu:/opt/ros/jazzy/opt/gz_math_vendor/lib:/opt/ros/jazzy/opt/gz_utils_vendor/lib:/opt/ros/jazzy/opt/gz_cmake_vendor/lib:/opt/ros/jazzy/lib', 'HOME': '/home/lenovo', 'OLDPWD': '/mnt/c/Users/LENOVO/OneDrive/Desktop/drone', 'ROS_PYTHON_VERSION': '3', 'DBUS_SESSION_BUS_ADDRESS': 'unix:path=/run/user/1000/bus', 'WSL_DISTRO_NAME': 'Ubuntu', 'WAYLAND_DISPLAY': 'wayland-0', 'ROS_DISTRO': 'jazzy', 'LOGNAME': 'lenovo', 'NAME': 'LAPTOP-MLDMFMJ8', 'WSL_INTEROP': '/run/WSL/19128_interop', 'PULSE_SERVER': 'unix:/mnt/wslg/PulseServer', '_': '/usr/bin/colcon', 'ROS_VERSION': '2', 'TERM': 'xterm-256color', 'PATH': '/opt/ros/jazzy/bin:/usr/local/sbin:/usr/local/bin:/usr/sbin:/usr/bin:/sbin:/bin:/usr/games:/usr/local/games:/usr/lib/wsl/lib:/mnt/c/Python314/Scripts/:/mnt/c/Python314/:/mnt/c/Windows/system32:/mnt/c/Windows:/mnt/c/Windows/System32/Wbem:/mnt/c/Windows/System32/WindowsPowerShell/v1.0/:/mnt/c/Windows/System32/OpenSSH/:/mnt/c/Program Files (x86)/NVIDIA Corporation/PhysX/Common:/mnt/c/Program Files/NVIDIA Corporation/NVIDIA NvDLISR:/mnt/c/Program Files/Git/cmd:/mnt/c/src/flutter/bin:/mnt/c/MinGW/bin:/mnt/c/Users/LENOVO/AppData/Local/Pub/Cache/bin:/mnt/c/ffmpeg-8.0.1-essentials_build/bin:/mnt/c/Program Files/nodejs/:/mnt/c/ProgramData/chocolatey/bin:/mnt/c/Program Files/dotnet/:/mnt/c/Program Files (x86)/Windows Kits/10/Windows Performance Toolkit/:/mnt/c/Users/LENOVO/AppData/Local/Programs/Python/Python311/Scripts/:/mnt/c/Users/LENOVO/AppData/Local/Programs/Python/Python311/:/mnt/c/Users/LENOVO/AppData/Local/Programs/Python/Launcher/:/mnt/c/Users/LENOVO/AppData/Local/Microsoft/WindowsApps:/mnt/c/Users/LENOVO/AppData/Local/Programs/Microsoft VS Code/bin:/mnt/c/Program Files/Eclipse Adoptium/jdk-17.0.17.10-hotspot/bin:/mnt/c/Users/LENOVO/AppData/Local/Python/bin:/mnt/c/Users/LENOVO/AppData/Roaming/npm:/mnt/c/Users/LENOVO/AppData/Local/Programs/Antigravity/bin', 'XDG_RUNTIME_DIR': '/run/user/1000/', 'DISPLAY': ':0', 'LANG': 'C.UTF-8', 'AMENT_PREFIX_PATH': '/opt/ros/jazzy', 'SHELL': '/bin/bash', 'ROS_AUTOMATIC_DISCOVERY_RANGE': 'SUBNET', 'PWD': '/mnt/c/Users/LENOVO/OneDrive/Desktop/drone/build/slam_layer', 'PYTHONPATH': '/opt/ros/jazzy/lib/python3.12/site-packages', 'COLCON': '1', 'WSL2_GUI_APPS_ENABLED': '1', 'HOSTTYPE': 'x86_64', 'CMAKE_PREFIX_PATH': '/opt/ros/jazzy/opt/gz_math_vendor:/opt/ros/jazzy/opt/gz_utils_vendor:/opt/ros/jazzy/opt/gz_cmake_vendor:/opt/ros/jazzy', 'WSLENV': ''}), 'shell': False}
[33.790173] (-) TimerEvent: {}
[33.814746] (slam_layer) StderrLine: {'line': b"gmake: Warning: File 'Makefile' has modification time 1.5 s in the future\n"}
[33.895696] (-) TimerEvent: {}
[33.978729] (slam_layer) StderrLine: {'line': b"gmake[1]: Warning: File 'CMakeFiles/Makefile2' has modification time 1.4 s in the future\n"}
[33.980257] (slam_layer) StderrLine: {'line': b'gmake[1]: warning:  Clock skew detected.  Your build may be incomplete.\n'}
[33.993621] (slam_layer) StderrLine: {'line': b'gmake: warning:  Clock skew detected.  Your build may be incomplete.\n'}
[33.995849] (-) TimerEvent: {}
[33.997865] (slam_layer) CommandEnded: {'returncode': 0}
[34.029332] (slam_layer) JobProgress: {'identifier': 'slam_layer', 'progress': 'install'}
[34.052353] (slam_layer) Command: {'cmd': ['/usr/bin/cmake', '--install', '/mnt/c/Users/LENOVO/OneDrive/Desktop/drone/build/slam_layer'], 'cwd': '/mnt/c/Users/LENOVO/OneDrive/Desktop/drone/build/slam_layer', 'env': OrderedDict({'USER': 'lenovo', 'SHLVL': '0', 'LD_LIBRARY_PATH': '/opt/ros/jazzy/opt/rviz_ogre_vendor/lib:/opt/ros/jazzy/lib/x86_64-linux-gnu:/opt/ros/jazzy/opt/gz_math_vendor/lib:/opt/ros/jazzy/opt/gz_utils_vendor/lib:/opt/ros/jazzy/opt/gz_cmake_vendor/lib:/opt/ros/jazzy/lib', 'HOME': '/home/lenovo', 'OLDPWD': '/mnt/c/Users/LENOVO/OneDrive/Desktop/drone', 'ROS_PYTHON_VERSION': '3', 'DBUS_SESSION_BUS_ADDRESS': 'unix:path=/run/user/1000/bus', 'WSL_DISTRO_NAME': 'Ubuntu', 'WAYLAND_DISPLAY': 'wayland-0', 'ROS_DISTRO': 'jazzy', 'LOGNAME': 'lenovo', 'NAME': 'LAPTOP-MLDMFMJ8', 'WSL_INTEROP': '/run/WSL/19128_interop', 'PULSE_SERVER': 'unix:/mnt/wslg/PulseServer', '_': '/usr/bin/colcon', 'ROS_VERSION': '2', 'TERM': 'xterm-256color', 'PATH': '/opt/ros/jazzy/bin:/usr/local/sbin:/usr/local/bin:/usr/sbin:/usr/bin:/sbin:/bin:/usr/games:/usr/local/games:/usr/lib/wsl/lib:/mnt/c/Python314/Scripts/:/mnt/c/Python314/:/mnt/c/Windows/system32:/mnt/c/Windows:/mnt/c/Windows/System32/Wbem:/mnt/c/Windows/System32/WindowsPowerShell/v1.0/:/mnt/c/Windows/System32/OpenSSH/:/mnt/c/Program Files (x86)/NVIDIA Corporation/PhysX/Common:/mnt/c/Program Files/NVIDIA Corporation/NVIDIA NvDLISR:/mnt/c/Program Files/Git/cmd:/mnt/c/src/flutter/bin:/mnt/c/MinGW/bin:/mnt/c/Users/LENOVO/AppData/Local/Pub/Cache/bin:/mnt/c/ffmpeg-8.0.1-essentials_build/bin:/mnt/c/Program Files/nodejs/:/mnt/c/ProgramData/chocolatey/bin:/mnt/c/Program Files/dotnet/:/mnt/c/Program Files (x86)/Windows Kits/10/Windows Performance Toolkit/:/mnt/c/Users/LENOVO/AppData/Local/Programs/Python/Python311/Scripts/:/mnt/c/Users/LENOVO/AppData/Local/Programs/Python/Python311/:/mnt/c/Users/LENOVO/AppData/Local/Programs/Python/Launcher/:/mnt/c/Users/LENOVO/AppData/Local/Microsoft/WindowsApps:/mnt/c/Users/LENOVO/AppData/Local/Programs/Microsoft VS Code/bin:/mnt/c/Program Files/Eclipse Adoptium/jdk-17.0.17.10-hotspot/bin:/mnt/c/Users/LENOVO/AppData/Local/Python/bin:/mnt/c/Users/LENOVO/AppData/Roaming/npm:/mnt/c/Users/LENOVO/AppData/Local/Programs/Antigravity/bin', 'XDG_RUNTIME_DIR': '/run/user/1000/', 'DISPLAY': ':0', 'LANG': 'C.UTF-8', 'AMENT_PREFIX_PATH': '/opt/ros/jazzy', 'SHELL': '/bin/bash', 'ROS_AUTOMATIC_DISCOVERY_RANGE': 'SUBNET', 'PWD': '/mnt/c/Users/LENOVO/OneDrive/Desktop/drone/build/slam_layer', 'PYTHONPATH': '/opt/ros/jazzy/lib/python3.12/site-packages', 'COLCON': '1', 'WSL2_GUI_APPS_ENABLED': '1', 'HOSTTYPE': 'x86_64', 'CMAKE_PREFIX_PATH': '/opt/ros/jazzy/opt/gz_math_vendor:/opt/ros/jazzy/opt/gz_utils_vendor:/opt/ros/jazzy/opt/gz_cmake_vendor:/opt/ros/jazzy', 'WSLENV': ''}), 'shell': False}
[34.073202] (slam_layer) StdoutLine: {'line': b'-- Install configuration: ""\n'}
[34.089525] (slam_layer) StdoutLine: {'line': b'-- Execute custom install script\n'}
[34.096484] (-) TimerEvent: {}
[34.147033] (slam_layer) StdoutLine: {'line': b'-- Symlinking: /mnt/c/Users/LENOVO/OneDrive/Desktop/drone/install/slam_layer/share/slam_layer/config/slam_toolbox_params.yaml\n'}
[34.200263] (-) TimerEvent: {}
[34.279425] (slam_layer) StdoutLine: {'line': b'-- Symlinking: /mnt/c/Users/LENOVO/OneDrive/Desktop/drone/install/slam_layer/share/ament_index/resource_index/package_run_dependencies/slam_layer\n'}
[34.302382] (-) TimerEvent: {}
[34.386019] (slam_layer) StdoutLine: {'line': b'-- Symlinking: /mnt/c/Users/LENOVO/OneDrive/Desktop/drone/install/slam_layer/share/ament_index/resource_index/parent_prefix_path/slam_layer\n'}
[34.404065] (-) TimerEvent: {}
[34.479180] (slam_layer) StdoutLine: {'line': b'-- Symlinking: /mnt/c/Users/LENOVO/OneDrive/Desktop/drone/install/slam_layer/share/slam_layer/environment/ament_prefix_path.sh\n'}
[34.506571] (-) TimerEvent: {}
[34.549816] (slam_layer) StdoutLine: {'line': b'-- Symlinking: /mnt/c/Users/LENOVO/OneDrive/Desktop/drone/install/slam_layer/share/slam_layer/environment/ament_prefix_path.dsv\n'}
[34.612265] (-) TimerEvent: {}
[34.618324] (slam_layer) StdoutLine: {'line': b'-- Symlinking: /mnt/c/Users/LENOVO/OneDrive/Desktop/drone/install/slam_layer/share/slam_layer/environment/path.sh\n'}
[34.690812] (slam_layer) StdoutLine: {'line': b'-- Symlinking: /mnt/c/Users/LENOVO/OneDrive/Desktop/drone/install/slam_layer/share/slam_layer/environment/path.dsv\n'}
[34.714405] (-) TimerEvent: {}
[34.759794] (slam_layer) StdoutLine: {'line': b'-- Symlinking: /mnt/c/Users/LENOVO/OneDrive/Desktop/drone/install/slam_layer/share/slam_layer/local_setup.bash\n'}
[34.819907] (-) TimerEvent: {}
[34.820829] (slam_layer) StdoutLine: {'line': b'-- Symlinking: /mnt/c/Users/LENOVO/OneDrive/Desktop/drone/install/slam_layer/share/slam_layer/local_setup.sh\n'}
[34.883872] (slam_layer) StdoutLine: {'line': b'-- Symlinking: /mnt/c/Users/LENOVO/OneDrive/Desktop/drone/install/slam_layer/share/slam_layer/local_setup.zsh\n'}
[34.923559] (-) TimerEvent: {}
[34.945111] (slam_layer) StdoutLine: {'line': b'-- Symlinking: /mnt/c/Users/LENOVO/OneDrive/Desktop/drone/install/slam_layer/share/slam_layer/local_setup.dsv\n'}
[35.006638] (slam_layer) StdoutLine: {'line': b'-- Symlinking: /mnt/c/Users/LENOVO/OneDrive/Desktop/drone/install/slam_layer/share/slam_layer/package.dsv\n'}
[35.025266] (-) TimerEvent: {}
[35.116745] (slam_layer) StdoutLine: {'line': b'-- Symlinking: /mnt/c/Users/LENOVO/OneDrive/Desktop/drone/install/slam_layer/share/ament_index/resource_index/packages/slam_layer\n'}
[35.126134] (-) TimerEvent: {}
[35.210061] (slam_layer) StdoutLine: {'line': b'-- Symlinking: /mnt/c/Users/LENOVO/OneDrive/Desktop/drone/install/slam_layer/share/slam_layer/cmake/slam_layerConfig.cmake\n'}
[35.227817] (-) TimerEvent: {}
[35.274286] (slam_layer) StdoutLine: {'line': b'-- Symlinking: /mnt/c/Users/LENOVO/OneDrive/Desktop/drone/install/slam_layer/share/slam_layer/cmake/slam_layerConfig-version.cmake\n'}
[35.332689] (-) TimerEvent: {}
[35.341735] (slam_layer) StdoutLine: {'line': b'-- Symlinking: /mnt/c/Users/LENOVO/OneDrive/Desktop/drone/install/slam_layer/share/slam_layer/package.xml\n'}
[35.396119] (slam_layer) CommandEnded: {'returncode': 0}
[35.434825] (-) TimerEvent: {}
[35.545549] (-) TimerEvent: {}
[35.656211] (-) TimerEvent: {}
[35.767047] (-) TimerEvent: {}
[35.877892] (-) TimerEvent: {}
[35.980382] (-) TimerEvent: {}
[36.091155] (-) TimerEvent: {}
[36.201838] (-) TimerEvent: {}
[36.304224] (-) TimerEvent: {}
[36.414883] (-) TimerEvent: {}
[36.516239] (-) TimerEvent: {}
[36.625327] (-) TimerEvent: {}
[36.736075] (-) TimerEvent: {}
[36.754946] (slam_layer) JobEnded: {'identifier': 'slam_layer', 'rc': 0}
[36.770418] (-) EventReactorShutdown: {}
