[0.000000] (-) TimerEvent: {}
[0.000750] (-) JobUnselected: {'identifier': 'control_layer'}
[0.001405] (-) JobUnselected: {'identifier': 'fault_handler'}
[0.001740] (-) JobUnselected: {'identifier': 'navigation_layer'}
[0.002063] (-) JobUnselected: {'identifier': 'perception_layer'}
[0.002405] (-) JobUnselected: {'identifier': 'slam_layer'}
[0.002735] (-) JobUnselected: {'identifier': 'telemetry'}
[0.003059] (drone_bringup) JobQueued: {'identifier': 'drone_bringup', 'dependencies': OrderedDict()}
[0.003327] (drone_bringup) JobStarted: {'identifier': 'drone_bringup'}
[0.104275] (-) TimerEvent: {}
[0.215060] (-) TimerEvent: {}
[0.322635] (-) TimerEvent: {}
[0.431153] (-) TimerEvent: {}
[0.532563] (-) TimerEvent: {}
[0.634063] (-) TimerEvent: {}
[0.759818] (-) TimerEvent: {}
[0.861096] (-) TimerEvent: {}
[0.962390] (-) TimerEvent: {}
[1.063081] (-) TimerEvent: {}
[1.168971] (-) TimerEvent: {}
[1.271101] (-) TimerEvent: {}
[1.374367] (-) TimerEvent: {}
[1.481942] (-) TimerEvent: {}
[1.591146] (-) TimerEvent: {}
[1.692797] (-) TimerEvent: {}
[1.798677] (-) TimerEvent: {}
[1.900123] (-) TimerEvent: {}
[2.001631] (-) TimerEvent: {}
[2.110081] (-) TimerEvent: {}
[2.218469] (-) TimerEvent: {}
[2.327395] (-) TimerEvent: {}
[2.436380] (-) TimerEvent: {}
[2.547093] (-) TimerEvent: {}
[2.648079] (-) TimerEvent: {}
[2.755279] (-) TimerEvent: {}
[2.858000] (-) TimerEvent: {}
[2.959115] (-) TimerEvent: {}
[3.059944] (-) TimerEvent: {}
[3.161147] (-) TimerEvent: {}
[3.265570] (-) TimerEvent: {}
[3.367174] (-) TimerEvent: {}
[3.467987] (-) TimerEvent: {}
[3.569405] (-) TimerEvent: {}
[3.667484] (drone_bringup) Command: {'cmd': ['/usr/bin/python3', '-W', 'ignore:setup.py install is deprecated', '-W', 'ignore:easy_install command is deprecated', 'setup.py', 'develop', '--editable', '--build-directory', '/mnt/c/Users/LENOVO/OneDrive/Desktop/drone/build/drone_bringup/build', '--no-deps', 'symlink_data'], 'cwd': '/mnt/c/Users/LENOVO/OneDrive/Desktop/drone/build/drone_bringup', 'env': {'USER': 'lenovo', 'GZ_CONFIG_PATH': '/opt/ros/jazzy/opt/sdformat_vendor/share/gz', 'SHLVL': '0', 'LD_LIBRARY_PATH': '/opt/ros/jazzy/opt/sdformat_vendor/lib:/opt/ros/jazzy/opt/rviz_ogre_vendor/lib:/opt/ros/jazzy/lib/x86_64-linux-gnu:/opt/ros/jazzy/opt/gz_math_vendor/lib:/opt/ros/jazzy/opt/gz_utils_vendor/lib:/opt/ros/jazzy/opt/gz_tools_vendor/lib:/opt/ros/jazzy/opt/gz_cmake_vendor/lib:/opt/ros/jazzy/lib', 'HOME': '/home/lenovo', 'OLDPWD': '/mnt/c/Users/LENOVO/OneDrive/Desktop/drone', 'ROS_PYTHON_VERSION': '3', 'DBUS_SESSION_BUS_ADDRESS': 'unix:path=/run/user/1000/bus', 'WSL_DISTRO_NAME': 'Ubuntu', 'WAYLAND_DISPLAY': 'wayland-0', 'ROS_DISTRO': 'jazzy', 'LOGNAME': 'lenovo', 'NAME': 'LAPTOP-MLDMFMJ8', 'WSL_INTEROP': '/run/WSL/22746_interop', 'PULSE_SERVER': 'unix:/mnt/wslg/PulseServer', '_': '/usr/bin/colcon', 'ROS_VERSION': '2', 'TERM': 'xterm-256color', 'PATH': '/opt/ros/jazzy/opt/gz_tools_vendor/bin:/opt/ros/jazzy/bin:/usr/local/sbin:/usr/local/bin:/usr/sbin:/usr/bin:/sbin:/bin:/usr/games:/usr/local/games:/usr/lib/wsl/lib:/mnt/c/Python314/Scripts/:/mnt/c/Python314/:/mnt/c/Windows/system32:/mnt/c/Windows:/mnt/c/Windows/System32/Wbem:/mnt/c/Windows/System32/WindowsPowerShell/v1.0/:/mnt/c/Windows/System32/OpenSSH/:/mnt/c/Program Files (x86)/NVIDIA Corporation/PhysX/Common:/mnt/c/Program Files/NVIDIA Corporation/NVIDIA NvDLISR:/mnt/c/Program Files/Git/cmd:/mnt/c/src/flutter/bin:/mnt/c/MinGW/bin:/mnt/c/Users/LENOVO/AppData/Local/Pub/Cache/bin:/mnt/c/ffmpeg-8.0.1-essentials_build/bin:/mnt/c/Program Files/nodejs/:/mnt/c/ProgramData/chocolatey/bin:/mnt/c/Program Files/dotnet/:/mnt/c/Program Files (x86)/Windows Kits/10/Windows Performance Toolkit/:/mnt/c/Users/LENOVO/AppData/Local/Programs/Python/Python311/Scripts/:/mnt/c/Users/LENOVO/AppData/Local/Programs/Python/Python311/:/mnt/c/Users/LENOVO/AppData/Local/Programs/Python/Launcher/:/mnt/c/Users/LENOVO/AppData/Local/Microsoft/WindowsApps:/mnt/c/Users/LENOVO/AppData/Local/Programs/Microsoft VS Code/bin:/mnt/c/Program Files/Eclipse Adoptium/jdk-17.0.17.10-hotspot/bin:/mnt/c/Users/LENOVO/AppData/Local/Python/bin:/mnt/c/Users/LENOVO/AppData/Roaming/npm:/mnt/c/Users/LENOVO/AppData/Local/Programs/Antigravity/bin', 'XDG_RUNTIME_DIR': '/run/user/1000/', 'DISPLAY': ':0', 'LANG': 'C.UTF-8', 'AMENT_PREFIX_PATH': '/opt/ros/jazzy', 'SHELL': '/bin/bash', 'ROS_AUTOMATIC_DISCOVERY_RANGE': 'SUBNET', 'PWD': '/mnt/c/Users/LENOVO/OneDrive/Desktop/drone/build/drone_bringup', 'PYTHONPATH': '/mnt/c/Users/LENOVO/OneDrive/Desktop/drone/build/drone_bringup/prefix_override:/usr/lib/python3/dist-packages/colcon_core/task/python/colcon_distutils_commands:/mnt/c/Users/LENOVO/OneDrive/Desktop/drone/install/drone_bringup/lib/python3.12/site-packages:/opt/ros/jazzy/lib/python3.12/site-packages', 'COLCON': '1', 'WSL2_GUI_APPS_ENABLED': '1', 'HOSTTYPE': 'x86_64', 'CMAKE_PREFIX_PATH': '/opt/ros/jazzy/opt/sdformat_vendor:/opt/ros/jazzy/opt/gz_math_vendor:/opt/ros/jazzy/opt/gz_utils_vendor:/opt/ros/jazzy/opt/gz_tools_vendor:/opt/ros/jazzy/opt/gz_cmake_vendor', 'WSLENV': ''}, 'shell': False}
[3.703875] (-) TimerEvent: {}
[3.814063] (-) TimerEvent: {}
[3.922690] (-) TimerEvent: {}
[4.024198] (-) TimerEvent: {}
[4.125986] (-) TimerEvent: {}
[4.226869] (-) TimerEvent: {}
[4.328026] (-) TimerEvent: {}
[4.429525] (-) TimerEvent: {}
[4.530894] (-) TimerEvent: {}
[4.632570] (-) TimerEvent: {}
[4.738616] (-) TimerEvent: {}
[4.840501] (-) TimerEvent: {}
[4.941572] (-) TimerEvent: {}
[5.042894] (-) TimerEvent: {}
[5.146561] (-) TimerEvent: {}
[5.254732] (-) TimerEvent: {}
[5.304260] (drone_bringup) StdoutLine: {'line': b'running develop\n'}
[5.355098] (-) TimerEvent: {}
[5.456098] (-) TimerEvent: {}
[5.557504] (-) TimerEvent: {}
[5.662345] (-) TimerEvent: {}
[5.763540] (-) TimerEvent: {}
[5.865401] (-) TimerEvent: {}
[5.968007] (-) TimerEvent: {}
[6.067608] (drone_bringup) StdoutLine: {'line': b'running egg_info\n'}
[6.087667] (-) TimerEvent: {}
[6.121941] (drone_bringup) StdoutLine: {'line': b'writing drone_bringup.egg-info/PKG-INFO\n'}
[6.131522] (drone_bringup) StdoutLine: {'line': b'writing dependency_links to drone_bringup.egg-info/dependency_links.txt\n'}
[6.139635] (drone_bringup) StdoutLine: {'line': b'writing requirements to drone_bringup.egg-info/requires.txt\n'}
[6.144351] (drone_bringup) StdoutLine: {'line': b'writing top-level names to drone_bringup.egg-info/top_level.txt\n'}
[6.190333] (-) TimerEvent: {}
[6.298937] (-) TimerEvent: {}
[6.333124] (drone_bringup) StdoutLine: {'line': b"reading manifest file 'drone_bringup.egg-info/SOURCES.txt'\n"}
[6.405637] (-) TimerEvent: {}
[6.499270] (drone_bringup) StdoutLine: {'line': b"writing manifest file 'drone_bringup.egg-info/SOURCES.txt'\n"}
[6.506140] (-) TimerEvent: {}
[6.556859] (drone_bringup) StdoutLine: {'line': b'running build_ext\n'}
[6.558181] (drone_bringup) StdoutLine: {'line': b'Creating /mnt/c/Users/LENOVO/OneDrive/Desktop/drone/install/drone_bringup/lib/python3.12/site-packages/drone-bringup.egg-link (link to .)\n'}
[6.596070] (drone_bringup) StdoutLine: {'line': b'\n'}
[6.597841] (drone_bringup) StdoutLine: {'line': b'Installed /mnt/c/Users/LENOVO/OneDrive/Desktop/drone/build/drone_bringup\n'}
[6.623528] (-) TimerEvent: {}
[6.623931] (drone_bringup) StdoutLine: {'line': b'running symlink_data\n'}
[6.723853] (-) TimerEvent: {}
[6.824697] (-) TimerEvent: {}
[6.904111] (drone_bringup) CommandEnded: {'returncode': 0}
[6.931812] (-) TimerEvent: {}
[7.032936] (-) TimerEvent: {}
[7.133835] (-) TimerEvent: {}
[7.234650] (-) TimerEvent: {}
[7.338684] (-) TimerEvent: {}
[7.439827] (-) TimerEvent: {}
[7.540517] (-) TimerEvent: {}
[7.641168] (-) TimerEvent: {}
[7.649549] (drone_bringup) JobEnded: {'identifier': 'drone_bringup', 'rc': 0}
[7.669703] (-) EventReactorShutdown: {}
