[0.717s] DEBUG:colcon:Command line arguments: ['/usr/bin/colcon', 'build', '--symlink-install', '--packages-select', 'drone_bringup']
[0.717s] DEBUG:colcon:Parsed command line arguments: Namespace(log_base=None, log_level=None, verb_name='build', build_base='build', install_base='install', merge_install=False, symlink_install=True, test_result_base=None, continue_on_error=False, executor='parallel', parallel_workers=16, event_handlers=None, ignore_user_meta=False, metas=['./colcon.meta'], base_paths=['.'], packages_ignore=None, packages_ignore_regex=None, paths=None, packages_up_to=None, packages_up_to_regex=None, packages_above=None, packages_above_and_dependencies=None, packages_above_depth=None, packages_select_by_dep=None, packages_skip_by_dep=None, packages_skip_up_to=None, packages_select_build_failed=False, packages_skip_build_finished=False, packages_select_test_failures=False, packages_skip_test_passed=False, packages_select=['drone_bringup'], packages_skip=None, packages_select_regex=None, packages_skip_regex=None, packages_start=None, packages_end=None, allow_overriding=[], cmake_args=None, cmake_target=None, cmake_target_skip_unavailable=False, cmake_clean_cache=False, cmake_clean_first=False, cmake_force_configure=False, ament_cmake_args=None, catkin_cmake_args=None, catkin_skip_building_tests=False, mixin_files=None, mixin=None, verb_parser=<colcon_mixin.mixin.mixin_argument.MixinArgumentDecorator object at 0x7373e7292060>, verb_extension=<colcon_core.verb.build.BuildVerb object at 0x7373e73e64b0>, main=<bound method BuildVerb.main of <colcon_core.verb.build.BuildVerb object at 0x7373e73e64b0>>, mixin_verb=('build',))
[0.891s] Level 1:colcon.colcon_core.package_discovery:discover_packages(colcon_meta) check parameters
[0.893s] Level 1:colcon.colcon_core.package_discovery:discover_packages(recursive) check parameters
[0.893s] Level 1:colcon.colcon_core.package_discovery:discover_packages(ignore) check parameters
[0.894s] Level 1:colcon.colcon_core.package_discovery:discover_packages(path) check parameters
[0.894s] Level 1:colcon.colcon_core.package_discovery:discover_packages(colcon_meta) discover
[0.894s] Level 1:colcon.colcon_core.package_discovery:discover_packages(recursive) discover
[0.895s] INFO:colcon.colcon_core.package_discovery:Crawling recursively for packages in '/mnt/c/Users/LENOVO/OneDrive/Desktop/drone'
[0.897s] Level 1:colcon.colcon_core.package_identification:_identify(.) by extensions ['ignore', 'ignore_ament_install']
[0.898s] Level 1:colcon.colcon_core.package_identification:_identify(.) by extension 'ignore'
[0.898s] Level 1:colcon.colcon_core.package_identification:_identify(.) by extension 'ignore_ament_install'
[0.899s] Level 1:colcon.colcon_core.package_identification:_identify(.) by extensions ['colcon_pkg']
[0.899s] Level 1:colcon.colcon_core.package_identification:_identify(.) by extension 'colcon_pkg'
[0.900s] Level 1:colcon.colcon_core.package_identification:_identify(.) by extensions ['colcon_meta']
[0.901s] Level 1:colcon.colcon_core.package_identification:_identify(.) by extension 'colcon_meta'
[0.901s] Level 1:colcon.colcon_core.package_identification:_identify(.) by extensions ['ros']
[0.902s] Level 1:colcon.colcon_core.package_identification:_identify(.) by extension 'ros'
[0.985s] Level 1:colcon.colcon_core.package_identification:_identify(.) by extensions ['cmake', 'python']
[0.986s] Level 1:colcon.colcon_core.package_identification:_identify(.) by extension 'cmake'
[0.987s] Level 1:colcon.colcon_core.package_identification:_identify(.) by extension 'python'
[0.988s] Level 1:colcon.colcon_core.package_identification:_identify(.) by extensions ['python_setup_py']
[0.988s] Level 1:colcon.colcon_core.package_identification:_identify(.) by extension 'python_setup_py'
[0.992s] Level 1:colcon.colcon_core.package_identification:_identify(build) by extensions ['ignore', 'ignore_ament_install']
[0.993s] Level 1:colcon.colcon_core.package_identification:_identify(build) by extension 'ignore'
[0.995s] Level 1:colcon.colcon_core.package_identification:_identify(build) ignored
[1.002s] Level 1:colcon.colcon_core.package_identification:_identify(docker) by extensions ['ignore', 'ignore_ament_install']
[1.002s] Level 1:colcon.colcon_core.package_identification:_identify(docker) by extension 'ignore'
[1.004s] Level 1:colcon.colcon_core.package_identification:_identify(docker) by extension 'ignore_ament_install'
[1.007s] Level 1:colcon.colcon_core.package_identification:_identify(docker) by extensions ['colcon_pkg']
[1.008s] Level 1:colcon.colcon_core.package_identification:_identify(docker) by extension 'colcon_pkg'
[1.010s] Level 1:colcon.colcon_core.package_identification:_identify(docker) by extensions ['colcon_meta']
[1.010s] Level 1:colcon.colcon_core.package_identification:_identify(docker) by extension 'colcon_meta'
[1.012s] Level 1:colcon.colcon_core.package_identification:_identify(docker) by extensions ['ros']
[1.012s] Level 1:colcon.colcon_core.package_identification:_identify(docker) by extension 'ros'
[1.020s] Level 1:colcon.colcon_core.package_identification:_identify(docker) by extensions ['cmake', 'python']
[1.021s] Level 1:colcon.colcon_core.package_identification:_identify(docker) by extension 'cmake'
[1.024s] Level 1:colcon.colcon_core.package_identification:_identify(docker) by extension 'python'
[1.027s] Level 1:colcon.colcon_core.package_identification:_identify(docker) by extensions ['python_setup_py']
[1.027s] Level 1:colcon.colcon_core.package_identification:_identify(docker) by extension 'python_setup_py'
[1.035s] Level 1:colcon.colcon_core.package_identification:_identify(install) by extensions ['ignore', 'ignore_ament_install']
[1.036s] Level 1:colcon.colcon_core.package_identification:_identify(install) by extension 'ignore'
[1.039s] Level 1:colcon.colcon_core.package_identification:_identify(install) ignored
[1.051s] Level 1:colcon.colcon_core.package_identification:_identify(log) by extensions ['ignore', 'ignore_ament_install']
[1.052s] Level 1:colcon.colcon_core.package_identification:_identify(log) by extension 'ignore'
[1.054s] Level 1:colcon.colcon_core.package_identification:_identify(log) ignored
[1.060s] Level 1:colcon.colcon_core.package_identification:_identify(scripts) by extensions ['ignore', 'ignore_ament_install']
[1.060s] Level 1:colcon.colcon_core.package_identification:_identify(scripts) by extension 'ignore'
[1.063s] Level 1:colcon.colcon_core.package_identification:_identify(scripts) by extension 'ignore_ament_install'
[1.066s] Level 1:colcon.colcon_core.package_identification:_identify(scripts) by extensions ['colcon_pkg']
[1.067s] Level 1:colcon.colcon_core.package_identification:_identify(scripts) by extension 'colcon_pkg'
[1.069s] Level 1:colcon.colcon_core.package_identification:_identify(scripts) by extensions ['colcon_meta']
[1.070s] Level 1:colcon.colcon_core.package_identification:_identify(scripts) by extension 'colcon_meta'
[1.072s] Level 1:colcon.colcon_core.package_identification:_identify(scripts) by extensions ['ros']
[1.072s] Level 1:colcon.colcon_core.package_identification:_identify(scripts) by extension 'ros'
[1.081s] Level 1:colcon.colcon_core.package_identification:_identify(scripts) by extensions ['cmake', 'python']
[1.081s] Level 1:colcon.colcon_core.package_identification:_identify(scripts) by extension 'cmake'
[1.083s] Level 1:colcon.colcon_core.package_identification:_identify(scripts) by extension 'python'
[1.086s] Level 1:colcon.colcon_core.package_identification:_identify(scripts) by extensions ['python_setup_py']
[1.086s] Level 1:colcon.colcon_core.package_identification:_identify(scripts) by extension 'python_setup_py'
[1.094s] Level 1:colcon.colcon_core.package_identification:_identify(src) by extensions ['ignore', 'ignore_ament_install']
[1.095s] Level 1:colcon.colcon_core.package_identification:_identify(src) by extension 'ignore'
[1.097s] Level 1:colcon.colcon_core.package_identification:_identify(src) by extension 'ignore_ament_install'
[1.100s] Level 1:colcon.colcon_core.package_identification:_identify(src) by extensions ['colcon_pkg']
[1.101s] Level 1:colcon.colcon_core.package_identification:_identify(src) by extension 'colcon_pkg'
[1.103s] Level 1:colcon.colcon_core.package_identification:_identify(src) by extensions ['colcon_meta']
[1.103s] Level 1:colcon.colcon_core.package_identification:_identify(src) by extension 'colcon_meta'
[1.106s] Level 1:colcon.colcon_core.package_identification:_identify(src) by extensions ['ros']
[1.106s] Level 1:colcon.colcon_core.package_identification:_identify(src) by extension 'ros'
[1.115s] Level 1:colcon.colcon_core.package_identification:_identify(src) by extensions ['cmake', 'python']
[1.115s] Level 1:colcon.colcon_core.package_identification:_identify(src) by extension 'cmake'
[1.117s] Level 1:colcon.colcon_core.package_identification:_identify(src) by extension 'python'
[1.119s] Level 1:colcon.colcon_core.package_identification:_identify(src) by extensions ['python_setup_py']
[1.120s] Level 1:colcon.colcon_core.package_identification:_identify(src) by extension 'python_setup_py'
[1.132s] Level 1:colcon.colcon_core.package_identification:_identify(src/control_layer) by extensions ['ignore', 'ignore_ament_install']
[1.133s] Level 1:colcon.colcon_core.package_identification:_identify(src/control_layer) by extension 'ignore'
[1.137s] Level 1:colcon.colcon_core.package_identification:_identify(src/control_layer) by extension 'ignore_ament_install'
[1.143s] Level 1:colcon.colcon_core.package_identification:_identify(src/control_layer) by extensions ['colcon_pkg']
[1.144s] Level 1:colcon.colcon_core.package_identification:_identify(src/control_layer) by extension 'colcon_pkg'
[1.148s] Level 1:colcon.colcon_core.package_identification:_identify(src/control_layer) by extensions ['colcon_meta']
[1.148s] Level 1:colcon.colcon_core.package_identification:_identify(src/control_layer) by extension 'colcon_meta'
[1.154s] Level 1:colcon.colcon_core.package_identification:_identify(src/control_layer) by extensions ['ros']
[1.155s] Level 1:colcon.colcon_core.package_identification:_identify(src/control_layer) by extension 'ros'
[1.240s] DEBUG:colcon.colcon_core.package_identification:Package 'src/control_layer' with type 'ros.ament_cmake' and name 'control_layer'
[1.256s] Level 1:colcon.colcon_core.package_identification:_identify(src/drone_bringup) by extensions ['ignore', 'ignore_ament_install']
[1.257s] Level 1:colcon.colcon_core.package_identification:_identify(src/drone_bringup) by extension 'ignore'
[1.261s] Level 1:colcon.colcon_core.package_identification:_identify(src/drone_bringup) by extension 'ignore_ament_install'
[1.268s] Level 1:colcon.colcon_core.package_identification:_identify(src/drone_bringup) by extensions ['colcon_pkg']
[1.269s] Level 1:colcon.colcon_core.package_identification:_identify(src/drone_bringup) by extension 'colcon_pkg'
[1.272s] Level 1:colcon.colcon_core.package_identification:_identify(src/drone_bringup) by extensions ['colcon_meta']
[1.272s] Level 1:colcon.colcon_core.package_identification:_identify(src/drone_bringup) by extension 'colcon_meta'
[1.277s] Level 1:colcon.colcon_core.package_identification:_identify(src/drone_bringup) by extensions ['ros']
[1.278s] Level 1:colcon.colcon_core.package_identification:_identify(src/drone_bringup) by extension 'ros'
[1.311s] DEBUG:colcon.colcon_core.package_identification:Package 'src/drone_bringup' with type 'ros.ament_python' and name 'drone_bringup'
[1.321s] Level 1:colcon.colcon_core.package_identification:_identify(src/fault_handler) by extensions ['ignore', 'ignore_ament_install']
[1.322s] Level 1:colcon.colcon_core.package_identification:_identify(src/fault_handler) by extension 'ignore'
[1.325s] Level 1:colcon.colcon_core.package_identification:_identify(src/fault_handler) by extension 'ignore_ament_install'
[1.330s] Level 1:colcon.colcon_core.package_identification:_identify(src/fault_handler) by extensions ['colcon_pkg']
[1.331s] Level 1:colcon.colcon_core.package_identification:_identify(src/fault_handler) by extension 'colcon_pkg'
[1.334s] Level 1:colcon.colcon_core.package_identification:_identify(src/fault_handler) by extensions ['colcon_meta']
[1.335s] Level 1:colcon.colcon_core.package_identification:_identify(src/fault_handler) by extension 'colcon_meta'
[1.340s] Level 1:colcon.colcon_core.package_identification:_identify(src/fault_handler) by extensions ['ros']
[1.341s] Level 1:colcon.colcon_core.package_identification:_identify(src/fault_handler) by extension 'ros'
[1.374s] DEBUG:colcon.colcon_core.package_identification:Package 'src/fault_handler' with type 'ros.ament_python' and name 'fault_handler'
[1.383s] Level 1:colcon.colcon_core.package_identification:_identify(src/launch) by extensions ['ignore', 'ignore_ament_install']
[1.384s] Level 1:colcon.colcon_core.package_identification:_identify(src/launch) by extension 'ignore'
[1.386s] Level 1:colcon.colcon_core.package_identification:_identify(src/launch) by extension 'ignore_ament_install'
[1.391s] Level 1:colcon.colcon_core.package_identification:_identify(src/launch) by extensions ['colcon_pkg']
[1.391s] Level 1:colcon.colcon_core.package_identification:_identify(src/launch) by extension 'colcon_pkg'
[1.394s] Level 1:colcon.colcon_core.package_identification:_identify(src/launch) by extensions ['colcon_meta']
[1.394s] Level 1:colcon.colcon_core.package_identification:_identify(src/launch) by extension 'colcon_meta'
[1.399s] Level 1:colcon.colcon_core.package_identification:_identify(src/launch) by extensions ['ros']
[1.400s] Level 1:colcon.colcon_core.package_identification:_identify(src/launch) by extension 'ros'
[1.417s] Level 1:colcon.colcon_core.package_identification:_identify(src/launch) by extensions ['cmake', 'python']
[1.418s] Level 1:colcon.colcon_core.package_identification:_identify(src/launch) by extension 'cmake'
[1.421s] Level 1:colcon.colcon_core.package_identification:_identify(src/launch) by extension 'python'
[1.424s] Level 1:colcon.colcon_core.package_identification:_identify(src/launch) by extensions ['python_setup_py']
[1.424s] Level 1:colcon.colcon_core.package_identification:_identify(src/launch) by extension 'python_setup_py'
[1.435s] Level 1:colcon.colcon_core.package_identification:_identify(src/navigation_layer) by extensions ['ignore', 'ignore_ament_install']
[1.435s] Level 1:colcon.colcon_core.package_identification:_identify(src/navigation_layer) by extension 'ignore'
[1.438s] Level 1:colcon.colcon_core.package_identification:_identify(src/navigation_layer) by extension 'ignore_ament_install'
[1.442s] Level 1:colcon.colcon_core.package_identification:_identify(src/navigation_layer) by extensions ['colcon_pkg']
[1.443s] Level 1:colcon.colcon_core.package_identification:_identify(src/navigation_layer) by extension 'colcon_pkg'
[1.445s] Level 1:colcon.colcon_core.package_identification:_identify(src/navigation_layer) by extensions ['colcon_meta']
[1.446s] Level 1:colcon.colcon_core.package_identification:_identify(src/navigation_layer) by extension 'colcon_meta'
[1.449s] Level 1:colcon.colcon_core.package_identification:_identify(src/navigation_layer) by extensions ['ros']
[1.449s] Level 1:colcon.colcon_core.package_identification:_identify(src/navigation_layer) by extension 'ros'
[1.478s] DEBUG:colcon.colcon_core.package_identification:Package 'src/navigation_layer' with type 'ros.ament_python' and name 'navigation_layer'
[1.487s] Level 1:colcon.colcon_core.package_identification:_identify(src/perception_layer) by extensions ['ignore', 'ignore_ament_install']
[1.487s] Level 1:colcon.colcon_core.package_identification:_identify(src/perception_layer) by extension 'ignore'
[1.490s] Level 1:colcon.colcon_core.package_identification:_identify(src/perception_layer) by extension 'ignore_ament_install'
[1.494s] Level 1:colcon.colcon_core.package_identification:_identify(src/perception_layer) by extensions ['colcon_pkg']
[1.494s] Level 1:colcon.colcon_core.package_identification:_identify(src/perception_layer) by extension 'colcon_pkg'
[1.497s] Level 1:colcon.colcon_core.package_identification:_identify(src/perception_layer) by extensions ['colcon_meta']
[1.497s] Level 1:colcon.colcon_core.package_identification:_identify(src/perception_layer) by extension 'colcon_meta'
[1.501s] Level 1:colcon.colcon_core.package_identification:_identify(src/perception_layer) by extensions ['ros']
[1.502s] Level 1:colcon.colcon_core.package_identification:_identify(src/perception_layer) by extension 'ros'
[1.529s] DEBUG:colcon.colcon_core.package_identification:Package 'src/perception_layer' with type 'ros.ament_python' and name 'perception_layer'
[1.537s] Level 1:colcon.colcon_core.package_identification:_identify(src/slam_layer) by extensions ['ignore', 'ignore_ament_install']
[1.538s] Level 1:colcon.colcon_core.package_identification:_identify(src/slam_layer) by extension 'ignore'
[1.540s] Level 1:colcon.colcon_core.package_identification:_identify(src/slam_layer) by extension 'ignore_ament_install'
[1.545s] Level 1:colcon.colcon_core.package_identification:_identify(src/slam_layer) by extensions ['colcon_pkg']
[1.545s] Level 1:colcon.colcon_core.package_identification:_identify(src/slam_layer) by extension 'colcon_pkg'
[1.548s] Level 1:colcon.colcon_core.package_identification:_identify(src/slam_layer) by extensions ['colcon_meta']
[1.548s] Level 1:colcon.colcon_core.package_identification:_identify(src/slam_layer) by extension 'colcon_meta'
[1.552s] Level 1:colcon.colcon_core.package_identification:_identify(src/slam_layer) by extensions ['ros']
[1.552s] Level 1:colcon.colcon_core.package_identification:_identify(src/slam_layer) by extension 'ros'
[1.580s] DEBUG:colcon.colcon_core.package_identification:Package 'src/slam_layer' with type 'ros.ament_cmake' and name 'slam_layer'
[1.589s] Level 1:colcon.colcon_core.package_identification:_identify(src/telemetry) by extensions ['ignore', 'ignore_ament_install']
[1.589s] Level 1:colcon.colcon_core.package_identification:_identify(src/telemetry) by extension 'ignore'
[1.591s] Level 1:colcon.colcon_core.package_identification:_identify(src/telemetry) by extension 'ignore_ament_install'
[1.596s] Level 1:colcon.colcon_core.package_identification:_identify(src/telemetry) by extensions ['colcon_pkg']
[1.597s] Level 1:colcon.colcon_core.package_identification:_identify(src/telemetry) by extension 'colcon_pkg'
[1.600s] Level 1:colcon.colcon_core.package_identification:_identify(src/telemetry) by extensions ['colcon_meta']
[1.600s] Level 1:colcon.colcon_core.package_identification:_identify(src/telemetry) by extension 'colcon_meta'
[1.604s] Level 1:colcon.colcon_core.package_identification:_identify(src/telemetry) by extensions ['ros']
[1.604s] Level 1:colcon.colcon_core.package_identification:_identify(src/telemetry) by extension 'ros'
[1.635s] DEBUG:colcon.colcon_core.package_identification:Package 'src/telemetry' with type 'ros.ament_python' and name 'telemetry'
[1.641s] Level 1:colcon.colcon_core.package_identification:_identify(worlds) by extensions ['ignore', 'ignore_ament_install']
[1.641s] Level 1:colcon.colcon_core.package_identification:_identify(worlds) by extension 'ignore'
[1.643s] Level 1:colcon.colcon_core.package_identification:_identify(worlds) by extension 'ignore_ament_install'
[1.646s] Level 1:colcon.colcon_core.package_identification:_identify(worlds) by extensions ['colcon_pkg']
[1.646s] Level 1:colcon.colcon_core.package_identification:_identify(worlds) by extension 'colcon_pkg'
[1.648s] Level 1:colcon.colcon_core.package_identification:_identify(worlds) by extensions ['colcon_meta']
[1.649s] Level 1:colcon.colcon_core.package_identification:_identify(worlds) by extension 'colcon_meta'
[1.651s] Level 1:colcon.colcon_core.package_identification:_identify(worlds) by extensions ['ros']
[1.651s] Level 1:colcon.colcon_core.package_identification:_identify(worlds) by extension 'ros'
[1.659s] Level 1:colcon.colcon_core.package_identification:_identify(worlds) by extensions ['cmake', 'python']
[1.659s] Level 1:colcon.colcon_core.package_identification:_identify(worlds) by extension 'cmake'
[1.661s] Level 1:colcon.colcon_core.package_identification:_identify(worlds) by extension 'python'
[1.663s] Level 1:colcon.colcon_core.package_identification:_identify(worlds) by extensions ['python_setup_py']
[1.663s] Level 1:colcon.colcon_core.package_identification:_identify(worlds) by extension 'python_setup_py'
[1.665s] Level 1:colcon.colcon_core.package_discovery:discover_packages(recursive) using defaults
[1.666s] Level 1:colcon.colcon_core.package_discovery:discover_packages(ignore) discover
[1.667s] Level 1:colcon.colcon_core.package_discovery:discover_packages(ignore) using defaults
[1.667s] Level 1:colcon.colcon_core.package_discovery:discover_packages(path) discover
[1.667s] Level 1:colcon.colcon_core.package_discovery:discover_packages(path) using defaults
[1.833s] INFO:colcon.colcon_core.package_selection:Skipping not selected package 'control_layer' in 'src/control_layer'
[1.833s] INFO:colcon.colcon_core.package_selection:Skipping not selected package 'fault_handler' in 'src/fault_handler'
[1.834s] INFO:colcon.colcon_core.package_selection:Skipping not selected package 'navigation_layer' in 'src/navigation_layer'
[1.834s] INFO:colcon.colcon_core.package_selection:Skipping not selected package 'perception_layer' in 'src/perception_layer'
[1.834s] INFO:colcon.colcon_core.package_selection:Skipping not selected package 'slam_layer' in 'src/slam_layer'
[1.835s] INFO:colcon.colcon_core.package_selection:Skipping not selected package 'telemetry' in 'src/telemetry'
[1.836s] Level 1:colcon.colcon_core.package_discovery:discover_packages(prefix_path) check parameters
[1.837s] Level 1:colcon.colcon_core.package_discovery:discover_packages(prefix_path) discover
[1.845s] DEBUG:colcon.colcon_installed_package_information.package_discovery:Found 333 installed packages in /opt/ros/jazzy
[1.847s] Level 1:colcon.colcon_core.package_discovery:discover_packages(prefix_path) using defaults
[1.925s] Level 5:colcon.colcon_core.verb:set package 'drone_bringup' build argument 'cmake_args' from command line to 'None'
[1.926s] Level 5:colcon.colcon_core.verb:set package 'drone_bringup' build argument 'cmake_target' from command line to 'None'
[1.926s] Level 5:colcon.colcon_core.verb:set package 'drone_bringup' build argument 'cmake_target_skip_unavailable' from command line to 'False'
[1.927s] Level 5:colcon.colcon_core.verb:set package 'drone_bringup' build argument 'cmake_clean_cache' from command line to 'False'
[1.927s] Level 5:colcon.colcon_core.verb:set package 'drone_bringup' build argument 'cmake_clean_first' from command line to 'False'
[1.928s] Level 5:colcon.colcon_core.verb:set package 'drone_bringup' build argument 'cmake_force_configure' from command line to 'False'
[1.928s] Level 5:colcon.colcon_core.verb:set package 'drone_bringup' build argument 'ament_cmake_args' from command line to 'None'
[1.928s] Level 5:colcon.colcon_core.verb:set package 'drone_bringup' build argument 'catkin_cmake_args' from command line to 'None'
[1.929s] Level 5:colcon.colcon_core.verb:set package 'drone_bringup' build argument 'catkin_skip_building_tests' from command line to 'False'
[1.929s] DEBUG:colcon.colcon_core.verb:Building package 'drone_bringup' with the following arguments: {'ament_cmake_args': None, 'build_base': '/mnt/c/Users/LENOVO/OneDrive/Desktop/drone/build/drone_bringup', 'catkin_cmake_args': None, 'catkin_skip_building_tests': False, 'cmake_args': None, 'cmake_clean_cache': False, 'cmake_clean_first': False, 'cmake_force_configure': False, 'cmake_target': None, 'cmake_target_skip_unavailable': False, 'install_base': '/mnt/c/Users/LENOVO/OneDrive/Desktop/drone/install/drone_bringup', 'merge_install': False, 'path': '/mnt/c/Users/LENOVO/OneDrive/Desktop/drone/src/drone_bringup', 'symlink_install': True, 'test_result_base': None}
[1.930s] INFO:colcon.colcon_core.executor:Executing jobs using 'parallel' executor
[1.931s] DEBUG:colcon.colcon_parallel_executor.executor.parallel:run_until_complete
[1.932s] INFO:colcon.colcon_ros.task.ament_python.build:Building ROS package in '/mnt/c/Users/LENOVO/OneDrive/Desktop/drone/src/drone_bringup' with build type 'ament_python'
[1.933s] Level 1:colcon.colcon_core.shell:create_environment_hook('drone_bringup', 'ament_prefix_path')
[1.942s] INFO:colcon.colcon_core.plugin_system:Skipping extension 'colcon_core.shell.bat': Not used on non-Windows systems
[1.943s] INFO:colcon.colcon_core.shell:Creating environment hook '/mnt/c/Users/LENOVO/OneDrive/Desktop/drone/install/drone_bringup/share/drone_bringup/hook/ament_prefix_path.ps1'
[1.978s] INFO:colcon.colcon_core.shell:Creating environment descriptor '/mnt/c/Users/LENOVO/OneDrive/Desktop/drone/install/drone_bringup/share/drone_bringup/hook/ament_prefix_path.dsv'
[2.014s] INFO:colcon.colcon_core.shell:Creating environment hook '/mnt/c/Users/LENOVO/OneDrive/Desktop/drone/install/drone_bringup/share/drone_bringup/hook/ament_prefix_path.sh'
[2.045s] INFO:colcon.colcon_core.shell:Skip shell extension 'powershell' for command environment: Not usable outside of PowerShell
[2.049s] DEBUG:colcon.colcon_core.shell:Skip shell extension 'dsv' for command environment
[2.562s] INFO:colcon.colcon_core.task.python.build:Building Python package in '/mnt/c/Users/LENOVO/OneDrive/Desktop/drone/src/drone_bringup'
[2.562s] INFO:colcon.colcon_core.shell:Skip shell extension 'powershell' for command environment: Not usable outside of PowerShell
[2.563s] DEBUG:colcon.colcon_core.shell:Skip shell extension 'dsv' for command environment
[5.638s] DEBUG:colcon.colcon_core.event_handler.log_command:Invoking command in '/mnt/c/Users/LENOVO/OneDrive/Desktop/drone/build/drone_bringup': PYTHONPATH=/mnt/c/Users/LENOVO/OneDrive/Desktop/drone/build/drone_bringup/prefix_override:/usr/lib/python3/dist-packages/colcon_core/task/python/colcon_distutils_commands:/mnt/c/Users/LENOVO/OneDrive/Desktop/drone/install/drone_bringup/lib/python3.12/site-packages:${PYTHONPATH} /usr/bin/python3 -W ignore:setup.py install is deprecated -W ignore:easy_install command is deprecated setup.py develop --editable --build-directory /mnt/c/Users/LENOVO/OneDrive/Desktop/drone/build/drone_bringup/build --no-deps symlink_data
[8.838s] Level 1:colcon.colcon_core.shell:create_environment_hook('drone_bringup', 'pythonpath_develop')
[8.839s] INFO:colcon.colcon_core.shell:Creating environment hook '/mnt/c/Users/LENOVO/OneDrive/Desktop/drone/build/drone_bringup/share/drone_bringup/hook/pythonpath_develop.ps1'
[8.864s] INFO:colcon.colcon_core.shell:Creating environment descriptor '/mnt/c/Users/LENOVO/OneDrive/Desktop/drone/build/drone_bringup/share/drone_bringup/hook/pythonpath_develop.dsv'
[8.866s] DEBUG:colcon.colcon_core.event_handler.log_command:Invoked command in '/mnt/c/Users/LENOVO/OneDrive/Desktop/drone/build/drone_bringup' returned '0': PYTHONPATH=/mnt/c/Users/LENOVO/OneDrive/Desktop/drone/build/drone_bringup/prefix_override:/usr/lib/python3/dist-packages/colcon_core/task/python/colcon_distutils_commands:/mnt/c/Users/LENOVO/OneDrive/Desktop/drone/install/drone_bringup/lib/python3.12/site-packages:${PYTHONPATH} /usr/bin/python3 -W ignore:setup.py install is deprecated -W ignore:easy_install command is deprecated setup.py develop --editable --build-directory /mnt/c/Users/LENOVO/OneDrive/Desktop/drone/build/drone_bringup/build --no-deps symlink_data
[8.890s] INFO:colcon.colcon_core.shell:Creating environment hook '/mnt/c/Users/LENOVO/OneDrive/Desktop/drone/build/drone_bringup/share/drone_bringup/hook/pythonpath_develop.sh'
[8.979s] Level 1:colcon.colcon_core.environment:checking '/mnt/c/Users/LENOVO/OneDrive/Desktop/drone/install/drone_bringup' for CMake module files
[9.095s] Level 1:colcon.colcon_core.environment:checking '/mnt/c/Users/LENOVO/OneDrive/Desktop/drone/install/drone_bringup' for CMake config files
[9.304s] Level 1:colcon.colcon_core.environment:checking '/mnt/c/Users/LENOVO/OneDrive/Desktop/drone/install/drone_bringup/lib'
[9.312s] Level 1:colcon.colcon_core.environment:checking '/mnt/c/Users/LENOVO/OneDrive/Desktop/drone/install/drone_bringup/bin'
[9.315s] Level 1:colcon.colcon_core.environment:checking '/mnt/c/Users/LENOVO/OneDrive/Desktop/drone/install/drone_bringup/lib/pkgconfig/drone_bringup.pc'
[9.318s] Level 1:colcon.colcon_core.environment:checking '/mnt/c/Users/LENOVO/OneDrive/Desktop/drone/install/drone_bringup/lib/python3.12/site-packages'
[9.323s] Level 1:colcon.colcon_core.shell:create_environment_hook('drone_bringup', 'pythonpath')
[9.324s] INFO:colcon.colcon_core.shell:Creating environment hook '/mnt/c/Users/LENOVO/OneDrive/Desktop/drone/install/drone_bringup/share/drone_bringup/hook/pythonpath.ps1'
[9.354s] INFO:colcon.colcon_core.shell:Creating environment descriptor '/mnt/c/Users/LENOVO/OneDrive/Desktop/drone/install/drone_bringup/share/drone_bringup/hook/pythonpath.dsv'
[9.383s] INFO:colcon.colcon_core.shell:Creating environment hook '/mnt/c/Users/LENOVO/OneDrive/Desktop/drone/install/drone_bringup/share/drone_bringup/hook/pythonpath.sh'
[9.412s] Level 1:colcon.colcon_core.environment:checking '/mnt/c/Users/LENOVO/OneDrive/Desktop/drone/install/drone_bringup/bin'
[9.414s] Level 1:colcon.colcon_core.environment:create_environment_scripts_only(drone_bringup)
[9.415s] INFO:colcon.colcon_core.shell:Creating package script '/mnt/c/Users/LENOVO/OneDrive/Desktop/drone/install/drone_bringup/share/drone_bringup/package.ps1'
[9.467s] INFO:colcon.colcon_core.shell:Creating package descriptor '/mnt/c/Users/LENOVO/OneDrive/Desktop/drone/install/drone_bringup/share/drone_bringup/package.dsv'
[9.494s] INFO:colcon.colcon_core.shell:Creating package script '/mnt/c/Users/LENOVO/OneDrive/Desktop/drone/install/drone_bringup/share/drone_bringup/package.sh'
[9.518s] INFO:colcon.colcon_core.shell:Creating package script '/mnt/c/Users/LENOVO/OneDrive/Desktop/drone/install/drone_bringup/share/drone_bringup/package.bash'
[9.543s] INFO:colcon.colcon_core.shell:Creating package script '/mnt/c/Users/LENOVO/OneDrive/Desktop/drone/install/drone_bringup/share/drone_bringup/package.zsh'
[9.567s] Level 1:colcon.colcon_core.environment:create_file_with_runtime_dependencies(/mnt/c/Users/LENOVO/OneDrive/Desktop/drone/install/drone_bringup/share/colcon-core/packages/drone_bringup)
[9.584s] DEBUG:colcon.colcon_parallel_executor.executor.parallel:closing loop
[9.584s] DEBUG:colcon.colcon_parallel_executor.executor.parallel:loop closed
[9.585s] DEBUG:colcon.colcon_parallel_executor.executor.parallel:run_until_complete finished with '0'
[9.586s] DEBUG:colcon.colcon_core.event_reactor:joining thread
[9.747s] INFO:colcon.colcon_core.plugin_system:Skipping extension 'colcon_notification.desktop_notification.notify_send': Could not find 'notify-send'
[9.747s] INFO:colcon.colcon_core.plugin_system:Skipping extension 'colcon_notification.desktop_notification.terminal_notifier': Not used on non-Darwin systems
[9.748s] INFO:colcon.colcon_core.plugin_system:Skipping extension 'colcon_notification.desktop_notification.win32': Not used on non-Windows systems
[9.748s] INFO:colcon.colcon_notification.desktop_notification:Sending desktop notification using 'notify2'
[9.796s] DEBUG:colcon.colcon_notification.desktop_notification.notify2:Failed to initialize notify2: org.freedesktop.DBus.Error.ServiceUnknown: The name org.freedesktop.Notifications was not provided by any .service files
[9.797s] DEBUG:colcon.colcon_core.event_reactor:joined thread
[9.798s] INFO:colcon.colcon_core.shell:Creating prefix script '/mnt/c/Users/LENOVO/OneDrive/Desktop/drone/install/local_setup.ps1'
[9.809s] INFO:colcon.colcon_core.shell:Creating prefix util module '/mnt/c/Users/LENOVO/OneDrive/Desktop/drone/install/_local_setup_util_ps1.py'
[9.821s] INFO:colcon.colcon_core.shell:Creating prefix chain script '/mnt/c/Users/LENOVO/OneDrive/Desktop/drone/install/setup.ps1'
[9.834s] INFO:colcon.colcon_core.shell:Creating prefix script '/mnt/c/Users/LENOVO/OneDrive/Desktop/drone/install/local_setup.sh'
[9.846s] INFO:colcon.colcon_core.shell:Creating prefix util module '/mnt/c/Users/LENOVO/OneDrive/Desktop/drone/install/_local_setup_util_sh.py'
[9.855s] INFO:colcon.colcon_core.shell:Creating prefix chain script '/mnt/c/Users/LENOVO/OneDrive/Desktop/drone/install/setup.sh'
[9.868s] INFO:colcon.colcon_core.shell:Creating prefix script '/mnt/c/Users/LENOVO/OneDrive/Desktop/drone/install/local_setup.bash'
[9.881s] INFO:colcon.colcon_core.shell:Creating prefix chain script '/mnt/c/Users/LENOVO/OneDrive/Desktop/drone/install/setup.bash'
[9.893s] INFO:colcon.colcon_core.shell:Creating prefix script '/mnt/c/Users/LENOVO/OneDrive/Desktop/drone/install/local_setup.zsh'
[9.905s] INFO:colcon.colcon_core.shell:Creating prefix chain script '/mnt/c/Users/LENOVO/OneDrive/Desktop/drone/install/setup.zsh'
