[4.457s] Invoking command in '/mnt/c/Users/LENOVO/OneDrive/Desktop/drone/build/telemetry': PYTHONPATH=/mnt/c/Users/LENOVO/OneDrive/Desktop/drone/build/telemetry/prefix_override:/usr/lib/python3/dist-packages/colcon_core/task/python/colcon_distutils_commands:/mnt/c/Users/LENOVO/OneDrive/Desktop/drone/install/telemetry/lib/python3.12/site-packages:${PYTHONPATH} /usr/bin/python3 -W ignore:setup.py install is deprecated -W ignore:easy_install command is deprecated setup.py develop --editable --build-directory /mnt/c/Users/LENOVO/OneDrive/Desktop/drone/build/telemetry/build --no-deps symlink_data
[6.239s] running develop
[6.935s] running egg_info
[6.937s] creating telemetry.egg-info
[6.973s] writing telemetry.egg-info/PKG-INFO
[6.987s] writing dependency_links to telemetry.egg-info/dependency_links.txt
[6.996s] writing requirements to telemetry.egg-info/requires.txt
[7.003s] writing top-level names to telemetry.egg-info/top_level.txt
[7.011s] writing manifest file 'telemetry.egg-info/SOURCES.txt'
[7.100s] reading manifest file 'telemetry.egg-info/SOURCES.txt'
[7.183s] writing manifest file 'telemetry.egg-info/SOURCES.txt'
[7.248s] running build_ext
[7.282s] Creating /mnt/c/Users/LENOVO/OneDrive/Desktop/drone/install/telemetry/lib/python3.12/site-packages/telemetry.egg-link (link to .)
[7.334s] 
[7.336s] Installed /mnt/c/Users/LENOVO/OneDrive/Desktop/drone/build/telemetry
[7.342s] running symlink_data
[7.358s] creating /mnt/c/Users/LENOVO/OneDrive/Desktop/drone/install/telemetry/share
[7.362s] creating /mnt/c/Users/LENOVO/OneDrive/Desktop/drone/install/telemetry/share/ament_index
[7.367s] creating /mnt/c/Users/LENOVO/OneDrive/Desktop/drone/install/telemetry/share/ament_index/resource_index
[7.374s] creating /mnt/c/Users/LENOVO/OneDrive/Desktop/drone/install/telemetry/share/ament_index/resource_index/packages
[7.386s] error: can't copy '/mnt/c/Users/LENOVO/OneDrive/Desktop/drone/build/telemetry/resource/telemetry': doesn't exist or not a regular file
