[0.000000] (-) TimerEvent: {}
[0.001116] (-) JobUnselected: {'identifier': 'fault_handler'}
[0.001587] (-) JobUnselected: {'identifier': 'navigation_layer'}
[0.002043] (-) JobUnselected: {'identifier': 'perception_layer'}
[0.002299] (-) JobUnselected: {'identifier': 'slam_layer'}
[0.002670] (-) JobUnselected: {'identifier': 'telemetry'}
[0.003126] (control_layer) JobQueued: {'identifier': 'control_layer', 'dependencies': OrderedDict()}
[0.003449] (control_layer) JobStarted: {'identifier': 'control_layer'}
[0.048534] (control_layer) JobProgress: {'identifier': 'control_layer', 'progress': 'cmake'}
[0.099899] (-) TimerEvent: {}
[0.124174] (control_layer) Command: {'cmd': ['/usr/bin/cmake', '/mnt/c/Users/LENOVO/OneDrive/Desktop/drone/src/control_layer', '-DCMAKE_INSTALL_PREFIX=/mnt/c/Users/LENOVO/OneDrive/Desktop/drone/install/control_layer'], 'cwd': '/mnt/c/Users/LENOVO/OneDrive/Desktop/drone/build/control_layer', 'env': OrderedDict({'USER': 'lenovo', 'SHLVL': '0', 'LD_LIBRARY_PATH': '/opt/ros/jazzy/opt/rviz_ogre_vendor/lib:/opt/ros/jazzy/lib/x86_64-linux-gnu:/opt/ros/jazzy/opt/gz_math_vendor/lib:/opt/ros/jazzy/opt/gz_utils_vendor/lib:/opt/ros/jazzy/opt/gz_cmake_vendor/lib:/opt/ros/jazzy/lib', 'HOME': '/home/lenovo', 'OLDPWD': '/mnt/c/Users/LENOVO/OneDrive/Desktop/drone', 'ROS_PYTHON_VERSION': '3', 'DBUS_SESSION_BUS_ADDRESS': 'unix:path=/run/user/1000/bus', 'WSL_DISTRO_NAME': 'Ubuntu', 'WAYLAND_DISPLAY': 'wayland-0', 'ROS_DISTRO': 'jazzy', 'LOGNAME': 'lenovo', 'NAME': 'LAPTOP-MLDMFMJ8', 'WSL_INTEROP': '/run/WSL/17745_interop', 'PULSE_SERVER': 'unix:/mnt/wslg/PulseServer', '_': '/usr/bin/colcon', 'ROS_VERSION': '2', 'TERM': 'xterm-256color', 'PATH': '/opt/ros/jazzy/bin:/usr/local/sbin:/usr/local/bin:/usr/sbin:/usr/bin:/sbin:/bin:/usr/games:/usr/local/games:/usr/lib/wsl/lib:/mnt/c/Python314/Scripts/:/mnt/c/Python314/:/mnt/c/Windows/system32:/mnt/c/Windows:/mnt/c/Windows/System32/Wbem:/mnt/c/Windows/System32/WindowsPowerShell/v1.0/:/mnt/c/Windows/System32/OpenSSH/:/mnt/c/Program Files (x86)/NVIDIA Corporation/PhysX/Common:/mnt/c/Program Files/NVIDIA Corporation/NVIDIA NvDLISR:/mnt/c/Program Files/Git/cmd:/mnt/c/src/flutter/bin:/mnt/c/MinGW/bin:/mnt/c/Users/LENOVO/AppData/Local/Pub/Cache/bin:/mnt/c/ffmpeg-8.0.1-essentials_build/bin:/mnt/c/Program Files/nodejs/:/mnt/c/ProgramData/chocolatey/bin:/mnt/c/Program Files/dotnet/:/mnt/c/Program Files (x86)/Windows Kits/10/Windows Performance Toolkit/:/mnt/c/Users/LENOVO/AppData/Local/Programs/Python/Python311/Scripts/:/mnt/c/Users/LENOVO/AppData/Local/Programs/Python/Python311/:/mnt/c/Users/LENOVO/AppData/Local/Programs/Python/Launcher/:/mnt/c/Users/LENOVO/AppData/Local/Microsoft/WindowsApps:/mnt/c/Users/LENOVO/AppData/Local/Programs/Microsoft VS Code/bin:/mnt/c/Program Files/Eclipse Adoptium/jdk-17.0.17.10-hotspot/bin:/mnt/c/Users/LENOVO/AppData/Local/Python/bin:/mnt/c/Users/LENOVO/AppData/Roaming/npm:/mnt/c/Users/LENOVO/AppData/Local/Programs/Antigravity/bin', 'XDG_RUNTIME_DIR': '/run/user/1000/', 'DISPLAY': ':0', 'LANG': 'C.UTF-8', 'AMENT_PREFIX_PATH': '/opt/ros/jazzy', 'SHELL': '/bin/bash', 'ROS_AUTOMATIC_DISCOVERY_RANGE': 'SUBNET', 'PWD': '/mnt/c/Users/LENOVO/OneDrive/Desktop/drone/build/control_layer', 'PYTHONPATH': '/opt/ros/jazzy/lib/python3.12/site-packages', 'COLCON': '1', 'WSL2_GUI_APPS_ENABLED': '1', 'HOSTTYPE': 'x86_64', 'CMAKE_PREFIX_PATH': '/opt/ros/jazzy/opt/gz_math_vendor:/opt/ros/jazzy/opt/gz_utils_vendor:/opt/ros/jazzy/opt/gz_cmake_vendor:/opt/ros/jazzy', 'WSLENV': ''}), 'shell': False}
[0.200925] (-) TimerEvent: {}
[0.307299] (-) TimerEvent: {}
[0.395811] (control_layer) StdoutLine: {'line': b'-- Found ament_cmake: 2.5.5 (/opt/ros/jazzy/share/ament_cmake/cmake)\n'}
[0.408040] (-) TimerEvent: {}
[0.514209] (-) TimerEvent: {}
[0.615518] (-) TimerEvent: {}
[0.721560] (-) TimerEvent: {}
[0.813863] (control_layer) StdoutLine: {'line': b'-- Override CMake install command with custom implementation using symlinks instead of copying resources\n'}
[0.821743] (-) TimerEvent: {}
[0.924374] (-) TimerEvent: {}
[1.030384] (-) TimerEvent: {}
[1.096582] (control_layer) StdoutLine: {'line': b'-- Found rclcpp: 28.1.16 (/opt/ros/jazzy/share/rclcpp/cmake)\n'}
[1.132243] (-) TimerEvent: {}
[1.237570] (-) TimerEvent: {}
[1.343831] (-) TimerEvent: {}
[1.449946] (-) TimerEvent: {}
[1.556125] (-) TimerEvent: {}
[1.586961] (control_layer) StdoutLine: {'line': b'-- Found rosidl_generator_c: 4.6.7 (/opt/ros/jazzy/share/rosidl_generator_c/cmake)\n'}
[1.658972] (-) TimerEvent: {}
[1.671014] (control_layer) StdoutLine: {'line': b'-- Found rosidl_generator_cpp: 4.6.7 (/opt/ros/jazzy/share/rosidl_generator_cpp/cmake)\n'}
[1.762826] (-) TimerEvent: {}
[1.767816] (control_layer) StdoutLine: {'line': b'-- Using all available rosidl_typesupport_c: rosidl_typesupport_fastrtps_c;rosidl_typesupport_introspection_c\n'}
[1.867976] (-) TimerEvent: {}
[1.891782] (control_layer) StdoutLine: {'line': b'-- Using all available rosidl_typesupport_cpp: rosidl_typesupport_fastrtps_cpp;rosidl_typesupport_introspection_cpp\n'}
[1.970148] (-) TimerEvent: {}
[2.076258] (-) TimerEvent: {}
[2.181490] (-) TimerEvent: {}
[2.251561] (control_layer) StdoutLine: {'line': b'-- Found rmw_implementation_cmake: 7.3.3 (/opt/ros/jazzy/share/rmw_implementation_cmake/cmake)\n'}
[2.275848] (control_layer) StdoutLine: {'line': b'-- Found rmw_fastrtps_cpp: 8.4.3 (/opt/ros/jazzy/share/rmw_fastrtps_cpp/cmake)\n'}
[2.281844] (-) TimerEvent: {}
[2.386890] (-) TimerEvent: {}
[2.492839] (-) TimerEvent: {}
[2.598827] (-) TimerEvent: {}
[2.702562] (-) TimerEvent: {}
[2.808743] (-) TimerEvent: {}
[2.914895] (-) TimerEvent: {}
[2.990881] (control_layer) StdoutLine: {'line': b"-- Using RMW implementation 'rmw_fastrtps_cpp' as default\n"}
[3.015374] (-) TimerEvent: {}
[3.120569] (-) TimerEvent: {}
[3.225674] (-) TimerEvent: {}
[3.331797] (-) TimerEvent: {}
[3.438170] (-) TimerEvent: {}
[3.490760] (control_layer) StdoutLine: {'line': b'-- Found std_msgs: 5.3.6 (/opt/ros/jazzy/share/std_msgs/cmake)\n'}
[3.533789] (control_layer) StdoutLine: {'line': b'-- Found geometry_msgs: 5.3.6 (/opt/ros/jazzy/share/geometry_msgs/cmake)\n'}
[3.538377] (-) TimerEvent: {}
[3.583168] (control_layer) StdoutLine: {'line': b'-- Found sensor_msgs: 5.3.6 (/opt/ros/jazzy/share/sensor_msgs/cmake)\n'}
[3.640340] (-) TimerEvent: {}
[3.727143] (control_layer) StdoutLine: {'line': b'-- Found ament_lint_auto: 0.17.4 (/opt/ros/jazzy/share/ament_lint_auto/cmake)\n'}
[3.741123] (-) TimerEvent: {}
[3.847342] (-) TimerEvent: {}
[3.952652] (-) TimerEvent: {}
[4.058628] (-) TimerEvent: {}
[4.164633] (-) TimerEvent: {}
[4.270756] (-) TimerEvent: {}
[4.376659] (-) TimerEvent: {}
[4.482927] (-) TimerEvent: {}
[4.589098] (-) TimerEvent: {}
[4.655294] (control_layer) StdoutLine: {'line': b"-- Added test 'copyright' to check source files copyright and LICENSE\n"}
[4.691139] (-) TimerEvent: {}
[4.797450] (-) TimerEvent: {}
[4.903579] (-) TimerEvent: {}
[5.009765] (-) TimerEvent: {}
[5.113307] (-) TimerEvent: {}
[5.114529] (control_layer) StdoutLine: {'line': b"-- Added test 'cppcheck' to perform static code analysis on C / C++ code\n"}
[5.116109] (control_layer) StdoutLine: {'line': b'-- Configured cppcheck include dirs: $<BUILD_INTERFACE:/mnt/c/Users/LENOVO/OneDrive/Desktop/drone/src/control_layer/include>\n'}
[5.117585] (control_layer) StdoutLine: {'line': b'-- Configured cppcheck exclude dirs and/or files: \n'}
[5.217714] (-) TimerEvent: {}
[5.323652] (-) TimerEvent: {}
[5.428735] (-) TimerEvent: {}
[5.530780] (-) TimerEvent: {}
[5.565182] (control_layer) StdoutLine: {'line': b"-- Added test 'cpplint' to check C / C++ code against the Google style\n"}
[5.566785] (control_layer) StdoutLine: {'line': b'-- Configured cpplint exclude dirs and/or files: \n'}
[5.634243] (-) TimerEvent: {}
[5.740374] (-) TimerEvent: {}
[5.745454] (control_layer) StdoutLine: {'line': b"-- Added test 'lint_cmake' to check CMake code style\n"}
[5.845433] (-) TimerEvent: {}
[5.951467] (-) TimerEvent: {}
[6.057478] (-) TimerEvent: {}
[6.163451] (-) TimerEvent: {}
[6.256090] (control_layer) StdoutLine: {'line': b"-- Added test 'uncrustify' to check C / C++ code style\n"}
[6.257950] (control_layer) StdoutLine: {'line': b'-- Configured uncrustify additional arguments: \n'}
[6.263752] (-) TimerEvent: {}
[6.327150] (control_layer) StdoutLine: {'line': b"-- Added test 'xmllint' to check XML markup files\n"}
[6.365818] (-) TimerEvent: {}
[6.470781] (-) TimerEvent: {}
[6.522606] (control_layer) StdoutLine: {'line': b'-- Configuring done (6.2s)\n'}
[6.573406] (-) TimerEvent: {}
[6.679508] (-) TimerEvent: {}
[6.785660] (-) TimerEvent: {}
[6.891713] (-) TimerEvent: {}
[6.997958] (-) TimerEvent: {}
[7.103930] (-) TimerEvent: {}
[7.210512] (-) TimerEvent: {}
[7.316622] (-) TimerEvent: {}
[7.421640] (-) TimerEvent: {}
[7.518960] (control_layer) StdoutLine: {'line': b'-- Generating done (0.9s)\n'}
[7.521762] (-) TimerEvent: {}
[7.627798] (-) TimerEvent: {}
[7.729991] (-) TimerEvent: {}
[7.836112] (-) TimerEvent: {}
[7.942322] (-) TimerEvent: {}
[8.035929] (control_layer) StdoutLine: {'line': b'-- Build files have been written to: /mnt/c/Users/LENOVO/OneDrive/Desktop/drone/build/control_layer\n'}
[8.042617] (-) TimerEvent: {}
[8.055830] (control_layer) CommandEnded: {'returncode': 0}
[8.065418] (control_layer) JobProgress: {'identifier': 'control_layer', 'progress': 'build'}
[8.077142] (control_layer) Command: {'cmd': ['/usr/bin/cmake', '--build', '/mnt/c/Users/LENOVO/OneDrive/Desktop/drone/build/control_layer', '--', '-j16', '-l16'], 'cwd': '/mnt/c/Users/LENOVO/OneDrive/Desktop/drone/build/control_layer', 'env': OrderedDict({'USER': 'lenovo', 'SHLVL': '0', 'LD_LIBRARY_PATH': '/opt/ros/jazzy/opt/rviz_ogre_vendor/lib:/opt/ros/jazzy/lib/x86_64-linux-gnu:/opt/ros/jazzy/opt/gz_math_vendor/lib:/opt/ros/jazzy/opt/gz_utils_vendor/lib:/opt/ros/jazzy/opt/gz_cmake_vendor/lib:/opt/ros/jazzy/lib', 'HOME': '/home/lenovo', 'OLDPWD': '/mnt/c/Users/LENOVO/OneDrive/Desktop/drone', 'ROS_PYTHON_VERSION': '3', 'DBUS_SESSION_BUS_ADDRESS': 'unix:path=/run/user/1000/bus', 'WSL_DISTRO_NAME': 'Ubuntu', 'WAYLAND_DISPLAY': 'wayland-0', 'ROS_DISTRO': 'jazzy', 'LOGNAME': 'lenovo', 'NAME': 'LAPTOP-MLDMFMJ8', 'WSL_INTEROP': '/run/WSL/17745_interop', 'PULSE_SERVER': 'unix:/mnt/wslg/PulseServer', '_': '/usr/bin/colcon', 'ROS_VERSION': '2', 'TERM': 'xterm-256color', 'PATH': '/opt/ros/jazzy/bin:/usr/local/sbin:/usr/local/bin:/usr/sbin:/usr/bin:/sbin:/bin:/usr/games:/usr/local/games:/usr/lib/wsl/lib:/mnt/c/Python314/Scripts/:/mnt/c/Python314/:/mnt/c/Windows/system32:/mnt/c/Windows:/mnt/c/Windows/System32/Wbem:/mnt/c/Windows/System32/WindowsPowerShell/v1.0/:/mnt/c/Windows/System32/OpenSSH/:/mnt/c/Program Files (x86)/NVIDIA Corporation/PhysX/Common:/mnt/c/Program Files/NVIDIA Corporation/NVIDIA NvDLISR:/mnt/c/Program Files/Git/cmd:/mnt/c/src/flutter/bin:/mnt/c/MinGW/bin:/mnt/c/Users/LENOVO/AppData/Local/Pub/Cache/bin:/mnt/c/ffmpeg-8.0.1-essentials_build/bin:/mnt/c/Program Files/nodejs/:/mnt/c/ProgramData/chocolatey/bin:/mnt/c/Program Files/dotnet/:/mnt/c/Program Files (x86)/Windows Kits/10/Windows Performance Toolkit/:/mnt/c/Users/LENOVO/AppData/Local/Programs/Python/Python311/Scripts/:/mnt/c/Users/LENOVO/AppData/Local/Programs/Python/Python311/:/mnt/c/Users/LENOVO/AppData/Local/Programs/Python/Launcher/:/mnt/c/Users/LENOVO/AppData/Local/Microsoft/WindowsApps:/mnt/c/Users/LENOVO/AppData/Local/Programs/Microsoft VS Code/bin:/mnt/c/Program Files/Eclipse Adoptium/jdk-17.0.17.10-hotspot/bin:/mnt/c/Users/LENOVO/AppData/Local/Python/bin:/mnt/c/Users/LENOVO/AppData/Roaming/npm:/mnt/c/Users/LENOVO/AppData/Local/Programs/Antigravity/bin', 'XDG_RUNTIME_DIR': '/run/user/1000/', 'DISPLAY': ':0', 'LANG': 'C.UTF-8', 'AMENT_PREFIX_PATH': '/opt/ros/jazzy', 'SHELL': '/bin/bash', 'ROS_AUTOMATIC_DISCOVERY_RANGE': 'SUBNET', 'PWD': '/mnt/c/Users/LENOVO/OneDrive/Desktop/drone/build/control_layer', 'PYTHONPATH': '/opt/ros/jazzy/lib/python3.12/site-packages', 'COLCON': '1', 'WSL2_GUI_APPS_ENABLED': '1', 'HOSTTYPE': 'x86_64', 'CMAKE_PREFIX_PATH': '/opt/ros/jazzy/opt/gz_math_vendor:/opt/ros/jazzy/opt/gz_utils_vendor:/opt/ros/jazzy/opt/gz_cmake_vendor:/opt/ros/jazzy', 'WSLENV': ''}), 'shell': False}
[8.109423] (control_layer) StderrLine: {'line': b"gmake: Warning: File 'Makefile' has modification time 1.2 s in the future\n"}
[8.143205] (-) TimerEvent: {}
[8.249582] (-) TimerEvent: {}
[8.349050] (control_layer) StderrLine: {'line': b"gmake[1]: Warning: File 'CMakeFiles/Makefile2' has modification time 1.2 s in the future\n"}
[8.350652] (-) TimerEvent: {}
[8.378810] (control_layer) StderrLine: {'line': b"gmake[2]: Warning: File 'CMakeFiles/motor_mixer.dir/progress.make' has modification time 1.1 s in the future\n"}
[8.380706] (control_layer) StderrLine: {'line': b"gmake[2]: Warning: File 'CMakeFiles/pid_controller.dir/progress.make' has modification time 1.1 s in the future\n"}
[8.418608] (control_layer) StderrLine: {'line': b'gmake[2]: warning:  Clock skew detected.  Your build may be incomplete.\n'}
[8.447136] (control_layer) StderrLine: {'line': b"gmake[2]: Warning: File 'CMakeFiles/pid_controller.dir/progress.make' has modification time 1.1 s in the future\n"}
[8.450885] (-) TimerEvent: {}
[8.493610] (control_layer) StdoutLine: {'line': b'[ 25%] \x1b[32mBuilding CXX object CMakeFiles/pid_controller.dir/src/pid_controller.cpp.o\x1b[0m\n'}
[8.551709] (-) TimerEvent: {}
[8.659154] (-) TimerEvent: {}
[8.766469] (-) TimerEvent: {}
[8.873951] (-) TimerEvent: {}
[8.980101] (-) TimerEvent: {}
[9.082080] (-) TimerEvent: {}
[9.152644] (control_layer) StderrLine: {'line': b'gmake[2]: warning:  Clock skew detected.  Your build may be incomplete.\n'}
[9.182629] (-) TimerEvent: {}
[9.190227] (control_layer) StderrLine: {'line': b"gmake[2]: Warning: File 'CMakeFiles/motor_mixer.dir/progress.make' has modification time 0.29 s in the future\n"}
[9.221512] (control_layer) StderrLine: {'line': b'gmake[2]: warning:  Clock skew detected.  Your build may be incomplete.\n'}
[9.256360] (control_layer) StdoutLine: {'line': b'[ 75%] Built target motor_mixer\n'}
[9.280925] (control_layer) StderrLine: {'line': b'\x1b[01m\x1b[K/mnt/c/Users/LENOVO/OneDrive/Desktop/drone/src/control_layer/src/pid_controller.cpp:13:10:\x1b[m\x1b[K \x1b[01;31m\x1b[Kfatal error: \x1b[m\x1b[Knav_msgs/msg/odometry.hpp: No such file or directory\n'}
[9.282906] (-) TimerEvent: {}
[9.283461] (control_layer) StderrLine: {'line': b'   13 | #include \x1b[01;31m\x1b[K<nav_msgs/msg/odometry.hpp>\x1b[m\x1b[K\n'}
[9.284766] (control_layer) StderrLine: {'line': b'      |          \x1b[01;31m\x1b[K^~~~~~~~~~~~~~~~~~~~~~~~~~~\x1b[m\x1b[K\n'}
[9.286052] (control_layer) StderrLine: {'line': b'compilation terminated.\n'}
[9.291305] (control_layer) StderrLine: {'line': b'gmake[2]: *** [CMakeFiles/pid_controller.dir/build.make:76: CMakeFiles/pid_controller.dir/src/pid_controller.cpp.o] Error 1\n'}
[9.295644] (control_layer) StderrLine: {'line': b'gmake[1]: *** [CMakeFiles/Makefile2:139: CMakeFiles/pid_controller.dir/all] Error 2\n'}
[9.296921] (control_layer) StderrLine: {'line': b'gmake: *** [Makefile:146: all] Error 2\n'}
[9.300253] (control_layer) CommandEnded: {'returncode': 2}
[9.387436] (-) TimerEvent: {}
[9.494688] (-) TimerEvent: {}
[9.547736] (control_layer) JobEnded: {'identifier': 'control_layer', 'rc': 2}
[9.562272] (-) EventReactorShutdown: {}
