[1.402s] Invoking command in '/mnt/c/Users/LENOVO/OneDrive/Desktop/drone/build/slam_layer': CMAKE_PREFIX_PATH=${CMAKE_PREFIX_PATH}:/opt/ros/jazzy /usr/bin/cmake /mnt/c/Users/LENOVO/OneDrive/Desktop/drone/src/slam_layer -DAMENT_CMAKE_SYMLINK_INSTALL=1 -DCMAKE_INSTALL_PREFIX=/mnt/c/Users/LENOVO/OneDrive/Desktop/drone/install/slam_layer
[1.565s] -- Found ament_cmake: 2.5.5 (/opt/ros/jazzy/share/ament_cmake/cmake)
[1.987s] -- Override CMake install command with custom implementation using symlinks instead of copying resources
[2.254s] -- Found rclcpp: 28.1.16 (/opt/ros/jazzy/share/rclcpp/cmake)
[2.738s] -- Found rosidl_generator_c: 4.6.7 (/opt/ros/jazzy/share/rosidl_generator_c/cmake)
[2.821s] -- Found rosidl_generator_cpp: 4.6.7 (/opt/ros/jazzy/share/rosidl_generator_cpp/cmake)
[2.904s] -- Using all available rosidl_typesupport_c: rosidl_typesupport_fastrtps_c;rosidl_typesupport_introspection_c
[3.018s] -- Using all available rosidl_typesupport_cpp: rosidl_typesupport_fastrtps_cpp;rosidl_typesupport_introspection_cpp
[3.346s] -- Found rmw_implementation_cmake: 7.3.3 (/opt/ros/jazzy/share/rmw_implementation_cmake/cmake)
[3.366s] -- Found rmw_fastrtps_cpp: 8.4.3 (/opt/ros/jazzy/share/rmw_fastrtps_cpp/cmake)
[4.085s] -- Using RMW implementation 'rmw_fastrtps_cpp' as default
[6.971s] [31mCMake Error at CMakeLists.txt:10 (find_package):
[6.974s]   By not providing "Findslam_toolbox.cmake" in CMAKE_MODULE_PATH this project
[6.976s]   has asked CMake to find a package configuration file provided by
[6.978s]   "slam_toolbox", but CMake did not find one.
[6.980s] 
[6.981s]   Could not find a package configuration file provided by "slam_toolbox" with
[6.983s]   any of the following names:
[6.985s] 
[6.987s]     slam_toolboxConfig.cmake
[6.989s]     slam_toolbox-config.cmake
[6.990s] 
[6.991s]   Add the installation prefix of "slam_toolbox" to CMAKE_PREFIX_PATH or set
[6.993s]   "slam_toolbox_DIR" to a directory containing one of the above files.  If
[6.994s]   "slam_toolbox" provides a separate development package or SDK, be sure it
[6.997s]   has been installed.
[6.999s] 
[7.000s] [0m
[7.002s] -- Configuring incomplete, errors occurred!
[7.045s] Invoked command in '/mnt/c/Users/LENOVO/OneDrive/Desktop/drone/build/slam_layer' returned '1': CMAKE_PREFIX_PATH=${CMAKE_PREFIX_PATH}:/opt/ros/jazzy /usr/bin/cmake /mnt/c/Users/LENOVO/OneDrive/Desktop/drone/src/slam_layer -DAMENT_CMAKE_SYMLINK_INSTALL=1 -DCMAKE_INSTALL_PREFIX=/mnt/c/Users/LENOVO/OneDrive/Desktop/drone/install/slam_layer
