[0.345s] DEBUG:colcon:Command line arguments: ['/usr/bin/colcon', 'build', '--base-paths', 'src']
[0.346s] DEBUG:colcon:Parsed command line arguments: Namespace(log_base=None, log_level=None, verb_name='build', build_base='build', install_base='install', merge_install=False, symlink_install=False, test_result_base=None, continue_on_error=False, executor='parallel', parallel_workers=16, event_handlers=None, ignore_user_meta=False, metas=['./colcon.meta'], base_paths=['src'], packages_ignore=None, packages_ignore_regex=None, paths=None, packages_up_to=None, packages_up_to_regex=None, packages_above=None, packages_above_and_dependencies=None, packages_above_depth=None, packages_select_by_dep=None, packages_skip_by_dep=None, packages_skip_up_to=None, packages_select_build_failed=False, packages_skip_build_finished=False, packages_select_test_failures=False, packages_skip_test_passed=False, packages_select=None, packages_skip=None, packages_select_regex=None, packages_skip_regex=None, packages_start=None, packages_end=None, allow_overriding=[], cmake_args=None, cmake_target=None, cmake_target_skip_unavailable=False, cmake_clean_cache=False, cmake_clean_first=False, cmake_force_configure=False, ament_cmake_args=None, catkin_cmake_args=None, catkin_skip_building_tests=False, mixin_files=None, mixin=None, verb_parser=<colcon_mixin.mixin.mixin_argument.MixinArgumentDecorator object at 0x73e644337bf0>, verb_extension=<colcon_core.verb.build.BuildVerb object at 0x73e644337890>, main=<bound method BuildVerb.main of <colcon_core.verb.build.BuildVerb object at 0x73e644337890>>, mixin_verb=('build',))
[0.413s] Level 1:colcon.colcon_core.package_discovery:discover_packages(colcon_meta) check parameters
[0.414s] Level 1:colcon.colcon_core.package_discovery:discover_packages(recursive) check parameters
[0.414s] Level 1:colcon.colcon_core.package_discovery:discover_packages(ignore) check parameters
[0.415s] Level 1:colcon.colcon_core.package_discovery:discover_packages(path) check parameters
[0.415s] Level 1:colcon.colcon_core.package_discovery:discover_packages(recursive) discover
[0.415s] INFO:colcon.colcon_core.package_discovery:Crawling recursively for packages in '/mnt/c/Users/LENOVO/OneDrive/Desktop/drone/src'
[0.421s] Level 1:colcon.colcon_core.package_identification:_identify(src) by extensions ['ignore', 'ignore_ament_install']
[0.421s] Level 1:colcon.colcon_core.package_identification:_identify(src) by extension 'ignore'
[0.423s] Level 1:colcon.colcon_core.package_identification:_identify(src) by extension 'ignore_ament_install'
[0.427s] Level 1:colcon.colcon_core.package_identification:_identify(src) by extensions ['colcon_pkg']
[0.427s] Level 1:colcon.colcon_core.package_identification:_identify(src) by extension 'colcon_pkg'
[0.429s] Level 1:colcon.colcon_core.package_identification:_identify(src) by extensions ['colcon_meta']
[0.429s] Level 1:colcon.colcon_core.package_identification:_identify(src) by extension 'colcon_meta'
[0.431s] Level 1:colcon.colcon_core.package_identification:_identify(src) by extensions ['ros']
[0.432s] Level 1:colcon.colcon_core.package_identification:_identify(src) by extension 'ros'
[0.464s] Level 1:colcon.colcon_core.package_identification:_identify(src) by extensions ['cmake', 'python']
[0.464s] Level 1:colcon.colcon_core.package_identification:_identify(src) by extension 'cmake'
[0.466s] Level 1:colcon.colcon_core.package_identification:_identify(src) by extension 'python'
[0.467s] Level 1:colcon.colcon_core.package_identification:_identify(src) by extensions ['python_setup_py']
[0.468s] Level 1:colcon.colcon_core.package_identification:_identify(src) by extension 'python_setup_py'
[0.478s] Level 1:colcon.colcon_core.package_identification:_identify(src/control_layer) by extensions ['ignore', 'ignore_ament_install']
[0.478s] Level 1:colcon.colcon_core.package_identification:_identify(src/control_layer) by extension 'ignore'
[0.481s] Level 1:colcon.colcon_core.package_identification:_identify(src/control_layer) by extension 'ignore_ament_install'
[0.486s] Level 1:colcon.colcon_core.package_identification:_identify(src/control_layer) by extensions ['colcon_pkg']
[0.487s] Level 1:colcon.colcon_core.package_identification:_identify(src/control_layer) by extension 'colcon_pkg'
[0.489s] Level 1:colcon.colcon_core.package_identification:_identify(src/control_layer) by extensions ['colcon_meta']
[0.490s] Level 1:colcon.colcon_core.package_identification:_identify(src/control_layer) by extension 'colcon_meta'
[0.494s] Level 1:colcon.colcon_core.package_identification:_identify(src/control_layer) by extensions ['ros']
[0.495s] Level 1:colcon.colcon_core.package_identification:_identify(src/control_layer) by extension 'ros'
[0.507s] Level 1:colcon.colcon_core.package_identification:_identify(src/control_layer) by extensions ['cmake', 'python']
[0.507s] Level 1:colcon.colcon_core.package_identification:_identify(src/control_layer) by extension 'cmake'
[0.511s] Level 1:colcon.colcon_core.package_identification:_identify(src/control_layer) by extension 'python'
[0.514s] Level 1:colcon.colcon_core.package_identification:_identify(src/control_layer) by extensions ['python_setup_py']
[0.514s] Level 1:colcon.colcon_core.package_identification:_identify(src/control_layer) by extension 'python_setup_py'
[0.529s] Level 1:colcon.colcon_core.package_identification:_identify(src/control_layer/src) by extensions ['ignore', 'ignore_ament_install']
[0.530s] Level 1:colcon.colcon_core.package_identification:_identify(src/control_layer/src) by extension 'ignore'
[0.533s] Level 1:colcon.colcon_core.package_identification:_identify(src/control_layer/src) by extension 'ignore_ament_install'
[0.542s] Level 1:colcon.colcon_core.package_identification:_identify(src/control_layer/src) by extensions ['colcon_pkg']
[0.542s] Level 1:colcon.colcon_core.package_identification:_identify(src/control_layer/src) by extension 'colcon_pkg'
[0.546s] Level 1:colcon.colcon_core.package_identification:_identify(src/control_layer/src) by extensions ['colcon_meta']
[0.547s] Level 1:colcon.colcon_core.package_identification:_identify(src/control_layer/src) by extension 'colcon_meta'
[0.555s] Level 1:colcon.colcon_core.package_identification:_identify(src/control_layer/src) by extensions ['ros']
[0.555s] Level 1:colcon.colcon_core.package_identification:_identify(src/control_layer/src) by extension 'ros'
[0.573s] Level 1:colcon.colcon_core.package_identification:_identify(src/control_layer/src) by extensions ['cmake', 'python']
[0.573s] Level 1:colcon.colcon_core.package_identification:_identify(src/control_layer/src) by extension 'cmake'
[0.577s] Level 1:colcon.colcon_core.package_identification:_identify(src/control_layer/src) by extension 'python'
[0.582s] Level 1:colcon.colcon_core.package_identification:_identify(src/control_layer/src) by extensions ['python_setup_py']
[0.582s] Level 1:colcon.colcon_core.package_identification:_identify(src/control_layer/src) by extension 'python_setup_py'
[0.594s] Level 1:colcon.colcon_core.package_identification:_identify(src/fault_handler) by extensions ['ignore', 'ignore_ament_install']
[0.595s] Level 1:colcon.colcon_core.package_identification:_identify(src/fault_handler) by extension 'ignore'
[0.598s] Level 1:colcon.colcon_core.package_identification:_identify(src/fault_handler) by extension 'ignore_ament_install'
[0.603s] Level 1:colcon.colcon_core.package_identification:_identify(src/fault_handler) by extensions ['colcon_pkg']
[0.604s] Level 1:colcon.colcon_core.package_identification:_identify(src/fault_handler) by extension 'colcon_pkg'
[0.607s] Level 1:colcon.colcon_core.package_identification:_identify(src/fault_handler) by extensions ['colcon_meta']
[0.607s] Level 1:colcon.colcon_core.package_identification:_identify(src/fault_handler) by extension 'colcon_meta'
[0.614s] Level 1:colcon.colcon_core.package_identification:_identify(src/fault_handler) by extensions ['ros']
[0.616s] Level 1:colcon.colcon_core.package_identification:_identify(src/fault_handler) by extension 'ros'
[0.629s] Level 1:colcon.colcon_core.package_identification:_identify(src/fault_handler) by extensions ['cmake', 'python']
[0.630s] Level 1:colcon.colcon_core.package_identification:_identify(src/fault_handler) by extension 'cmake'
[0.633s] Level 1:colcon.colcon_core.package_identification:_identify(src/fault_handler) by extension 'python'
[0.636s] Level 1:colcon.colcon_core.package_identification:_identify(src/fault_handler) by extensions ['python_setup_py']
[0.637s] Level 1:colcon.colcon_core.package_identification:_identify(src/fault_handler) by extension 'python_setup_py'
[0.653s] Level 1:colcon.colcon_core.package_identification:_identify(src/fault_handler/fault_handler) by extensions ['ignore', 'ignore_ament_install']
[0.654s] Level 1:colcon.colcon_core.package_identification:_identify(src/fault_handler/fault_handler) by extension 'ignore'
[0.659s] Level 1:colcon.colcon_core.package_identification:_identify(src/fault_handler/fault_handler) by extension 'ignore_ament_install'
[0.667s] Level 1:colcon.colcon_core.package_identification:_identify(src/fault_handler/fault_handler) by extensions ['colcon_pkg']
[0.668s] Level 1:colcon.colcon_core.package_identification:_identify(src/fault_handler/fault_handler) by extension 'colcon_pkg'
[0.673s] Level 1:colcon.colcon_core.package_identification:_identify(src/fault_handler/fault_handler) by extensions ['colcon_meta']
[0.673s] Level 1:colcon.colcon_core.package_identification:_identify(src/fault_handler/fault_handler) by extension 'colcon_meta'
[0.683s] Level 1:colcon.colcon_core.package_identification:_identify(src/fault_handler/fault_handler) by extensions ['ros']
[0.683s] Level 1:colcon.colcon_core.package_identification:_identify(src/fault_handler/fault_handler) by extension 'ros'
[0.703s] Level 1:colcon.colcon_core.package_identification:_identify(src/fault_handler/fault_handler) by extensions ['cmake', 'python']
[0.704s] Level 1:colcon.colcon_core.package_identification:_identify(src/fault_handler/fault_handler) by extension 'cmake'
[0.708s] Level 1:colcon.colcon_core.package_identification:_identify(src/fault_handler/fault_handler) by extension 'python'
[0.712s] Level 1:colcon.colcon_core.package_identification:_identify(src/fault_handler/fault_handler) by extensions ['python_setup_py']
[0.712s] Level 1:colcon.colcon_core.package_identification:_identify(src/fault_handler/fault_handler) by extension 'python_setup_py'
[0.726s] Level 1:colcon.colcon_core.package_identification:_identify(src/launch) by extensions ['ignore', 'ignore_ament_install']
[0.726s] Level 1:colcon.colcon_core.package_identification:_identify(src/launch) by extension 'ignore'
[0.730s] Level 1:colcon.colcon_core.package_identification:_identify(src/launch) by extension 'ignore_ament_install'
[0.736s] Level 1:colcon.colcon_core.package_identification:_identify(src/launch) by extensions ['colcon_pkg']
[0.737s] Level 1:colcon.colcon_core.package_identification:_identify(src/launch) by extension 'colcon_pkg'
[0.740s] Level 1:colcon.colcon_core.package_identification:_identify(src/launch) by extensions ['colcon_meta']
[0.740s] Level 1:colcon.colcon_core.package_identification:_identify(src/launch) by extension 'colcon_meta'
[0.745s] Level 1:colcon.colcon_core.package_identification:_identify(src/launch) by extensions ['ros']
[0.745s] Level 1:colcon.colcon_core.package_identification:_identify(src/launch) by extension 'ros'
[0.759s] Level 1:colcon.colcon_core.package_identification:_identify(src/launch) by extensions ['cmake', 'python']
[0.760s] Level 1:colcon.colcon_core.package_identification:_identify(src/launch) by extension 'cmake'
[0.763s] Level 1:colcon.colcon_core.package_identification:_identify(src/launch) by extension 'python'
[0.765s] Level 1:colcon.colcon_core.package_identification:_identify(src/launch) by extensions ['python_setup_py']
[0.766s] Level 1:colcon.colcon_core.package_identification:_identify(src/launch) by extension 'python_setup_py'
[0.778s] Level 1:colcon.colcon_core.package_identification:_identify(src/navigation_layer) by extensions ['ignore', 'ignore_ament_install']
[0.778s] Level 1:colcon.colcon_core.package_identification:_identify(src/navigation_layer) by extension 'ignore'
[0.782s] Level 1:colcon.colcon_core.package_identification:_identify(src/navigation_layer) by extension 'ignore_ament_install'
[0.787s] Level 1:colcon.colcon_core.package_identification:_identify(src/navigation_layer) by extensions ['colcon_pkg']
[0.788s] Level 1:colcon.colcon_core.package_identification:_identify(src/navigation_layer) by extension 'colcon_pkg'
[0.791s] Level 1:colcon.colcon_core.package_identification:_identify(src/navigation_layer) by extensions ['colcon_meta']
[0.791s] Level 1:colcon.colcon_core.package_identification:_identify(src/navigation_layer) by extension 'colcon_meta'
[0.796s] Level 1:colcon.colcon_core.package_identification:_identify(src/navigation_layer) by extensions ['ros']
[0.796s] Level 1:colcon.colcon_core.package_identification:_identify(src/navigation_layer) by extension 'ros'
[0.810s] Level 1:colcon.colcon_core.package_identification:_identify(src/navigation_layer) by extensions ['cmake', 'python']
[0.810s] Level 1:colcon.colcon_core.package_identification:_identify(src/navigation_layer) by extension 'cmake'
[0.813s] Level 1:colcon.colcon_core.package_identification:_identify(src/navigation_layer) by extension 'python'
[0.816s] Level 1:colcon.colcon_core.package_identification:_identify(src/navigation_layer) by extensions ['python_setup_py']
[0.816s] Level 1:colcon.colcon_core.package_identification:_identify(src/navigation_layer) by extension 'python_setup_py'
[0.834s] Level 1:colcon.colcon_core.package_identification:_identify(src/navigation_layer/config) by extensions ['ignore', 'ignore_ament_install']
[0.835s] Level 1:colcon.colcon_core.package_identification:_identify(src/navigation_layer/config) by extension 'ignore'
[0.839s] Level 1:colcon.colcon_core.package_identification:_identify(src/navigation_layer/config) by extension 'ignore_ament_install'
[0.847s] Level 1:colcon.colcon_core.package_identification:_identify(src/navigation_layer/config) by extensions ['colcon_pkg']
[0.848s] Level 1:colcon.colcon_core.package_identification:_identify(src/navigation_layer/config) by extension 'colcon_pkg'
[0.852s] Level 1:colcon.colcon_core.package_identification:_identify(src/navigation_layer/config) by extensions ['colcon_meta']
[0.852s] Level 1:colcon.colcon_core.package_identification:_identify(src/navigation_layer/config) by extension 'colcon_meta'
[0.861s] Level 1:colcon.colcon_core.package_identification:_identify(src/navigation_layer/config) by extensions ['ros']
[0.861s] Level 1:colcon.colcon_core.package_identification:_identify(src/navigation_layer/config) by extension 'ros'
[0.880s] Level 1:colcon.colcon_core.package_identification:_identify(src/navigation_layer/config) by extensions ['cmake', 'python']
[0.880s] Level 1:colcon.colcon_core.package_identification:_identify(src/navigation_layer/config) by extension 'cmake'
[0.884s] Level 1:colcon.colcon_core.package_identification:_identify(src/navigation_layer/config) by extension 'python'
[0.889s] Level 1:colcon.colcon_core.package_identification:_identify(src/navigation_layer/config) by extensions ['python_setup_py']
[0.889s] Level 1:colcon.colcon_core.package_identification:_identify(src/navigation_layer/config) by extension 'python_setup_py'
[0.906s] Level 1:colcon.colcon_core.package_identification:_identify(src/navigation_layer/navigation_layer) by extensions ['ignore', 'ignore_ament_install']
[0.906s] Level 1:colcon.colcon_core.package_identification:_identify(src/navigation_layer/navigation_layer) by extension 'ignore'
[0.910s] Level 1:colcon.colcon_core.package_identification:_identify(src/navigation_layer/navigation_layer) by extension 'ignore_ament_install'
[0.918s] Level 1:colcon.colcon_core.package_identification:_identify(src/navigation_layer/navigation_layer) by extensions ['colcon_pkg']
[0.918s] Level 1:colcon.colcon_core.package_identification:_identify(src/navigation_layer/navigation_layer) by extension 'colcon_pkg'
[0.922s] Level 1:colcon.colcon_core.package_identification:_identify(src/navigation_layer/navigation_layer) by extensions ['colcon_meta']
[0.922s] Level 1:colcon.colcon_core.package_identification:_identify(src/navigation_layer/navigation_layer) by extension 'colcon_meta'
[0.931s] Level 1:colcon.colcon_core.package_identification:_identify(src/navigation_layer/navigation_layer) by extensions ['ros']
[0.931s] Level 1:colcon.colcon_core.package_identification:_identify(src/navigation_layer/navigation_layer) by extension 'ros'
[0.950s] Level 1:colcon.colcon_core.package_identification:_identify(src/navigation_layer/navigation_layer) by extensions ['cmake', 'python']
[0.950s] Level 1:colcon.colcon_core.package_identification:_identify(src/navigation_layer/navigation_layer) by extension 'cmake'
[0.954s] Level 1:colcon.colcon_core.package_identification:_identify(src/navigation_layer/navigation_layer) by extension 'python'
[0.958s] Level 1:colcon.colcon_core.package_identification:_identify(src/navigation_layer/navigation_layer) by extensions ['python_setup_py']
[0.959s] Level 1:colcon.colcon_core.package_identification:_identify(src/navigation_layer/navigation_layer) by extension 'python_setup_py'
[0.972s] Level 1:colcon.colcon_core.package_identification:_identify(src/perception_layer) by extensions ['ignore', 'ignore_ament_install']
[0.972s] Level 1:colcon.colcon_core.package_identification:_identify(src/perception_layer) by extension 'ignore'
[0.975s] Level 1:colcon.colcon_core.package_identification:_identify(src/perception_layer) by extension 'ignore_ament_install'
[0.981s] Level 1:colcon.colcon_core.package_identification:_identify(src/perception_layer) by extensions ['colcon_pkg']
[0.981s] Level 1:colcon.colcon_core.package_identification:_identify(src/perception_layer) by extension 'colcon_pkg'
[0.984s] Level 1:colcon.colcon_core.package_identification:_identify(src/perception_layer) by extensions ['colcon_meta']
[0.985s] Level 1:colcon.colcon_core.package_identification:_identify(src/perception_layer) by extension 'colcon_meta'
[0.989s] Level 1:colcon.colcon_core.package_identification:_identify(src/perception_layer) by extensions ['ros']
[0.990s] Level 1:colcon.colcon_core.package_identification:_identify(src/perception_layer) by extension 'ros'
[1.003s] Level 1:colcon.colcon_core.package_identification:_identify(src/perception_layer) by extensions ['cmake', 'python']
[1.004s] Level 1:colcon.colcon_core.package_identification:_identify(src/perception_layer) by extension 'cmake'
[1.007s] Level 1:colcon.colcon_core.package_identification:_identify(src/perception_layer) by extension 'python'
[1.010s] Level 1:colcon.colcon_core.package_identification:_identify(src/perception_layer) by extensions ['python_setup_py']
[1.010s] Level 1:colcon.colcon_core.package_identification:_identify(src/perception_layer) by extension 'python_setup_py'
[1.027s] Level 1:colcon.colcon_core.package_identification:_identify(src/perception_layer/config) by extensions ['ignore', 'ignore_ament_install']
[1.027s] Level 1:colcon.colcon_core.package_identification:_identify(src/perception_layer/config) by extension 'ignore'
[1.031s] Level 1:colcon.colcon_core.package_identification:_identify(src/perception_layer/config) by extension 'ignore_ament_install'
[1.040s] Level 1:colcon.colcon_core.package_identification:_identify(src/perception_layer/config) by extensions ['colcon_pkg']
[1.040s] Level 1:colcon.colcon_core.package_identification:_identify(src/perception_layer/config) by extension 'colcon_pkg'
[1.044s] Level 1:colcon.colcon_core.package_identification:_identify(src/perception_layer/config) by extensions ['colcon_meta']
[1.045s] Level 1:colcon.colcon_core.package_identification:_identify(src/perception_layer/config) by extension 'colcon_meta'
[1.053s] Level 1:colcon.colcon_core.package_identification:_identify(src/perception_layer/config) by extensions ['ros']
[1.053s] Level 1:colcon.colcon_core.package_identification:_identify(src/perception_layer/config) by extension 'ros'
[1.074s] Level 1:colcon.colcon_core.package_identification:_identify(src/perception_layer/config) by extensions ['cmake', 'python']
[1.074s] Level 1:colcon.colcon_core.package_identification:_identify(src/perception_layer/config) by extension 'cmake'
[1.078s] Level 1:colcon.colcon_core.package_identification:_identify(src/perception_layer/config) by extension 'python'
[1.082s] Level 1:colcon.colcon_core.package_identification:_identify(src/perception_layer/config) by extensions ['python_setup_py']
[1.082s] Level 1:colcon.colcon_core.package_identification:_identify(src/perception_layer/config) by extension 'python_setup_py'
[1.100s] Level 1:colcon.colcon_core.package_identification:_identify(src/perception_layer/perception_layer) by extensions ['ignore', 'ignore_ament_install']
[1.101s] Level 1:colcon.colcon_core.package_identification:_identify(src/perception_layer/perception_layer) by extension 'ignore'
[1.105s] Level 1:colcon.colcon_core.package_identification:_identify(src/perception_layer/perception_layer) by extension 'ignore_ament_install'
[1.112s] Level 1:colcon.colcon_core.package_identification:_identify(src/perception_layer/perception_layer) by extensions ['colcon_pkg']
[1.112s] Level 1:colcon.colcon_core.package_identification:_identify(src/perception_layer/perception_layer) by extension 'colcon_pkg'
[1.117s] Level 1:colcon.colcon_core.package_identification:_identify(src/perception_layer/perception_layer) by extensions ['colcon_meta']
[1.117s] Level 1:colcon.colcon_core.package_identification:_identify(src/perception_layer/perception_layer) by extension 'colcon_meta'
[1.125s] Level 1:colcon.colcon_core.package_identification:_identify(src/perception_layer/perception_layer) by extensions ['ros']
[1.125s] Level 1:colcon.colcon_core.package_identification:_identify(src/perception_layer/perception_layer) by extension 'ros'
[1.143s] Level 1:colcon.colcon_core.package_identification:_identify(src/perception_layer/perception_layer) by extensions ['cmake', 'python']
[1.144s] Level 1:colcon.colcon_core.package_identification:_identify(src/perception_layer/perception_layer) by extension 'cmake'
[1.148s] Level 1:colcon.colcon_core.package_identification:_identify(src/perception_layer/perception_layer) by extension 'python'
[1.152s] Level 1:colcon.colcon_core.package_identification:_identify(src/perception_layer/perception_layer) by extensions ['python_setup_py']
[1.152s] Level 1:colcon.colcon_core.package_identification:_identify(src/perception_layer/perception_layer) by extension 'python_setup_py'
[1.164s] Level 1:colcon.colcon_core.package_identification:_identify(src/slam_layer) by extensions ['ignore', 'ignore_ament_install']
[1.165s] Level 1:colcon.colcon_core.package_identification:_identify(src/slam_layer) by extension 'ignore'
[1.168s] Level 1:colcon.colcon_core.package_identification:_identify(src/slam_layer) by extension 'ignore_ament_install'
[1.174s] Level 1:colcon.colcon_core.package_identification:_identify(src/slam_layer) by extensions ['colcon_pkg']
[1.174s] Level 1:colcon.colcon_core.package_identification:_identify(src/slam_layer) by extension 'colcon_pkg'
[1.177s] Level 1:colcon.colcon_core.package_identification:_identify(src/slam_layer) by extensions ['colcon_meta']
[1.177s] Level 1:colcon.colcon_core.package_identification:_identify(src/slam_layer) by extension 'colcon_meta'
[1.181s] Level 1:colcon.colcon_core.package_identification:_identify(src/slam_layer) by extensions ['ros']
[1.182s] Level 1:colcon.colcon_core.package_identification:_identify(src/slam_layer) by extension 'ros'
[1.196s] Level 1:colcon.colcon_core.package_identification:_identify(src/slam_layer) by extensions ['cmake', 'python']
[1.196s] Level 1:colcon.colcon_core.package_identification:_identify(src/slam_layer) by extension 'cmake'
[1.199s] Level 1:colcon.colcon_core.package_identification:_identify(src/slam_layer) by extension 'python'
[1.202s] Level 1:colcon.colcon_core.package_identification:_identify(src/slam_layer) by extensions ['python_setup_py']
[1.203s] Level 1:colcon.colcon_core.package_identification:_identify(src/slam_layer) by extension 'python_setup_py'
[1.220s] Level 1:colcon.colcon_core.package_identification:_identify(src/slam_layer/config) by extensions ['ignore', 'ignore_ament_install']
[1.220s] Level 1:colcon.colcon_core.package_identification:_identify(src/slam_layer/config) by extension 'ignore'
[1.224s] Level 1:colcon.colcon_core.package_identification:_identify(src/slam_layer/config) by extension 'ignore_ament_install'
[1.232s] Level 1:colcon.colcon_core.package_identification:_identify(src/slam_layer/config) by extensions ['colcon_pkg']
[1.232s] Level 1:colcon.colcon_core.package_identification:_identify(src/slam_layer/config) by extension 'colcon_pkg'
[1.237s] Level 1:colcon.colcon_core.package_identification:_identify(src/slam_layer/config) by extensions ['colcon_meta']
[1.237s] Level 1:colcon.colcon_core.package_identification:_identify(src/slam_layer/config) by extension 'colcon_meta'
[1.245s] Level 1:colcon.colcon_core.package_identification:_identify(src/slam_layer/config) by extensions ['ros']
[1.246s] Level 1:colcon.colcon_core.package_identification:_identify(src/slam_layer/config) by extension 'ros'
[1.263s] Level 1:colcon.colcon_core.package_identification:_identify(src/slam_layer/config) by extensions ['cmake', 'python']
[1.264s] Level 1:colcon.colcon_core.package_identification:_identify(src/slam_layer/config) by extension 'cmake'
[1.267s] Level 1:colcon.colcon_core.package_identification:_identify(src/slam_layer/config) by extension 'python'
[1.272s] Level 1:colcon.colcon_core.package_identification:_identify(src/slam_layer/config) by extensions ['python_setup_py']
[1.272s] Level 1:colcon.colcon_core.package_identification:_identify(src/slam_layer/config) by extension 'python_setup_py'
[1.286s] Level 1:colcon.colcon_core.package_identification:_identify(src/telemetry) by extensions ['ignore', 'ignore_ament_install']
[1.286s] Level 1:colcon.colcon_core.package_identification:_identify(src/telemetry) by extension 'ignore'
[1.288s] Level 1:colcon.colcon_core.package_identification:_identify(src/telemetry) by extension 'ignore_ament_install'
[1.294s] Level 1:colcon.colcon_core.package_identification:_identify(src/telemetry) by extensions ['colcon_pkg']
[1.294s] Level 1:colcon.colcon_core.package_identification:_identify(src/telemetry) by extension 'colcon_pkg'
[1.297s] Level 1:colcon.colcon_core.package_identification:_identify(src/telemetry) by extensions ['colcon_meta']
[1.298s] Level 1:colcon.colcon_core.package_identification:_identify(src/telemetry) by extension 'colcon_meta'
[1.302s] Level 1:colcon.colcon_core.package_identification:_identify(src/telemetry) by extensions ['ros']
[1.303s] Level 1:colcon.colcon_core.package_identification:_identify(src/telemetry) by extension 'ros'
[1.315s] Level 1:colcon.colcon_core.package_identification:_identify(src/telemetry) by extensions ['cmake', 'python']
[1.316s] Level 1:colcon.colcon_core.package_identification:_identify(src/telemetry) by extension 'cmake'
[1.319s] Level 1:colcon.colcon_core.package_identification:_identify(src/telemetry) by extension 'python'
[1.322s] Level 1:colcon.colcon_core.package_identification:_identify(src/telemetry) by extensions ['python_setup_py']
[1.322s] Level 1:colcon.colcon_core.package_identification:_identify(src/telemetry) by extension 'python_setup_py'
[1.338s] Level 1:colcon.colcon_core.package_identification:_identify(src/telemetry/telemetry) by extensions ['ignore', 'ignore_ament_install']
[1.339s] Level 1:colcon.colcon_core.package_identification:_identify(src/telemetry/telemetry) by extension 'ignore'
[1.342s] Level 1:colcon.colcon_core.package_identification:_identify(src/telemetry/telemetry) by extension 'ignore_ament_install'
[1.350s] Level 1:colcon.colcon_core.package_identification:_identify(src/telemetry/telemetry) by extensions ['colcon_pkg']
[1.350s] Level 1:colcon.colcon_core.package_identification:_identify(src/telemetry/telemetry) by extension 'colcon_pkg'
[1.354s] Level 1:colcon.colcon_core.package_identification:_identify(src/telemetry/telemetry) by extensions ['colcon_meta']
[1.354s] Level 1:colcon.colcon_core.package_identification:_identify(src/telemetry/telemetry) by extension 'colcon_meta'
[1.362s] Level 1:colcon.colcon_core.package_identification:_identify(src/telemetry/telemetry) by extensions ['ros']
[1.362s] Level 1:colcon.colcon_core.package_identification:_identify(src/telemetry/telemetry) by extension 'ros'
[1.380s] Level 1:colcon.colcon_core.package_identification:_identify(src/telemetry/telemetry) by extensions ['cmake', 'python']
[1.380s] Level 1:colcon.colcon_core.package_identification:_identify(src/telemetry/telemetry) by extension 'cmake'
[1.385s] Level 1:colcon.colcon_core.package_identification:_identify(src/telemetry/telemetry) by extension 'python'
[1.389s] Level 1:colcon.colcon_core.package_identification:_identify(src/telemetry/telemetry) by extensions ['python_setup_py']
[1.389s] Level 1:colcon.colcon_core.package_identification:_identify(src/telemetry/telemetry) by extension 'python_setup_py'
[1.405s] Level 1:colcon.colcon_core.package_identification:_identify(src/telemetry/web) by extensions ['ignore', 'ignore_ament_install']
[1.405s] Level 1:colcon.colcon_core.package_identification:_identify(src/telemetry/web) by extension 'ignore'
[1.409s] Level 1:colcon.colcon_core.package_identification:_identify(src/telemetry/web) by extension 'ignore_ament_install'
[1.417s] Level 1:colcon.colcon_core.package_identification:_identify(src/telemetry/web) by extensions ['colcon_pkg']
[1.417s] Level 1:colcon.colcon_core.package_identification:_identify(src/telemetry/web) by extension 'colcon_pkg'
[1.421s] Level 1:colcon.colcon_core.package_identification:_identify(src/telemetry/web) by extensions ['colcon_meta']
[1.421s] Level 1:colcon.colcon_core.package_identification:_identify(src/telemetry/web) by extension 'colcon_meta'
[1.429s] Level 1:colcon.colcon_core.package_identification:_identify(src/telemetry/web) by extensions ['ros']
[1.429s] Level 1:colcon.colcon_core.package_identification:_identify(src/telemetry/web) by extension 'ros'
[1.447s] Level 1:colcon.colcon_core.package_identification:_identify(src/telemetry/web) by extensions ['cmake', 'python']
[1.447s] Level 1:colcon.colcon_core.package_identification:_identify(src/telemetry/web) by extension 'cmake'
[1.451s] Level 1:colcon.colcon_core.package_identification:_identify(src/telemetry/web) by extension 'python'
[1.455s] Level 1:colcon.colcon_core.package_identification:_identify(src/telemetry/web) by extensions ['python_setup_py']
[1.456s] Level 1:colcon.colcon_core.package_identification:_identify(src/telemetry/web) by extension 'python_setup_py'
[1.460s] Level 1:colcon.colcon_core.package_discovery:discover_packages(recursive) using defaults
[1.477s] Level 1:colcon.colcon_core.package_discovery:discover_packages(prefix_path) check parameters
[1.478s] Level 1:colcon.colcon_core.package_discovery:discover_packages(prefix_path) discover
[1.480s] Level 1:colcon.colcon_core.package_discovery:discover_packages(prefix_path) using defaults
[1.481s] INFO:colcon.colcon_core.executor:Executing jobs using 'parallel' executor
[1.483s] DEBUG:colcon.colcon_parallel_executor.executor.parallel:run_until_complete
[1.483s] DEBUG:colcon.colcon_parallel_executor.executor.parallel:closing loop
[1.484s] DEBUG:colcon.colcon_parallel_executor.executor.parallel:loop closed
[1.484s] DEBUG:colcon.colcon_parallel_executor.executor.parallel:run_until_complete finished with '0'
[1.485s] DEBUG:colcon.colcon_core.event_reactor:joining thread
[1.575s] INFO:colcon.colcon_core.plugin_system:Skipping extension 'colcon_notification.desktop_notification.notify_send': Could not find 'notify-send'
[1.577s] INFO:colcon.colcon_core.plugin_system:Skipping extension 'colcon_notification.desktop_notification.terminal_notifier': Not used on non-Darwin systems
[1.578s] INFO:colcon.colcon_core.plugin_system:Skipping extension 'colcon_notification.desktop_notification.win32': Not used on non-Windows systems
[1.578s] INFO:colcon.colcon_notification.desktop_notification:Sending desktop notification using 'notify2'
[1.580s] DEBUG:colcon.colcon_notification.desktop_notification.notify2:Failed to initialize notify2: org.freedesktop.DBus.Error.ServiceUnknown: The name org.freedesktop.Notifications was not provided by any .service files
[1.580s] DEBUG:colcon.colcon_core.event_reactor:joined thread
[1.582s] INFO:colcon.colcon_core.plugin_system:Skipping extension 'colcon_core.shell.bat': Not used on non-Windows systems
[1.583s] INFO:colcon.colcon_core.shell:Creating prefix script '/mnt/c/Users/LENOVO/OneDrive/Desktop/drone/install/local_setup.ps1'
[1.595s] INFO:colcon.colcon_core.shell:Creating prefix util module '/mnt/c/Users/LENOVO/OneDrive/Desktop/drone/install/_local_setup_util_ps1.py'
[1.607s] INFO:colcon.colcon_core.shell:Creating prefix chain script '/mnt/c/Users/LENOVO/OneDrive/Desktop/drone/install/setup.ps1'
[1.619s] INFO:colcon.colcon_core.shell:Creating prefix script '/mnt/c/Users/LENOVO/OneDrive/Desktop/drone/install/local_setup.sh'
[1.630s] INFO:colcon.colcon_core.shell:Creating prefix util module '/mnt/c/Users/LENOVO/OneDrive/Desktop/drone/install/_local_setup_util_sh.py'
[1.641s] INFO:colcon.colcon_core.shell:Creating prefix chain script '/mnt/c/Users/LENOVO/OneDrive/Desktop/drone/install/setup.sh'
[1.652s] INFO:colcon.colcon_core.shell:Creating prefix script '/mnt/c/Users/LENOVO/OneDrive/Desktop/drone/install/local_setup.bash'
[1.663s] INFO:colcon.colcon_core.shell:Creating prefix chain script '/mnt/c/Users/LENOVO/OneDrive/Desktop/drone/install/setup.bash'
[1.673s] INFO:colcon.colcon_core.shell:Creating prefix script '/mnt/c/Users/LENOVO/OneDrive/Desktop/drone/install/local_setup.zsh'
[1.682s] INFO:colcon.colcon_core.shell:Creating prefix chain script '/mnt/c/Users/LENOVO/OneDrive/Desktop/drone/install/setup.zsh'
