[0.000000] (-) TimerEvent: {}
[0.000912] (-) JobUnselected: {'identifier': 'fault_handler'}
[0.001442] (-) JobUnselected: {'identifier': 'navigation_layer'}
[0.002030] (-) JobUnselected: {'identifier': 'perception_layer'}
[0.002413] (-) JobUnselected: {'identifier': 'slam_layer'}
[0.002964] (-) JobUnselected: {'identifier': 'telemetry'}
[0.003346] (control_layer) JobQueued: {'identifier': 'control_layer', 'dependencies': OrderedDict()}
[0.003851] (control_layer) JobStarted: {'identifier': 'control_layer'}
[0.039399] (control_layer) JobProgress: {'identifier': 'control_layer', 'progress': 'cmake'}
[0.084191] (control_layer) JobProgress: {'identifier': 'control_layer', 'progress': 'build'}
[0.094840] (control_layer) Command: {'cmd': ['/usr/bin/cmake', '--build', '/mnt/c/Users/LENOVO/OneDrive/Desktop/drone/build/control_layer', '--', '-j16', '-l16'], 'cwd': '/mnt/c/Users/LENOVO/OneDrive/Desktop/drone/build/control_layer', 'env': OrderedDict({'USER': 'lenovo', 'SHLVL': '0', 'LD_LIBRARY_PATH': '/opt/ros/jazzy/opt/rviz_ogre_vendor/lib:/opt/ros/jazzy/lib/x86_64-linux-gnu:/opt/ros/jazzy/opt/gz_math_vendor/lib:/opt/ros/jazzy/opt/gz_utils_vendor/lib:/opt/ros/jazzy/opt/gz_cmake_vendor/lib:/opt/ros/jazzy/lib', 'HOME': '/home/lenovo', 'OLDPWD': '/mnt/c/Users/LENOVO/OneDrive/Desktop/drone', 'ROS_PYTHON_VERSION': '3', 'DBUS_SESSION_BUS_ADDRESS': 'unix:path=/run/user/1000/bus', 'WSL_DISTRO_NAME': 'Ubuntu', 'WAYLAND_DISPLAY': 'wayland-0', 'ROS_DISTRO': 'jazzy', 'LOGNAME': 'lenovo', 'NAME': 'LAPTOP-MLDMFMJ8', 'WSL_INTEROP': '/run/WSL/17838_interop', 'PULSE_SERVER': 'unix:/mnt/wslg/PulseServer', '_': '/usr/bin/colcon', 'ROS_VERSION': '2', 'TERM': 'xterm-256color', 'PATH': '/opt/ros/jazzy/bin:/usr/local/sbin:/usr/local/bin:/usr/sbin:/usr/bin:/sbin:/bin:/usr/games:/usr/local/games:/usr/lib/wsl/lib:/mnt/c/Python314/Scripts/:/mnt/c/Python314/:/mnt/c/Windows/system32:/mnt/c/Windows:/mnt/c/Windows/System32/Wbem:/mnt/c/Windows/System32/WindowsPowerShell/v1.0/:/mnt/c/Windows/System32/OpenSSH/:/mnt/c/Program Files (x86)/NVIDIA Corporation/PhysX/Common:/mnt/c/Program Files/NVIDIA Corporation/NVIDIA NvDLISR:/mnt/c/Program Files/Git/cmd:/mnt/c/src/flutter/bin:/mnt/c/MinGW/bin:/mnt/c/Users/LENOVO/AppData/Local/Pub/Cache/bin:/mnt/c/ffmpeg-8.0.1-essentials_build/bin:/mnt/c/Program Files/nodejs/:/mnt/c/ProgramData/chocolatey/bin:/mnt/c/Program Files/dotnet/:/mnt/c/Program Files (x86)/Windows Kits/10/Windows Performance Toolkit/:/mnt/c/Users/LENOVO/AppData/Local/Programs/Python/Python311/Scripts/:/mnt/c/Users/LENOVO/AppData/Local/Programs/Python/Python311/:/mnt/c/Users/LENOVO/AppData/Local/Programs/Python/Launcher/:/mnt/c/Users/LENOVO/AppData/Local/Microsoft/WindowsApps:/mnt/c/Users/LENOVO/AppData/Local/Programs/Microsoft VS Code/bin:/mnt/c/Program Files/Eclipse Adoptium/jdk-17.0.17.10-hotspot/bin:/mnt/c/Users/LENOVO/AppData/Local/Python/bin:/mnt/c/Users/LENOVO/AppData/Roaming/npm:/mnt/c/Users/LENOVO/AppData/Local/Programs/Antigravity/bin', 'XDG_RUNTIME_DIR': '/run/user/1000/', 'DISPLAY': ':0', 'LANG': 'C.UTF-8', 'AMENT_PREFIX_PATH': '/opt/ros/jazzy', 'SHELL': '/bin/bash', 'ROS_AUTOMATIC_DISCOVERY_RANGE': 'SUBNET', 'PWD': '/mnt/c/Users/LENOVO/OneDrive/Desktop/drone/build/control_layer', 'PYTHONPATH': '/opt/ros/jazzy/lib/python3.12/site-packages', 'COLCON': '1', 'WSL2_GUI_APPS_ENABLED': '1', 'HOSTTYPE': 'x86_64', 'CMAKE_PREFIX_PATH': '/opt/ros/jazzy/opt/gz_math_vendor:/opt/ros/jazzy/opt/gz_utils_vendor:/opt/ros/jazzy/opt/gz_cmake_vendor:/opt/ros/jazzy', 'WSLENV': ''}), 'shell': False}
[0.118652] (-) TimerEvent: {}
[0.219677] (-) TimerEvent: {}
[0.320996] (-) TimerEvent: {}
[0.430640] (-) TimerEvent: {}
[0.515651] (control_layer) StdoutLine: {'line': b'[ 25%] \x1b[32mBuilding CXX object CMakeFiles/pid_controller.dir/src/pid_controller.cpp.o\x1b[0m\n'}
[0.531037] (-) TimerEvent: {}
[0.557860] (control_layer) StdoutLine: {'line': b'[ 50%] \x1b[32mBuilding CXX object CMakeFiles/motor_mixer.dir/src/motor_mixer.cpp.o\x1b[0m\n'}
[0.631745] (-) TimerEvent: {}
[0.733879] (-) TimerEvent: {}
[0.839261] (-) TimerEvent: {}
[0.940438] (-) TimerEvent: {}
[0.954742] (control_layer) StderrLine: {'line': b'\x1b[01m\x1b[K/mnt/c/Users/LENOVO/OneDrive/Desktop/drone/src/control_layer/src/pid_controller.cpp:13:10:\x1b[m\x1b[K \x1b[01;31m\x1b[Kfatal error: \x1b[m\x1b[Knav_msgs/msg/odometry.hpp: No such file or directory\n'}
[0.956611] (control_layer) StderrLine: {'line': b'   13 | #include \x1b[01;31m\x1b[K<nav_msgs/msg/odometry.hpp>\x1b[m\x1b[K\n'}
[0.958067] (control_layer) StderrLine: {'line': b'      |          \x1b[01;31m\x1b[K^~~~~~~~~~~~~~~~~~~~~~~~~~~\x1b[m\x1b[K\n'}
[0.960218] (control_layer) StderrLine: {'line': b'compilation terminated.\n'}
[0.964852] (control_layer) StderrLine: {'line': b'gmake[2]: *** [CMakeFiles/pid_controller.dir/build.make:76: CMakeFiles/pid_controller.dir/src/pid_controller.cpp.o] Error 1\n'}
[0.969016] (control_layer) StderrLine: {'line': b'gmake[1]: *** [CMakeFiles/Makefile2:139: CMakeFiles/pid_controller.dir/all] Error 2\n'}
[0.970498] (control_layer) StderrLine: {'line': b'gmake[1]: *** Waiting for unfinished jobs....\n'}
[1.041992] (-) TimerEvent: {}
[1.146346] (-) TimerEvent: {}
[1.250007] (-) TimerEvent: {}
[1.358473] (-) TimerEvent: {}
[1.464720] (-) TimerEvent: {}
[1.566075] (-) TimerEvent: {}
[1.667733] (-) TimerEvent: {}
[1.768927] (-) TimerEvent: {}
[1.869900] (-) TimerEvent: {}
[1.971243] (-) TimerEvent: {}
[2.072930] (-) TimerEvent: {}
[2.173860] (-) TimerEvent: {}
[2.275094] (-) TimerEvent: {}
[2.376591] (-) TimerEvent: {}
[2.477952] (-) TimerEvent: {}
[2.586780] (-) TimerEvent: {}
[2.694591] (-) TimerEvent: {}
[2.802119] (-) TimerEvent: {}
[2.910861] (-) TimerEvent: {}
[3.018854] (-) TimerEvent: {}
[3.126455] (-) TimerEvent: {}
[3.234053] (-) TimerEvent: {}
[3.342416] (-) TimerEvent: {}
[3.450704] (-) TimerEvent: {}
[3.552138] (-) TimerEvent: {}
[3.657257] (-) TimerEvent: {}
[3.758494] (-) TimerEvent: {}
[3.860088] (-) TimerEvent: {}
[3.962773] (-) TimerEvent: {}
[4.067822] (-) TimerEvent: {}
[4.170180] (-) TimerEvent: {}
[4.271414] (-) TimerEvent: {}
[4.377233] (-) TimerEvent: {}
[4.478558] (-) TimerEvent: {}
[4.579646] (-) TimerEvent: {}
[4.684506] (-) TimerEvent: {}
[4.787730] (-) TimerEvent: {}
[4.890407] (-) TimerEvent: {}
[4.991749] (-) TimerEvent: {}
[5.096320] (-) TimerEvent: {}
[5.197418] (-) TimerEvent: {}
[5.298482] (-) TimerEvent: {}
[5.399948] (-) TimerEvent: {}
[5.501258] (-) TimerEvent: {}
[5.603690] (-) TimerEvent: {}
[5.706531] (-) TimerEvent: {}
[5.808760] (-) TimerEvent: {}
[5.909980] (-) TimerEvent: {}
[6.010734] (-) TimerEvent: {}
[6.112540] (-) TimerEvent: {}
[6.214015] (-) TimerEvent: {}
[6.322042] (-) TimerEvent: {}
[6.423020] (-) TimerEvent: {}
[6.524109] (-) TimerEvent: {}
[6.625446] (-) TimerEvent: {}
[6.726888] (-) TimerEvent: {}
[6.828808] (-) TimerEvent: {}
[6.936295] (-) TimerEvent: {}
[7.043238] (-) TimerEvent: {}
[7.149909] (-) TimerEvent: {}
[7.253594] (-) TimerEvent: {}
[7.360080] (-) TimerEvent: {}
[7.467296] (-) TimerEvent: {}
[7.571672] (-) TimerEvent: {}
[7.673021] (-) TimerEvent: {}
[7.774015] (-) TimerEvent: {}
[7.875569] (-) TimerEvent: {}
[7.977306] (-) TimerEvent: {}
[8.079396] (-) TimerEvent: {}
[8.186641] (-) TimerEvent: {}
[8.288040] (-) TimerEvent: {}
[8.395206] (-) TimerEvent: {}
[8.502454] (-) TimerEvent: {}
[8.605537] (-) TimerEvent: {}
[8.712768] (-) TimerEvent: {}
[8.819026] (-) TimerEvent: {}
[8.926278] (-) TimerEvent: {}
[9.033319] (-) TimerEvent: {}
[9.138101] (-) TimerEvent: {}
[9.239303] (-) TimerEvent: {}
[9.340968] (-) TimerEvent: {}
[9.442275] (-) TimerEvent: {}
[9.543933] (-) TimerEvent: {}
[9.645176] (-) TimerEvent: {}
[9.746435] (-) TimerEvent: {}
[9.848117] (-) TimerEvent: {}
[9.956010] (-) TimerEvent: {}
[10.063991] (-) TimerEvent: {}
[10.168911] (-) TimerEvent: {}
[10.269926] (-) TimerEvent: {}
[10.370848] (-) TimerEvent: {}
[10.472750] (-) TimerEvent: {}
[10.580880] (-) TimerEvent: {}
[10.688419] (-) TimerEvent: {}
[10.796381] (-) TimerEvent: {}
[10.904426] (-) TimerEvent: {}
[11.012271] (-) TimerEvent: {}
[11.120247] (-) TimerEvent: {}
[11.228238] (-) TimerEvent: {}
[11.336356] (-) TimerEvent: {}
[11.437577] (-) TimerEvent: {}
[11.440097] (control_layer) StdoutLine: {'line': b'[ 75%] \x1b[32m\x1b[1mLinking CXX executable motor_mixer\x1b[0m\n'}
[11.542909] (-) TimerEvent: {}
[11.650936] (-) TimerEvent: {}
[11.759086] (-) TimerEvent: {}
[11.865292] (-) TimerEvent: {}
[11.973313] (-) TimerEvent: {}
[12.081094] (-) TimerEvent: {}
[12.188952] (-) TimerEvent: {}
[12.296876] (-) TimerEvent: {}
[12.404749] (-) TimerEvent: {}
[12.512577] (-) TimerEvent: {}
[12.620352] (-) TimerEvent: {}
[12.728352] (-) TimerEvent: {}
[12.836504] (-) TimerEvent: {}
[12.943329] (-) TimerEvent: {}
[13.050156] (-) TimerEvent: {}
[13.157221] (-) TimerEvent: {}
[13.264970] (-) TimerEvent: {}
[13.372024] (-) TimerEvent: {}
[13.479872] (-) TimerEvent: {}
[13.587777] (-) TimerEvent: {}
[13.695789] (-) TimerEvent: {}
[13.798240] (-) TimerEvent: {}
[13.900525] (-) TimerEvent: {}
[14.008538] (-) TimerEvent: {}
[14.116427] (-) TimerEvent: {}
[14.224815] (-) TimerEvent: {}
[14.332378] (-) TimerEvent: {}
[14.440245] (-) TimerEvent: {}
[14.548232] (-) TimerEvent: {}
[14.653254] (-) TimerEvent: {}
[14.761267] (-) TimerEvent: {}
[14.869237] (-) TimerEvent: {}
[14.977303] (-) TimerEvent: {}
[15.085390] (-) TimerEvent: {}
[15.193236] (-) TimerEvent: {}
[15.301320] (-) TimerEvent: {}
[15.406193] (-) TimerEvent: {}
[15.516053] (-) TimerEvent: {}
[15.625842] (-) TimerEvent: {}
[15.735667] (-) TimerEvent: {}
[15.845579] (-) TimerEvent: {}
[15.955327] (-) TimerEvent: {}
[16.065131] (-) TimerEvent: {}
[16.175005] (-) TimerEvent: {}
[16.284702] (-) TimerEvent: {}
[16.394509] (-) TimerEvent: {}
[16.503948] (-) TimerEvent: {}
[16.597182] (control_layer) StdoutLine: {'line': b'[ 75%] Built target motor_mixer\n'}
[16.600451] (control_layer) StderrLine: {'line': b'gmake: *** [Makefile:146: all] Error 2\n'}
[16.604428] (control_layer) CommandEnded: {'returncode': 2}
[16.606346] (-) TimerEvent: {}
[16.713693] (-) TimerEvent: {}
[16.821536] (-) TimerEvent: {}
[16.931395] (-) TimerEvent: {}
[16.991053] (control_layer) JobEnded: {'identifier': 'control_layer', 'rc': 2}
[17.009008] (-) EventReactorShutdown: {}
