[-2.476s] DEBUG:colcon:Command line arguments: ['/usr/bin/colcon', 'build', '--packages-select', 'control_layer']
[-2.475s] DEBUG:colcon:Parsed command line arguments: Namespace(log_base=None, log_level=None, verb_name='build', build_base='build', install_base='install', merge_install=False, symlink_install=False, test_result_base=None, continue_on_error=False, executor='parallel', parallel_workers=16, event_handlers=None, ignore_user_meta=False, metas=['./colcon.meta'], base_paths=['.'], packages_ignore=None, packages_ignore_regex=None, paths=None, packages_up_to=None, packages_up_to_regex=None, packages_above=None, packages_above_and_dependencies=None, packages_above_depth=None, packages_select_by_dep=None, packages_skip_by_dep=None, packages_skip_up_to=None, packages_select_build_failed=False, packages_skip_build_finished=False, packages_select_test_failures=False, packages_skip_test_passed=False, packages_select=['control_layer'], packages_skip=None, packages_select_regex=None, packages_skip_regex=None, packages_start=None, packages_end=None, allow_overriding=[], cmake_args=None, cmake_target=None, cmake_target_skip_unavailable=False, cmake_clean_cache=False, cmake_clean_first=False, cmake_force_configure=False, ament_cmake_args=None, catkin_cmake_args=None, catkin_skip_building_tests=False, mixin_files=None, mixin=None, verb_parser=<colcon_mixin.mixin.mixin_argument.MixinArgumentDecorator object at 0x7e26fbe8d130>, verb_extension=<colcon_core.verb.build.BuildVerb object at 0x7e26fbe8cdd0>, main=<bound method BuildVerb.main of <colcon_core.verb.build.BuildVerb object at 0x7e26fbe8cdd0>>, mixin_verb=('build',))
[-2.404s] Level 1:colcon.colcon_core.package_discovery:discover_packages(colcon_meta) check parameters
[-2.403s] Level 1:colcon.colcon_core.package_discovery:discover_packages(recursive) check parameters
[-2.402s] Level 1:colcon.colcon_core.package_discovery:discover_packages(ignore) check parameters
[-2.402s] Level 1:colcon.colcon_core.package_discovery:discover_packages(path) check parameters
[-2.402s] Level 1:colcon.colcon_core.package_discovery:discover_packages(colcon_meta) discover
[-2.401s] Level 1:colcon.colcon_core.package_discovery:discover_packages(recursive) discover
[-2.401s] INFO:colcon.colcon_core.package_discovery:Crawling recursively for packages in '/mnt/c/Users/LENOVO/OneDrive/Desktop/drone'
[-2.397s] Level 1:colcon.colcon_core.package_identification:_identify(.) by extensions ['ignore', 'ignore_ament_install']
[-2.396s] Level 1:colcon.colcon_core.package_identification:_identify(.) by extension 'ignore'
[-2.396s] Level 1:colcon.colcon_core.package_identification:_identify(.) by extension 'ignore_ament_install'
[-2.394s] Level 1:colcon.colcon_core.package_identification:_identify(.) by extensions ['colcon_pkg']
[-2.394s] Level 1:colcon.colcon_core.package_identification:_identify(.) by extension 'colcon_pkg'
[-2.393s] Level 1:colcon.colcon_core.package_identification:_identify(.) by extensions ['colcon_meta']
[-2.393s] Level 1:colcon.colcon_core.package_identification:_identify(.) by extension 'colcon_meta'
[-2.392s] Level 1:colcon.colcon_core.package_identification:_identify(.) by extensions ['ros']
[-2.392s] Level 1:colcon.colcon_core.package_identification:_identify(.) by extension 'ros'
[-2.364s] Level 1:colcon.colcon_core.package_identification:_identify(.) by extensions ['cmake', 'python']
[-2.363s] Level 1:colcon.colcon_core.package_identification:_identify(.) by extension 'cmake'
[-2.363s] Level 1:colcon.colcon_core.package_identification:_identify(.) by extension 'python'
[-2.362s] Level 1:colcon.colcon_core.package_identification:_identify(.) by extensions ['python_setup_py']
[-2.362s] Level 1:colcon.colcon_core.package_identification:_identify(.) by extension 'python_setup_py'
[-2.355s] Level 1:colcon.colcon_core.package_identification:_identify(build) by extensions ['ignore', 'ignore_ament_install']
[-2.355s] Level 1:colcon.colcon_core.package_identification:_identify(build) by extension 'ignore'
[-2.351s] Level 1:colcon.colcon_core.package_identification:_identify(build) ignored
[-2.345s] Level 1:colcon.colcon_core.package_identification:_identify(docker) by extensions ['ignore', 'ignore_ament_install']
[-2.345s] Level 1:colcon.colcon_core.package_identification:_identify(docker) by extension 'ignore'
[-2.342s] Level 1:colcon.colcon_core.package_identification:_identify(docker) by extension 'ignore_ament_install'
[-2.339s] Level 1:colcon.colcon_core.package_identification:_identify(docker) by extensions ['colcon_pkg']
[-2.338s] Level 1:colcon.colcon_core.package_identification:_identify(docker) by extension 'colcon_pkg'
[-2.336s] Level 1:colcon.colcon_core.package_identification:_identify(docker) by extensions ['colcon_meta']
[-2.336s] Level 1:colcon.colcon_core.package_identification:_identify(docker) by extension 'colcon_meta'
[-2.334s] Level 1:colcon.colcon_core.package_identification:_identify(docker) by extensions ['ros']
[-2.333s] Level 1:colcon.colcon_core.package_identification:_identify(docker) by extension 'ros'
[-2.326s] Level 1:colcon.colcon_core.package_identification:_identify(docker) by extensions ['cmake', 'python']
[-2.326s] Level 1:colcon.colcon_core.package_identification:_identify(docker) by extension 'cmake'
[-2.324s] Level 1:colcon.colcon_core.package_identification:_identify(docker) by extension 'python'
[-2.322s] Level 1:colcon.colcon_core.package_identification:_identify(docker) by extensions ['python_setup_py']
[-2.322s] Level 1:colcon.colcon_core.package_identification:_identify(docker) by extension 'python_setup_py'
[-2.315s] Level 1:colcon.colcon_core.package_identification:_identify(install) by extensions ['ignore', 'ignore_ament_install']
[-2.314s] Level 1:colcon.colcon_core.package_identification:_identify(install) by extension 'ignore'
[-2.311s] Level 1:colcon.colcon_core.package_identification:_identify(install) ignored
[-2.302s] Level 1:colcon.colcon_core.package_identification:_identify(log) by extensions ['ignore', 'ignore_ament_install']
[-2.301s] Level 1:colcon.colcon_core.package_identification:_identify(log) by extension 'ignore'
[-2.300s] Level 1:colcon.colcon_core.package_identification:_identify(log) ignored
[-2.294s] Level 1:colcon.colcon_core.package_identification:_identify(scripts) by extensions ['ignore', 'ignore_ament_install']
[-2.294s] Level 1:colcon.colcon_core.package_identification:_identify(scripts) by extension 'ignore'
[-2.292s] Level 1:colcon.colcon_core.package_identification:_identify(scripts) by extension 'ignore_ament_install'
[-2.288s] Level 1:colcon.colcon_core.package_identification:_identify(scripts) by extensions ['colcon_pkg']
[-2.288s] Level 1:colcon.colcon_core.package_identification:_identify(scripts) by extension 'colcon_pkg'
[-2.286s] Level 1:colcon.colcon_core.package_identification:_identify(scripts) by extensions ['colcon_meta']
[-2.286s] Level 1:colcon.colcon_core.package_identification:_identify(scripts) by extension 'colcon_meta'
[-2.284s] Level 1:colcon.colcon_core.package_identification:_identify(scripts) by extensions ['ros']
[-2.284s] Level 1:colcon.colcon_core.package_identification:_identify(scripts) by extension 'ros'
[-2.276s] Level 1:colcon.colcon_core.package_identification:_identify(scripts) by extensions ['cmake', 'python']
[-2.275s] Level 1:colcon.colcon_core.package_identification:_identify(scripts) by extension 'cmake'
[-2.273s] Level 1:colcon.colcon_core.package_identification:_identify(scripts) by extension 'python'
[-2.271s] Level 1:colcon.colcon_core.package_identification:_identify(scripts) by extensions ['python_setup_py']
[-2.271s] Level 1:colcon.colcon_core.package_identification:_identify(scripts) by extension 'python_setup_py'
[-2.264s] Level 1:colcon.colcon_core.package_identification:_identify(src) by extensions ['ignore', 'ignore_ament_install']
[-2.263s] Level 1:colcon.colcon_core.package_identification:_identify(src) by extension 'ignore'
[-2.261s] Level 1:colcon.colcon_core.package_identification:_identify(src) by extension 'ignore_ament_install'
[-2.258s] Level 1:colcon.colcon_core.package_identification:_identify(src) by extensions ['colcon_pkg']
[-2.257s] Level 1:colcon.colcon_core.package_identification:_identify(src) by extension 'colcon_pkg'
[-2.255s] Level 1:colcon.colcon_core.package_identification:_identify(src) by extensions ['colcon_meta']
[-2.255s] Level 1:colcon.colcon_core.package_identification:_identify(src) by extension 'colcon_meta'
[-2.253s] Level 1:colcon.colcon_core.package_identification:_identify(src) by extensions ['ros']
[-2.253s] Level 1:colcon.colcon_core.package_identification:_identify(src) by extension 'ros'
[-2.245s] Level 1:colcon.colcon_core.package_identification:_identify(src) by extensions ['cmake', 'python']
[-2.244s] Level 1:colcon.colcon_core.package_identification:_identify(src) by extension 'cmake'
[-2.243s] Level 1:colcon.colcon_core.package_identification:_identify(src) by extension 'python'
[-2.241s] Level 1:colcon.colcon_core.package_identification:_identify(src) by extensions ['python_setup_py']
[-2.241s] Level 1:colcon.colcon_core.package_identification:_identify(src) by extension 'python_setup_py'
[-2.228s] Level 1:colcon.colcon_core.package_identification:_identify(src/control_layer) by extensions ['ignore', 'ignore_ament_install']
[-2.228s] Level 1:colcon.colcon_core.package_identification:_identify(src/control_layer) by extension 'ignore'
[-2.225s] Level 1:colcon.colcon_core.package_identification:_identify(src/control_layer) by extension 'ignore_ament_install'
[-2.219s] Level 1:colcon.colcon_core.package_identification:_identify(src/control_layer) by extensions ['colcon_pkg']
[-2.219s] Level 1:colcon.colcon_core.package_identification:_identify(src/control_layer) by extension 'colcon_pkg'
[-2.216s] Level 1:colcon.colcon_core.package_identification:_identify(src/control_layer) by extensions ['colcon_meta']
[-2.215s] Level 1:colcon.colcon_core.package_identification:_identify(src/control_layer) by extension 'colcon_meta'
[-2.211s] Level 1:colcon.colcon_core.package_identification:_identify(src/control_layer) by extensions ['ros']
[-2.210s] Level 1:colcon.colcon_core.package_identification:_identify(src/control_layer) by extension 'ros'
[-2.174s] DEBUG:colcon.colcon_core.package_identification:Package 'src/control_layer' with type 'ros.ament_cmake' and name 'control_layer'
[-2.164s] Level 1:colcon.colcon_core.package_identification:_identify(src/fault_handler) by extensions ['ignore', 'ignore_ament_install']
[-2.163s] Level 1:colcon.colcon_core.package_identification:_identify(src/fault_handler) by extension 'ignore'
[-2.160s] Level 1:colcon.colcon_core.package_identification:_identify(src/fault_handler) by extension 'ignore_ament_install'
[-2.154s] Level 1:colcon.colcon_core.package_identification:_identify(src/fault_handler) by extensions ['colcon_pkg']
[-2.154s] Level 1:colcon.colcon_core.package_identification:_identify(src/fault_handler) by extension 'colcon_pkg'
[-2.151s] Level 1:colcon.colcon_core.package_identification:_identify(src/fault_handler) by extensions ['colcon_meta']
[-2.151s] Level 1:colcon.colcon_core.package_identification:_identify(src/fault_handler) by extension 'colcon_meta'
[-2.146s] Level 1:colcon.colcon_core.package_identification:_identify(src/fault_handler) by extensions ['ros']
[-2.146s] Level 1:colcon.colcon_core.package_identification:_identify(src/fault_handler) by extension 'ros'
[-2.113s] DEBUG:colcon.colcon_core.package_identification:Package 'src/fault_handler' with type 'ros.ament_python' and name 'fault_handler'
[-2.102s] Level 1:colcon.colcon_core.package_identification:_identify(src/launch) by extensions ['ignore', 'ignore_ament_install']
[-2.102s] Level 1:colcon.colcon_core.package_identification:_identify(src/launch) by extension 'ignore'
[-2.099s] Level 1:colcon.colcon_core.package_identification:_identify(src/launch) by extension 'ignore_ament_install'
[-2.093s] Level 1:colcon.colcon_core.package_identification:_identify(src/launch) by extensions ['colcon_pkg']
[-2.092s] Level 1:colcon.colcon_core.package_identification:_identify(src/launch) by extension 'colcon_pkg'
[-2.090s] Level 1:colcon.colcon_core.package_identification:_identify(src/launch) by extensions ['colcon_meta']
[-2.090s] Level 1:colcon.colcon_core.package_identification:_identify(src/launch) by extension 'colcon_meta'
[-2.085s] Level 1:colcon.colcon_core.package_identification:_identify(src/launch) by extensions ['ros']
[-2.085s] Level 1:colcon.colcon_core.package_identification:_identify(src/launch) by extension 'ros'
[-2.070s] Level 1:colcon.colcon_core.package_identification:_identify(src/launch) by extensions ['cmake', 'python']
[-2.070s] Level 1:colcon.colcon_core.package_identification:_identify(src/launch) by extension 'cmake'
[-2.067s] Level 1:colcon.colcon_core.package_identification:_identify(src/launch) by extension 'python'
[-2.063s] Level 1:colcon.colcon_core.package_identification:_identify(src/launch) by extensions ['python_setup_py']
[-2.063s] Level 1:colcon.colcon_core.package_identification:_identify(src/launch) by extension 'python_setup_py'
[-2.050s] Level 1:colcon.colcon_core.package_identification:_identify(src/navigation_layer) by extensions ['ignore', 'ignore_ament_install']
[-2.049s] Level 1:colcon.colcon_core.package_identification:_identify(src/navigation_layer) by extension 'ignore'
[-2.046s] Level 1:colcon.colcon_core.package_identification:_identify(src/navigation_layer) by extension 'ignore_ament_install'
[-2.039s] Level 1:colcon.colcon_core.package_identification:_identify(src/navigation_layer) by extensions ['colcon_pkg']
[-2.039s] Level 1:colcon.colcon_core.package_identification:_identify(src/navigation_layer) by extension 'colcon_pkg'
[-2.035s] Level 1:colcon.colcon_core.package_identification:_identify(src/navigation_layer) by extensions ['colcon_meta']
[-2.035s] Level 1:colcon.colcon_core.package_identification:_identify(src/navigation_layer) by extension 'colcon_meta'
[-2.030s] Level 1:colcon.colcon_core.package_identification:_identify(src/navigation_layer) by extensions ['ros']
[-2.030s] Level 1:colcon.colcon_core.package_identification:_identify(src/navigation_layer) by extension 'ros'
[-1.996s] DEBUG:colcon.colcon_core.package_identification:Package 'src/navigation_layer' with type 'ros.ament_python' and name 'navigation_layer'
[-1.987s] Level 1:colcon.colcon_core.package_identification:_identify(src/perception_layer) by extensions ['ignore', 'ignore_ament_install']
[-1.986s] Level 1:colcon.colcon_core.package_identification:_identify(src/perception_layer) by extension 'ignore'
[-1.983s] Level 1:colcon.colcon_core.package_identification:_identify(src/perception_layer) by extension 'ignore_ament_install'
[-1.977s] Level 1:colcon.colcon_core.package_identification:_identify(src/perception_layer) by extensions ['colcon_pkg']
[-1.976s] Level 1:colcon.colcon_core.package_identification:_identify(src/perception_layer) by extension 'colcon_pkg'
[-1.973s] Level 1:colcon.colcon_core.package_identification:_identify(src/perception_layer) by extensions ['colcon_meta']
[-1.972s] Level 1:colcon.colcon_core.package_identification:_identify(src/perception_layer) by extension 'colcon_meta'
[-1.969s] Level 1:colcon.colcon_core.package_identification:_identify(src/perception_layer) by extensions ['ros']
[-1.969s] Level 1:colcon.colcon_core.package_identification:_identify(src/perception_layer) by extension 'ros'
[-1.936s] DEBUG:colcon.colcon_core.package_identification:Package 'src/perception_layer' with type 'ros.ament_python' and name 'perception_layer'
[-1.926s] Level 1:colcon.colcon_core.package_identification:_identify(src/slam_layer) by extensions ['ignore', 'ignore_ament_install']
[-1.925s] Level 1:colcon.colcon_core.package_identification:_identify(src/slam_layer) by extension 'ignore'
[-1.922s] Level 1:colcon.colcon_core.package_identification:_identify(src/slam_layer) by extension 'ignore_ament_install'
[-1.916s] Level 1:colcon.colcon_core.package_identification:_identify(src/slam_layer) by extensions ['colcon_pkg']
[-1.916s] Level 1:colcon.colcon_core.package_identification:_identify(src/slam_layer) by extension 'colcon_pkg'
[-1.912s] Level 1:colcon.colcon_core.package_identification:_identify(src/slam_layer) by extensions ['colcon_meta']
[-1.912s] Level 1:colcon.colcon_core.package_identification:_identify(src/slam_layer) by extension 'colcon_meta'
[-1.907s] Level 1:colcon.colcon_core.package_identification:_identify(src/slam_layer) by extensions ['ros']
[-1.907s] Level 1:colcon.colcon_core.package_identification:_identify(src/slam_layer) by extension 'ros'
[-1.871s] DEBUG:colcon.colcon_core.package_identification:Package 'src/slam_layer' with type 'ros.ament_cmake' and name 'slam_layer'
[-1.860s] Level 1:colcon.colcon_core.package_identification:_identify(src/telemetry) by extensions ['ignore', 'ignore_ament_install']
[-1.860s] Level 1:colcon.colcon_core.package_identification:_identify(src/telemetry) by extension 'ignore'
[-1.856s] Level 1:colcon.colcon_core.package_identification:_identify(src/telemetry) by extension 'ignore_ament_install'
[-1.850s] Level 1:colcon.colcon_core.package_identification:_identify(src/telemetry) by extensions ['colcon_pkg']
[-1.850s] Level 1:colcon.colcon_core.package_identification:_identify(src/telemetry) by extension 'colcon_pkg'
[-1.846s] Level 1:colcon.colcon_core.package_identification:_identify(src/telemetry) by extensions ['colcon_meta']
[-1.846s] Level 1:colcon.colcon_core.package_identification:_identify(src/telemetry) by extension 'colcon_meta'
[-1.841s] Level 1:colcon.colcon_core.package_identification:_identify(src/telemetry) by extensions ['ros']
[-1.840s] Level 1:colcon.colcon_core.package_identification:_identify(src/telemetry) by extension 'ros'
[-1.807s] DEBUG:colcon.colcon_core.package_identification:Package 'src/telemetry' with type 'ros.ament_python' and name 'telemetry'
[-1.801s] Level 1:colcon.colcon_core.package_identification:_identify(worlds) by extensions ['ignore', 'ignore_ament_install']
[-1.800s] Level 1:colcon.colcon_core.package_identification:_identify(worlds) by extension 'ignore'
[-1.798s] Level 1:colcon.colcon_core.package_identification:_identify(worlds) by extension 'ignore_ament_install'
[-1.795s] Level 1:colcon.colcon_core.package_identification:_identify(worlds) by extensions ['colcon_pkg']
[-1.794s] Level 1:colcon.colcon_core.package_identification:_identify(worlds) by extension 'colcon_pkg'
[-1.793s] Level 1:colcon.colcon_core.package_identification:_identify(worlds) by extensions ['colcon_meta']
[-1.792s] Level 1:colcon.colcon_core.package_identification:_identify(worlds) by extension 'colcon_meta'
[-1.790s] Level 1:colcon.colcon_core.package_identification:_identify(worlds) by extensions ['ros']
[-1.790s] Level 1:colcon.colcon_core.package_identification:_identify(worlds) by extension 'ros'
[-1.781s] Level 1:colcon.colcon_core.package_identification:_identify(worlds) by extensions ['cmake', 'python']
[-1.781s] Level 1:colcon.colcon_core.package_identification:_identify(worlds) by extension 'cmake'
[-1.779s] Level 1:colcon.colcon_core.package_identification:_identify(worlds) by extension 'python'
[-1.777s] Level 1:colcon.colcon_core.package_identification:_identify(worlds) by extensions ['python_setup_py']
[-1.777s] Level 1:colcon.colcon_core.package_identification:_identify(worlds) by extension 'python_setup_py'
[-1.775s] Level 1:colcon.colcon_core.package_discovery:discover_packages(recursive) using defaults
[-1.775s] Level 1:colcon.colcon_core.package_discovery:discover_packages(ignore) discover
[-1.774s] Level 1:colcon.colcon_core.package_discovery:discover_packages(ignore) using defaults
[-1.774s] Level 1:colcon.colcon_core.package_discovery:discover_packages(path) discover
[-1.773s] Level 1:colcon.colcon_core.package_discovery:discover_packages(path) using defaults
[-1.687s] INFO:colcon.colcon_core.package_selection:Skipping not selected package 'fault_handler' in 'src/fault_handler'
[-1.686s] INFO:colcon.colcon_core.package_selection:Skipping not selected package 'navigation_layer' in 'src/navigation_layer'
[-1.686s] INFO:colcon.colcon_core.package_selection:Skipping not selected package 'perception_layer' in 'src/perception_layer'
[-1.685s] INFO:colcon.colcon_core.package_selection:Skipping not selected package 'slam_layer' in 'src/slam_layer'
[-1.685s] INFO:colcon.colcon_core.package_selection:Skipping not selected package 'telemetry' in 'src/telemetry'
[-1.684s] Level 1:colcon.colcon_core.package_discovery:discover_packages(prefix_path) check parameters
[-1.683s] Level 1:colcon.colcon_core.package_discovery:discover_packages(prefix_path) discover
[-1.680s] DEBUG:colcon.colcon_installed_package_information.package_discovery:Found 286 installed packages in /opt/ros/jazzy
[-1.678s] Level 1:colcon.colcon_core.package_discovery:discover_packages(prefix_path) using defaults
[-1.633s] Level 5:colcon.colcon_core.verb:set package 'control_layer' build argument 'cmake_args' from command line to 'None'
[-1.632s] Level 5:colcon.colcon_core.verb:set package 'control_layer' build argument 'cmake_target' from command line to 'None'
[-1.632s] Level 5:colcon.colcon_core.verb:set package 'control_layer' build argument 'cmake_target_skip_unavailable' from command line to 'False'
[-1.631s] Level 5:colcon.colcon_core.verb:set package 'control_layer' build argument 'cmake_clean_cache' from command line to 'False'
[-1.631s] Level 5:colcon.colcon_core.verb:set package 'control_layer' build argument 'cmake_clean_first' from command line to 'False'
[-1.630s] Level 5:colcon.colcon_core.verb:set package 'control_layer' build argument 'cmake_force_configure' from command line to 'False'
[-1.630s] Level 5:colcon.colcon_core.verb:set package 'control_layer' build argument 'ament_cmake_args' from command line to 'None'
[-1.630s] Level 5:colcon.colcon_core.verb:set package 'control_layer' build argument 'catkin_cmake_args' from command line to 'None'
[-1.629s] Level 5:colcon.colcon_core.verb:set package 'control_layer' build argument 'catkin_skip_building_tests' from command line to 'False'
[-1.629s] DEBUG:colcon.colcon_core.verb:Building package 'control_layer' with the following arguments: {'ament_cmake_args': None, 'build_base': '/mnt/c/Users/LENOVO/OneDrive/Desktop/drone/build/control_layer', 'catkin_cmake_args': None, 'catkin_skip_building_tests': False, 'cmake_args': None, 'cmake_clean_cache': False, 'cmake_clean_first': False, 'cmake_force_configure': False, 'cmake_target': None, 'cmake_target_skip_unavailable': False, 'install_base': '/mnt/c/Users/LENOVO/OneDrive/Desktop/drone/install/control_layer', 'merge_install': False, 'path': '/mnt/c/Users/LENOVO/OneDrive/Desktop/drone/src/control_layer', 'symlink_install': False, 'test_result_base': None}
[-1.629s] INFO:colcon.colcon_core.executor:Executing jobs using 'parallel' executor
[-1.627s] DEBUG:colcon.colcon_parallel_executor.executor.parallel:run_until_complete
[-1.627s] INFO:colcon.colcon_ros.task.ament_cmake.build:Building ROS package in '/mnt/c/Users/LENOVO/OneDrive/Desktop/drone/src/control_layer' with build type 'ament_cmake'
[-1.626s] INFO:colcon.colcon_cmake.task.cmake.build:Building CMake package in '/mnt/c/Users/LENOVO/OneDrive/Desktop/drone/src/control_layer'
[-1.623s] INFO:colcon.colcon_core.plugin_system:Skipping extension 'colcon_core.shell.bat': Not used on non-Windows systems
[-1.622s] INFO:colcon.colcon_core.shell:Skip shell extension 'powershell' for command environment: Not usable outside of PowerShell
[-1.622s] DEBUG:colcon.colcon_core.shell:Skip shell extension 'dsv' for command environment
[-1.506s] DEBUG:colcon.colcon_core.event_handler.log_command:Invoking command in '/mnt/c/Users/LENOVO/OneDrive/Desktop/drone/build/control_layer': CMAKE_PREFIX_PATH=${CMAKE_PREFIX_PATH}:/opt/ros/jazzy /usr/bin/cmake --build /mnt/c/Users/LENOVO/OneDrive/Desktop/drone/build/control_layer -- -j16 -l16
[14.981s] DEBUG:colcon.colcon_core.event_handler.log_command:Invoked command in '/mnt/c/Users/LENOVO/OneDrive/Desktop/drone/build/control_layer' returned '2': CMAKE_PREFIX_PATH=${CMAKE_PREFIX_PATH}:/opt/ros/jazzy /usr/bin/cmake --build /mnt/c/Users/LENOVO/OneDrive/Desktop/drone/build/control_layer -- -j16 -l16
[15.019s] Level 1:colcon.colcon_core.environment:create_environment_scripts_only(control_layer)
[15.022s] Level 1:colcon.colcon_core.environment:checking '/mnt/c/Users/LENOVO/OneDrive/Desktop/drone/install/control_layer' for CMake module files
[15.121s] Level 1:colcon.colcon_core.environment:checking '/mnt/c/Users/LENOVO/OneDrive/Desktop/drone/install/control_layer' for CMake config files
[15.180s] Level 1:colcon.colcon_core.environment:checking '/mnt/c/Users/LENOVO/OneDrive/Desktop/drone/install/control_layer/bin'
[15.183s] Level 1:colcon.colcon_core.environment:checking '/mnt/c/Users/LENOVO/OneDrive/Desktop/drone/install/control_layer/lib/pkgconfig/control_layer.pc'
[15.186s] Level 1:colcon.colcon_core.environment:checking '/mnt/c/Users/LENOVO/OneDrive/Desktop/drone/install/control_layer/lib/python3.12/site-packages'
[15.190s] Level 1:colcon.colcon_core.environment:checking '/mnt/c/Users/LENOVO/OneDrive/Desktop/drone/install/control_layer/bin'
[15.193s] INFO:colcon.colcon_core.shell:Creating package script '/mnt/c/Users/LENOVO/OneDrive/Desktop/drone/install/control_layer/share/control_layer/package.ps1'
[15.223s] INFO:colcon.colcon_core.shell:Creating package descriptor '/mnt/c/Users/LENOVO/OneDrive/Desktop/drone/install/control_layer/share/control_layer/package.dsv'
[15.253s] INFO:colcon.colcon_core.shell:Creating package script '/mnt/c/Users/LENOVO/OneDrive/Desktop/drone/install/control_layer/share/control_layer/package.sh'
[15.283s] INFO:colcon.colcon_core.shell:Creating package script '/mnt/c/Users/LENOVO/OneDrive/Desktop/drone/install/control_layer/share/control_layer/package.bash'
[15.312s] INFO:colcon.colcon_core.shell:Creating package script '/mnt/c/Users/LENOVO/OneDrive/Desktop/drone/install/control_layer/share/control_layer/package.zsh'
[15.343s] Level 1:colcon.colcon_core.environment:create_file_with_runtime_dependencies(/mnt/c/Users/LENOVO/OneDrive/Desktop/drone/install/control_layer/share/colcon-core/packages/control_layer)
[15.367s] DEBUG:colcon.colcon_parallel_executor.executor.parallel:closing loop
[15.367s] DEBUG:colcon.colcon_parallel_executor.executor.parallel:loop closed
[15.368s] DEBUG:colcon.colcon_parallel_executor.executor.parallel:run_until_complete finished with '2'
[15.368s] DEBUG:colcon.colcon_core.event_reactor:joining thread
[15.505s] INFO:colcon.colcon_core.plugin_system:Skipping extension 'colcon_notification.desktop_notification.notify_send': Could not find 'notify-send'
[15.505s] INFO:colcon.colcon_core.plugin_system:Skipping extension 'colcon_notification.desktop_notification.terminal_notifier': Not used on non-Darwin systems
[15.506s] INFO:colcon.colcon_core.plugin_system:Skipping extension 'colcon_notification.desktop_notification.win32': Not used on non-Windows systems
[15.506s] INFO:colcon.colcon_notification.desktop_notification:Sending desktop notification using 'notify2'
[15.507s] DEBUG:colcon.colcon_notification.desktop_notification.notify2:Failed to initialize notify2: org.freedesktop.DBus.Error.ServiceUnknown: The name org.freedesktop.Notifications was not provided by any .service files
[15.508s] DEBUG:colcon.colcon_core.event_reactor:joined thread
[15.508s] INFO:colcon.colcon_core.shell:Creating prefix script '/mnt/c/Users/LENOVO/OneDrive/Desktop/drone/install/local_setup.ps1'
[15.521s] INFO:colcon.colcon_core.shell:Creating prefix util module '/mnt/c/Users/LENOVO/OneDrive/Desktop/drone/install/_local_setup_util_ps1.py'
[15.535s] INFO:colcon.colcon_core.shell:Creating prefix chain script '/mnt/c/Users/LENOVO/OneDrive/Desktop/drone/install/setup.ps1'
[15.550s] INFO:colcon.colcon_core.shell:Creating prefix script '/mnt/c/Users/LENOVO/OneDrive/Desktop/drone/install/local_setup.sh'
[15.562s] INFO:colcon.colcon_core.shell:Creating prefix util module '/mnt/c/Users/LENOVO/OneDrive/Desktop/drone/install/_local_setup_util_sh.py'
[15.576s] INFO:colcon.colcon_core.shell:Creating prefix chain script '/mnt/c/Users/LENOVO/OneDrive/Desktop/drone/install/setup.sh'
[15.589s] INFO:colcon.colcon_core.shell:Creating prefix script '/mnt/c/Users/LENOVO/OneDrive/Desktop/drone/install/local_setup.bash'
[15.601s] INFO:colcon.colcon_core.shell:Creating prefix chain script '/mnt/c/Users/LENOVO/OneDrive/Desktop/drone/install/setup.bash'
[15.615s] INFO:colcon.colcon_core.shell:Creating prefix script '/mnt/c/Users/LENOVO/OneDrive/Desktop/drone/install/local_setup.zsh'
[15.627s] INFO:colcon.colcon_core.shell:Creating prefix chain script '/mnt/c/Users/LENOVO/OneDrive/Desktop/drone/install/setup.zsh'
