[3.591s] Invoking command in '/mnt/c/Users/LENOVO/OneDrive/Desktop/drone/build/fault_handler': PYTHONPATH=/mnt/c/Users/LENOVO/OneDrive/Desktop/drone/build/fault_handler/prefix_override:/usr/lib/python3/dist-packages/colcon_core/task/python/colcon_distutils_commands:/mnt/c/Users/LENOVO/OneDrive/Desktop/drone/install/fault_handler/lib/python3.12/site-packages:${PYTHONPATH} /usr/bin/python3 -W ignore:setup.py install is deprecated -W ignore:easy_install command is deprecated setup.py develop --editable --build-directory /mnt/c/Users/LENOVO/OneDrive/Desktop/drone/build/fault_handler/build --no-deps symlink_data
[5.309s] running develop
[5.946s] running egg_info
[5.948s] creating fault_handler.egg-info
[5.986s] writing fault_handler.egg-info/PKG-INFO
[5.999s] writing dependency_links to fault_handler.egg-info/dependency_links.txt
[6.009s] writing requirements to fault_handler.egg-info/requires.txt
[6.016s] writing top-level names to fault_handler.egg-info/top_level.txt
[6.026s] writing manifest file 'fault_handler.egg-info/SOURCES.txt'
[6.114s] reading manifest file 'fault_handler.egg-info/SOURCES.txt'
[6.200s] writing manifest file 'fault_handler.egg-info/SOURCES.txt'
[6.280s] running build_ext
[6.324s] Creating /mnt/c/Users/LENOVO/OneDrive/Desktop/drone/install/fault_handler/lib/python3.12/site-packages/fault-handler.egg-link (link to .)
[6.379s] 
[6.382s] Installed /mnt/c/Users/LENOVO/OneDrive/Desktop/drone/build/fault_handler
[6.392s] running symlink_data
[6.417s] creating /mnt/c/Users/LENOVO/OneDrive/Desktop/drone/install/fault_handler/share
[6.422s] creating /mnt/c/Users/LENOVO/OneDrive/Desktop/drone/install/fault_handler/share/ament_index
[6.430s] creating /mnt/c/Users/LENOVO/OneDrive/Desktop/drone/install/fault_handler/share/ament_index/resource_index
[6.438s] creating /mnt/c/Users/LENOVO/OneDrive/Desktop/drone/install/fault_handler/share/ament_index/resource_index/packages
[6.453s] error: can't copy '/mnt/c/Users/LENOVO/OneDrive/Desktop/drone/build/fault_handler/resource/fault_handler': doesn't exist or not a regular file
[6.580s] Invoked command in '/mnt/c/Users/LENOVO/OneDrive/Desktop/drone/build/fault_handler' returned '1': PYTHONPATH=/mnt/c/Users/LENOVO/OneDrive/Desktop/drone/build/fault_handler/prefix_override:/usr/lib/python3/dist-packages/colcon_core/task/python/colcon_distutils_commands:/mnt/c/Users/LENOVO/OneDrive/Desktop/drone/install/fault_handler/lib/python3.12/site-packages:${PYTHONPATH} /usr/bin/python3 -W ignore:setup.py install is deprecated -W ignore:easy_install command is deprecated setup.py develop --editable --build-directory /mnt/c/Users/LENOVO/OneDrive/Desktop/drone/build/fault_handler/build --no-deps symlink_data
