-- Found ament_cmake: 2.5.5 (/opt/ros/jazzy/share/ament_cmake/cmake)
-- Override CMake install command with custom implementation using symlinks instead of copying resources
-- Found rclcpp: 28.1.16 (/opt/ros/jazzy/share/rclcpp/cmake)
-- Found rosidl_generator_c: 4.6.7 (/opt/ros/jazzy/share/rosidl_generator_c/cmake)
-- Found rosidl_generator_cpp: 4.6.7 (/opt/ros/jazzy/share/rosidl_generator_cpp/cmake)
-- Using all available rosidl_typesupport_c: rosidl_typesupport_fastrtps_c;rosidl_typesupport_introspection_c
-- Using all available rosidl_typesupport_cpp: rosidl_typesupport_fastrtps_cpp;rosidl_typesupport_introspection_cpp
-- Found rmw_implementation_cmake: 7.3.3 (/opt/ros/jazzy/share/rmw_implementation_cmake/cmake)
-- Found rmw_fastrtps_cpp: 8.4.3 (/opt/ros/jazzy/share/rmw_fastrtps_cpp/cmake)
-- Using RMW implementation 'rmw_fastrtps_cpp' as default
-- Found std_msgs: 5.3.6 (/opt/ros/jazzy/share/std_msgs/cmake)
-- Found geometry_msgs: 5.3.6 (/opt/ros/jazzy/share/geometry_msgs/cmake)
-- Found sensor_msgs: 5.3.6 (/opt/ros/jazzy/share/sensor_msgs/cmake)
-- Found nav_msgs: 5.3.6 (/opt/ros/jazzy/share/nav_msgs/cmake)
-- Found ament_lint_auto: 0.17.4 (/opt/ros/jazzy/share/ament_lint_auto/cmake)
-- Added test 'copyright' to check source files copyright and LICENSE
-- Added test 'cppcheck' to perform static code analysis on C / C++ code
-- Configured cppcheck include dirs: $<BUILD_INTERFACE:/mnt/c/Users/LENOVO/OneDrive/Desktop/drone/src/control_layer/include>
-- Configured cppcheck exclude dirs and/or files: 
-- Added test 'cpplint' to check C / C++ code against the Google style
-- Configured cpplint exclude dirs and/or files: 
-- Added test 'lint_cmake' to check CMake code style
-- Added test 'uncrustify' to check C / C++ code style
-- Configured uncrustify additional arguments: 
-- Added test 'xmllint' to check XML markup files
-- Configuring done (5.6s)
-- Generating done (0.8s)
-- Build files have been written to: /mnt/c/Users/LENOVO/OneDrive/Desktop/drone/build/control_layer
[ 25%] [32mBuilding CXX object CMakeFiles/motor_mixer.dir/src/motor_mixer.cpp.o[0m
[ 75%] Built target pid_controller
[100%] [32m[1mLinking CXX executable motor_mixer[0m
[100%] Built target motor_mixer
-- Install configuration: ""
-- Execute custom install script
-- Up-to-date symlink: /mnt/c/Users/LENOVO/OneDrive/Desktop/drone/install/control_layer/lib/control_layer/pid_controller
-- Up-to-date symlink: /mnt/c/Users/LENOVO/OneDrive/Desktop/drone/install/control_layer/lib/control_layer/motor_mixer
-- Up-to-date symlink: /mnt/c/Users/LENOVO/OneDrive/Desktop/drone/install/control_layer/share/ament_index/resource_index/package_run_dependencies/control_layer
-- Up-to-date symlink: /mnt/c/Users/LENOVO/OneDrive/Desktop/drone/install/control_layer/share/ament_index/resource_index/parent_prefix_path/control_layer
-- Up-to-date symlink: /mnt/c/Users/LENOVO/OneDrive/Desktop/drone/install/control_layer/share/control_layer/environment/ament_prefix_path.sh
-- Up-to-date symlink: /mnt/c/Users/LENOVO/OneDrive/Desktop/drone/install/control_layer/share/control_layer/environment/ament_prefix_path.dsv
-- Up-to-date symlink: /mnt/c/Users/LENOVO/OneDrive/Desktop/drone/install/control_layer/share/control_layer/environment/path.sh
-- Up-to-date symlink: /mnt/c/Users/LENOVO/OneDrive/Desktop/drone/install/control_layer/share/control_layer/environment/path.dsv
-- Up-to-date symlink: /mnt/c/Users/LENOVO/OneDrive/Desktop/drone/install/control_layer/share/control_layer/local_setup.bash
-- Up-to-date symlink: /mnt/c/Users/LENOVO/OneDrive/Desktop/drone/install/control_layer/share/control_layer/local_setup.sh
-- Up-to-date symlink: /mnt/c/Users/LENOVO/OneDrive/Desktop/drone/install/control_layer/share/control_layer/local_setup.zsh
-- Up-to-date symlink: /mnt/c/Users/LENOVO/OneDrive/Desktop/drone/install/control_layer/share/control_layer/local_setup.dsv
-- Symlinking: /mnt/c/Users/LENOVO/OneDrive/Desktop/drone/install/control_layer/share/control_layer/package.dsv
-- Up-to-date symlink: /mnt/c/Users/LENOVO/OneDrive/Desktop/drone/install/control_layer/share/ament_index/resource_index/packages/control_layer
-- Up-to-date symlink: /mnt/c/Users/LENOVO/OneDrive/Desktop/drone/install/control_layer/share/control_layer/cmake/control_layerConfig.cmake
-- Up-to-date symlink: /mnt/c/Users/LENOVO/OneDrive/Desktop/drone/install/control_layer/share/control_layer/cmake/control_layerConfig-version.cmake
-- Up-to-date symlink: /mnt/c/Users/LENOVO/OneDrive/Desktop/drone/install/control_layer/share/control_layer/package.xml
