[0.625s] Invoking command in '/mnt/c/Users/LENOVO/OneDrive/Desktop/drone/build/control_layer': CMAKE_PREFIX_PATH=${CMAKE_PREFIX_PATH}:/opt/ros/jazzy /usr/bin/cmake --build /mnt/c/Users/LENOVO/OneDrive/Desktop/drone/build/control_layer -- -j16 -l16
[1.801s] -- Found ament_cmake: 2.5.5 (/opt/ros/jazzy/share/ament_cmake/cmake)
[1.802s] -- Override CMake install command with custom implementation using symlinks instead of copying resources
[1.804s] -- Found rclcpp: 28.1.16 (/opt/ros/jazzy/share/rclcpp/cmake)
[2.258s] -- Found rosidl_generator_c: 4.6.7 (/opt/ros/jazzy/share/rosidl_generator_c/cmake)
[2.352s] -- Found rosidl_generator_cpp: 4.6.7 (/opt/ros/jazzy/share/rosidl_generator_cpp/cmake)
[2.471s] -- Using all available rosidl_typesupport_c: rosidl_typesupport_fastrtps_c;rosidl_typesupport_introspection_c
[2.626s] -- Using all available rosidl_typesupport_cpp: rosidl_typesupport_fastrtps_cpp;rosidl_typesupport_introspection_cpp
[3.020s] -- Found rmw_implementation_cmake: 7.3.3 (/opt/ros/jazzy/share/rmw_implementation_cmake/cmake)
[3.051s] -- Found rmw_fastrtps_cpp: 8.4.3 (/opt/ros/jazzy/share/rmw_fastrtps_cpp/cmake)
[3.819s] -- Using RMW implementation 'rmw_fastrtps_cpp' as default
[4.335s] -- Found std_msgs: 5.3.6 (/opt/ros/jazzy/share/std_msgs/cmake)
[4.383s] -- Found geometry_msgs: 5.3.6 (/opt/ros/jazzy/share/geometry_msgs/cmake)
[4.433s] -- Found sensor_msgs: 5.3.6 (/opt/ros/jazzy/share/sensor_msgs/cmake)
[4.583s] -- Found ament_lint_auto: 0.17.4 (/opt/ros/jazzy/share/ament_lint_auto/cmake)
[5.730s] -- Added test 'copyright' to check source files copyright and LICENSE
[6.176s] -- Added test 'cppcheck' to perform static code analysis on C / C++ code
[6.178s] -- Configured cppcheck include dirs: $<BUILD_INTERFACE:/mnt/c/Users/LENOVO/OneDrive/Desktop/drone/src/control_layer/include>
[6.179s] -- Configured cppcheck exclude dirs and/or files: 
[6.612s] -- Added test 'cpplint' to check C / C++ code against the Google style
[6.613s] -- Configured cpplint exclude dirs and/or files: 
[6.780s] -- Added test 'lint_cmake' to check CMake code style
[7.294s] -- Added test 'uncrustify' to check C / C++ code style
[7.296s] -- Configured uncrustify additional arguments: 
[7.366s] -- Added test 'xmllint' to check XML markup files
[7.591s] -- Configuring done (6.6s)
[8.619s] -- Generating done (0.9s)
[9.194s] -- Build files have been written to: /mnt/c/Users/LENOVO/OneDrive/Desktop/drone/build/control_layer
[9.385s] [ 50%] [32mBuilding CXX object CMakeFiles/motor_mixer.dir/src/motor_mixer.cpp.o[0m
[9.387s] [ 50%] [32mBuilding CXX object CMakeFiles/pid_controller.dir/src/pid_controller.cpp.o[0m
[10.229s] [01m[K/mnt/c/Users/LENOVO/OneDrive/Desktop/drone/src/control_layer/src/pid_controller.cpp:13:10:[m[K [01;31m[Kfatal error: [m[Knav_msgs/msg/odometry.hpp: No such file or directory
[10.230s]    13 | #include [01;31m[K<nav_msgs/msg/odometry.hpp>[m[K
[10.232s]       |          [01;31m[K^~~~~~~~~~~~~~~~~~~~~~~~~~~[m[K
[10.233s] compilation terminated.
[10.238s] gmake[2]: *** [CMakeFiles/pid_controller.dir/build.make:76: CMakeFiles/pid_controller.dir/src/pid_controller.cpp.o] Error 1
[10.243s] gmake[1]: *** [CMakeFiles/Makefile2:139: CMakeFiles/pid_controller.dir/all] Error 2
[10.245s] gmake[1]: *** Waiting for unfinished jobs....
[20.606s] [ 75%] [32m[1mLinking CXX executable motor_mixer[0m
[25.690s] [ 75%] Built target motor_mixer
[25.693s] gmake: *** [Makefile:146: all] Error 2
