-- Found ament_cmake: 2.5.5 (/opt/ros/jazzy/share/ament_cmake/cmake)
-- Override CMake install command with custom implementation using symlinks instead of copying resources
-- Found rclcpp: 28.1.16 (/opt/ros/jazzy/share/rclcpp/cmake)
-- Found rosidl_generator_c: 4.6.7 (/opt/ros/jazzy/share/rosidl_generator_c/cmake)
-- Found rosidl_generator_cpp: 4.6.7 (/opt/ros/jazzy/share/rosidl_generator_cpp/cmake)
-- Using all available rosidl_typesupport_c: rosidl_typesupport_fastrtps_c;rosidl_typesupport_introspection_c
-- Using all available rosidl_typesupport_cpp: rosidl_typesupport_fastrtps_cpp;rosidl_typesupport_introspection_cpp
-- Found rmw_implementation_cmake: 7.3.3 (/opt/ros/jazzy/share/rmw_implementation_cmake/cmake)
-- Found rmw_fastrtps_cpp: 8.4.3 (/opt/ros/jazzy/share/rmw_fastrtps_cpp/cmake)
-- Using RMW implementation 'rmw_fastrtps_cpp' as default
-- Found slam_toolbox: 2.8.3 (/opt/ros/jazzy/share/slam_toolbox/cmake)
-- Found eigen3_cmake_module: 0.3.0 (/opt/ros/jazzy/share/eigen3_cmake_module/cmake)
-- Found Eigen3: TRUE (found version "3.4.0") 
-- Ensuring Eigen3 include directory is part of orocos-kdl CMake target
-- Setting OGRE_DIR to: '/opt/ros/jazzy/share/rviz_ogre_vendor/cmake/../../../opt/rviz_ogre_vendor/lib/OGRE/cmake'
-- Found OGRE
--   static     : OFF
--   components : MeshLodGenerator;Overlay;Paging;Property;RTShaderSystem;Terrain;Volume
--   plugins    : Plugin_BSPSceneManager;Plugin_OctreeSceneManager;Plugin_PCZSceneManager;Plugin_ParticleFX;RenderSystem_GL;RenderSystem_GL3Plus;Codec_STBI
--   media      : /opt/ros/jazzy/opt/rviz_ogre_vendor/share/OGRE/Media
-- OGRE_LIBRARIES: OgreMeshLodGenerator;OgreOverlay;OgrePaging;OgreProperty;OgreRTShaderSystem;OgreTerrain;OgreVolume;OgreMain
-- OGRE_LIBRARY_DIRS: /opt/ros/jazzy/opt/rviz_ogre_vendor/lib
-- OGRE_PLUGINS: Plugin_BSPSceneManager;Plugin_OctreeSceneManager;Plugin_PCZSceneManager;Plugin_ParticleFX;RenderSystem_GL;RenderSystem_GL3Plus;Codec_STBI
-- OGRE_PLUGIN_DIR: /opt/ros/jazzy/opt/rviz_ogre_vendor/lib/OGRE
-- rviz_ogre_vendor::OgreOverlay for IMPORTED_LOCATION_RELEASE: /opt/ros/jazzy/opt/rviz_ogre_vendor/lib/libOgreOverlay.so
-- rviz_ogre_vendor::OgreOverlay for IMPORTED_LOCATION_DEBUG: /opt/ros/jazzy/opt/rviz_ogre_vendor/lib/libOgreOverlay.so
-- rviz_ogre_vendor::OgreMain for IMPORTED_LOCATION_RELEASE: /opt/ros/jazzy/opt/rviz_ogre_vendor/lib/libOgreMain.so
-- rviz_ogre_vendor::OgreMain for IMPORTED_LOCATION_DEBUG: /opt/ros/jazzy/opt/rviz_ogre_vendor/lib/libOgreMain.so
-- Could not find freeimage library
-- Found ZLIB: /usr/lib/x86_64-linux-gnu/libz.so (found version "1.3")  
-- Found OpenGL: /usr/lib/x86_64-linux-gnu/libOpenGL.so   
-- Found X11: /usr/include   
-- Looking for XOpenDisplay in /usr/lib/x86_64-linux-gnu/libX11.so;/usr/lib/x86_64-linux-gnu/libXext.so
-- Looking for XOpenDisplay in /usr/lib/x86_64-linux-gnu/libX11.so;/usr/lib/x86_64-linux-gnu/libXext.so - found
-- Looking for gethostbyname
-- Looking for gethostbyname - found
-- Looking for connect
-- Looking for connect - found
-- Looking for remove
-- Looking for remove - found
-- Looking for shmat
-- Looking for shmat - found
-- Looking for IceConnectionNumber in ICE
-- Looking for IceConnectionNumber in ICE - found
-- Setting yaml-cpp_DIR to: '/opt/ros/jazzy/share/yaml_cpp_vendor/cmake/../../../opt/yaml_cpp_vendor/share/cmake/yaml-cpp'
-- Found ament_lint_auto: 0.17.4 (/opt/ros/jazzy/share/ament_lint_auto/cmake)
-- Added test 'copyright' to check source files copyright and LICENSE
-- Added test 'lint_cmake' to check CMake code style
-- Added test 'xmllint' to check XML markup files
-- Configuring done (32.6s)
-- Generating done (0.5s)
-- Build files have been written to: /mnt/c/Users/LENOVO/OneDrive/Desktop/drone/build/slam_layer
-- Install configuration: ""
-- Execute custom install script
-- Symlinking: /mnt/c/Users/LENOVO/OneDrive/Desktop/drone/install/slam_layer/share/slam_layer/config/slam_toolbox_params.yaml
-- Symlinking: /mnt/c/Users/LENOVO/OneDrive/Desktop/drone/install/slam_layer/share/ament_index/resource_index/package_run_dependencies/slam_layer
-- Symlinking: /mnt/c/Users/LENOVO/OneDrive/Desktop/drone/install/slam_layer/share/ament_index/resource_index/parent_prefix_path/slam_layer
-- Symlinking: /mnt/c/Users/LENOVO/OneDrive/Desktop/drone/install/slam_layer/share/slam_layer/environment/ament_prefix_path.sh
-- Symlinking: /mnt/c/Users/LENOVO/OneDrive/Desktop/drone/install/slam_layer/share/slam_layer/environment/ament_prefix_path.dsv
-- Symlinking: /mnt/c/Users/LENOVO/OneDrive/Desktop/drone/install/slam_layer/share/slam_layer/environment/path.sh
-- Symlinking: /mnt/c/Users/LENOVO/OneDrive/Desktop/drone/install/slam_layer/share/slam_layer/environment/path.dsv
-- Symlinking: /mnt/c/Users/LENOVO/OneDrive/Desktop/drone/install/slam_layer/share/slam_layer/local_setup.bash
-- Symlinking: /mnt/c/Users/LENOVO/OneDrive/Desktop/drone/install/slam_layer/share/slam_layer/local_setup.sh
-- Symlinking: /mnt/c/Users/LENOVO/OneDrive/Desktop/drone/install/slam_layer/share/slam_layer/local_setup.zsh
-- Symlinking: /mnt/c/Users/LENOVO/OneDrive/Desktop/drone/install/slam_layer/share/slam_layer/local_setup.dsv
-- Symlinking: /mnt/c/Users/LENOVO/OneDrive/Desktop/drone/install/slam_layer/share/slam_layer/package.dsv
-- Symlinking: /mnt/c/Users/LENOVO/OneDrive/Desktop/drone/install/slam_layer/share/ament_index/resource_index/packages/slam_layer
-- Symlinking: /mnt/c/Users/LENOVO/OneDrive/Desktop/drone/install/slam_layer/share/slam_layer/cmake/slam_layerConfig.cmake
-- Symlinking: /mnt/c/Users/LENOVO/OneDrive/Desktop/drone/install/slam_layer/share/slam_layer/cmake/slam_layerConfig-version.cmake
-- Symlinking: /mnt/c/Users/LENOVO/OneDrive/Desktop/drone/install/slam_layer/share/slam_layer/package.xml
