[0.110s] Invoking command in '/mnt/c/Users/LENOVO/OneDrive/Desktop/drone/build/slam_layer': CMAKE_PREFIX_PATH=${CMAKE_PREFIX_PATH}:/opt/ros/jazzy /usr/bin/cmake /mnt/c/Users/LENOVO/OneDrive/Desktop/drone/src/slam_layer -DCMAKE_INSTALL_PREFIX=/mnt/c/Users/LENOVO/OneDrive/Desktop/drone/install/slam_layer
[0.308s] -- Found ament_cmake: 2.5.5 (/opt/ros/jazzy/share/ament_cmake/cmake)
[0.699s] -- Override CMake install command with custom implementation using symlinks instead of copying resources
[0.923s] -- Found rclcpp: 28.1.16 (/opt/ros/jazzy/share/rclcpp/cmake)
[1.310s] -- Found rosidl_generator_c: 4.6.7 (/opt/ros/jazzy/share/rosidl_generator_c/cmake)
[1.382s] -- Found rosidl_generator_cpp: 4.6.7 (/opt/ros/jazzy/share/rosidl_generator_cpp/cmake)
[1.467s] -- Using all available rosidl_typesupport_c: rosidl_typesupport_fastrtps_c;rosidl_typesupport_introspection_c
[1.569s] -- Using all available rosidl_typesupport_cpp: rosidl_typesupport_fastrtps_cpp;rosidl_typesupport_introspection_cpp
[1.887s] -- Found rmw_implementation_cmake: 7.3.3 (/opt/ros/jazzy/share/rmw_implementation_cmake/cmake)
[1.909s] -- Found rmw_fastrtps_cpp: 8.4.3 (/opt/ros/jazzy/share/rmw_fastrtps_cpp/cmake)
[2.565s] -- Using RMW implementation 'rmw_fastrtps_cpp' as default
[3.043s] -- Found slam_toolbox: 2.8.3 (/opt/ros/jazzy/share/slam_toolbox/cmake)
[5.137s] -- Found eigen3_cmake_module: 0.3.0 (/opt/ros/jazzy/share/eigen3_cmake_module/cmake)
[5.148s] -- Found Eigen3: TRUE (found version "3.4.0") 
[5.149s] -- Ensuring Eigen3 include directory is part of orocos-kdl CMake target
[6.311s] -- Setting OGRE_DIR to: '/opt/ros/jazzy/share/rviz_ogre_vendor/cmake/../../../opt/rviz_ogre_vendor/lib/OGRE/cmake'
[6.319s] -- Found OGRE
[6.320s] --   static     : OFF
[6.322s] --   components : MeshLodGenerator;Overlay;Paging;Property;RTShaderSystem;Terrain;Volume
[6.323s] --   plugins    : Plugin_BSPSceneManager;Plugin_OctreeSceneManager;Plugin_PCZSceneManager;Plugin_ParticleFX;RenderSystem_GL;RenderSystem_GL3Plus;Codec_STBI
[6.324s] --   media      : /opt/ros/jazzy/opt/rviz_ogre_vendor/share/OGRE/Media
[6.325s] -- OGRE_LIBRARIES: OgreMeshLodGenerator;OgreOverlay;OgrePaging;OgreProperty;OgreRTShaderSystem;OgreTerrain;OgreVolume;OgreMain
[6.326s] -- OGRE_LIBRARY_DIRS: /opt/ros/jazzy/opt/rviz_ogre_vendor/lib
[6.328s] -- OGRE_PLUGINS: Plugin_BSPSceneManager;Plugin_OctreeSceneManager;Plugin_PCZSceneManager;Plugin_ParticleFX;RenderSystem_GL;RenderSystem_GL3Plus;Codec_STBI
[6.329s] -- OGRE_PLUGIN_DIR: /opt/ros/jazzy/opt/rviz_ogre_vendor/lib/OGRE
[6.330s] -- rviz_ogre_vendor::OgreOverlay for IMPORTED_LOCATION_RELEASE: /opt/ros/jazzy/opt/rviz_ogre_vendor/lib/libOgreOverlay.so
[6.331s] -- rviz_ogre_vendor::OgreOverlay for IMPORTED_LOCATION_DEBUG: /opt/ros/jazzy/opt/rviz_ogre_vendor/lib/libOgreOverlay.so
[6.332s] -- rviz_ogre_vendor::OgreMain for IMPORTED_LOCATION_RELEASE: /opt/ros/jazzy/opt/rviz_ogre_vendor/lib/libOgreMain.so
[6.333s] -- rviz_ogre_vendor::OgreMain for IMPORTED_LOCATION_DEBUG: /opt/ros/jazzy/opt/rviz_ogre_vendor/lib/libOgreMain.so
[6.398s] -- Could not find freeimage library
[10.339s] -- Found ZLIB: /usr/lib/x86_64-linux-gnu/libz.so (found version "1.3")  
[11.476s] -- Found OpenGL: /usr/lib/x86_64-linux-gnu/libOpenGL.so   
[21.745s] -- Found X11: /usr/include   
[21.754s] -- Looking for XOpenDisplay in /usr/lib/x86_64-linux-gnu/libX11.so;/usr/lib/x86_64-linux-gnu/libXext.so
[23.082s] -- Looking for XOpenDisplay in /usr/lib/x86_64-linux-gnu/libX11.so;/usr/lib/x86_64-linux-gnu/libXext.so - found
[23.084s] -- Looking for gethostbyname
[24.238s] -- Looking for gethostbyname - found
[24.240s] -- Looking for connect
[25.385s] -- Looking for connect - found
[25.386s] -- Looking for remove
[26.533s] -- Looking for remove - found
[26.535s] -- Looking for shmat
[27.680s] -- Looking for shmat - found
[27.681s] -- Looking for IceConnectionNumber in ICE
[28.828s] -- Looking for IceConnectionNumber in ICE - found
[29.014s] -- Setting yaml-cpp_DIR to: '/opt/ros/jazzy/share/yaml_cpp_vendor/cmake/../../../opt/yaml_cpp_vendor/share/cmake/yaml-cpp'
[29.728s] -- Found ament_lint_auto: 0.17.4 (/opt/ros/jazzy/share/ament_lint_auto/cmake)
[31.075s] -- Added test 'copyright' to check source files copyright and LICENSE
[32.037s] -- Added test 'lint_cmake' to check CMake code style
[32.546s] -- Added test 'xmllint' to check XML markup files
[32.816s] -- Configuring done (32.6s)
[33.387s] -- Generating done (0.5s)
[33.748s] -- Build files have been written to: /mnt/c/Users/LENOVO/OneDrive/Desktop/drone/build/slam_layer
[33.763s] Invoked command in '/mnt/c/Users/LENOVO/OneDrive/Desktop/drone/build/slam_layer' returned '0': CMAKE_PREFIX_PATH=${CMAKE_PREFIX_PATH}:/opt/ros/jazzy /usr/bin/cmake /mnt/c/Users/LENOVO/OneDrive/Desktop/drone/src/slam_layer -DCMAKE_INSTALL_PREFIX=/mnt/c/Users/LENOVO/OneDrive/Desktop/drone/install/slam_layer
[33.784s] Invoking command in '/mnt/c/Users/LENOVO/OneDrive/Desktop/drone/build/slam_layer': CMAKE_PREFIX_PATH=${CMAKE_PREFIX_PATH}:/opt/ros/jazzy /usr/bin/cmake --build /mnt/c/Users/LENOVO/OneDrive/Desktop/drone/build/slam_layer -- -j16 -l16
[33.812s] gmake: Warning: File 'Makefile' has modification time 1.5 s in the future
[33.976s] gmake[1]: Warning: File 'CMakeFiles/Makefile2' has modification time 1.4 s in the future
[33.977s] gmake[1]: warning:  Clock skew detected.  Your build may be incomplete.
[33.991s] gmake: warning:  Clock skew detected.  Your build may be incomplete.
[33.994s] Invoked command in '/mnt/c/Users/LENOVO/OneDrive/Desktop/drone/build/slam_layer' returned '0': CMAKE_PREFIX_PATH=${CMAKE_PREFIX_PATH}:/opt/ros/jazzy /usr/bin/cmake --build /mnt/c/Users/LENOVO/OneDrive/Desktop/drone/build/slam_layer -- -j16 -l16
[34.049s] Invoking command in '/mnt/c/Users/LENOVO/OneDrive/Desktop/drone/build/slam_layer': CMAKE_PREFIX_PATH=${CMAKE_PREFIX_PATH}:/opt/ros/jazzy /usr/bin/cmake --install /mnt/c/Users/LENOVO/OneDrive/Desktop/drone/build/slam_layer
[34.070s] -- Install configuration: ""
[34.087s] -- Execute custom install script
[34.144s] -- Symlinking: /mnt/c/Users/LENOVO/OneDrive/Desktop/drone/install/slam_layer/share/slam_layer/config/slam_toolbox_params.yaml
[34.276s] -- Symlinking: /mnt/c/Users/LENOVO/OneDrive/Desktop/drone/install/slam_layer/share/ament_index/resource_index/package_run_dependencies/slam_layer
[34.383s] -- Symlinking: /mnt/c/Users/LENOVO/OneDrive/Desktop/drone/install/slam_layer/share/ament_index/resource_index/parent_prefix_path/slam_layer
[34.476s] -- Symlinking: /mnt/c/Users/LENOVO/OneDrive/Desktop/drone/install/slam_layer/share/slam_layer/environment/ament_prefix_path.sh
[34.547s] -- Symlinking: /mnt/c/Users/LENOVO/OneDrive/Desktop/drone/install/slam_layer/share/slam_layer/environment/ament_prefix_path.dsv
[34.616s] -- Symlinking: /mnt/c/Users/LENOVO/OneDrive/Desktop/drone/install/slam_layer/share/slam_layer/environment/path.sh
[34.688s] -- Symlinking: /mnt/c/Users/LENOVO/OneDrive/Desktop/drone/install/slam_layer/share/slam_layer/environment/path.dsv
[34.757s] -- Symlinking: /mnt/c/Users/LENOVO/OneDrive/Desktop/drone/install/slam_layer/share/slam_layer/local_setup.bash
[34.818s] -- Symlinking: /mnt/c/Users/LENOVO/OneDrive/Desktop/drone/install/slam_layer/share/slam_layer/local_setup.sh
[34.881s] -- Symlinking: /mnt/c/Users/LENOVO/OneDrive/Desktop/drone/install/slam_layer/share/slam_layer/local_setup.zsh
[34.942s] -- Symlinking: /mnt/c/Users/LENOVO/OneDrive/Desktop/drone/install/slam_layer/share/slam_layer/local_setup.dsv
[35.004s] -- Symlinking: /mnt/c/Users/LENOVO/OneDrive/Desktop/drone/install/slam_layer/share/slam_layer/package.dsv
[35.114s] -- Symlinking: /mnt/c/Users/LENOVO/OneDrive/Desktop/drone/install/slam_layer/share/ament_index/resource_index/packages/slam_layer
[35.207s] -- Symlinking: /mnt/c/Users/LENOVO/OneDrive/Desktop/drone/install/slam_layer/share/slam_layer/cmake/slam_layerConfig.cmake
[35.271s] -- Symlinking: /mnt/c/Users/LENOVO/OneDrive/Desktop/drone/install/slam_layer/share/slam_layer/cmake/slam_layerConfig-version.cmake
[35.339s] -- Symlinking: /mnt/c/Users/LENOVO/OneDrive/Desktop/drone/install/slam_layer/share/slam_layer/package.xml
[35.393s] Invoked command in '/mnt/c/Users/LENOVO/OneDrive/Desktop/drone/build/slam_layer' returned '0': CMAKE_PREFIX_PATH=${CMAKE_PREFIX_PATH}:/opt/ros/jazzy /usr/bin/cmake --install /mnt/c/Users/LENOVO/OneDrive/Desktop/drone/build/slam_layer
